0.005 0 -9.64262e-07 -9.68666e-07 -9.44214e-07 -9.32193e-07 -9.00168e-07
0.01 0 -3.80866e-06 -3.88876e-06 -3.77051e-06 -3.72549e-06 -3.59823e-06
0.015 0 -7.43028e-06 -7.78615e-06 -7.46986e-06 -7.37245e-06 -7.09068e-06
0.02 0 -1.07383e-05 -1.1675e-05 -1.10446e-05 -1.08655e-05 -1.03786e-05
0.025 0 -1.36744e-05 -1.55501e-05 -1.45086e-05 -1.4197e-05 -1.34665e-05
0.03 0 -1.62063e-05 -1.93873e-05 -1.78823e-05 -1.73585e-05 -1.63595e-05
0.035 0 -1.8325e-05 -2.31471e-05 -2.11885e-05 -2.03429e-05 -1.90619e-05
0.04 0 -2.00417e-05 -2.67795e-05 -2.44488e-05 -2.31466e-05 -2.15769e-05
0.045 0 -2.13839e-05 -3.02296e-05 -2.76789e-05 -2.57714e-05 -2.39061e-05
0.05 0 -2.239e-05 -3.34433e-05 -3.08856e-05 -2.82251e-05 -2.60492e-05
0.055 0 -2.31043e-05 -3.63725e-05 -3.40641e-05 -3.05225e-05 -2.80041e-05
0.06 0 -2.3573e-05 -3.89787e-05 -3.71978e-05 -3.26834e-05 -2.97679e-05
0.065 0 -2.38401e-05 -4.12354e-05 -4.02584e-05 -3.47316e-05 -3.13377e-05
0.07 0 -2.3945e-05 -4.31289e-05 -4.32085e-05 -3.66918e-05 -3.27114e-05
0.075 0 -2.39213e-05 -4.46578e-05 -4.60047e-05 -3.85868e-05 -3.38899e-05
0.08 0 -2.37956e-05 -4.58309e-05 -4.86012e-05 -4.04344e-05 -3.48772e-05
0.085 0 -2.35883e-05 -4.66653e-05 -5.09541e-05 -4.2245e-05 -3.5682e-05
0.09 0 -2.33138e-05 -4.71834e-05 -5.30241e-05 -4.40194e-05 -3.6318e-05
0.095 0 -2.2982e-05 -4.74103e-05 -5.47797e-05 -4.57479e-05 -3.68038e-05
0.1 0 -2.25986e-05 -4.73719e-05 -5.61986e-05 -4.74107e-05 -3.71622e-05
0.105 0 -2.2167e-05 -4.70929e-05 -5.72685e-05 -4.89784e-05 -3.74196e-05
0.11 0 -2.16887e-05 -4.65962e-05 -5.79861e-05 -5.04149e-05 -3.76042e-05
0.115 0 -2.11639e-05 -4.59019e-05 -5.83562e-05 -5.16793e-05 -3.77446e-05
0.12 0 -2.05921e-05 -4.5028e-05 -5.83893e-05 -5.27295e-05 -3.78674e-05
0.125 0 -1.99724e-05 -4.39899e-05 -5.80998e-05 -5.35256e-05 -3.7996e-05
0.13 0 -1.93041e-05 -4.28017e-05 -5.75033e-05 -5.40321e-05 -3.81485e-05
0.135 0 -1.85862e-05 -4.14756e-05 -5.66153e-05 -5.42208e-05 -3.83367e-05
0.14 0 -1.78184e-05 -4.00229e-05 -5.54493e-05 -5.40727e-05 -3.85648e-05
0.145 0 -1.7001e-05 -3.84538e-05 -5.40165e-05 -5.35783e-05 -3.88296e-05
0.15 0 -1.61349e-05 -3.67768e-05 -5.23255e-05 -5.27385e-05 -3.91198e-05
0.155 0 -1.52224e-05 -3.49991e-05 -5.03825e-05 -5.1563e-05 -3.94171e-05
0.16 0 -1.42665e-05 -3.31256e-05 -4.81929e-05 -5.00695e-05 -3.96968e-05
0.165 0 -1.32714e-05 -3.11593e-05 -4.57614e-05 -4.82821e-05 -3.9929e-05
0.17 0 -1.22421e-05 -2.91005e-05 -4.30939e-05 -4.62286e-05 -4.00801e-05
0.175 0 -1.1184e-05 -2.69473e-05 -4.01985e-05 -4.39391e-05 -4.01141e-05
0.18 0 -1.01025e-05 -2.46961e-05 -3.70858e-05 -4.14436e-05 -3.99941e-05
0.185 0 -9.00221e-06 -2.23418e-05 -3.37699e-05 -3.87701e-05 -3.96838e-05
0.19 0 -7.88653e-06 -1.98789e-05 -3.0268e-05 -3.59436e-05 -3.91485e-05
0.195 0 -6.75691e-06 -1.73023e-05 -2.66006e-05 -3.29849e-05 -3.83561e-05
0.2 0 -5.61248e-06 -1.46086e-05 -2.27903e-05 -2.99099e-05 -3.7278e-05
0.205 0 -4.44979e-06 -1.17964e-05 -1.88614e-05 -2.67298e-05 -3.58894e-05
0.21 0 -3.26283e-06 -8.86725e-06 -1.48387e-05 -2.34506e-05 -3.41697e-05
0.215 0 -2.04336e-06 -5.82613e-06 -1.07466e-05 -2.00743e-05 -3.21028e-05
0.22 0 -7.81527e-07 -2.68144e-06 -6.60826e-06 -1.65988e-05 -2.96766e-05
0.225 0 5.33423e-07 5.55229e-07 -2.44442e-06 -1.30193e-05 -2.68831e-05
0.23 0 1.91206e-06 3.8695e-06 1.72688e-06 -9.32843e-06 -2.37178e-05
0.235 0 3.3637e-06 7.24492e-06 5.89088e-06 -5.51768e-06 -2.01801e-05
0.24 0 4.89541e-06 1.06638e-05 1.00364e-05 -1.57767e-06 -1.62717e-05
0.245 0 6.51101e-06 1.41082e-05 1.41557e-05 2.501e-06 -1.19973e-05
0.25 0 8.21035e-06 1.75604e-05 1.82448e-05 6.72718e-06 -7.36366e-06
0.255 0 9.98883e-06 2.10043e-05 2.23029e-05 1.11088e-05 -2.37927e-06
0.26 0 1.18372e-05 2.44252e-05 2.63323e-05 1.56525e-05 2.94583e-06
0.265 0 1.37419e-05 2.78107e-05 3.03381e-05 2.03633e-05 8.60038e-06
0.27 0 1.56851e-05 3.11509e-05 3.43277e-05 2.52449e-05 1.45722e-05
0.275 0 1.76463e-05 3.44378e-05 3.83103e-05 3.02993e-05 2.08483e-05
0.28 0 1.96024e-05 3.76657e-05 4.2297e-05 3.5527e-05 2.7415e-05
0.285 0 2.15292e-05 4.08306e-05 4.62995e-05 4.09272e-05 3.4258e-05
0.29 0 2.34029e-05 4.39298e-05 5.03303e-05 4.6498e-05 4.13627e-05
0.295 0 2.52008e-05 4.69617e-05 5.44021e-05 5.22369e-05 4.87138e-05
0.3 0 2.69026e-05 4.99256e-05 5.8527e-05 5.81406e-05 5.62959e-05
0.305 0 2.84913e-05 5.28211e-05 6.27165e-05 6.42057e-05 6.40932e-05
0.31 0 2.99538e-05 5.56481e-05 6.69807e-05 7.04287e-05 7.20894e-05
0.315 0 3.12815e-05 5.8407e-05 7.13278e-05 7.6806e-05 8.02684e-05
0.32 0 3.24704e-05 6.10985e-05 7.57645e-05 8.33344e-05 8.86138e-05
0.325 0 3.35212e-05 6.37236e-05 8.02947e-05 9.00106e-05 9.71095e-05
0.33 0 3.44389e-05 6.62844e-05 8.49205e-05 9.68314e-05 0.00010574
0.335 0 3.52328e-05 6.87836e-05 8.96415e-05 0.000103793 0.000114489
0.34 0 3.59153e-05 7.12252e-05 9.44551e-05 0.000110892 0.000123343
0.345 0 3.65018e-05 7.36144e-05 9.93567e-05 0.000118124 0.000132287
0.35 0 3.701e-05 7.5958e-05 0.00010434 0.000125482 0.000141309
0.355 0 3.74586e-05 7.82641e-05 0.000109398 0.00013296 0.000150398
0.36 0 3.78674e-05 8.05425e-05 0.000114522 0.00014055 0.000159543
0.365 0 3.82561e-05 8.28043e-05 0.000119704 0.00014824 0.000168736
0.37 0 3.8644e-05 8.50618e-05 0.000124934 0.000156019 0.000177968
0.375 0 3.90493e-05 8.73283e-05 0.000130205 0.000163874 0.000187234
0.38 0 3.94889e-05 8.96178e-05 0.000135508 0.000171789 0.000196528
0.385 0 3.99782e-05 9.19446e-05 0.000140838 0.000179747 0.000205844
0.39 0 4.05308e-05 9.43231e-05 0.000146187 0.000187732 0.00021518
0.395 0 4.11583e-05 9.67674e-05 0.000151552 0.000195726 0.000224529
0.4 0 4.18704e-05 9.92908e-05 0.000156928 0.000203713 0.000233888
0.405 0 4.26751e-05 0.000101906 0.000162313 0.000211674 0.000243251
0.41 0 4.35783e-05 0.000104623 0.000167705 0.000219595 0.000252613
0.415 0 4.45844e-05 0.000107451 0.000173103 0.000227463 0.000261965
0.42 0 4.56963e-05 0.000110399 0.000178508 0.000235264 0.000271299
0.425 0 4.69153e-05 0.000113472 0.00018392 0.00024299 0.000280605
0.43 0 4.82414e-05 0.000116673 0.00018934 0.000250633 0.000289872
0.435 0 4.96734e-05 0.000120003 0.00019477 0.000258188 0.000299085
0.44 0 5.1209e-05 0.000123462 0.000200211 0.000265652 0.000308232
0.445 0 5.28447e-05 0.000127046 0.000205666 0.000273025 0.000317297
0.45 0 5.45761e-05 0.000130752 0.000211136 0.000280308 0.000326263
0.455 0 5.63977e-05 0.000134572 0.000216624 0.000287504 0.000335115
0.46 0 5.8303e-05 0.000138499 0.000222134 0.000294616 0.000343836
0.465 0 6.02847e-05 0.000142524 0.000227666 0.000301649 0.00035241
0.47 0 6.23345e-05 0.000146637 0.000233223 0.000308608 0.00036082
0.475 0 6.44432e-05 0.000150827 0.000238808 0.000315497 0.000369054
0.48 0 6.66012e-05 0.000155084 0.000244422 0.00032232 0.000377098
0.485 0 6.87982e-05 0.000159396 0.000250065 0.000329081 0.000384941
0.49 0 7.10233e-05 0.000163752 0.000255739 0.000335782 0.000392573
0.495 0 7.32657e-05 0.000168142 0.000261443 0.000342425 0.000399987
0.5 0 7.55146e-05 0.000172555 0.000267176 0.000349009 0.000407179
0.505 0 7.77593e-05 0.000176981 0.000272934 0.000355534 0.000414145
0.51 0 7.999e-05 0.000181411 0.000278714 0.000361997 0.000420884
0.515 0 8.21974e-05 0.000185835 0.000284511 0.000368395 0.000427399
0.52 0 8.43733e-05 0.000190246 0.000290319 0.000374723 0.000433692
0.525 0 8.65106e-05 0.000194635 0.000296128 0.000380977 0.000439769
0.53 0 8.86038e-05 0.000198994 0.00030193 0.00038715 0.000445638
0.535 0 9.06485e-05 0.000203316 0.000307715 0.000393237 0.000451306
0.54 0 9.2642e-05 0.000207593 0.000313469 0.00039923 0.000456784
0.545 0 9.45827e-05 0.000211819 0.00031918 0.000405124 0.000462081
0.55 0 9.64706e-05 0.000215985 0.000324834 0.000410911 0.00046721
0.555 0 9.83065e-05 0.000220086 0.000330416 0.000416585 0.000472183
0.56 0 0.000100092 0.000224113 0.000335911 0.00042214 0.00047701
0.565 0 0.00010183 0.000228061 0.000341303 0.00042757 0.000481706
0.57 0 0.000103524 0.000231922 0.000346577 0.000432868 0.00048628
0.575 0 0.000105176 0.000235689 0.000351719 0.00043803 0.000490745
0.58 0 0.000106788 0.000239355 0.000356713 0.000443051 0.000495111
0.585 0 0.000108364 0.000242914 0.000361546 0.000447927 0.000499389
0.59 0 0.000109905 0.000246359 0.000366206 0.000452652 0.000503588
0.595 0 0.000111411 0.000249684 0.000370681 0.000457224 0.000507715
0.6 0 0.000112882 0.000252883 0.000374962 0.000461639 0.000511777
0.605 0 0.000114317 0.000255948 0.000379039 0.000465895 0.00051578
0.61 0 0.000115714 0.000258875 0.000382907 0.000469989 0.000519729
0.615 0 0.000117068 0.000261658 0.00038656 0.000473919 0.000523625
0.62 0 0.000118375 0.000264291 0.000389995 0.000477684 0.00052747
0.625 0 0.000119629 0.000266769 0.000393209 0.000481283 0.000531264
0.63 0 0.000120825 0.000269087 0.000396203 0.000484715 0.000535005
0.635 0 0.000121956 0.00027124 0.000398976 0.000487982 0.000538689
0.64 0 0.000123013 0.000273224 0.000401531 0.000491084 0.000542313
0.645 0 0.000123991 0.000275036 0.000403871 0.000494021 0.000545871
0.65 0 0.000124882 0.00027667 0.000406001 0.000496796 0.000549356
0.655 0 0.00012568 0.000278126 0.000407924 0.000499411 0.000552758
0.66 0 0.000126378 0.000279399 0.000409646 0.000501867 0.000556071
0.665 0 0.000126971 0.000280488 0.000411172 0.000504168 0.000559284
0.67 0 0.000127454 0.000281392 0.00041251 0.000506317 0.000562388
0.675 0 0.000127825 0.00028211 0.000413664 0.000508314 0.000565371
0.68 0 0.000128081 0.000282643 0.00041464 0.000510163 0.000568223
0.685 0 0.00012822 0.000282993 0.000415445 0.000511866 0.000570935
0.69 0 0.000128244 0.000283161 0.000416083 0.000513424 0.000573495
0.695 0 0.000128152 0.000283151 0.000416561 0.000514837 0.000575895
0.7 0 0.000127948 0.000282968 0.000416883 0.000516107 0.000578124
0.705 0 0.000127635 0.000282616 0.000417054 0.000517233 0.000580175
0.71 0 0.000127219 0.000282103 0.000417077 0.000518214 0.000582039
0.715 0 0.000126704 0.000281436 0.000416957 0.000519047 0.000583709
0.72 0 0.000126097 0.000280622 0.000416697 0.00051973 0.000585179
0.725 0 0.000125407 0.000279671 0.0004163 0.00052026 0.000586444
0.73 0 0.00012464 0.000278594 0.000415768 0.000520633 0.000587499
0.735 0 0.000123806 0.000277399 0.000415104 0.000520845 0.000588339
0.74 0 0.000122914 0.000276098 0.00041431 0.00052089 0.000588963
0.745 0 0.000121973 0.000274702 0.000413387 0.000520765 0.000589366
0.75 0 0.000120992 0.000273222 0.000412338 0.000520464 0.000589546
0.755 0 0.000119983 0.000271669 0.000411164 0.000519983 0.000589503
0.76 0 0.000118953 0.000270054 0.000409867 0.000519317 0.000589234
0.765 0 0.000117912 0.000268388 0.000408447 0.000518461 0.000588737
0.77 0 0.000116869 0.00026668 0.000406908 0.000517413 0.000588012
0.775 0 0.000115833 0.00026494 0.000405251 0.000516169 0.000587058
0.78 0 0.00011481 0.000263176 0.000403478 0.000514727 0.000585872
0.785 0 0.000113808 0.000261398 0.000401592 0.000513085 0.000584454
0.79 0 0.000112832 0.000259611 0.000399594 0.000511243 0.000582803
0.795 0 0.000111889 0.000257821 0.00039749 0.000509201 0.000580916
0.8 0 0.00011098 0.000256035 0.000395281 0.000506959 0.000578793
0.805 0 0.000110111 0.000254257 0.000392971 0.00050452 0.000576432
0.81 0 0.000109281 0.000252489 0.000390565 0.000501886 0.000573832
0.815 0 0.000108493 0.000250734 0.000388067 0.00049906 0.00057099
0.82 0 0.000107745 0.000248994 0.000385482 0.000496046 0.000567907
0.825 0 0.000107037 0.000247269 0.000382815 0.000492849 0.000564581
0.83 0 0.000106366 0.00024556 0.000380069 0.000489474 0.000561012
0.835 0 0.000105728 0.000243865 0.000377251 0.000485925 0.000557199
0.84 0 0.000105121 0.000242182 0.000374366 0.00048221 0.000553143
0.845 0 0.000104538 0.00024051 0.000371417 0.000478333 0.000548846
0.85 0 0.000103977 0.000238846 0.00036841 0.000474301 0.000544309
0.855 0 0.00010343 0.000237186 0.000365349 0.00047012 0.000539534
0.86 0 0.000102893 0.000235528 0.000362237 0.000465798 0.000534526
0.865 0 0.00010236 0.000233867 0.000359078 0.000461339 0.000529289
0.87 0 0.000101826 0.000232199 0.000355875 0.000456751 0.000523829
0.875 0 0.000101285 0.000230519 0.000352629 0.00045204 0.00051815
0.88 0 0.000100733 0.000228824 0.000349343 0.000447211 0.000512263
0.885 0 0.000100165 0.000227109 0.000346017 0.000442271 0.000506173
0.89 0 9.95767e-05 0.00022537 0.00034265 0.000437225 0.000499892
0.895 0 9.89649e-05 0.000223601 0.000339243 0.000432078 0.000493429
0.9 0 9.83266e-05 0.000221799 0.000335794 0.000426836 0.000486796
0.905 0 9.76594e-05 0.000219959 0.000332301 0.000421504 0.000480004
0.91 0 9.69613e-05 0.000218078 0.000328762 0.000416086 0.000473066
0.915 0 9.62311e-05 0.000216151 0.000325174 0.000410586 0.000465996
0.92 0 9.54679e-05 0.000214176 0.000321533 0.000405008 0.000458808
0.925 0 9.46711e-05 0.000212148 0.000317836 0.000399357 0.000451515
0.93 0 9.38406e-05 0.000210065 0.00031408 0.000393636 0.000444133
0.935 0 9.29765e-05 0.000207923 0.00031026 0.000387848 0.000436676
0.94 0 9.20793e-05 0.00020572 0.000306373 0.000381997 0.00042916
0.945 0 9.11492e-05 0.000203455 0.000302415 0.000376086 0.000421597
0.95 0 9.01868e-05 0.000201124 0.000298382 0.00037012 0.000414004
0.955 0 8.91927e-05 0.000198726 0.000294273 0.0003641 0.000406394
0.96 0 8.81673e-05 0.000196259 0.000290084 0.000358031 0.00039878
0.965 0 8.71108e-05 0.000193723 0.000285813 0.000351916 0.000391175
0.97 0 8.60235e-05 0.000191115 0.000281459 0.000345759 0.000383591
0.975 0 8.49053e-05 0.000188436 0.000277021 0.000339563 0.00037604
0.98 0 8.37561e-05 0.000185683 0.0002725 0.000333334 0.000368531
0.985 0 8.25756e-05 0.000182858 0.000267896 0.000327076 0.000361075
0.99 0 8.1363e-05 0.000179959 0.00026321 0.000320793 0.000353678
0.995 0 8.01178e-05 0.000176986 0.000258445 0.00031449 0.000346349
1 0 7.88391e-05 0.000173941 0.000253603 0.000308173 0.000339094
1.005 0 7.7526e-05 0.000170823 0.000248689 0.000301847 0.000331917
1.01 0 7.61775e-05 0.000167633 0.000243707 0.000295518 0.000324824
1.015 0 7.47927e-05 0.000164372 0.000238661 0.00028919 0.000317817
1.02 0 7.33706e-05 0.000161043 0.000233558 0.000282872 0.000310898
1.025 0 7.19106e-05 0.000157646 0.000228404 0.000276567 0.00030407
1.03 0 7.04121e-05 0.000154184 0.000223205 0.000270283 0.000297332
1.035 0 6.88746e-05 0.000150661 0.000217968 0.000264025 0.000290685
1.04 0 6.72983e-05 0.000147079 0.000212701 0.000257799 0.000284129
1.045 0 6.56834e-05 0.000143442 0.000207412 0.00025161 0.000277662
1.05 0 6.40306e-05 0.000139755 0.000202107 0.000245464 0.000271283
1.055 0 6.23412e-05 0.000136021 0.000196794 0.000239365 0.00026499
1.06 0 6.06167e-05 0.000132248 0.000191483 0.000233319 0.000258782
1.065 0 5.88595e-05 0.00012844 0.000186179 0.00022733 0.000252657
1.07 0 5.70722e-05 0.000124603 0.000180891 0.000221401 0.000246612
1.075 0 5.5258e-05 0.000120746 0.000175627 0.000215536 0.000240646
1.08 0 5.34208e-05 0.000116874 0.000170394 0.000209739 0.000234757
1.085 0 5.15648e-05 0.000112997 0.000165198 0.000204012 0.000228943
1.09 0 4.96948e-05 0.000109121 0.000160047 0.000198358 0.000223202
1.095 0 4.78161e-05 0.000105255 0.000154947 0.000192779 0.000217534
1.1 0 4.59343e-05 0.000101408 0.000149904 0.000187275 0.000211936
1.105 0 4.40553e-05 9.75882e-05 0.000144924 0.00018185 0.000206408
1.11 0 4.21854e-05 9.38049e-05 0.000140012 0.000176503 0.000200949
1.115 0 4.0331e-05 9.00668e-05 0.000135174 0.000171237 0.000195559
1.12 0 3.84986e-05 8.63827e-05 0.000130415 0.000166051 0.000190237
1.125 0 3.66948e-05 8.27613e-05 0.000125739 0.000160946 0.000184983
1.13 0 3.49261e-05 7.92111e-05 0.00012115 0.000155924 0.000179798
1.135 0 3.31988e-05 7.57404e-05 0.000116654 0.000150984 0.000174681
1.14 0 3.1519e-05 7.23568e-05 0.000112254 0.000146128 0.000169632
1.145 0 2.98925e-05 6.9068e-05 0.000107953 0.000141356 0.000164653
1.15 0 2.83247e-05 6.58809e-05 0.000103756 0.000136669 0.000159744
1.155 0 2.68204e-05 6.28018e-05 9.96667e-05 0.000132069 0.000154905
1.16 0 2.5384e-05 5.98367e-05 9.56879e-05 0.000127555 0.000150137
1.165 0 2.40192e-05 5.69909e-05 9.18232e-05 0.000123131 0.000145441
1.17 0 2.27292e-05 5.42688e-05 8.80759e-05 0.000118797 0.000140818
1.175 0 2.15165e-05 5.16744e-05 8.44494e-05 0.000114555 0.00013627
1.18 0 2.0383e-05 4.9211e-05 8.09468e-05 0.000110408 0.000131796
1.185 0 1.93297e-05 4.6881e-05 7.75711e-05 0.000106357 0.000127398
1.19 0 1.83572e-05 4.46864e-05 7.43253e-05 0.000102407 0.000123078
1.195 0 1.74654e-05 4.26281e-05 7.12121e-05 9.85582e-05 0.000118837
1.2 0 1.66536e-05 4.07067e-05 6.82341e-05 9.48149e-05 0.000114676
1.205 0 1.59205e-05 3.89221e-05 6.53938e-05 9.11802e-05 0.000110598
1.21 0 1.52643e-05 3.72732e-05 6.26934e-05 8.76571e-05 0.000106604
1.215 0 1.46827e-05 3.57588e-05 6.01347e-05 8.42492e-05 0.000102697
1.22 0 1.41731e-05 3.43769e-05 5.77195e-05 8.09599e-05 9.88798e-05
1.225 0 1.37325e-05 3.31249e-05 5.54489e-05 7.77927e-05 9.51545e-05
1.23 0 1.33576e-05 3.19999e-05 5.33239e-05 7.4751e-05 9.15245e-05
1.235 0 1.30451e-05 3.09986e-05 5.1345e-05 7.18382e-05 8.79935e-05
1.24 0 1.27914e-05 3.01173e-05 4.95125e-05 6.90578e-05 8.45654e-05
1.245 0 1.25927e-05 2.93518e-05 4.7826e-05 6.64128e-05 8.12444e-05
1.25 0 1.24455e-05 2.86979e-05 4.62848e-05 6.39064e-05 7.80352e-05
1.255 0 1.23461e-05 2.81512e-05 4.48878e-05 6.15413e-05 7.49428e-05
1.26 0 1.22909e-05 2.7707e-05 4.36333e-05 5.93202e-05 7.19726e-05
1.265 0 1.22764e-05 2.73604e-05 4.25193e-05 5.72455e-05 6.91302e-05
1.27 0 1.22994e-05 2.71066e-05 4.15433e-05 5.53192e-05 6.64217e-05
1.275 0 1.23567e-05 2.69408e-05 4.07026e-05 5.35432e-05 6.38532e-05
1.28 0 1.24453e-05 2.68581e-05 3.9994e-05 5.19191e-05 6.14312e-05
1.285 0 1.25625e-05 2.68536e-05 3.94139e-05 5.04482e-05 5.91624e-05
1.29 0 1.27058e-05 2.69227e-05 3.89585e-05 4.91314e-05 5.70535e-05
1.295 0 1.28728e-05 2.70606e-05 3.86237e-05 4.79695e-05 5.51111e-05
1.3 0 1.30614e-05 2.72628e-05 3.84055e-05 4.6963e-05 5.33421e-05
1.305 0 1.32697e-05 2.75249e-05 3.82993e-05 4.61122e-05 5.1753e-05
1.31 0 1.34957e-05 2.78427e-05 3.83009e-05 4.5417e-05 5.03502e-05
1.315 0 1.3738e-05 2.8212e-05 3.84056e-05 4.48773e-05 4.914e-05
1.32 0 1.3995e-05 2.86289e-05 3.86092e-05 4.44928e-05 4.81281e-05
1.325 0 1.42653e-05 2.90898e-05 3.89072e-05 4.42629e-05 4.73201e-05
1.33 0 1.45478e-05 2.95911e-05 3.92956e-05 4.4187e-05 4.67209e-05
1.335 0 1.48411e-05 3.01295e-05 3.97702e-05 4.42645e-05 4.63349e-05
1.34 0 1.51442e-05 3.07018e-05 4.03274e-05 4.44943e-05 4.6166e-05
1.345 0 1.5456e-05 3.13051e-05 4.09636e-05 4.48757e-05 4.62173e-05
1.35 0 1.57754e-05 3.19367e-05 4.16756e-05 4.54077e-05 4.64914e-05
1.355 0 1.61013e-05 3.25942e-05 4.24606e-05 4.60892e-05 4.699e-05
1.36 0 1.64329e-05 3.32754e-05 4.33162e-05 4.69192e-05 4.77142e-05
1.365 0 1.67691e-05 3.39782e-05 4.424e-05 4.78967e-05 4.86642e-05
1.37 0 1.71089e-05 3.47009e-05 4.52305e-05 4.90204e-05 4.98396e-05
1.375 0 1.74515e-05 3.5442e-05 4.62863e-05 5.02892e-05 5.1239e-05
1.38 0 1.77959e-05 3.62004e-05 4.74063e-05 5.17018e-05 5.28605e-05
1.385 0 1.81414e-05 3.6975e-05 4.85899e-05 5.32571e-05 5.47013e-05
1.39 0 1.84872e-05 3.77652e-05 4.98368e-05 5.49536e-05 5.67577e-05
1.395 0 1.88326e-05 3.85706e-05 5.1147e-05 5.67899e-05 5.90258e-05
1.4 0 1.91772e-05 3.93911e-05 5.25208e-05 5.87643e-05 6.15006e-05
1.405 0 1.95205e-05 4.02271e-05 5.39588e-05 6.08753e-05 6.41768e-05
1.41 0 1.98624e-05 4.10788e-05 5.54616e-05 6.3121e-05 6.70484e-05
1.415 0 2.02027e-05 4.19473e-05 5.70302e-05 6.54993e-05 7.0109e-05
1.42 0 2.05417e-05 4.28336e-05 5.86658e-05 6.80083e-05 7.33516e-05
1.425 0 2.08797e-05 4.37391e-05 6.03694e-05 7.06455e-05 7.67692e-05
1.43 0 2.12174e-05 4.46655e-05 6.21423e-05 7.34084e-05 8.0354e-05
1.435 0 2.15557e-05 4.56147e-05 6.39856e-05 7.62941e-05 8.40983e-05
1.44 0 2.18956e-05 4.6589e-05 6.59007e-05 7.92999e-05 8.7994e-05
1.445 0 2.22386e-05 4.75908e-05 6.78886e-05 8.24223e-05 9.2033e-05
1.45 0 2.25862e-05 4.86227e-05 6.99504e-05 8.56581e-05 9.62069e-05
1.455 0 2.29404e-05 4.96876e-05 7.2087e-05 8.90036e-05 0.000100508
1.46 0 2.33032e-05 5.07885e-05 7.42993e-05 9.24549e-05 0.000104926
1.465 0 2.36769e-05 5.19284e-05 7.65878e-05 9.60081e-05 0.000109455
1.47 0 2.40641e-05 5.31107e-05 7.89531e-05 9.96588e-05 0.000114086
1.475 0 2.44672e-05 5.43384e-05 8.13953e-05 0.000103403 0.00011881
1.48 0 2.4889e-05 5.56149e-05 8.39146e-05 0.000107235 0.00012362
1.485 0 2.53324e-05 5.69434e-05 8.65107e-05 0.000111151 0.000128507
1.49 0 2.58e-05 5.83269e-05 8.91834e-05 0.000115147 0.000133464
1.495 0 2.62948e-05 5.97685e-05 9.19321e-05 0.000119216 0.000138484
1.5 0 2.68196e-05 6.12711e-05 9.4756e-05 0.000123355 0.000143559
1.505 0 2.73768e-05 6.28372e-05 9.7654e-05 0.000127559 0.000148682
1.51 0 2.7969e-05 6.44693e-05 0.000100625 0.000131821 0.000153845
1.515 0 2.85986e-05 6.61694e-05 0.000103668 0.000136138 0.000159043
1.52 0 2.92675e-05 6.79394e-05 0.000106781 0.000140505 0.000164269
1.525 0 2.99777e-05 6.97805e-05 0.000109963 0.000144916 0.000169516
1.53 0 3.07305e-05 7.1694e-05 0.000113211 0.000149368 0.000174778
1.535 0 3.15272e-05 7.36804e-05 0.000116524 0.000153855 0.00018005
1.54 0 3.23685e-05 7.57399e-05 0.0001199 0.000158373 0.000185326
1.545 0 3.3255e-05 7.78722e-05 0.000123335 0.000162918 0.0001906
1.55 0 3.41868e-05 8.00768e-05 0.000126829 0.000167486 0.000195868
1.555 0 3.51634e-05 8.23523e-05 0.000130378 0.000172072 0.000201124
1.56 0 3.61842e-05 8.46972e-05 0.00013398 0.000176674 0.000206364
1.565 0 3.72482e-05 8.71094e-05 0.000137631 0.000181286 0.000211584
1.57 0 3.83538e-05 8.95864e-05 0.000141329 0.000185907 0.000216778
1.575 0 3.94993e-05 9.21252e-05 0.000145071 0.000190532 0.000221945
1.58 0 4.06825e-05 9.47223e-05 0.000148853 0.000195158 0.000227079
1.585 0 4.19009e-05 9.7374e-05 0.000152672 0.000199783 0.000232178
1.59 0 4.31519e-05 0.000100076 0.000156524 0.000204403 0.000237238
1.595 0 4.44325e-05 0.000102824 0.000160406 0.000209016 0.000242258
1.6 0 4.57394e-05 0.000105613 0.000164313 0.000213618 0.000247234
1.605 0 4.70693e-05 0.000108438 0.000168242 0.000218209 0.000252165
1.61 0 4.84186e-05 0.000111294 0.000172188 0.000222784 0.000257049
1.615 0 4.97839e-05 0.000114174 0.000176148 0.000227341 0.000261884
1.62 0 5.11613e-05 0.000117074 0.000180115 0.000231878 0.000266669
1.625 0 5.2547e-05 0.000119988 0.000184085 0.000236393 0.000271404
1.63 0 5.39375e-05 0.000122908 0.000188054 0.000240882 0.000276088
1.635 0 5.5329e-05 0.00012583 0.000192017 0.000245344 0.00028072
1.64 0 5.67178e-05 0.000128748 0.000195967 0.000249775 0.000285301
1.645 0 5.81003e-05 0.000131654 0.0001999 0.000254174 0.00028983
1.65 0 5.94731e-05 0.000134544 0.00020381 0.000258537 0.000294308
1.655 0 6.08328e-05 0.000137411 0.000207692 0.000262863 0.000298736
1.66 0 6.21762e-05 0.00014025 0.00021154 0.000267147 0.000303114
1.665 0 6.35002e-05 0.000143055 0.000215349 0.000271388 0.000307442
1.67 0 6.48019e-05 0.000145819 0.000219113 0.000275583 0.000311722
1.675 0 6.60785e-05 0.000148539 0.000222826 0.000279729 0.000315954
1.68 0 6.73275e-05 0.000151208 0.000226483 0.000283823 0.000320139
1.685 0 6.85464e-05 0.000153822 0.000230079 0.000287862 0.000324278
1.69 0 6.97329e-05 0.000156376 0.000233607 0.000291843 0.000328371
1.695 0 7.08851e-05 0.000158865 0.000237065 0.000295764 0.000332418
1.7 0 7.20009e-05 0.000161286 0.000240445 0.000299622 0.00033642
1.705 0 7.30786e-05 0.000163634 0.000243744 0.000303413 0.000340377
1.71 0 7.41166e-05 0.000165906 0.000246957 0.000307134 0.000344289
1.715 0 7.51135e-05 0.000168098 0.000250081 0.000310784 0.000348154
1.72 0 7.60678e-05 0.000170208 0.000253111 0.000314359 0.000351972
1.725 0 7.69783e-05 0.000172232 0.000256043 0.000317857 0.000355742
1.73 0 7.78441e-05 0.000174168 0.000258875 0.000321274 0.000359463
1.735 0 7.86643e-05 0.000176015 0.000261604 0.000324608 0.000363132
1.74 0 7.94379e-05 0.000177769 0.000264227 0.000327857 0.000366747
1.745 0 8.01644e-05 0.00017943 0.000266742 0.000331018 0.000370305
1.75 0 8.08432e-05 0.000180997 0.000269147 0.000334089 0.000373804
1.755 0 8.14739e-05 0.000182468 0.000271441 0.000337067 0.000377241
1.76 0 8.20564e-05 0.000183844 0.000273623 0.00033995 0.00038061
1.765 0 8.25903e-05 0.000185123 0.000275691 0.000342736 0.00038391
1.77 0 8.30759e-05 0.000186306 0.000277647 0.000345423 0.000387135
1.775 0 8.35133e-05 0.000187394 0.000279488 0.000348008 0.00039028
1.78 0 8.39027e-05 0.000188387 0.000281216 0.00035049 0.000393342
1.785 0 8.42446e-05 0.000189286 0.000282831 0.000352866 0.000396314
1.79 0 8.45398e-05 0.000190092 0.000284334 0.000355134 0.000399192
1.795 0 8.39357e-05 0.000189935 0.000284859 0.000356426 0.000401104
1.8 0 8.16239e-05 0.000187932 0.000283551 0.000355876 0.000401183
1.805 0 7.85649e-05 0.000184932 0.000281289 0.000354357 0.000400297
1.81 0 7.57073e-05 0.000181795 0.000278941 0.00035274 0.000399311
1.815 0 7.31039e-05 0.000178527 0.000276498 0.000351028 0.000398218
1.82 0 7.07847e-05 0.000175154 0.000273943 0.000349225 0.000397013
1.825 0 6.87599e-05 0.000171712 0.00027126 0.000347333 0.000395691
1.83 0 6.70221e-05 0.000168251 0.000268431 0.000345353 0.000394246
1.835 0 6.55501e-05 0.000164821 0.000265442 0.00034328 0.000392678
1.84 0 6.43134e-05 0.000161476 0.00026229 0.000341105 0.000390984
1.845 0 6.32763e-05 0.000158261 0.000258979 0.000338814 0.000389167
1.85 0 6.2402e-05 0.000155214 0.000255524 0.000336389 0.000387227
1.855 0 6.16556e-05 0.000152363 0.000251948 0.000333809 0.000385167
1.86 0 6.10064e-05 0.000149723 0.000248287 0.000331052 0.000382988
1.865 0 6.0429e-05 0.0001473 0.000244576 0.000328099 0.000380688
1.87 0 5.99038e-05 0.000145089 0.000240858 0.000324936 0.000378265
1.875 0 5.94167e-05 0.000143079 0.000237172 0.000321555 0.00037571
1.88 0 5.89585e-05 0.000141251 0.000233552 0.000317956 0.000373012
1.885 0 5.85238e-05 0.000139586 0.000230029 0.00031415 0.000370155
1.89 0 5.81098e-05 0.000138064 0.000226623 0.000310156 0.00036712
1.895 0 5.77158e-05 0.000136665 0.000223348 0.000306002 0.000363885
1.9 0 5.73418e-05 0.000135369 0.000220209 0.000301721 0.000360427
1.905 0 5.69886e-05 0.000134162 0.000217206 0.000297351 0.000356723
1.91 0 5.66565e-05 0.000133028 0.000214331 0.000292933 0.000352751
1.915 0 5.63458e-05 0.000131956 0.000211575 0.000288503 0.000348494
1.92 0 5.60565e-05 0.000130935 0.000208929 0.000284096 0.000343938
1.925 0 5.57876e-05 0.000129954 0.000206382 0.00027974 0.000339076
1.93 0 5.55379e-05 0.000129005 0.000203925 0.000275455 0.000333909
1.935 0 5.53051e-05 0.000128079 0.000201553 0.000271254 0.000328441
1.94 0 5.50863e-05 0.000127171 0.000199261 0.000267139 0.000322688
1.945 0 5.48777e-05 0.000126274 0.000197047 0.000263108 0.00031667
1.95 0 5.46744e-05 0.000125383 0.00019491 0.000259148 0.000310412
1.955 0 5.44712e-05 0.000124496 0.000192849 0.000255244 0.000303946
1.96 0 5.42621e-05 0.000123613 0.000190861 0.000251377 0.000297308
1.965 0 5.40411e-05 0.000122734 0.000188944 0.000247526 0.000290533
1.97 0 5.38026e-05 0.000121863 0.000187089 0.000243671 0.000283661
1.975 0 5.35416e-05 0.000121002 0.000185287 0.000239791 0.00027673
1.98 0 5.32549e-05 0.000120157 0.000183527 0.000235872 0.000269777
1.985 0 5.29409e-05 0.00011933 0.000181791 0.0002319 0.000262837
1.99 0 5.26003e-05 0.000118525 0.000180062 0.000227869 0.000255943
1.995 0 5.22362e-05 0.000117743 0.000178321 0.000223773 0.000249125
2 0 5.18541e-05 0.000116982 0.000176548 0.000219613 0.00024241
2.005 0 5.14616e-05 0.000116237 0.000174723 0.000215393 0.00023582
2.01 0 5.10677e-05 0.000115502 0.000172828 0.00021112 0.000229375
2.015 0 5.06823e-05 0.000114768 0.000170846 0.000206805 0.000223091
2.02 0 5.03152e-05 0.000114022 0.000168762 0.000202457 0.000216983
2.025 0 4.99752e-05 0.000113251 0.000166566 0.000198092 0.00021106
2.03 0 4.9669e-05 0.000112441 0.00016425 0.00019372 0.00020533
2.035 0 4.94007e-05 0.000111577 0.000161809 0.000189357 0.000199801
2.04 0 4.91708e-05 0.000110646 0.000159242 0.000185013 0.000194475
2.045 0 4.89762e-05 0.000109636 0.000156551 0.000180703 0.000189356
2.05 0 4.88095e-05 0.000108534 0.000153739 0.000176435 0.000184444
2.055 0 4.86598e-05 0.000107332 0.000150815 0.000172221 0.000179739
2.06 0 4.85126e-05 0.000106024 0.000147788 0.000168068 0.00017524
2.065 0 4.83507e-05 0.000104605 0.000144669 0.000163984 0.000170944
2.07 0 4.8155e-05 0.000103072 0.000141472 0.000159975 0.000166849
2.075 0 4.79055e-05 0.000101423 0.00013821 0.000156046 0.000162949
2.08 0 4.75825e-05 9.96587e-05 0.000134898 0.000152202 0.000159241
2.085 0 4.71672e-05 9.77806e-05 0.000131552 0.000148446 0.000155718
2.09 0 4.6643e-05 9.57901e-05 0.000128188 0.000144783 0.000152375
2.095 0 4.59962e-05 9.36898e-05 0.000124819 0.000141217 0.000149203
2.1 0 4.52165e-05 9.14824e-05 0.000121459 0.000137749 0.000146195
2.105 0 4.42977e-05 8.91712e-05 0.000118123 0.000134386 0.000143344
2.11 0 4.32374e-05 8.67598e-05 0.000114819 0.000131129 0.00014064
2.115 0 4.20373e-05 8.42528e-05 0.000111559 0.000127984 0.000138075
2.12 0 4.07033e-05 8.1655e-05 0.00010835 0.000124954 0.00013564
2.125 0 3.92444e-05 7.89728e-05 0.000105198 0.000122043 0.000133327
2.13 0 3.7673e-05 7.62134e-05 0.000102107 0.000119254 0.000131128
2.135 0 3.60039e-05 7.33855e-05 9.90795e-05 0.00011659 0.000129035
2.14 0 3.42538e-05 7.04991e-05 9.61168e-05 0.000114052 0.000127042
2.145 0 3.24408e-05 6.75661e-05 9.32192e-05 0.00011164 0.000125143
2.15 0 3.05837e-05 6.45995e-05 9.03863e-05 0.000109352 0.000123334
2.155 0 2.87016e-05 6.16138e-05 8.76172e-05 0.000107187 0.00012161
2.16 0 2.68132e-05 5.86248e-05 8.49108e-05 0.000105138 0.00011997
2.165 0 2.49368e-05 5.56493e-05 8.22665e-05 0.0001032 0.000118412
2.17 0 2.30893e-05 5.27047e-05 7.96841e-05 0.000101365 0.000116936
2.175 0 2.12868e-05 4.98092e-05 7.71639e-05 9.96235e-05 0.00011554
2.18 0 1.95438e-05 4.69805e-05 7.4707e-05 9.79669e-05 0.000114227
2.185 0 1.78733e-05 4.42366e-05 7.23153e-05 9.63845e-05 0.000112995
2.19 0 1.6287e-05 4.15945e-05 6.99915e-05 9.48663e-05 0.000111846
2.195 0 1.4795e-05 3.90707e-05 6.77389e-05 9.34027e-05 0.000110779
2.2 0 1.34058e-05 3.66801e-05 6.55618e-05 9.1985e-05 0.000109792
2.205 0 1.21266e-05 3.44365e-05 6.34647e-05 9.06058e-05 0.000108884
2.21 0 1.09634e-05 3.23517e-05 6.14528e-05 8.92595e-05 0.000108052
2.215 0 9.92075e-06 3.04358e-05 5.95317e-05 8.79419e-05 0.000107291
2.22 0 9.00213e-06 2.86972e-05 5.77072e-05 8.66512e-05 0.000106595
2.225 0 8.20979e-06 2.71419e-05 5.59853e-05 8.53875e-05 0.000105958
2.23 0 7.54493e-06 2.5774e-05 5.43723e-05 8.41527e-05 0.000105371
2.235 0 7.00761e-06 2.4596e-05 5.28746e-05 8.29505e-05 0.000104826
2.24 0 6.59676e-06 2.36081e-05 5.14984e-05 8.17864e-05 0.000104314
2.245 0 6.31024e-06 2.2809e-05 5.02502e-05 8.06667e-05 0.000103825
2.25 0 6.14486e-06 2.2196e-05 4.91362e-05 7.95989e-05 0.000103348
2.255 0 6.09637e-06 2.1765e-05 4.81626e-05 7.85911e-05 0.000102875
2.26 0 6.15943e-06 2.15108e-05 4.73355e-05 7.76516e-05 0.000102396
2.265 0 6.32771e-06 2.14274e-05 4.66603e-05 7.67883e-05 0.000101903
2.27 0 6.59404e-06 2.15082e-05 4.61423e-05 7.60091e-05 0.00010139
2.275 0 6.95051e-06 2.17462e-05 4.5786e-05 7.53209e-05 0.000100852
2.28 0 7.38857e-06 2.2134e-05 4.55952e-05 7.47301e-05 0.000100283
2.285 0 7.89927e-06 2.26641e-05 4.55731e-05 7.42418e-05 9.96837e-05
2.29 0 8.4735e-06 2.33293e-05 4.57215e-05 7.38603e-05 9.90526e-05
2.295 0 9.10221e-06 2.41222e-05 4.60413e-05 7.35887e-05 9.83918e-05
2.3 0 9.77658e-06 2.50355e-05 4.6532e-05 7.34291e-05 9.77052e-05
2.305 0 1.04883e-05 2.60621e-05 4.71919e-05 7.33826e-05 9.69982e-05
2.31 0 1.12299e-05 2.71952e-05 4.80178e-05 7.34494e-05 9.62784e-05
2.315 0 1.19946e-05 2.84279e-05 4.9005e-05 7.3629e-05 9.55545e-05
2.32 0 1.27768e-05 2.97533e-05 5.01475e-05 7.39201e-05 9.4837e-05
2.325 0 1.35721e-05 3.11646e-05 5.14377e-05 7.43212e-05 9.41377e-05
2.33 0 1.43772e-05 3.26552e-05 5.28669e-05 7.48301e-05 9.34691e-05
2.335 0 1.51898e-05 3.42182e-05 5.4425e-05 7.54445e-05 9.2845e-05
2.34 0 1.60089e-05 3.58466e-05 5.61013e-05 7.61619e-05 9.22793e-05
2.345 0 1.68344e-05 3.75336e-05 5.78836e-05 7.69797e-05 9.17868e-05
2.35 0 1.76669e-05 3.9272e-05 5.97598e-05 7.78955e-05 9.13823e-05
2.355 0 1.85076e-05 4.10548e-05 6.17168e-05 7.89068e-05 9.10805e-05
2.36 0 1.93579e-05 4.28749e-05 6.37416e-05 8.0011e-05 9.0896e-05
2.365 0 2.02197e-05 4.47251e-05 6.58214e-05 8.12059e-05 9.0843e-05
2.37 0 2.10942e-05 4.65982e-05 6.79435e-05 8.24893e-05 9.09349e-05
2.375 0 2.19828e-05 4.84873e-05 7.00957e-05 8.38591e-05 9.11846e-05
2.38 0 2.28858e-05 5.03853e-05 7.22668e-05 8.53133e-05 9.16039e-05
2.385 0 2.38034e-05 5.22855e-05 7.44464e-05 8.68503e-05 9.22037e-05
2.39 0 2.47343e-05 5.4181e-05 7.66251e-05 8.84684e-05 9.29936e-05
2.395 0 2.56769e-05 5.60655e-05 7.87947e-05 9.01661e-05 9.39819e-05
2.4 0 2.66284e-05 5.79325e-05 8.09484e-05 9.19423e-05 9.51754e-05
2.405 0 2.75849e-05 5.9776e-05 8.30806e-05 9.37958e-05 9.65796e-05
2.41 0 2.8542e-05 6.15899e-05 8.51871e-05 9.57261e-05 9.81984e-05
2.415 0 2.94945e-05 6.33685e-05 8.7265e-05 9.77327e-05 0.000100034
2.42 0 3.04364e-05 6.51065e-05 8.93125e-05 9.98153e-05 0.000102087
2.425 0 3.13615e-05 6.67987e-05 9.13292e-05 0.000101974 0.000104356
2.43 0 3.22633e-05 6.84403e-05 9.33155e-05 0.00010421 0.00010684
2.435 0 3.31353e-05 7.00268e-05 9.5273e-05 0.000106523 0.000109533
2.44 0 3.39709e-05 7.15541e-05 9.72039e-05 0.000108915 0.000112432
2.445 0 3.4764e-05 7.30187e-05 9.91111e-05 0.000111386 0.000115528
2.45 0 3.55091e-05 7.44174e-05 0.000100998 0.000113938 0.000118814
2.455 0 3.6201e-05 7.57477e-05 0.000102869 0.000116572 0.000122282
2.46 0 3.68357e-05 7.7008e-05 0.000104727 0.00011929 0.000125921
2.465 0 3.74097e-05 7.8197e-05 0.000106577 0.000122091 0.000129722
2.47 0 3.79208e-05 7.93146e-05 0.000108424 0.000124978 0.000133673
2.475 0 3.83675e-05 8.03613e-05 0.000110271 0.000127951 0.000137763
2.48 0 3.87497e-05 8.13386e-05 0.000112122 0.000131008 0.000141981
2.485 0 3.9068e-05 8.2249e-05 0.000113982 0.000134149 0.000146315
2.49 0 3.93244e-05 8.30958e-05 0.000115853 0.000137373 0.000150754
2.495 0 3.95217e-05 8.38833e-05 0.00011774 0.000140677 0.000155287
2.5 0 3.96637e-05 8.4617e-05 0.000119644 0.000144057 0.000159902
2.505 0 3.97552e-05 8.53028e-05 0.000121569 0.000147511 0.00016459
2.51 0 3.98019e-05 8.59479e-05 0.000123517 0.000151032 0.000169341
2.515 0 3.98102e-05 8.65599e-05 0.000125489 0.000154616 0.000174145
2.52 0 3.97869e-05 8.71473e-05 0.000127487 0.000158257 0.000178992
2.525 0 3.97397e-05 8.77188e-05 0.000129511 0.000161947 0.000183875
2.53 0 3.96765e-05 8.82839e-05 0.000131563 0.000165679 0.000188785
2.535 0 3.96058e-05 8.8852e-05 0.000133643 0.000169447 0.000193714
2.54 0 3.95361e-05 8.94328e-05 0.000135751 0.000173241 0.000198654
2.545 0 3.9476e-05 9.00359e-05 0.000137888 0.000177055 0.000203598
2.55 0 3.94339e-05 9.06708e-05 0.000140052 0.000180881 0.000208539
2.555 0 3.94183e-05 9.13466e-05 0.000142245 0.000184711 0.000213469
2.56 0 3.94372e-05 9.2072e-05 0.000144466 0.000188537 0.000218382
2.565 0 3.94983e-05 9.2855e-05 0.000146714 0.000192354 0.000223269
2.57 0 3.96085e-05 9.37031e-05 0.000148989 0.000196154 0.000228125
2.575 0 3.97743e-05 9.4623e-05 0.000151292 0.000199933 0.000232941
2.58 0 4.00011e-05 9.56206e-05 0.000153622 0.000203683 0.00023771
2.585 0 4.02937e-05 9.67007e-05 0.00015598 0.000207402 0.000242425
2.59 0 4.06559e-05 9.78674e-05 0.000158366 0.000211085 0.000247079
2.595 0 4.10903e-05 9.91238e-05 0.00016078 0.000214728 0.000251664
2.6 0 4.15988e-05 0.000100472 0.000163222 0.000218329 0.000256172
2.605 0 4.2182e-05 0.000101913 0.000165695 0.000221886 0.000260597
2.61 0 4.28395e-05 0.000103447 0.000168199 0.000225397 0.000264931
2.615 0 4.35701e-05 0.000105074 0.000170734 0.000228861 0.000269168
2.62 0 4.43713e-05 0.000106791 0.000173301 0.000232277 0.000273301
2.625 0 4.52399e-05 0.000108597 0.000175902 0.000235645 0.000277324
2.63 0 4.61721e-05 0.000110488 0.000178536 0.000238964 0.000281232
2.635 0 4.71631e-05 0.00011246 0.000181205 0.000242236 0.00028502
2.64 0 4.82078e-05 0.000114509 0.000183909 0.000245459 0.000288684
2.645 0 4.93005e-05 0.000116629 0.000186646 0.000248635 0.000292221
2.65 0 5.04352e-05 0.000118815 0.000189417 0.000251764 0.000295627
2.655 0 5.16057e-05 0.00012106 0.000192221 0.000254846 0.000298901
2.66 0 5.2806e-05 0.000123357 0.000195054 0.000257883 0.000302043
2.665 0 5.40297e-05 0.000125701 0.000197916 0.000260875 0.000305052
2.67 0 5.52709e-05 0.000128082 0.000200803 0.000263821 0.00030793
2.675 0 5.65237e-05 0.000130495 0.00020371 0.000266722 0.000310678
2.68 0 5.77827e-05 0.000132931 0.000206634 0.000269578 0.0003133
2.685 0 5.90426e-05 0.000135383 0.00020957 0.000272389 0.000315799
2.69 0 6.02989e-05 0.000137842 0.000212511 0.000275155 0.00031818
2.695 0 6.15471e-05 0.000140302 0.000215451 0.000277874 0.000320449
2.7 0 6.27832e-05 0.000142754 0.000218384 0.000280546 0.000322611
2.705 0 6.40039e-05 0.00014519 0.000221301 0.00028317 0.000324674
2.71 0 6.52058e-05 0.000147604 0.000224195 0.000285744 0.000326645
2.715 0 6.63863e-05 0.000149987 0.000227059 0.000288268 0.000328532
2.72 0 6.75428e-05 0.000152334 0.000229882 0.000290739 0.000330343
2.725 0 6.8673e-05 0.000154636 0.000232658 0.000293155 0.000332086
2.73 0 6.97748e-05 0.000156888 0.000235378 0.000295515 0.00033377
2.735 0 7.08464e-05 0.000159082 0.000238033 0.000297817 0.000335404
2.74 0 7.18859e-05 0.000161213 0.000240616 0.000300059 0.000336996
2.745 0 7.28914e-05 0.000163274 0.000243118 0.000302238 0.000338553
2.75 0 7.38613e-05 0.000165261 0.000245532 0.000304354 0.000340083
2.755 0 7.47936e-05 0.000167166 0.000247851 0.000306404 0.000341593
2.76 0 7.56865e-05 0.000168987 0.000250069 0.000308386 0.00034309
2.765 0 7.6538e-05 0.000170716 0.00025218 0.0003103 0.00034458
2.77 0 7.73461e-05 0.000172351 0.000254179 0.000312144 0.000346066
2.775 0 7.81087e-05 0.000173886 0.000256062 0.000313918 0.000347554
2.78 0 7.88235e-05 0.000175318 0.000257825 0.000315619 0.000349047
2.785 0 7.94883e-05 0.000176644 0.000259465 0.000317249 0.000350546
2.79 0 8.01009e-05 0.000177859 0.00026098 0.000318806 0.000352053
2.795 0 8.06588e-05 0.000178961 0.000262369 0.000320291 0.000353568
2.8 0 8.116e-05 0.000179947 0.00026363 0.000321704 0.00035509
2.805 0 8.16022e-05 0.000180816 0.000264765 0.000323045 0.000356619
2.81 0 8.19833e-05 0.000181566 0.000265774 0.000324315 0.000358151
2.815 0 8.23016e-05 0.000182196 0.000266657 0.000325515 0.000359683
2.82 0 8.25554e-05 0.000182705 0.000267418 0.000326645 0.000361212
2.825 0 8.27434e-05 0.000183093 0.000268059 0.000327706 0.000362733
2.83 0 8.28645e-05 0.000183361 0.000268581 0.000328699 0.00036424
2.835 0 8.29182e-05 0.00018351 0.00026899 0.000329623 0.000365729
2.84 0 8.29042e-05 0.000183542 0.000269287 0.000330481 0.000367192
2.845 0 8.28227e-05 0.000183459 0.000269477 0.000331271 0.000368624
2.85 0 8.26746e-05 0.000183264 0.000269565 0.000331995 0.000370018
2.855 0 8.24611e-05 0.00018296 0.000269554 0.000332651 0.000371368
2.86 0 8.2184e-05 0.000182553 0.000269447 0.00033324 0.000372666
2.865 0 8.18456e-05 0.000182046 0.000269251 0.000333761 0.000373906
2.87 0 8.14488e-05 0.000181445 0.000268968 0.000334213 0.00037508
2.875 0 8.09969e-05 0.000180756 0.000268604 0.000334595 0.000376183
2.88 0 8.0494e-05 0.000179985 0.000268161 0.000334905 0.000377208
2.885 0 7.99443e-05 0.000179138 0.000267645 0.000335142 0.000378148
2.89 0 7.93525e-05 0.000178223 0.000267058 0.000335304 0.000378998
2.895 0 7.87239e-05 0.000177246 0.000266404 0.00033539 0.000379752
2.9 0 7.80638e-05 0.000176215 0.000265688 0.000335396 0.000380404
2.905 0 7.73781e-05 0.000175139 0.000264912 0.000335322 0.000380949
2.91 0 7.66724e-05 0.000174023 0.000264079 0.000335164 0.000381383
2.915 0 7.59528e-05 0.000172876 0.000263192 0.00033492 0.000381699
2.92 0 7.52252e-05 0.000171706 0.000262255 0.000334589 0.000381896
2.925 0 7.44954e-05 0.000170519 0.000261271 0.000334168 0.000381967
2.93 0 7.3769e-05 0.000169324 0.000260241 0.000333656 0.00038191
2.935 0 7.30516e-05 0.000168125 0.000259168 0.000333051 0.000381722
2.94 0 7.23481e-05 0.000166931 0.000258056 0.000332351 0.000381398
2.945 0 7.16635e-05 0.000165747 0.000256906 0.000331555 0.000380937
2.95 0 7.10019e-05 0.000164578 0.000255721 0.000330661 0.000380336
2.955 0 7.03671e-05 0.00016343 0.000254503 0.000329671 0.000379592
2.96 0 6.97624e-05 0.000162306 0.000253256 0.000328582 0.000378704
2.965 0 6.91904e-05 0.000161212 0.000251981 0.000327396 0.00037767
2.97 0 6.86533e-05 0.00016015 0.00025068 0.000326112 0.000376489
2.975 0 6.81525e-05 0.000159122 0.000249357 0.000324732 0.000375159
2.98 0 6.76889e-05 0.000158131 0.000248012 0.000323256 0.000373681
2.985 0 6.72627e-05 0.000157179 0.000246649 0.000321685 0.000372054
2.99 0 6.68737e-05 0.000156265 0.000245269 0.000320023 0.000370279
2.995 0 6.65212e-05 0.000155389 0.000243874 0.000318269 0.000368355
3 0 6.62037e-05 0.000154553 0.000242466 0.000316428 0.000366285
3.005 0 6.59195e-05 0.000153753 0.000241047 0.000314502 0.000364069
3.01 0 6.56664e-05 0.00015299 0.000239618 0.000312493 0.00036171
3.015 0 6.54419e-05 0.000152259 0.000238179 0.000310404 0.00035921
3.02 0 6.52433e-05 0.00015156 0.000236733 0.000308239 0.000356572
3.025 0 6.50674e-05 0.000150889 0.000235279 0.000306001 0.000353801
3.03 0 6.4911e-05 0.000150243 0.000233818 0.000303693 0.000350899
3.035 0 6.47707e-05 0.000149618 0.000232349 0.000301319 0.000347873
3.04 0 6.46431e-05 0.00014901 0.000230873 0.000298882 0.000344727
3.045 0 6.45248e-05 0.000148415 0.000229389 0.000296386 0.000341468
3.05 0 6.44124e-05 0.000147828 0.000227894 0.000293834 0.000338101
3.055 0 6.43024e-05 0.000147246 0.000226389 0.00029123 0.000334633
3.06 0 6.41916e-05 0.000146663 0.000224872 0.000288577 0.000331073
3.065 0 6.40768e-05 0.000146076 0.00022334 0.000285877 0.000327428
3.07 0 6.3955e-05 0.000145478 0.000221791 0.000283136 0.000323706
3.075 0 6.38234e-05 0.000144867 0.000220224 0.000280354 0.000319916
3.08 0 6.36793e-05 0.000144238 0.000218634 0.000277535 0.000316066
3.085 0 6.35203e-05 0.000143585 0.00021702 0.000274683 0.000312166
3.09 0 6.33441e-05 0.000142906 0.000215379 0.000271799 0.000308225
3.095 0 6.31485e-05 0.000142195 0.000213707 0.000268886 0.000304253
3.1 0 6.29318e-05 0.00014145 0.000212003 0.000265947 0.000300258
3.105 0 6.26921e-05 0.000140665 0.000210262 0.000262985 0.000296249
3.11 0 6.24278e-05 0.000139839 0.000208483 0.000260001 0.000292237
3.115 0 6.21376e-05 0.000138968 0.000206663 0.000256997 0.000288229
3.12 0 6.18201e-05 0.000138048 0.000204798 0.000253977 0.000284235
3.125 0 6.14743e-05 0.000137078 0.000202888 0.000250943 0.000280262
3.13 0 6.10991e-05 0.000136055 0.000200931 0.000247896 0.000276318
3.135 0 6.06935e-05 0.000134976 0.000198924 0.00024484 0.000272411
3.14 0 6.02569e-05 0.000133841 0.000196868 0.000241776 0.000268547
3.145 0 5.97884e-05 0.000132647 0.00019476 0.000238706 0.000264733
3.15 0 5.92874e-05 0.000131393 0.000192601 0.000235635 0.000260973
3.155 0 5.87534e-05 0.000130079 0.000190391 0.000232563 0.000257273
3.16 0 5.8186e-05 0.000128704 0.000188131 0.000229493 0.000253637
3.165 0 5.75849e-05 0.000127269 0.000185821 0.000226428 0.000250068
3.17 0 5.69498e-05 0.000125772 0.000183463 0.00022337 0.00024657
3.175 0 5.62807e-05 0.000124216 0.00018106 0.000220323 0.000243145
3.18 0 5.55776e-05 0.000122601 0.000178612 0.000217287 0.000239794
3.185 0 5.48408e-05 0.000120928 0.000176124 0.000214267 0.000236518
3.19 0 5.40706e-05 0.0001192 0.000173598 0.000211263 0.000233318
3.195 0 5.32676e-05 0.000117418 0.000171038 0.00020828 0.000230194
3.2 0 5.24327e-05 0.000115585 0.000168447 0.000205318 0.000227144
3.205 0 5.15667e-05 0.000113704 0.00016583 0.000202381 0.000224168
3.21 0 5.0671e-05 0.000111779 0.000163191 0.000199471 0.000221264
3.215 0 4.97471e-05 0.000109813 0.000160534 0.000196589 0.00021843
3.22 0 4.87967e-05 0.00010781 0.000157864 0.000193737 0.000215663
3.225 0 4.78219e-05 0.000105774 0.000155186 0.000190918 0.000212962
3.23 0 4.6825e-05 0.000103711 0.000152505 0.000188132 0.000210323
3.235 0 4.58085e-05 0.000101626 0.000149826 0.000185382 0.000207744
3.24 0 4.47754e-05 9.95231e-05 0.000147153 0.000182668 0.00020522
3.245 0 4.37287e-05 9.74087e-05 0.000144492 0.000179992 0.00020275
3.25 0 4.26717e-05 9.52883e-05 0.000141847 0.000177355 0.000200329
3.255 0 4.1608e-05 9.3168e-05 0.000139223 0.000174757 0.000197955
3.26 0 4.05414e-05 9.10538e-05 0.000136625 0.000172199 0.000195624
3.265 0 3.94756e-05 8.89519e-05 0.000134058 0.000169681 0.000193333
3.27 0 3.84148e-05 8.68686e-05 0.000131525 0.000167204 0.000191079
3.275 0 3.73631e-05 8.481e-05 0.000129032 0.000164769 0.00018886
3.28 0 3.63245e-05 8.27825e-05 0.000126581 0.000162375 0.000186671
3.285 0 3.53032e-05 8.0792e-05 0.000124178 0.000160023 0.000184511
3.29 0 3.43034e-05 7.88445e-05 0.000121825 0.000157712 0.000182378
3.295 0 3.33291e-05 7.69459e-05 0.000119527 0.000155444 0.000180268
3.3 0 3.23842e-05 7.51017e-05 0.000117286 0.000153217 0.000178181
3.305 0 3.14723e-05 7.33172e-05 0.000115107 0.000151032 0.000176114
3.31 0 3.05971e-05 7.15974e-05 0.000112991 0.000148889 0.000174065
3.315 0 2.97618e-05 6.99469e-05 0.000110942 0.000146788 0.000172034
3.32 0 2.89693e-05 6.837e-05 0.000108962 0.000144729 0.000170019
3.325 0 2.82224e-05 6.68706e-05 0.000107054 0.000142714 0.000168019
3.33 0 2.75234e-05 6.54521e-05 0.000105221 0.000140742 0.000166033
3.335 0 2.68742e-05 6.41174e-05 0.000103463 0.000138813 0.000164062
3.34 0 2.62765e-05 6.2869e-05 0.000101783 0.00013693 0.000162105
3.345 0 2.57314e-05 6.1709e-05 0.000100183 0.000135091 0.000160163
3.35 0 2.52399e-05 6.06388e-05 9.86642e-05 0.0001333 0.000158235
3.355 0 2.48023e-05 5.96593e-05 9.72277e-05 0.000131555 0.000156323
3.36 0 2.44186e-05 5.87712e-05 9.58746e-05 0.00012986 0.000154428
3.365 0 2.40886e-05 5.79744e-05 9.46059e-05 0.000128214 0.00015255
3.37 0 2.38116e-05 5.72684e-05 9.34223e-05 0.00012662 0.000150691
3.375 0 2.35864e-05 5.66524e-05 9.23239e-05 0.000125079 0.000148853
3.38 0 2.34119e-05 5.61248e-05 9.13112e-05 0.000123592 0.000147039
3.385 0 2.32862e-05 5.5684e-05 9.03839e-05 0.000122162 0.000145251
3.39 0 2.32076e-05 5.53277e-05 8.95418e-05 0.00012079 0.000143491
3.395 0 2.31738e-05 5.50533e-05 8.87844e-05 0.000119478 0.000141762
3.4 0 2.31826e-05 5.4858e-05 8.81108e-05 0.000118228 0.000140068
3.405 0 2.32314e-05 5.47385e-05 8.752e-05 0.000117041 0.000138412
3.41 0 2.33176e-05 5.46914e-05 8.70107e-05 0.000115919 0.000136798
3.415 0 2.34384e-05 5.47129e-05 8.65814e-05 0.000114865 0.000135231
3.42 0 2.3591e-05 5.47992e-05 8.62302e-05 0.000113879 0.000133714
3.425 0 2.37726e-05 5.49462e-05 8.59553e-05 0.000112963 0.000132252
3.43 0 2.39802e-05 5.51498e-05 8.57544e-05 0.000112119 0.000130849
3.435 0 2.4211e-05 5.54055e-05 8.56251e-05 0.000111348 0.000129511
3.44 0 2.44622e-05 5.57093e-05 8.55648e-05 0.000110652 0.000128242
3.445 0 2.4731e-05 5.60566e-05 8.55709e-05 0.000110031 0.000127048
3.45 0 2.50147e-05 5.64431e-05 8.56404e-05 0.000109488 0.000125933
3.455 0 2.53107e-05 5.68645e-05 8.57704e-05 0.000109022 0.000124902
3.46 0 2.56165e-05 5.73167e-05 8.59578e-05 0.000108634 0.000123961
3.465 0 2.59298e-05 5.77955e-05 8.61996e-05 0.000108326 0.000123115
3.47 0 2.62482e-05 5.82968e-05 8.64925e-05 0.000108098 0.000122368
3.475 0 2.65697e-05 5.88168e-05 8.68336e-05 0.000107951 0.000121725
3.48 0 2.68923e-05 5.93519e-05 8.72197e-05 0.000107884 0.000121191
3.485 0 2.72141e-05 5.98985e-05 8.76478e-05 0.000107898 0.00012077
3.49 0 2.75334e-05 6.04532e-05 8.81151e-05 0.000107994 0.000120465
3.495 0 2.78486e-05 6.1013e-05 8.86187e-05 0.000108171 0.00012028
3.5 0 2.81584e-05 6.1575e-05 8.9156e-05 0.000108428 0.000120218
3.505 0 2.84615e-05 6.21367e-05 8.97246e-05 0.000108767 0.000120283
3.51 0 2.87566e-05 6.26957e-05 9.03222e-05 0.000109187 0.000120477
3.515 0 2.90427e-05 6.32498e-05 9.09468e-05 0.000109687 0.000120801
3.52 0 2.9319e-05 6.37972e-05 9.15966e-05 0.000110267 0.000121256
3.525 0 2.95847e-05 6.43364e-05 9.22701e-05 0.000110927 0.000121845
3.53 0 2.98392e-05 6.48662e-05 9.2966e-05 0.000111666 0.000122567
3.535 0 3.0082e-05 6.53857e-05 9.36832e-05 0.000112484 0.000123422
3.54 0 3.03128e-05 6.5894e-05 9.4421e-05 0.000113379 0.000124409
3.545 0 3.05313e-05 6.6391e-05 9.51789e-05 0.000114351 0.000125528
3.55 0 3.07375e-05 6.68764e-05 9.59567e-05 0.0001154 0.000126777
3.555 0 3.09315e-05 6.73505e-05 9.67543e-05 0.000116523 0.000128154
3.56 0 3.11134e-05 6.78137e-05 9.7572e-05 0.000117721 0.000129655
3.565 0 3.12835e-05 6.82669e-05 9.84103e-05 0.000118992 0.000131279
3.57 0 3.14426e-05 6.8711e-05 9.92698e-05 0.000120335 0.000133021
3.575 0 3.15911e-05 6.91475e-05 0.000100151 0.000121749 0.000134878
3.58 0 3.173e-05 6.95779e-05 0.000101056 0.000123232 0.000136845
3.585 0 3.18602e-05 7.0004e-05 0.000101985 0.000124783 0.000138919
3.59 0 3.19829e-05 7.04278e-05 0.00010294 0.0001264 0.000141093
3.595 0 3.20993e-05 7.08516e-05 0.000103921 0.000128083 0.000143363
3.6 0 3.22108e-05 7.12778e-05 0.000104931 0.000129828 0.000145723
3.605 0 3.23191e-05 7.17091e-05 0.000105971 0.000131634 0.000148169
3.61 0 3.24259e-05 7.21482e-05 0.000107042 0.000133499 0.000150694
3.615 0 3.25329e-05 7.2598e-05 0.000108147 0.000135422 0.000153292
3.62 0 3.2642e-05 7.30616e-05 0.000109286 0.000137399 0.000155957
3.625 0 3.27554e-05 7.35419e-05 0.00011046 0.000139429 0.000158685
3.63 0 3.28751e-05 7.40422e-05 0.000111673 0.000141509 0.000161468
3.635 0 3.30033e-05 7.45656e-05 0.000112924 0.000143638 0.0001643
3.64 0 3.31422e-05 7.51153e-05 0.000114215 0.000145811 0.000167177
3.645 0 3.3294e-05 7.56943e-05 0.000115547 0.000148028 0.000170092
3.65 0 3.34609e-05 7.63056e-05 0.000116921 0.000150284 0.000173039
3.655 0 3.36451e-05 7.69523e-05 0.000118338 0.000152579 0.000176014
3.66 0 3.38487e-05 7.76371e-