0.005 0.0001193 0.000127849 0.000127475 0.000127849 0.0001193
0.01 0.000604931 0.00065224 0.000649921 0.00065224 0.000604931
0.015 0.00154519 0.00167579 0.00166883 0.00167579 0.00154519
0.02 0.00284298 0.00309966 0.00308532 0.00309966 0.00284298
0.025 0.00440951 0.0048319 0.0048078 0.0048319 0.00440951
0.03 0.00617501 0.00680161 0.00676554 0.00680161 0.00617501
0.035 0.00806771 0.00893466 0.0088846 0.00893466 0.00806771
0.04 0.0100255 0.0111658 0.0111001 0.0111658 0.0100255
0.045 0.0119966 0.0134397 0.0133568 0.0134397 0.0119966
0.05 0.0139419 0.0157125 0.0156114 0.0157125 0.0139419
0.055 0.0158341 0.0179525 0.0178323 0.0179525 0.0158341
0.06 0.017657 0.0201387 0.0199989 0.0201387 0.017657
0.065 0.0194035 0.0222592 0.0220997 0.0222592 0.0194035
0.07 0.0210733 0.0243096 0.0241303 0.0243096 0.0210733
0.075 0.0226707 0.0262901 0.0260914 0.0262901 0.0226707
0.08 0.0242023 0.0282043 0.0279864 0.0282043 0.0242023
0.085 0.0256754 0.0300568 0.0298204 0.0300568 0.0256754
0.09 0.0270969 0.0318525 0.0315981 0.0318525 0.0270969
0.095 0.0284724 0.0335957 0.0333237 0.0335957 0.0284724
0.1 0.029806 0.0352893 0.0350005 0.0352893 0.029806
0.105 0.0311003 0.0369353 0.0366301 0.0369353 0.0311003
0.11 0.0323566 0.0385342 0.0382133 0.0385342 0.0323566
0.115 0.0335748 0.0400856 0.0397494 0.0400856 0.0335748
0.12 0.0347541 0.0415881 0.0412372 0.0415881 0.0347541
0.125 0.035893 0.0430396 0.0426745 0.0430396 0.035893
0.13 0.0369893 0.0444372 0.0440586 0.0444372 0.0369893
0.135 0.0380402 0.0457776 0.0453859 0.0457776 0.0380402
0.14 0.0390423 0.0470568 0.0466526 0.0470568 0.0390423
0.145 0.0399919 0.0482702 0.0478543 0.0482702 0.0399919
0.15 0.0408849 0.0494132 0.0489862 0.0494132 0.0408849
0.155 0.041717 0.0504812 0.0500438 0.0504812 0.041717
0.16 0.0424844 0.0514697 0.0510227 0.0514697 0.0424844
0.165 0.0431835 0.0523749 0.0519191 0.0523749 0.0431835
0.17 0.0438118 0.0531941 0.0527302 0.0531941 0.0438118
0.175 0.0443678 0.0539257 0.0534544 0.0539257 0.0443678
0.18 0.0448517 0.0545694 0.0540916 0.0545694 0.0448517
0.185 0.0452649 0.0551266 0.054643 0.0551266 0.0452649
0.19 0.0456101 0.0555996 0.0551109 0.0555996 0.0456101
0.195 0.0458911 0.0559917 0.0554986 0.0559917 0.0458911
0.2 0.0461121 0.0563065 0.0558097 0.0563065 0.0461121
0.205 0.0462772 0.0565471 0.0560475 0.0565471 0.0462772
0.21 0.0463895 0.0567158 0.0562141 0.0567158 0.0463895
0.215 0.0464505 0.0568132 0.0563102 0.0568132 0.0464505
0.22 0.0464599 0.0568375 0.0563341 0.0568375 0.0464599
0.225 0.0464145 0.0567845 0.0562816 0.0567845 0.0464145
0.23 0.0463084 0.0566472 0.0561458 0.0566472 0.0463084
0.235 0.046133 0.0564158 0.0559169 0.0564158 0.046133
0.24 0.0458773 0.0560781 0.055583 0.0560781 0.0458773
0.245 0.0455284 0.0556205 0.0551303 0.0556205 0.0455284
0.25 0.0450722 0.055028 0.0545441 0.055028 0.0450722
0.255 0.0444945 0.0542858 0.0538095 0.0542858 0.0444945
0.26 0.0437816 0.05338 0.0529127 0.05338 0.0437816
0.265 0.0429217 0.0522983 0.0518415 0.0522983 0.0429217
0.27 0.0419052 0.0510315 0.0505866 0.0510315 0.0419052
0.275 0.040726 0.0495736 0.0491421 0.0495736 0.040726
0.28 0.0393815 0.0479223 0.0475057 0.0479223 0.0393815
0.285 0.037873 0.0460799 0.0456795 0.0460799 0.037873
0.29 0.0362059 0.0440524 0.0436697 0.0440524 0.0362059
0.295 0.0343895 0.0418502 0.0414863 0.0418502 0.0343895
0.3 0.0324359 0.0394867 0.0391431 0.0394867 0.0324359
0.305 0.0303606 0.0369787 0.0366563 0.0369787 0.0303606
0.31 0.0281807 0.0343447 0.0340446 0.0343447 0.0281807
0.315 0.0259147 0.0316049 0.0313279 0.0316049 0.0259147
0.32 0.0235816 0.0287797 0.0285267 0.0287797 0.0235816
0.325 0.0212 0.0258895 0.025661 0.0258895 0.0212
0.33 0.0187875 0.0229535 0.0227501 0.0229535 0.0187875
0.335 0.0163603 0.0199893 0.0198114 0.0199893 0.0163603
0.34 0.0139324 0.0170124 0.0168601 0.0170124 0.0139324
0.345 0.0115154 0.0140356 0.0139092 0.0140356 0.0115154
0.35 0.00911822 0.011069 0.0109686 0.011069 0.00911822
0.355 0.00674724 0.00811976 0.00804535 0.00811976 0.00674724
0.36 0.00440605 0.00519222 0.00514378 0.00519222 0.00440605
0.365 0.00209572 0.00228782 0.0022653 0.00228782 0.00209572
0.37 -0.000185053 -0.00059458 -0.000591239 -0.00059458 -0.000185053
0.375 -0.00243969 -0.00345847 -0.00342934 -0.00345847 -0.00243969
0.38 -0.00467341 -0.00630941 -0.00625453 -0.00630941 -0.00467341
0.385 -0.00689298 -0.00915471 -0.00907408 -0.00915471 -0.00689298
0.39 -0.00910636 -0.0120031 -0.0118967 -0.0120031 -0.00910636
0.395 -0.0113224 -0.0148645 -0.0147322 -0.0148645 -0.0113224
0.4 -0.0135508 -0.0177497 -0.0175912 -0.0177497 -0.0135508
0.405 -0.0158014 -0.0206698 -0.0204849 -0.0206698 -0.0158014
0.41 -0.0180844 -0.0236365 -0.0234249 -0.0236365 -0.0180844
0.415 -0.0204101 -0.0266616 -0.0264228 -0.0266616 -0.0204101
0.42 -0.0227888 -0.0297569 -0.0294904 -0.0297569 -0.0227888
0.425 -0.0252305 -0.0329342 -0.0326392 -0.0329342 -0.0252305
0.43 -0.027745 -0.0362049 -0.0358807 -0.0362049 -0.027745
0.435 -0.0303419 -0.0395803 -0.039226 -0.0395803 -0.0303419
0.44 -0.0330304 -0.0430711 -0.0426858 -0.0430711 -0.0330304
0.445 -0.0358195 -0.0466879 -0.0462706 -0.0466879 -0.0358195
0.45 -0.0387175 -0.0504406 -0.04999 -0.0504406 -0.0387175
0.455 -0.0417325 -0.0543386 -0.0538535 -0.0543386 -0.0417325
0.46 -0.044872 -0.0583907 -0.0578698 -0.0583907 -0.044872
0.465 -0.0481429 -0.0626048 -0.0620466 -0.0626048 -0.0481429
0.47 -0.0515512 -0.066988 -0.0663912 -0.066988 -0.0515512
0.475 -0.0551022 -0.0715465 -0.0709096 -0.0715465 -0.0551022
0.48 -0.0588005 -0.0762855 -0.0756069 -0.0762855 -0.0588005
0.485 -0.0626493 -0.0812087 -0.0804868 -0.0812087 -0.0626493
0.49 -0.0666508 -0.0863187 -0.0855519 -0.0863187 -0.0666508
0.495 -0.0708063 -0.091617 -0.0908037 -0.091617 -0.0708063
0.5 -0.0751154 -0.0971033 -0.0962418 -0.0971033 -0.0751154
0.505 -0.079577 -0.102776 -0.101865 -0.102776 -0.079577
0.51 -0.0841886 -0.108633 -0.107671 -0.108633 -0.0841886
0.515 -0.0889467 -0.114671 -0.113655 -0.114671 -0.0889467
0.52 -0.0938468 -0.120883 -0.119813 -0.120883 -0.0938468
0.525 -0.0988837 -0.127266 -0.126139 -0.127266 -0.0988837
0.53 -0.104052 -0.133812 -0.132628 -0.133812 -0.104052
0.535 -0.109345 -0.140514 -0.139271 -0.140514 -0.109345
0.54 -0.114757 -0.147366 -0.146063 -0.147366 -0.114757
0.545 -0.120282 -0.154362 -0.152997 -0.154362 -0.120282
0.55 -0.125914 -0.161495 -0.160066 -0.161495 -0.125914
0.555 -0.131648 -0.168758 -0.167265 -0.168758 -0.131648
0.56 -0.13748 -0.176147 -0.174589 -0.176147 -0.13748
0.565 -0.143405 -0.183657 -0.182032 -0.183657 -0.143405
0.57 -0.14942 -0.191285 -0.189592 -0.191285 -0.14942
0.575 -0.155524 -0.199027 -0.197265 -0.199027 -0.155524
0.58 -0.161715 -0.206882 -0.205049 -0.206882 -0.161715
0.585 -0.167992 -0.214848 -0.212944 -0.214848 -0.167992
0.59 -0.174355 -0.222925 -0.220948 -0.222925 -0.174355
0.595 -0.180804 -0.231111 -0.229061 -0.231111 -0.180804
0.6 -0.18734 -0.239407 -0.237282 -0.239407 -0.18734
0.605 -0.193963 -0.247812 -0.245612 -0.247812 -0.193963
0.61 -0.200673 -0.256327 -0.25405 -0.256327 -0.200673
0.615 -0.20747 -0.264949 -0.262595 -0.264949 -0.20747
0.62 -0.214354 -0.273679 -0.271246 -0.273679 -0.214354
0.625 -0.221324 -0.282513 -0.28 -0.282513 -0.221324
0.63 -0.228377 -0.291448 -0.288855 -0.291448 -0.228377
0.635 -0.23551 -0.300481 -0.297807 -0.300481 -0.23551
0.64 -0.242721 -0.309606 -0.30685 -0.309606 -0.242721
0.645 -0.250003 -0.318818 -0.315979 -0.318818 -0.250003
0.65 -0.257351 -0.328109 -0.325187 -0.328109 -0.257351
0.655 -0.264759 -0.337472 -0.334466 -0.337472 -0.264759
0.66 -0.272219 -0.346897 -0.343807 -0.346897 -0.272219
0.665 -0.279723 -0.356375 -0.3532 -0.356375 -0.279723
0.67 -0.287263 -0.365895 -0.362635 -0.365895 -0.287263
0.675 -0.294829 -0.375447 -0.372102 -0.375447 -0.294829
0.68 -0.302411 -0.38502 -0.381588 -0.38502 -0.302411
0.685 -0.31 -0.394601 -0.391084 -0.394601 -0.31
0.69 -0.317587 -0.40418 -0.400577 -0.40418 -0.317587
0.695 -0.325161 -0.413745 -0.410056 -0.413745 -0.325161
0.7 -0.332714 -0.423285 -0.419511 -0.423285 -0.332714
0.705 -0.340236 -0.432789 -0.42893 -0.432789 -0.340236
0.71 -0.347718 -0.442248 -0.438304 -0.442248 -0.347718
0.715 -0.355153 -0.451651 -0.447624 -0.451651 -0.355153
0.72 -0.362533 -0.460991 -0.45688 -0.460991 -0.362533
0.725 -0.369851 -0.470258 -0.466064 -0.470258 -0.369851
0.73 -0.377102 -0.479447 -0.47517 -0.479447 -0.377102
0.735 -0.384281 -0.48855 -0.484192 -0.48855 -0.384281
0.74 -0.391383 -0.497564 -0.493125 -0.497564 -0.391383
0.745 -0.398405 -0.506483 -0.501964 -0.506483 -0.398405
0.75 -0.405346 -0.515306 -0.510708 -0.515306 -0.405346
0.755 -0.412203 -0.52403 -0.519353 -0.52403 -0.412203
0.76 -0.418975 -0.532655 -0.5279 -0.532655 -0.418975
0.765 -0.425665 -0.54118 -0.536349 -0.54118 -0.425665
0.77 -0.432272 -0.549607 -0.544701 -0.549607 -0.432272
0.775 -0.438799 -0.557939 -0.552957 -0.557939 -0.438799
0.78 -0.445249 -0.566177 -0.561122 -0.566177 -0.445249
0.785 -0.451626 -0.574327 -0.569199 -0.574327 -0.451626
0.79 -0.457933 -0.582393 -0.577191 -0.582393 -0.457933
0.795 -0.464174 -0.590379 -0.585106 -0.590379 -0.464174
0.8 -0.470356 -0.598291 -0.592946 -0.598291 -0.470356
0.805 -0.476483 -0.606134 -0.600719 -0.606134 -0.476483
0.81 -0.48256 -0.613915 -0.608431 -0.613915 -0.48256
0.815 -0.488592 -0.62164 -0.616086 -0.62164 -0.488592
0.82 -0.494586 -0.629313 -0.62369 -0.629313 -0.494586
0.825 -0.500545 -0.636941 -0.631249 -0.636941 -0.500545
0.83 -0.506474 -0.644528 -0.638769 -0.644528 -0.506474
0.835 -0.512377 -0.65208 -0.646253 -0.65208 -0.512377
0.84 -0.518259 -0.659599 -0.653705 -0.659599 -0.518259
0.845 -0.524121 -0.66709 -0.661129 -0.66709 -0.524121
0.85 -0.529966 -0.674555 -0.668527 -0.674555 -0.529966
0.855 -0.535797 -0.681996 -0.675901 -0.681996 -0.535797
0.86 -0.541613 -0.689414 -0.683253 -0.689414 -0.541613
0.865 -0.547415 -0.69681 -0.690583 -0.69681 -0.547415
0.87 -0.553204 -0.704183 -0.69789 -0.704183 -0.553204
0.875 -0.558977 -0.711532 -0.705174 -0.711532 -0.558977
0.88 -0.564735 -0.718856 -0.712432 -0.718856 -0.564735
0.885 -0.570474 -0.726153 -0.719664 -0.726153 -0.570474
0.89 -0.576193 -0.733419 -0.726866 -0.733419 -0.576193
0.895 -0.581889 -0.740654 -0.734036 -0.740654 -0.581889
0.9 -0.587559 -0.747852 -0.74117 -0.747852 -0.587559
0.905 -0.593201 -0.755012 -0.748266 -0.755012 -0.593201
0.91 -0.598812 -0.762129 -0.755319 -0.762129 -0.598812
0.915 -0.604387 -0.7692 -0.762327 -0.7692 -0.604387
0.92 -0.609926 -0.776221 -0.769286 -0.776221 -0.609926
0.925 -0.615424 -0.78319 -0.776193 -0.78319 -0.615424
0.93 -0.620879 -0.790103 -0.783044 -0.790103 -0.620879
0.935 -0.626288 -0.796958 -0.789837 -0.796958 -0.626288
0.94 -0.63165 -0.80375 -0.796568 -0.80375 -0.63165
0.945 -0.636962 -0.810478 -0.803236 -0.810478 -0.636962
0.95 -0.642222 -0.817139 -0.809837 -0.817139 -0.642222
0.955 -0.647428 -0.823731 -0.81637 -0.823731 -0.647428
0.96 -0.652578 -0.830252 -0.822832 -0.830252 -0.652578
0.965 -0.657672 -0.836699 -0.829221 -0.836699 -0.657672
0.97 -0.662707 -0.843071 -0.835535 -0.843071 -0.662707
0.975 -0.667682 -0.849365 -0.841773 -0.849365 -0.667682
0.98 -0.672596 -0.85558 -0.847932 -0.85558 -0.672596
0.985 -0.677447 -0.861713 -0.85401 -0.861713 -0.677447
0.99 -0.682234 -0.867763 -0.860006 -0.867763 -0.682234
0.995 -0.686954 -0.873728 -0.865916 -0.873728 -0.686954
1 -0.691607 -0.879604 -0.87174 -0.879604 -0.691607
1.005 -0.696189 -0.88539 -0.877474 -0.88539 -0.696189
1.01 -0.7007 -0.891083 -0.883115 -0.891083 -0.7007
1.015 -0.705136 -0.89668 -0.888661 -0.89668 -0.705136
1.02 -0.709495 -0.902177 -0.894109 -0.902177 -0.709495
1.025 -0.713775 -0.907571 -0.899455 -0.907571 -0.713775
1.03 -0.717972 -0.91286 -0.904695 -0.91286 -0.717972
1.035 -0.722083 -0.918038 -0.909827 -0.918038 -0.722083
1.04 -0.726106 -0.923103 -0.914847 -0.923103 -0.726106
1.045 -0.730036 -0.928051 -0.91975 -0.928051 -0.730036
1.05 -0.733871 -0.932877 -0.924533 -0.932877 -0.733871
1.055 -0.737606 -0.937578 -0.929191 -0.937578 -0.737606
1.06 -0.74124 -0.942149 -0.933721 -0.942149 -0.74124
1.065 -0.744767 -0.946587 -0.93812 -0.946587 -0.744767
1.07 -0.748186 -0.950889 -0.942383 -0.950889 -0.748186
1.075 -0.751493 -0.955051 -0.946507 -0.955051 -0.751493
1.08 -0.754686 -0.959069 -0.950489 -0.959069 -0.754686
1.085 -0.757761 -0.962942 -0.954327 -0.962942 -0.757761
1.09 -0.760718 -0.966667 -0.958019 -0.966667 -0.760718
1.095 -0.763554 -0.970242 -0.961562 -0.970242 -0.763554
1.1 -0.766269 -0.973667 -0.964956 -0.973667 -0.766269
1.105 -0.768861 -0.97694 -0.9682 -0.97694 -0.768861
1.11 -0.771331 -0.980062 -0.971294 -0.980062 -0.771331
1.115 -0.77368 -0.983034 -0.97424 -0.983034 -0.77368
1.12 -0.775908 -0.985857 -0.977037 -0.985857 -0.775908
1.125 -0.778016 -0.988534 -0.97969 -0.988534 -0.778016
1.13 -0.780009 -0.991066 -0.9822 -0.991066 -0.780009
1.135 -0.781888 -0.993459 -0.984571 -0.993459 -0.781888
1.14 -0.783656 -0.995716 -0.986807 -0.995716 -0.783656
1.145 -0.785319 -0.997841 -0.988913 -0.997841 -0.785319
1.15 -0.78688 -0.999841 -0.990895 -0.999841 -0.78688
1.155 -0.788344 -1.00172 -0.992758 -1.00172 -0.788344
1.16 -0.789717 -1.00349 -0.994509 -1.00349 -0.789717
1.165 -0.791004 -1.00515 -0.996154 -1.00515 -0.791004
1.17 -0.792212 -1.00671 -0.997701 -1.00671 -0.792212
1.175 -0.793347 -1.00818 -0.999156 -1.00818 -0.793347
1.18 -0.794414 -1.00956 -1.00053 -1.00956 -0.794414
1.185 -0.79542 -1.01087 -1.00182 -1.01087 -0.79542
1.19 -0.796372 -1.0121 -1.00305 -1.0121 -0.796372
1.195 -0.797275 -1.01328 -1.00421 -1.01328 -0.797275
1.2 -0.798136 -1.0144 -1.00532 -1.0144 -0.798136
1.205 -0.798961 -1.01547 -1.00638 -1.01547 -0.798961
1.21 -0.799755 -1.0165 -1.0074 -1.0165 -0.799755
1.215 -0.800523 -1.01749 -1.00839 -1.01749 -0.800523
1.22 -0.801272 -1.01846 -1.00935 -1.01846 -0.801272
1.225 -0.802004 -1.01941 -1.01029 -1.01941 -0.802004
1.23 -0.802726 -1.02034 -1.01121 -1.02034 -0.802726
1.235 -0.803441 -1.02125 -1.01212 -1.02125 -0.803441
1.24 -0.804152 -1.02216 -1.01302 -1.02216 -0.804152
1.245 -0.804863 -1.02306 -1.01391 -1.02306 -0.804863
1.25 -0.805576 -1.02397 -1.01481 -1.02397 -0.805576
1.255 -0.806295 -1.02488 -1.01571 -1.02488 -0.806295
1.26 -0.807022 -1.02579 -1.01662 -1.02579 -0.807022
1.265 -0.807758 -1.02672 -1.01754 -1.02672 -0.807758
1.27 -0.808505 -1.02765 -1.01846 -1.02765 -0.808505
1.275 -0.809265 -1.0286 -1.01941 -1.0286 -0.809265
1.28 -0.810039 -1.02957 -1.02036 -1.02957 -0.810039
1.285 -0.810828 -1.03055 -1.02134 -1.03055 -0.810828
1.29 -0.811633 -1.03155 -1.02233 -1.03155 -0.811633
1.295 -0.812455 -1.03257 -1.02334 -1.03257 -0.812455
1.3 -0.813294 -1.03361 -1.02437 -1.03361 -0.813294
1.305 -0.814151 -1.03467 -1.02542 -1.03467 -0.814151
1.31 -0.815026 -1.03575 -1.02649 -1.03575 -0.815026
1.315 -0.81592 -1.03686 -1.02759 -1.03686 -0.81592
1.32 -0.816833 -1.03798 -1.02871 -1.03798 -0.816833
1.325 -0.817766 -1.03914 -1.02985 -1.03914 -0.817766
1.33 -0.818718 -1.04031 -1.03101 -1.04031 -0.818718
1.335 -0.819691 -1.04151 -1.0322 -1.04151 -0.819691
1.34 -0.820684 -1.04274 -1.03342 -1.04274 -0.820684
1.345 -0.821697 -1.04399 -1.03466 -1.04399 -0.821697
1.35 -0.822731 -1.04527 -1.03593 -1.04527 -0.822731
1.355 -0.823786 -1.04657 -1.03722 -1.04657 -0.823786
1.36 -0.824861 -1.0479 -1.03853 -1.0479 -0.824861
1.365 -0.825958 -1.04925 -1.03988 -1.04925 -0.825958
1.37 -0.827075 -1.05063 -1.04124 -1.05063 -0.827075
1.375 -0.828213 -1.05204 -1.04264 -1.05204 -0.828213
1.38 -0.829371 -1.05347 -1.04406 -1.05347 -0.829371
1.385 -0.83055 -1.05493 -1.0455 -1.05493 -0.83055
1.39 -0.831748 -1.05642 -1.04697 -1.05642 -0.831748
1.395 -0.832965 -1.05792 -1.04847 -1.05792 -0.832965
1.4 -0.834201 -1.05946 -1.04999 -1.05946 -0.834201
1.405 -0.835455 -1.06101 -1.05153 -1.06101 -0.835455
1.41 -0.836727 -1.06259 -1.05309 -1.06259 -0.836727
1.415 -0.838015 -1.06419 -1.05468 -1.06419 -0.838015
1.42 -0.839318 -1.06581 -1.05629 -1.06581 -0.839318
1.425 -0.840637 -1.06745 -1.05791 -1.06745 -0.840637
1.43 -0.84197 -1.06911 -1.05956 -1.06911 -0.84197
1.435 -0.843317 -1.07079 -1.06122 -1.07079 -0.843317
1.44 -0.844677 -1.07249 -1.06291 -1.07249 -0.844677
1.445 -0.846048 -1.07421 -1.06461 -1.07421 -0.846048
1.45 -0.847432 -1.07594 -1.06632 -1.07594 -0.847432
1.455 -0.848828 -1.07769 -1.06806 -1.07769 -0.848828
1.46 -0.850235 -1.07946 -1.06981 -1.07946 -0.850235
1.465 -0.851654 -1.08124 -1.07158 -1.08124 -0.851654
1.47 -0.853084 -1.08305 -1.07337 -1.08305 -0.853084
1.475 -0.854528 -1.08487 -1.07518 -1.08487 -0.854528
1.48 -0.855984 -1.08671 -1.077 -1.08671 -0.855984
1.485 -0.857455 -1.08858 -1.07885 -1.08858 -0.857455
1.49 -0.858942 -1.09047 -1.08072 -1.09047 -0.858942
1.495 -0.860447 -1.09238 -1.08262 -1.09238 -0.860447
1.5 -0.861971 -1.09432 -1.08454 -1.09432 -0.861971
1.505 -0.863517 -1.09629 -1.0865 -1.09629 -0.863517
1.51 -0.865087 -1.0983 -1.08849 -1.0983 -0.865087
1.515 -0.866684 -1.10034 -1.09051 -1.10034 -0.866684
1.52 -0.868311 -1.10243 -1.09258 -1.10243 -0.868311
1.525 -0.86997 -1.10455 -1.09469 -1.10455 -0.86997
1.53 -0.871666 -1.10673 -1.09684 -1.10673 -0.871666
1.535 -0.873402 -1.10896 -1.09905 -1.10896 -0.873402
1.54 -0.875181 -1.11124 -1.10132 -1.11124 -0.875181
1.545 -0.877007 -1.11359 -1.10364 -1.11359 -0.877007
1.55 -0.878883 -1.116 -1.10603 -1.116 -0.878883
1.555 -0.880814 -1.11848 -1.10849 -1.11848 -0.880814
1.56 -0.882802 -1.12103 -1.11102 -1.12103 -0.882802
1.565 -0.884851 -1.12366 -1.11363 -1.12366 -0.884851
1.57 -0.886965 -1.12638 -1.11632 -1.12638 -0.886965
1.575 -0.889147 -1.12917 -1.11909 -1.12917 -0.889147
1.58 -0.891399 -1.13206 -1.12195 -1.13206 -0.891399
1.585 -0.893726 -1.13504 -1.12491 -1.13504 -0.893726
1.59 -0.896128 -1.13812 -1.12796 -1.13812 -0.896128
1.595 -0.89861 -1.1413 -1.13111 -1.1413 -0.89861
1.6 -0.901171 -1.14457 -1.13435 -1.14457 -0.901171
1.605 -0.903816 -1.14795 -1.1377 -1.14795 -0.903816
1.61 -0.906544 -1.15144 -1.14116 -1.15144 -0.906544
1.615 -0.909358 -1.15503 -1.14471 -1.15503 -0.909358
1.62 -0.912257 -1.15872 -1.14838 -1.15872 -0.912257
1.625 -0.915243 -1.16253 -1.15215 -1.16253 -0.915243
1.63 -0.918317 -1.16645 -1.15603 -1.16645 -0.918317
1.635 -0.921477 -1.17047 -1.16002 -1.17047 -0.921477
1.64 -0.924723 -1.1746 -1.16411 -1.1746 -0.924723
1.645 -0.928056 -1.17884 -1.16832 -1.17884 -0.928056
1.65 -0.931474 -1.18318 -1.17262 -1.18318 -0.931474
1.655 -0.934976 -1.18764 -1.17703 -1.18764 -0.934976
1.66 -0.938561 -1.19219 -1.18155 -1.19219 -0.938561
1.665 -0.942227 -1.19685 -1.18616 -1.19685 -0.942227
1.67 -0.945973 -1.2016 -1.19088 -1.2016 -0.945973
1.675 -0.949797 -1.20646 -1.19569 -1.20646 -0.949797
1.68 -0.953697 -1.21141 -1.20059 -1.21141 -0.953697
1.685 -0.95767 -1.21645 -1.20559 -1.21645 -0.95767
1.69 -0.961714 -1.22158 -1.21067 -1.22158 -0.961714
1.695 -0.965828 -1.2268 -1.21585 -1.2268 -0.965828
1.7 -0.970008 -1.2321 -1.2211 -1.2321 -0.970008
1.705 -0.974251 -1.23748 -1.22644 -1.23748 -0.974251
1.71 -0.978556 -1.24294 -1.23185 -1.24294 -0.978556
1.715 -0.982919 -1.24848 -1.23733 -1.24848 -0.982919
1.72 -0.987338 -1.25408 -1.24288 -1.25408 -0.987338
1.725 -0.991809 -1.25975 -1.2485 -1.25975 -0.991809
1.73 -0.99633 -1.26548 -1.25419 -1.26548 -0.99633
1.735 -1.0009 -1.27128 -1.25993 -1.27128 -1.0009
1.74 -1.00551 -1.27713 -1.26572 -1.27713 -1.00551
1.745 -1.01016 -1.28303 -1.27157 -1.28303 -1.01016
1.75 -1.01485 -1.28898 -1.27747 -1.28898 -1.01485
1.755 -1.01957 -1.29497 -1.28341 -1.29497 -1.01957
1.76 -1.02433 -1.301 -1.28939 -1.301 -1.02433
1.765 -1.02911 -1.30707 -1.2954 -1.30707 -1.02911
1.77 -1.03391 -1.31317 -1.30145 -1.31317 -1.03391
1.775 -1.03874 -1.3193 -1.30752 -1.3193 -1.03874
1.78 -1.04359 -1.32546 -1.31362 -1.32546 -1.04359
1.785 -1.04845 -1.33163 -1.31974 -1.33163 -1.04845
1.79 -1.05333 -1.33782 -1.32588 -1.33782 -1.05333
1.795 -1.0581 -1.34392 -1.33191 -1.34392 -1.0581
1.8 -1.06257 -1.34967 -1.33761 -1.34967 -1.06257
1.805 -1.06663 -1.35499 -1.34288 -1.35499 -1.06663
1.81 -1.07038 -1.35995 -1.3478 -1.35995 -1.07038
1.815 -1.07389 -1.36464 -1.35244 -1.36464 -1.07389
1.82 -1.07721 -1.36911 -1.35685 -1.36911 -1.07721
1.825 -1.0804 -1.37341 -1.36111 -1.37341 -1.0804
1.83 -1.08351 -1.37759 -1.36526 -1.37759 -1.08351
1.835 -1.08658 -1.38172 -1.36934 -1.38172 -1.08658
1.84 -1.08964 -1.3858 -1.37339 -1.3858 -1.08964
1.845 -1.09272 -1.38988 -1.37742 -1.38988 -1.09272
1.85 -1.09582 -1.39395 -1.38147 -1.39395 -1.09582
1.855 -1.09895 -1.39804 -1.38552 -1.39804 -1.09895
1.86 -1.10211 -1.40214 -1.38958 -1.40214 -1.10211
1.865 -1.10528 -1.40625 -1.39365 -1.40625 -1.10528
1.87 -1.10846 -1.41035 -1.39772 -1.41035 -1.10846
1.875 -1.11165 -1.41446 -1.40179 -1.41446 -1.11165
1.88 -1.11484 -1.41856 -1.40585 -1.41856 -1.11484
1.885 -1.11801 -1.42264 -1.4099 -1.42264 -1.11801
1.89 -1.12118 -1.42671 -1.41393 -1.42671 -1.12118
1.895 -1.12433 -1.43076 -1.41795 -1.43076 -1.12433
1.9 -1.12747 -1.43479 -1.42194 -1.43479 -1.12747
1.905 -1.13059 -1.4388 -1.42592 -1.4388 -1.13059
1.91 -1.13371 -1.4428 -1.42988 -1.4428 -1.13371
1.915 -1.13681 -1.44678 -1.43383 -1.44678 -1.13681
1.92 -1.1399 -1.45075 -1.43776 -1.45075 -1.1399
1.925 -1.14299 -1.4547 -1.44168 -1.4547 -1.14299
1.93 -1.14607 -1.45865 -1.4456 -1.45865 -1.14607
1.935 -1.14915 -1.4626 -1.44951 -1.4626 -1.14915
1.94 -1.15223 -1.46654 -1.45341 -1.46654 -1.15223
1.945 -1.15532 -1.47048 -1.45732 -1.47048 -1.15532
1.95 -1.1584 -1.47442 -1.46123 -1.47442 -1.1584
1.955 -1.16149 -1.47836 -1.46513 -1.47836 -1.16149
1.96 -1.16459 -1.4823 -1.46904 -1.4823 -1.16459
1.965 -1.16769 -1.48624 -1.47294 -1.48624 -1.16769
1.97 -1.17079 -1.49018 -1.47684 -1.49018 -1.17079
1.975 -1.17388 -1.4941 -1.48073 -1.4941 -1.17388
1.98 -1.17697 -1.49802 -1.48461 -1.49802 -1.17697
1.985 -1.18004 -1.50191 -1.48847 -1.50191 -1.18004
1.99 -1.18309 -1.50577 -1.4923 -1.50577 -1.18309
1.995 -1.18611 -1.5096 -1.4961 -1.5096 -1.18611
2 -1.18911 -1.5134 -1.49986 -1.5134 -1.18911
2.005 -1.19206 -1.51715 -1.50358 -1.51715 -1.19206
2.01 -1.19498 -1.52086 -1.50725 -1.52086 -1.19498
2.015 -1.19786 -1.52453 -1.51089 -1.52453 -1.19786
2.02 -1.2007 -1.52816 -1.51448 -1.52816 -1.2007
2.025 -1.20352 -1.53175 -1.51805 -1.53175 -1.20352
2.03 -1.20631 -1.53533 -1.52159 -1.53533 -1.20631
2.035 -1.20909 -1.53888 -1.52511 -1.53888 -1.20909
2.04 -1.21187 -1.54243 -1.52863 -1.54243 -1.21187
2.045 -1.21465 -1.54599 -1.53215 -1.54599 -1.21465
2.05 -1.21745 -1.54956 -1.53568 -1.54956 -1.21745
2.055 -1.22028 -1.55315 -1.53924 -1.55315 -1.22028
2.06 -1.22314 -1.55677 -1.54283 -1.55677 -1.22314
2.065 -1.22604 -1.56042 -1.54645 -1.56042 -1.22604
2.07 -1.22898 -1.56411 -1.5501 -1.56411 -1.22898
2.075 -1.23194 -1.56782 -1.55378 -1.56782 -1.23194
2.08 -1.23494 -1.57155 -1.55748 -1.57155 -1.23494
2.085 -1.23795 -1.57529 -1.56119 -1.57529 -1.23795
2.09 -1.24097 -1.57903 -1.56489 -1.57903 -1.24097
2.095 -1.24398 -1.58274 -1.56857 -1.58274 -1.24398
2.1 -1.24696 -1.58642 -1.57221 -1.58642 -1.24696
2.105 -1.2499 -1.59004 -1.5758 -1.59004 -1.2499
2.11 -1.25278 -1.59357 -1.57931 -1.59357 -1.25278
2.115 -1.25558 -1.59702 -1.58272 -1.59702 -1.25558
2.12 -1.25828 -1.60034 -1.58602 -1.60034 -1.25828
2.125 -1.26088 -1.60354 -1.58918 -1.60354 -1.26088
2.13 -1.26335 -1.60659 -1.5922 -1.60659 -1.26335
2.135 -1.26569 -1.60948 -1.59507 -1.60948 -1.26569
2.14 -1.26788 -1.6122 -1.59776 -1.6122 -1.26788
2.145 -1.26992 -1.61474 -1.60028 -1.61474 -1.26992
2.15 -1.27181 -1.6171 -1.60262 -1.6171 -1.27181
2.155 -1.27355 -1.61928 -1.60478 -1.61928 -1.27355
2.16 -1.27513 -1.62127 -1.60676 -1.62127 -1.27513
2.165 -1.27655 -1.62308 -1.60855 -1.62308 -1.27655
2.17 -1.27783 -1.62472 -1.61017 -1.62472 -1.27783
2.175 -1.27896 -1.62618 -1.61162 -1.62618 -1.27896
2.18 -1.27995 -1.62749 -1.61291 -1.62749 -1.27995
2.185 -1.28082 -1.62863 -1.61405 -1.62863 -1.28082
2.19 -1.28157 -1.62963 -1.61504 -1.62963 -1.28157
2.195 -1.2822 -1.6305 -1.6159 -1.6305 -1.2822
2.2 -1.28273 -1.63125 -1.61664 -1.63125 -1.28273
2.205 -1.28317 -1.63188 -1.61726 -1.63188 -1.28317
2.21 -1.28353 -1.63241 -1.61779 -1.63241 -1.28353
2.215 -1.28382 -1.63286 -1.61823 -1.63286 -1.28382
2.22 -1.28404 -1.63323 -1.6186 -1.63323 -1.28404
2.225 -1.28422 -1.63353 -1.6189 -1.63353 -1.28422
2.23 -1.28436 -1.63379 -1.61916 -1.63379 -1.28436
2.235 -1.28446 -1.63401 -1.61938 -1.63401 -1.28446
2.24 -1.28455 -1.63421 -1.61957 -1.63421 -1.28455
2.245 -1.28463 -1.63439 -1.61975 -1.63439 -1.28463
2.25 -1.28471 -1.63457 -1.61993 -1.63457 -1.28471
2.255 -1.28481 -1.63476 -1.62012 -1.63476 -1.28481
2.26 -1.28492 -1.63497 -1.62033 -1.63497 -1.28492
2.265 -1.28506 -1.63521 -1.62057 -1.63521 -1.28506
2.27 -1.28523 -1.63549 -1.62084 -1.63549 -1.28523
2.275 -1.28545 -1.63582 -1.62117 -1.63582 -1.28545
2.28 -1.28571 -1.6362 -1.62155 -1.6362 -1.28571
2.285 -1.28603 -1.63665 -1.62199 -1.63665 -1.28603
2.29 -1.28641 -1.63716 -1.6225 -1.63716 -1.28641
2.295 -1.28684 -1.63773 -1.62307 -1.63773 -1.28684
2.3 -1.28734 -1.63838 -1.62371 -1.63838 -1.28734
2.305 -1.2879 -1.6391 -1.62443 -1.6391 -1.2879
2.31 -1.28852 -1.6399 -1.62522 -1.6399 -1.28852
2.315 -1.2892 -1.64076 -1.62607 -1.64076 -1.2892
2.32 -1.28994 -1.6417 -1.627 -1.6417 -1.28994
2.325 -1.29073 -1.64271 -1.628 -1.64271 -1.29073
2.33 -1.29159 -1.64378 -1.62907 -1.64378 -1.29159
2.335 -1.29249 -1.64492 -1.63019 -1.64492 -1.29249
2.34 -1.29345 -1.64612 -1.63139 -1.64612 -1.29345
2.345 -1.29445 -1.64739 -1.63264 -1.64739 -1.29445
2.35 -1.2955 -1.64871 -1.63396 -1.64871 -1.2955
2.355 -1.2966 -1.6501 -1.63533 -1.6501 -1.2966
2.36 -1.29775 -1.65155 -1.63677 -1.65155 -1.29775
2.365 -1.29895 -1.65306 -1.63827 -1.65306 -1.29895
2.37 -1.30019 -1.65463 -1.63983 -1.65463 -1.30019
2.375 -1.30149 -1.65627 -1.64145 -1.65627 -1.30149
2.38 -1.30284 -1.65798 -1.64314 -1.65798 -1.30284
2.385 -1.30424 -1.65976 -1.64491 -1.65976 -1.30424
2.39 -1.30571 -1.66161 -1.64674 -1.66161 -1.30571
2.395 -1.30723 -1.66354 -1.64865 -1.66354 -1.30723
2.4 -1.30882 -1.66554 -1.65064 -1.66554 -1.30882
2.405 -1.31048 -1.66763 -1.65271 -1.66763 -1.31048
2.41 -1.3122 -1.6698 -1.65485 -1.6698 -1.3122
2.415 -1.31399 -1.67205 -1.65708 -1.67205 -1.31399
2.42 -1.31585 -1.67438 -1.6594 -1.67438 -1.31585
2.425 -1.31777 -1.6768 -1.66179 -1.6768 -1.31777
2.43 -1.31977 -1.67929 -1.66426 -1.67929 -1.31977
2.435 -1.32183 -1.68187 -1.66681 -1.68187 -1.32183
2.44 -1.32395 -1.68452 -1.66944 -1.68452 -1.32395
2.445 -1.32613 -1.68723 -1.67213 -1.68723 -1.32613
2.45 -1.32836 -1.69002 -1.67489 -1.69002 -1.32836
2.455 -1.33064 -1.69286 -1.67771 -1.69286 -1.33064
2.46 -1.33297 -1.69576 -1.68058 -1.69576 -1.33297
2.465 -1.33533 -1.6987 -1.6835 -1.6987 -1.33533
2.47 -1.33773 -1.70168 -1.68645 -1.70168 -1.33773
2.475 -1.34015 -1.70469 -1.68944 -1.70469 -1.34015
2.48 -1.34258 -1.70773 -1.69245 -1.70773 -1.34258
2.485 -1.34503 -1.71078 -1.69547 -1.71078 -1.34503
2.49 -1.34749 -1.71385 -1.69851 -1.71385 -1.34749
2.495 -1.34994 -1.71691 -1.70155 -1.71691 -1.34994
2.5 -1.35239 -1.71997 -1.70458 -1.71997 -1.35239
2.505 -1.35482 -1.72303 -1.70761 -1.72303 -1.35482
2.51 -1.35724 -1.72606 -1.71061 -1.72606 -1.35724
2.515 -1.35964 -1.72908 -1.7136 -1.72908 -1.35964
2.52 -1.36202 -1.73207 -1.71657 -1.73207 -1.36202
2.525 -1.36436 -1.73504 -1.71951 -1.73504 -1.36436
2.53 -1.36669 -1.73798 -1.72242 -1.73798 -1.36669
2.535 -1.36898 -1.74088 -1.7253 -1.74088 -1.36898
2.54 -1.37124 -1.74376 -1.72815 -1.74376 -1.37124
2.545 -1.37347 -1.74661 -1.73098 -1.74661 -1.37347
2.55 -1.37568 -1.74943 -1.73377 -1.74943 -1.37568
2.555 -1.37786 -1.75222 -1.73654 -1.75222 -1.37786
2.56 -1.38001 -1.755 -1.73929 -1.755 -1.38001
2.565 -1.38215 -1.75775 -1.74202 -1.75775 -1.38215
2.57 -1.38428 -1.7605 -1.74474 -1.7605 -1.38428
2.575 -1.3864 -1.76324 -1.74746 -1.76324 -1.3864
2.58 -1.38851 -1.76598 -1.75017 -1.76598 -1.38851
2.585 -1.39063 -1.76873 -1.7529 -1.76873 -1.39063
2.59 -1.39276 -1.77149 -1.75564 -1.77149 -1.39276
2.595 -1.3949 -1.77428 -1.7584 -1.77428 -1.3949
2.6 -1.39707 -1.7771 -1.7612 -1.7771 -1.39707
2.605 -1.39927 -1.77996 -1.76403 -1.77996 -1.39927
2.61 -1.40151 -1.78287 -1.76692 -1.78287 -1.40151
2.615 -1.40379 -1.78584 -1.76986 -1.78584 -1.40379
2.62 -1.40612 -1.78887 -1.77286 -1.78887 -1.40612
2.625 -1.40851 -1.79197 -1.77593 -1.79197 -1.40851
2.63 -1.41097 -1.79514 -1.77908 -1.79514 -1.41097
2.635 -1.41349 -1.7984 -1.78231 -1.7984 -1.41349
2.64 -1.41608 -1.80175 -1.78563 -1.80175 -1.41608
2.645 -1.41875 -1.80519 -1.78904 -1.80519 -1.41875
2.65 -1.4215 -1.80873 -1.79255 -1.80873 -1.4215
2.655 -1.42433 -1.81237 -1.79615 -1.81237 -1.42433
2.66 -1.42725 -1.81611 -1.79986 -1.81611 -1.42725
2.665 -1.43025 -1.81995 -1.80367 -1.81995 -1.43025
2.67 -1.43333 -1.8239 -1.80758 -1.8239 -1.43333
2.675 -1.43651 -1.82796 -1.8116 -1.82796 -1.43651
2.68 -1.43977 -1.83212 -1.81573 -1.83212 -1.43977
2.685 -1.44311 -1.83638 -1.81995 -1.83638 -1.44311
2.69 -1.44654 -1.84075 -1.82428 -1.84075 -1.44654
2.695 -1.45005 -1.84522 -1.82871 -1.84522 -1.45005
2.7 -1.45364 -1.84979 -1.83324 -1.84979 -1.45364
2.705 -1.45731 -1.85446 -1.83786 -1.85446 -1.45731
2.71 -1.46105 -1.85922 -1.84259 -1.85922 -1.46105
2.715 -1.46487 -1.86408 -1.8474 -1.86408 -1.46487
2.72 -1.46877 -1.86902 -1.8523 -1.86902 -1.46877
2.725 -1.47274 -1.87406 -1.85729 -1.87406 -1.47274
2.73 -1.47677 -1.87918 -1.86237 -1.87918 -1.47677
2.735 -1.48087 -1.88439 -1.86753 -1.88439 -1.48087
2.74 -1.48504 -1.88968 -1.87277 -1.88968 -1.48504
2.745 -1.48927 -1.89504 -1.87809 -1.89504 -1.48927
2.75 -1.49356 -1.90048 -1.88348 -1.90048 -1.49356
2.755 -1.49791 -1.906 -1.88895 -1.906 -1.49791
2.76 -1.50232 -1.91158 -1.89448 -1.91158 -1.50232
2.765 -1.50677 -1.91724 -1.90009 -1.91724 -1.50677
2.77 -1.51129 -1.92295 -1.90575 -1.92295 -1.51129
2.775 -1.51585 -1.92873 -1.91148 -1.92873 -1.51585
2.78 -1.52045 -1.93457 -1.91726 -1.93457 -1.52045
2.785 -1.5251 -1.94046 -1.9231 -1.94046 -1.5251
2.79 -1.5298 -1.9464 -1.92898 -1.9464 -1.5298
2.795 -1.53452 -1.95238 -1.93491 -1.95238 -1.53452
2.8 -1.53929 -1.95841 -1.94088 -1.95841 -1.53929
2.805 -1.54408 -1.96447 -1.94689 -1.96447 -1.54408
2.81 -1.5489 -1.97056 -1.95293 -1.97056 -1.5489
2.815 -1.55374 -1.97668 -1.959 -1.97668 -1.55374
2.82 -1.55859 -1.98282 -1.96508 -1.98282 -1.55859
2.825 -1.56346 -1.98898 -1.97118 -1.98898 -1.56346
2.83 -1.56834 -1.99515 -1.97729 -1.99515 -1.56834
2.835 -1.57322 -2.00131 -1.98341 -2.00131 -1.57322
2.84 -1.57809 -2.00748 -1.98952 -2.00748 -1.57809
2.845 -1.58296 -2.01364 -1.99562 -2.01364 -1.58296
2.85 -1.58782 -2.01978 -2.00171 -2.01978 -1.58782
2.855 -1.59265 -2.0259 -2.00777 -2.0259 -1.59265
2.86 -1.59747 -2.03199 -2.01381 -2.03199 -1.59747
2.865 -1.60226 -2.03805 -2.01981 -2.03805 -1.60226
2.87 -1.60701 -2.04407 -2.02578 -2.04407 -1.60701
2.875 -1.61173 -2.05005 -2.0317 -2.05005 -1.61173
2.88 -1.6164 -2.05598 -2.03758 -2.05598 -1.6164
2.885 -1.62103 -2.06185 -2.0434 -2.06185 -1.62103
2.89 -1.62562 -2.06767 -2.04917 -2.06767 -1.62562
2.895 -1.63015 -2.07343 -2.05487 -2.07343 -1.63015
2.9 -1.63463 -2.07912 -2.06051 -2.07912 -1.63463
2.905 -1.63905 -2.08475 -2.06609 -2.08475 -1.63905
2.91 -1.64341 -2.09031 -2.0716 -2.09031 -1.64341
2.915 -1.64772 -2.0958 -2.07704 -2.0958 -1.64772
2.92 -1.65197 -2.10122 -2.08241 -2.10122 -1.65197
2.925 -1.65616 -2.10657 -2.08772 -2.10657 -1.65616
2.93 -1.6603 -2.11186 -2.09296 -2.11186 -1.6603
2.935 -1.66438 -2.11708 -2.09813 -2.11708 -1.66438
2.94 -1.66841 -2.12223 -2.10324 -2.12223 -1.66841
2.945 -1.67238 -2.12733 -2.10829 -2.12733 -1.67238
2.95 -1.67631 -2.13236 -2.11328 -2.13236 -1.67631
2.955 -1.68019 -2.13734 -2.11821 -2.13734 -1.68019
2.96 -1.68403 -2.14227 -2.1231 -2.14227 -1.68403
2.965 -1.68783 -2.14715 -2.12793 -2.14715 -1.68783
2.97 -1.6916 -2.15199 -2.13273 -2.15199 -1.6916
2.975 -1.69534 -2.15679 -2.13748 -2.15679 -1.69534
2.98 -1.69904 -2.16155 -2.14221 -2.16155 -1.69904
2.985 -1.70273 -2.16629 -2.1469 -2.16629 -1.70273
2.99 -1.70639 -2.17099 -2.15156 -2.17099 -1.70639
2.995 -1.71004 -2.17568 -2.1562 -2.17568 -1.71004
3 -1.71367 -2.18035 -2.16083 -2.18035 -1.71367
3.005 -1.71729 -2.185 -2.16544 -2.185 -1.71729
3.01 -1.72091 -2.18964 -2.17004 -2.18964 -1.72091
3.015 -1.72452 -2.19427 -2.17463 -2.19427 -1.72452
3.02 -1.72813 -2.1989 -2.17922 -2.1989 -1.72813
3.025 -1.73174 -2.20353 -2.1838 -2.20353 -1.73174
3.03 -1.73535 -2.20815 -2.18839 -2.20815 -1.73535
3.035 -1.73897 -2.21278 -2.19297 -2.21278 -1.73897
3.04 -1.74259 -2.2174 -2.19755 -2.2174 -1.74259
3.045 -1.74621 -2.22203 -2.20214 -2.22203 -1.74621
3.05 -1.74983 -2.22666 -2.20673 -2.22666 -1.74983
3.055 -1.75347 -2.23129 -2.21132 -2.23129 -1.75347
3.06 -1.7571 -2.23593 -2.21592 -2.23593 -1.7571
3.065 -1.76074 -2.24057 -2.22051 -2.24057 -1.76074
3.07 -1.76438 -2.24521 -2.22511 -2.24521 -1.76438
3.075 -1.76803 -2.24984 -2.22971 -2.24984 -1.76803
3.08 -1.77168 -2.25448 -2.2343 -2.25448 -1.77168
3.085 -1.77532 -2.25912 -2.2389 -2.25912 -1.77532
3.09 -1.77897 -2.26375 -2.24349 -2.26375 -1.77897
3.095 -1.78261 -2.26837 -2.24807 -2.26837 -1.78261
3.1 -1.78624 -2.27299 -2.25264 -2.27299 -1.78624
3.105 -1.78987 -2.27759 -2.25721 -2.27759 -1.78987
3.11 -1.79349 -2.28218 -2.26176 -2.28218 -1.79349
3.115 -1.7971 -2.28676 -2.26629 -2.28676 -1.7971
3.12 -1.8007 -2.29132 -2.27081 -2.29132 -1.8007
3.125 -1.80428 -2.29586 -2.27531 -2.29586 -1.80428
3.13 -1.80785 -2.30038 -2.27979 -2.30038 -1.80785
3.135 -1.8114 -2.30487 -2.28424 -2.30487 -1.8114
3.14 -1.81492 -2.30933 -2.28866 -2.30933 -1.81492
3.145 -1.81843 -2.31377 -2.29306 -2.31377 -1.81843
3.15 -1.82191 -2.31817 -2.29742 -2.31817 -1.82191
3.155 -1.82536 -2.32253 -2.30174 -2.32253 -1.82536
3.16 -1.82878 -2.32686 -2.30603 -2.32686 -1.82878
3.165 -1.83217 -2.33114 -2.31027 -2.33114 -1.83217
3.17 -1.83552 -2.33538 -2.31448 -2.33538 -1.83552
3.175 -1.83884 -2.33957 -2.31863 -2.33957 -1.83884
3.18 -1.84212 -2.34372 -2.32273 -2.34372 -1.84212
3.185 -1.84535 -2.3478 -2.32679 -2.3478 -1.84535
3.19 -1.84855 -2.35184 -2.33078 -2.35184 -1.84855
3.195 -1.85169 -2.35581 -2.33472 -2.35581 -1.85169
3.2 -1.85479 -2.35972 -2.33859 -2.35972 -1.85479
3.205 -1.85783 -2.36356 -2.3424 -2.36356 -1.85783
3.21 -1.86082 -2.36734 -2.34614 -2.36734 -1.86082
3.215 -1.86375 -2.37104 -2.34982 -2.37104 -1.86375
3.22 -1.86662 -2.37467 -2.35341 -2.37467 -1.86662
3.225 -1.86944 -2.37823 -2.35694 -2.37823 -1.86944
3.23 -1.87219 -2.38171 -2.36038 -2.38171 -1.87219
3.235 -1.87487 -2.3851 -2.36375 -2.3851 -1.87487
3.24 -1.87749 -2.38841 -2.36703 -2.38841 -1.87749
3.245 -1.88004 -2.39164 -2.37023 -2.39164 -1.88004
3.25 -1.88252 -2.39478 -2.37334 -2.39478 -1.88252
3.255 -1.88493 -2.39784 -2.37637 -2.39784 -1.88493
3.26 -1.88726 -2.40081 -2.37931 -2.40081 -1.88726
3.265 -1.88953 -2.40369 -2.38217 -2.40369 -1.88953
3.27 -1.89173 -2.40648 -2.38494 -2.40648 -1.89173
3.275 -1.89385 -2.40919 -2.38762 -2.40919 -1.89385
3.28 -1.89591 -2.41181 -2.39021 -2.41181 -1.89591
3.285 -1.8979 -2.41435 -2.39273 -2.41435 -1.8979
3.29 -1.89982 -2.4168 -2.39516 -2.4168 -1.89982
3.295 -1.90167 -2.41917 -2.39751 -2.41917 -1.90167
3.3 -1.90346 -2.42146 -2.39978 -2.42146 -1.90346
3.305 -1.90519 -2.42368 -2.40198 -2.42368 -1.90519
3.31 -1.90686 -2.42583 -2.40411 -2.42583 -1.90686
3.315 -1.90847 -2.42791 -2.40617 -2.42791 -1.90847
3.32 -1.91004 -2.42992 -2.40816 -2.42992 -1.91004
3.325 -1.91155 -2.43188 -2.4101 -2.43188 -1.91155
3.33 -1.91302 -2.43378 -2.41198 -2.43378 -1.91302
3.335 -1.91445 -2.43562 -2.41381 -2.43562 -1.91445
3.34 -1.91584 -2.43742 -2.4156 -2.43742 -1.91584
3.345 -1.9172 -2.43918 -2.41734 -2.43918 -1.9172
3.35 -1.91853 -2.44091 -2.41905 -2.44091 -1.91853
3.355 -1.91983 -2.4426 -2.42073 -2.4426 -1.91983
3.36 -1.92112 -2.44427 -2.42238 -2.44427 -1.92112
3.365 -1.92238 -2.44591 -2.42401 -2.44591 -1.92238
3.37 -1.92364 -2.44754 -2.42562 -2.44754 -1.92364
3.375 -1.92488 -2.44915 -2.42722 -2.44915 -1.92488
3.38 -1.92613 -2.45076 -2.42881 -2.45076 -1.92613
3.385 -1.92737 -2.45236 -2.4304 -2.45236 -1.92737
3.39 -1.92861 -2.45397 -2.43199 -2.45397 -1.92861
3.395 -1.92986 -2.45558 -2.43359 -2.45558 -1.92986
3.4 -1.93111 -2.45719 -2.43519 -2.45719 -1.93111
3.405 -1.93238 -2.45882 -2.43681 -2.45882 -1.93238
3.41 -1.93366 -2.46046 -2.43843 -2.46046 -1.93366
3.415 -1.93495 -2.46212 -2.44008 -2.46212 -1.93495
3.42 -1.93626 -2.46381 -2.44175 -2.46381 -1.93626
3.425 -1.9376 -2.46551 -2.44343 -2.46551 -1.9376
3.43 -1.93895 -2.46723 -2.44514 -2.46723 -1.93895
3.435 -1.94032 -2.46899 -2.44688 -2.46899 -1.94032
3.44 -1.94172 -2.47076 -2.44864 -2.47076 -1.94172
3.445 -1.94314 -2.47257 -2.45043 -2.47257 -1.94314
3.45 -1.94459 -2.4744 -2.45225 -2.4744 -1.94459
3.455 -1.94606 -2.47627 -2.4541 -2.47627 -1.94606
3.46 -1.94755 -2.47816 -2.45598 -2.47816 -1.94755
3.465 -1.94907 -2.48009 -2.45788 -2.48009 -1.94907
3.47 -1.95062 -2.48204 -2.45982 -2.48204 -1.95062
3.475 -1.95219 -2.48402 -2.46179 -2.48402 -1.95219
3.48 -1.95379 -2.48604 -2.46378 -2.48604 -1.95379
3.485 -1.9554 -2.48808 -2.4658 -2.48808 -1.9554
3.49 -1.95705 -2.49015 -2.46785 -2.49015 -1.95705
3.495 -1.95871 -2.49224 -2.46993 -2.49224 -1.95871
3.5 -1.9604 -2.49437 -2.47204 -2.49437 -1.9604
3.505 -1.9621 -2.49652 -2.47417 -2.49652 -1.9621
3.51 -1.96383 -2.49869 -2.47632 -2.49869 -1.96383
3.515 -1.96558 -2.50089 -2.4785 -2.50089 -1.96558
3.52 -1.96734 -2.50311 -2.4807 -2.50311 -1.96734
3.525 -1.96912 -2.50535 -2.48292 -2.50535 -1.96912
3.53 -1.97092 -2.50761 -2.48516 -2.50761 -1.97092
3.535 -1.97273 -2.50989 -2.4874