0.005 0 -2.41065e-09 -2.42166e-09 -2.36053e-09 -2.33048e-09 -2.25042e-09
0.01 0 -1.4343e-08 -1.45652e-08 -1.41474e-08 -1.39747e-08 -1.34964e-08
0.015 0 -4.24403e-08 -4.37525e-08 -4.22483e-08 -4.17195e-08 -4.02187e-08
0.02 0 -8.78618e-08 -9.24054e-08 -8.85344e-08 -8.73144e-08 -8.38919e-08
0.025 0 -1.48894e-07 -1.60468e-07 -1.52417e-07 -1.49971e-07 -1.43505e-07
0.03 0 -2.23596e-07 -2.47811e-07 -2.33395e-07 -2.28859e-07 -2.1807e-07
0.035 0 -3.09924e-07 -3.54147e-07 -3.31072e-07 -3.23113e-07 -3.06623e-07
0.04 0 -4.05841e-07 -4.78964e-07 -4.45165e-07 -4.31837e-07 -4.0822e-07
0.045 0 -5.09405e-07 -6.21486e-07 -5.75485e-07 -5.54132e-07 -5.21927e-07
0.05 0 -6.1884e-07 -7.80668e-07 -7.21896e-07 -6.89123e-07 -6.46816e-07
0.055 0 -7.32575e-07 -9.55208e-07 -8.8427e-07 -8.35992e-07 -7.81949e-07
0.06 0 -8.49269e-07 -1.14359e-06 -1.06242e-06 -9.94006e-07 -9.26379e-07
0.065 0 -9.67801e-07 -1.34412e-06 -1.25607e-06 -1.16254e-06 -1.07914e-06
0.07 0 -1.08726e-06 -1.55503e-06 -1.46473e-06 -1.3411e-06 -1.23927e-06
0.075 0 -1.20693e-06 -1.7745e-06 -1.68777e-06 -1.5293e-06 -1.40577e-06
0.08 0 -1.32622e-06 -2.00072e-06 -1.92428e-06 -1.72685e-06 -1.57769e-06
0.085 0 -1.44468e-06 -2.23196e-06 -2.17317e-06 -1.93355e-06 -1.75408e-06
0.09 0 -1.56194e-06 -2.46658e-06 -2.43311e-06 -2.14921e-06 -1.93408e-06
0.095 0 -1.67768e-06 -2.70307e-06 -2.70262e-06 -2.37363e-06 -2.11689e-06
0.1 0 -1.79163e-06 -2.94002e-06 -2.98007e-06 -2.60653e-06 -2.3018e-06
0.105 0 -1.90354e-06 -3.17618e-06 -3.26374e-06 -2.8475e-06 -2.48826e-06
0.11 0 -2.01318e-06 -3.41041e-06 -3.55187e-06 -3.09598e-06 -2.67582e-06
0.115 0 -2.12031e-06 -3.64165e-06 -3.84273e-06 -3.35122e-06 -2.86419e-06
0.12 0 -2.2247e-06 -3.86898e-06 -4.13459e-06 -3.61224e-06 -3.05322e-06
0.125 0 -2.32611e-06 -4.09152e-06 -4.42582e-06 -3.87788e-06 -3.24288e-06
0.13 0 -2.4243e-06 -4.3085e-06 -4.71482e-06 -4.14677e-06 -3.43324e-06
0.135 0 -2.51903e-06 -4.51919e-06 -5.00012e-06 -4.4174e-06 -3.62445e-06
0.14 0 -2.61004e-06 -4.72294e-06 -5.28028e-06 -4.68814e-06 -3.81671e-06
0.145 0 -2.69709e-06 -4.91913e-06 -5.55395e-06 -4.95726e-06 -4.01019e-06
0.15 0 -2.77993e-06 -5.10721e-06 -5.8198e-06 -5.22306e-06 -4.20507e-06
0.155 0 -2.85832e-06 -5.28665e-06 -6.07657e-06 -5.48381e-06 -4.40141e-06
0.16 0 -2.93205e-06 -5.45696e-06 -6.32301e-06 -5.73789e-06 -4.59919e-06
0.165 0 -3.00089e-06 -5.61767e-06 -6.5579e-06 -5.98377e-06 -4.79826e-06
0.17 0 -3.06467e-06 -5.76832e-06 -6.78003e-06 -6.22005e-06 -4.99828e-06
0.175 0 -3.12324e-06 -5.90844e-06 -6.98826e-06 -6.44547e-06 -5.19877e-06
0.18 0 -3.17646e-06 -6.03755e-06 -7.18148e-06 -6.65892e-06 -5.39904e-06
0.185 0 -3.22422e-06 -6.15514e-06 -7.35861e-06 -6.85946e-06 -5.59823e-06
0.19 0 -3.26644e-06 -6.2607e-06 -7.51871e-06 -7.04624e-06 -5.79531e-06
0.195 0 -3.30305e-06 -6.35365e-06 -7.66088e-06 -7.21856e-06 -5.98907e-06
0.2 0 -3.33397e-06 -6.43343e-06 -7.78436e-06 -7.3758e-06 -6.17816e-06
0.205 0 -3.35913e-06 -6.49944e-06 -7.88849e-06 -7.5174e-06 -6.36108e-06
0.21 0 -3.37841e-06 -6.5511e-06 -7.97274e-06 -7.64285e-06 -6.53622e-06
0.215 0 -3.39167e-06 -6.58783e-06 -8.0367e-06 -7.75166e-06 -6.7019e-06
0.22 0 -3.39874e-06 -6.6091e-06 -8.08009e-06 -7.84334e-06 -6.85635e-06
0.225 0 -3.39936e-06 -6.61442e-06 -8.10272e-06 -7.91739e-06 -6.99775e-06
0.23 0 -3.39324e-06 -6.60335e-06 -8.10451e-06 -7.97326e-06 -7.12425e-06
0.235 0 -3.38005e-06 -6.57557e-06 -8.08547e-06 -8.01037e-06 -7.234e-06
0.24 0 -3.35941e-06 -6.5308e-06 -8.04565e-06 -8.02811e-06 -7.32513e-06
0.245 0 -3.33089e-06 -6.46887e-06 -7.98517e-06 -8.0258e-06 -7.3958e-06
0.25 0 -3.29409e-06 -6.38969e-06 -7.90417e-06 -8.00273e-06 -7.4442e-06
0.255 0 -3.24859e-06 -6.29328e-06 -7.8028e-06 -7.95814e-06 -7.46856e-06
0.26 0 -3.19402e-06 -6.17971e-06 -7.68121e-06 -7.89124e-06 -7.46714e-06
0.265 0 -3.13007e-06 -6.04912e-06 -7.53954e-06 -7.8012e-06 -7.43828e-06
0.27 0 -3.05651e-06 -5.90172e-06 -7.37787e-06 -7.68718e-06 -7.38035e-06
0.275 0 -2.97318e-06 -5.73774e-06 -7.19628e-06 -7.54832e-06 -7.2918e-06
0.28 0 -2.88006e-06 -5.55748e-06 -6.99476e-06 -7.38375e-06 -7.17114e-06
0.285 0 -2.77723e-06 -5.36124e-06 -6.77327e-06 -7.19262e-06 -7.01696e-06
0.29 0 -2.6649e-06 -5.14934e-06 -6.53169e-06 -6.97406e-06 -6.8279e-06
0.295 0 -2.54339e-06 -4.92211e-06 -6.26986e-06 -6.72722e-06 -6.60271e-06
0.3 0 -2.41313e-06 -4.6799e-06 -5.98754e-06 -6.45127e-06 -6.34019e-06
0.305 0 -2.27465e-06 -4.42303e-06 -5.68443e-06 -6.14541e-06 -6.03922e-06
0.31 0 -2.12853e-06 -4.15186e-06 -5.36019e-06 -5.80882e-06 -5.69876e-06
0.315 0 -1.97544e-06 -3.86672e-06 -5.01442e-06 -5.44074e-06 -5.31786e-06
0.32 0 -1.81606e-06 -3.56795e-06 -4.64669e-06 -5.04039e-06 -4.89566e-06
0.325 0 -1.65109e-06 -3.2559e-06 -4.25654e-06 -4.60702e-06 -4.43135e-06
0.33 0 -1.48118e-06 -2.93088e-06 -3.8435e-06 -4.13992e-06 -3.92423e-06
0.335 0 -1.30701e-06 -2.59321e-06 -3.40709e-06 -3.63836e-06 -3.37366e-06
0.34 0 -1.12914e-06 -2.24319e-06 -2.94685e-06 -3.10164e-06 -2.77908e-06
0.345 0 -9.48093e-07 -1.88109e-06 -2.46232e-06 -2.5291e-06 -2.14e-06
0.35 0 -7.64313e-07 -1.50716e-06 -1.95308e-06 -1.92009e-06 -1.45601e-06
0.355 0 -5.78142e-07 -1.1216e-06 -1.41874e-06 -1.27398e-06 -7.26744e-07
0.36 0 -3.89827e-07 -7.24586e-07 -8.58935e-07 -5.90204e-07 4.81093e-08
0.365 0 -1.99518e-07 -3.16219e-07 -2.7337e-07 1.3177e-07 8.68806e-07
0.37 0 -7.26736e-09 1.03447e-07 3.38225e-07 8.92418e-07 1.73557e-06
0.375 0 1.86966e-07 5.34422e-07 9.76073e-07 1.69215e-06 2.64857e-06
0.38 0 3.83311e-07 9.76788e-07 1.64036e-06 2.53131e-06 3.60798e-06
0.385 0 5.81979e-07 1.43069e-06 2.33122e-06 3.41015e-06 4.61391e-06
0.39 0 7.83251e-07 1.89636e-06 3.04879e-06 4.32884e-06 5.66646e-06
0.395 0 9.87474e-07 2.37409e-06 3.79313e-06 5.28749e-06 6.76574e-06
0.4 0 1.19505e-06 2.86423e-06 4.56433e-06 6.28609e-06 7.91178e-06
0.405 0 1.40641e-06 3.36723e-06 5.36243e-06 7.32455e-06 9.10463e-06
0.41 0 1.62204e-06 3.88355e-06 6.18747e-06 8.40273e-06 1.03443e-05
0.415 0 1.84245e-06 4.41373e-06 7.03949e-06 9.52037e-06 1.16307e-05
0.42 0 2.06815e-06 4.95836e-06 7.91852e-06 1.06772e-05 1.29639e-05
0.425 0 2.29968e-06 5.51804e-06 8.82459e-06 1.18728e-05 1.43437e-05
0.43 0 2.53757e-06 6.0934e-06 9.75775e-06 1.31069e-05 1.57698e-05
0.435 0 2.78236e-06 6.68509e-06 1.0718e-05 1.43789e-05 1.72422e-05
0.44 0 3.03457e-06 7.29375e-06 1.17055e-05 1.56885e-05 1.87605e-05
0.445 0 3.2947e-06 7.92002e-06 1.27202e-05 1.70352e-05 2.03244e-05
0.45 0 3.56325e-06 8.56452e-06 1.37622e-05 1.84186e-05 2.19333e-05
0.455 0 3.84069e-06 9.22783e-06 1.48316e-05 1.98381e-05 2.35867e-05
0.46 0 4.12744e-06 9.91051e-06 1.59285e-05 2.12934e-05 2.52841e-05
0.465 0 4.42391e-06 1.06131e-05 1.7053e-05 2.2784e-05 2.70247e-05
0.47 0 4.73046e-06 1.1336e-05 1.82052e-05 2.43097e-05 2.88078e-05
0.475 0 5.0474e-06 1.20796e-05 1.93853e-05 2.587e-05 3.06325e-05
0.48 0 5.37501e-06 1.28444e-05 2.05933e-05 2.74645e-05 3.24978e-05
0.485 0 5.71351e-06 1.36306e-05 2.18296e-05 2.9093e-05 3.44029e-05
0.49 0 6.06306e-06 1.44385e-05 2.30941e-05 3.07552e-05 3.63467e-05
0.495 0 6.42379e-06 1.52682e-05 2.4387e-05 3.24507e-05 3.83281e-05
0.5 0 6.79574e-06 1.612e-05 2.57086e-05 3.41793e-05 4.0346e-05
0.505 0 7.17892e-06 1.69938e-05 2.70588e-05 3.59406e-05 4.23993e-05
0.51 0 7.57329e-06 1.78898e-05 2.8438e-05 3.77344e-05 4.44869e-05
0.515 0 7.97876e-06 1.88079e-05 2.9846e-05 3.95604e-05 4.66076e-05
0.52 0 8.39519e-06 1.97481e-05 3.12831e-05 4.14182e-05 4.87603e-05
0.525 0 8.8224e-06 2.07103e-05 3.27492e-05 4.33075e-05 5.0944e-05
0.53 0 9.26018e-06 2.16944e-05 3.42444e-05 4.52278e-05 5.31575e-05
0.535 0 9.70832e-06 2.27001e-05 3.57685e-05 4.71788e-05 5.53999e-05
0.54 0 1.01665e-05 2.37274e-05 3.73214e-05 4.91599e-05 5.76701e-05
0.545 0 1.06346e-05 2.47759e-05 3.89031e-05 5.11708e-05 5.99673e-05
0.55 0 1.11122e-05 2.58455e-05 4.05131e-05 5.32109e-05 6.22905e-05
0.555 0 1.15992e-05 2.69356e-05 4.21512e-05 5.52796e-05 6.4639e-05
0.56 0 1.20952e-05 2.80461e-05 4.3817e-05 5.73765e-05 6.7012e-05
0.565 0 1.26e-05 2.91766e-05 4.55101e-05 5.95007e-05 6.94087e-05
0.57 0 1.31134e-05 3.03265e-05 4.72298e-05 6.16518e-05 7.18287e-05
0.575 0 1.36351e-05 3.14955e-05 4.89755e-05 6.38291e-05 7.42713e-05
0.58 0 1.4165e-05 3.26832e-05 5.07466e-05 6.60318e-05 7.67359e-05
0.585 0 1.47029e-05 3.38888e-05 5.25422e-05 6.82592e-05 7.92222e-05
0.59 0 1.52486e-05 3.5112e-05 5.43616e-05 7.05107e-05 8.17296e-05
0.595 0 1.58019e-05 3.63521e-05 5.62038e-05 7.27854e-05 8.42579e-05
0.6 0 1.63626e-05 3.76085e-05 5.80679e-05 7.50825e-05 8.68066e-05
0.605 0 1.69306e-05 3.88806e-05 5.99529e-05 7.74013e-05 8.93755e-05
0.61 0 1.75057e-05 4.01677e-05 6.18578e-05 7.97411e-05 9.19643e-05
0.615 0 1.80876e-05 4.1469e-05 6.37815e-05 8.21008e-05 9.45726e-05
0.62 0 1.86762e-05 4.27839e-05 6.57229e-05 8.44798e-05 9.72004e-05
0.625 0 1.92712e-05 4.41115e-05 6.76809e-05 8.68772e-05 9.98472e-05
0.63 0 1.98724e-05 4.54512e-05 6.96544e-05 8.92922e-05 0.000102513
0.635 0 2.04793e-05 4.6802e-05 7.16424e-05 9.1724e-05 0.000105197
0.64 0 2.10918e-05 4.81631e-05 7.36436e-05 9.41716e-05 0.0001079
0.645 0 2.17093e-05 4.95338e-05 7.56571e-05 9.66344e-05 0.00011062
0.65 0 2.23314e-05 5.09131e-05 7.76818e-05 9.91115e-05 0.000113358
0.655 0 2.29579e-05 5.23e-05 7.97166e-05 0.000101602 0.000116113
0.66 0 2.3588e-05 5.36939e-05 8.17605e-05 0.000104105 0.000118886
0.665 0 2.42214e-05 5.50936e-05 8.38126e-05 0.00010662 0.000121674
0.67 0 2.48574e-05 5.64983e-05 8.58718e-05 0.000109146 0.000124478
0.675 0 2.54956e-05 5.7907e-05 8.79372e-05 0.000111683 0.000127297
0.68 0 2.61354e-05 5.93189e-05 9.0008e-05 0.000114229 0.000130131
0.685 0 2.67761e-05 6.0733e-05 9.20832e-05 0.000116784 0.000132979
0.69 0 2.74173e-05 6.21484e-05 9.4162e-05 0.000119348 0.00013584
0.695 0 2.80583e-05 6.35642e-05 9.62436e-05 0.000121918 0.000138714
0.7 0 2.86985e-05 6.49795e-05 9.83272e-05 0.000124496 0.000141599
0.705 0 2.93375e-05 6.63934e-05 0.000100412 0.000127079 0.000144495
0.71 0 2.99746e-05 6.78052e-05 0.000102497 0.000129668 0.0001474
0.715 0 3.06094e-05 6.92141e-05 0.000104582 0.000132261 0.000150315
0.72 0 3.12415e-05 7.06192e-05 0.000106667 0.000134858 0.000153237
0.725 0 3.18702e-05 7.20199e-05 0.000108749 0.000137458 0.000156166
0.73 0 3.24953e-05 7.34156e-05 0.000110829 0.00014006 0.000159101
0.735 0 3.31164e-05 7.48056e-05 0.000112906 0.000142664 0.00016204
0.74 0 3.37332e-05 7.61893e-05 0.00011498 0.000145268 0.000164984
0.745 0 3.43455e-05 7.75663e-05 0.000117049 0.000147872 0.000167929
0.75 0 3.49529e-05 7.89361e-05 0.000119114 0.000150475 0.000170877
0.755 0 3.55553e-05 8.02984e-05 0.000121172 0.000153076 0.000173824
0.76 0 3.61526e-05 8.16527e-05 0.000123225 0.000155674 0.000176771
0.765 0 3.67448e-05 8.29988e-05 0.000125271 0.000158269 0.000179716
0.77 0 3.73318e-05 8.43365e-05 0.000127309 0.000160859 0.000182658
0.775 0 3.79135e-05 8.56655e-05 0.000129339 0.000163443 0.000185596
0.78 0 3.84901e-05 8.69858e-05 0.000131361 0.00016602 0.000188528
0.785 0 3.90617e-05 8.82972e-05 0.000133374 0.000168589 0.000191454
0.79 0 3.96283e-05 8.95997e-05 0.000135377 0.00017115 0.000194372
0.795 0 4.01901e-05 9.08933e-05 0.00013737 0.000173701 0.000197281
0.8 0 4.07472e-05 9.2178e-05 0.000139352 0.000176242 0.00020018
0.805 0 4.13e-05 9.34537e-05 0.000141322 0.00017877 0.000203069
0.81 0 4.18484e-05 9.47206e-05 0.000143281 0.000181286 0.000205944
0.815 0 4.23929e-05 9.59786e-05 0.000145228 0.000183789 0.000208806
0.82 0 4.29335e-05 9.72279e-05 0.000147161 0.000186276 0.000211654
0.825 0 4.34704e-05 9.84686e-05 0.000149082 0.000188749 0.000214485
0.83 0 4.40039e-05 9.97007e-05 0.000150989 0.000191204 0.000217299
0.835 0 4.45342e-05 0.000100924 0.000152883 0.000193643 0.000220094
0.84 0 4.50613e-05 0.000102139 0.000154762 0.000196063 0.00022287
0.845 0 4.55854e-05 0.000103346 0.000156626 0.000198465 0.000225625
0.85 0 4.61067e-05 0.000104544 0.000158476 0.000200846 0.000228358
0.855 0 4.66253e-05 0.000105735 0.00016031 0.000203207 0.000231068
0.86 0 4.71411e-05 0.000106916 0.000162129 0.000205547 0.000233753
0.865 0 4.76542e-05 0.00010809 0.000163932 0.000207865 0.000236412
0.87 0 4.81647e-05 0.000109255 0.00016572 0.00021016 0.000239045
0.875 0 4.86724e-05 0.000110412 0.000167491 0.000212432 0.00024165
0.88 0 4.91775e-05 0.00011156 0.000169246 0.00021468 0.000244226
0.885 0 4.96797e-05 0.0001127 0.000170984 0.000216904 0.000246772
0.89 0 5.01791e-05 0.000113831 0.000172706 0.000219103 0.000249287
0.895 0 5.06754e-05 0.000114954 0.000174411 0.000221276 0.000251771
0.9 0 5.11687e-05 0.000116067 0.000176098 0.000223423 0.000254221
0.905 0 5.16586e-05 0.000117172 0.000177769 0.000225544 0.000256638
0.91 0 5.21452e-05 0.000118267 0.000179421 0.000227638 0.000259021
0.915 0 5.26282e-05 0.000119352 0.000181056 0.000229705 0.000261368
0.92 0 5.31074e-05 0.000120428 0.000182673 0.000231744 0.00026368
0.925 0 5.35828e-05 0.000121494 0.000184271 0.000233755 0.000265956
0.93 0 5.4054e-05 0.000122549 0.000185851 0.000235737 0.000268195
0.935 0 5.45211e-05 0.000123594 0.000187412 0.000237691 0.000270397
0.94 0 5.49837e-05 0.000124628 0.000188954 0.000239615 0.000272562
0.945 0 5.54418e-05 0.000125651 0.000190476 0.000241511 0.000274689
0.95 0 5.58951e-05 0.000126663 0.000191978 0.000243376 0.000276778
0.955 0 5.63436e-05 0.000127662 0.000193459 0.000245212 0.000278829
0.96 0 5.6787e-05 0.00012865 0.00019492 0.000247017 0.000280842
0.965 0 5.72252e-05 0.000129625 0.00019636 0.000248792 0.000282817
0.97 0 5.7658e-05 0.000130587 0.000197778 0.000250536 0.000284754
0.975 0 5.80853e-05 0.000131536 0.000199174 0.000252249 0.000286653
0.98 0 5.8507e-05 0.000132471 0.000200548 0.000253932 0.000288514
0.985 0 5.89228e-05 0.000133392 0.000201899 0.000255583 0.000290338
0.99 0 5.93327e-05 0.0001343 0.000203227 0.000257202 0.000292125
0.995 0 5.97364e-05 0.000135192 0.000204531 0.000258791 0.000293875
1 0 6.01338e-05 0.000136069 0.000205811 0.000260347 0.000295589
1.005 0 6.05247e-05 0.000136931 0.000207067 0.000261872 0.000297266
1.01 0 6.09089e-05 0.000137777 0.000208298 0.000263366 0.000298908
1.015 0 6.12864e-05 0.000138607 0.000209504 0.000264827 0.000300515
1.02 0 6.16568e-05 0.000139421 0.000210684 0.000266258 0.000302086
1.025 0 6.202e-05 0.000140218 0.000211839 0.000267656 0.000303624
1.03 0 6.23758e-05 0.000140997 0.000212968 0.000269023 0.000305127
1.035 0 6.2724e-05 0.000141759 0.000214071 0.000270359 0.000306597
1.04 0 6.30644e-05 0.000142504 0.000215148 0.000271664 0.000308035
1.045 0 6.33969e-05 0.00014323 0.000216198 0.000272937 0.000309439
1.05 0 6.37212e-05 0.000143938 0.000217222 0.00027418 0.000310811
1.055 0 6.40371e-05 0.000144627 0.000218219 0.000275392 0.000312152
1.06 0 6.43445e-05 0.000145298 0.00021919 0.000276574 0.000313461
1.065 0 6.46432e-05 0.00014595 0.000220134 0.000277725 0.00031474
1.07 0 6.4933e-05 0.000146582 0.000221052 0.000278847 0.000315988
1.075 0 6.52138e-05 0.000147196 0.000221943 0.000279939 0.000317206
1.08 0 6.54855e-05 0.00014779 0.000222808 0.000281003 0.000318395
1.085 0 6.5748e-05 0.000148364 0.000223647 0.000282037 0.000319554
1.09 0 6.60011e-05 0.00014892 0.00022446 0.000283043 0.000320684
1.095 0 6.62449e-05 0.000149456 0.000225247 0.000284021 0.000321786
1.1 0 6.64793e-05 0.000149972 0.00022601 0.000284971 0.00032286
1.105 0 6.67043e-05 0.00015047 0.000226747 0.000285894 0.000323906
1.11 0 6.69199e-05 0.000150948 0.000227459 0.00028679 0.000324924
1.115 0 6.71262e-05 0.000151408 0.000228147 0.000287659 0.000325916
1.12 0 6.73232e-05 0.000151849 0.000228811 0.000288502 0.00032688
1.125 0 6.75112e-05 0.000152272 0.000229451 0.00028932 0.000327818
1.13 0 6.76903e-05 0.000152677 0.000230069 0.000290112 0.00032873
1.135 0 6.78606e-05 0.000153064 0.000230663 0.000290879 0.000329616
1.14 0 6.80224e-05 0.000153434 0.000231235 0.000291622 0.000330477
1.145 0 6.81759e-05 0.000153788 0.000231786 0.000292341 0.000331313
1.15 0 6.83214e-05 0.000154125 0.000232315 0.000293036 0.000332124
1.155 0 6.84593e-05 0.000154447 0.000232824 0.000293708 0.00033291
1.16 0 6.85898e-05 0.000154754 0.000233312 0.000294357 0.000333673
1.165 0 6.87133e-05 0.000155046 0.000233781 0.000294983 0.000334412
1.17 0 6.88302e-05 0.000155324 0.000234231 0.000295588 0.000335128
1.175 0 6.89408e-05 0.000155589 0.000234662 0.000296172 0.00033582
1.18 0 6.90456e-05 0.000155841 0.000235075 0.000296734 0.00033649
1.185 0 6.91448e-05 0.000156081 0.000235472 0.000297276 0.000337138
1.19 0 6.92391e-05 0.00015631 0.000235851 0.000297798 0.000337765
1.195 0 6.93286e-05 0.000156528 0.000236215 0.0002983 0.000338369
1.2 0 6.94139e-05 0.000156737 0.000236564 0.000298784 0.000338953
1.205 0 6.94954e-05 0.000156936 0.000236898 0.000299249 0.000339516
1.21 0 6.95733e-05 0.000157126 0.000237218 0.000299696 0.000340059
1.215 0 6.96482e-05 0.000157309 0.000237525 0.000300125 0.000340583
1.22 0 6.97203e-05 0.000157484 0.00023782 0.000300538 0.000341087
1.225 0 6.97901e-05 0.000157653 0.000238103 0.000300935 0.000341572
1.23 0 6.98578e-05 0.000157816 0.000238375 0.000301317 0.000342038
1.235 0 6.99238e-05 0.000157973 0.000238636 0.000301683 0.000342487
1.24 0 6.99884e-05 0.000158126 0.000238889 0.000302035 0.000342919
1.245 0 7.00519e-05 0.000158275 0.000239132 0.000302374 0.000343333
1.25 0 7.01145e-05 0.00015842 0.000239367 0.0003027 0.000343731
1.255 0 7.01764e-05 0.000158562 0.000239595 0.000303014 0.000344114
1.26 0 7.0238e-05 0.000158702 0.000239816 0.000303316 0.000344481
1.265 0 7.02995e-05 0.000158839 0.000240032 0.000303607 0.000344834
1.27 0 7.03609e-05 0.000158975 0.000240242 0.000303888 0.000345173
1.275 0 7.04225e-05 0.000159111 0.000240448 0.000304161 0.000345498
1.28 0 7.04845e-05 0.000159245 0.000240649 0.000304424 0.000345812
1.285 0 7.05471e-05 0.000159379 0.000240848 0.00030468 0.000346113
1.29 0 7.06102e-05 0.000159514 0.000241044 0.000304929 0.000346404
1.295 0 7.06742e-05 0.000159649 0.000241238 0.000305172 0.000346684
1.3 0 7.0739e-05 0.000159785 0.00024143 0.000305409 0.000346955
1.305 0 7.08048e-05 0.000159922 0.000241622 0.000305642 0.000347218
1.31 0 7.08718e-05 0.00016006 0.000241814 0.000305871 0.000347473
1.315 0 7.09398e-05 0.0001602 0.000242005 0.000306096 0.000347722
1.32 0 7.10092e-05 0.000160342 0.000242198 0.00030632 0.000347965
1.325 0 7.10798e-05 0.000160487 0.000242392 0.000306542 0.000348204
1.33 0 7.11519e-05 0.000160633 0.000242587 0.000306763 0.000348439
1.335 0 7.12253e-05 0.000160783 0.000242785 0.000306984 0.000348671
1.34 0 7.13003e-05 0.000160935 0.000242985 0.000307206 0.000348903
1.345 0 7.13768e-05 0.00016109 0.000243188 0.000307429 0.000349134
1.35 0 7.14549e-05 0.000161248 0.000243395 0.000307655 0.000349365
1.355 0 7.15346e-05 0.000161409 0.000243605 0.000307884 0.000349599
1.36 0 7.16159e-05 0.000161574 0.00024382 0.000308116 0.000349836
1.365 0 7.16989e-05 0.000161742 0.000244039 0.000308353 0.000350077
1.37 0 7.17836e-05 0.000161914 0.000244262 0.000308596 0.000350323
1.375 0 7.187e-05 0.000162089 0.000244491 0.000308844 0.000350576
1.38 0 7.19581e-05 0.000162268 0.000244725 0.000309099 0.000350836
1.385 0 7.2048e-05 0.000162451 0.000244965 0.000309361 0.000351105
1.39 0 7.21395e-05 0.000162638 0.000245211 0.000309632 0.000351383
1.395 0 7.22328e-05 0.000162829 0.000245464 0.000309911 0.000351673
1.4 0 7.23279e-05 0.000163024 0.000245723 0.0003102 0.000351974
1.405 0 7.24246e-05 0.000163223 0.000245989 0.000310499 0.000352288
1.41 0 7.25231e-05 0.000163426 0.000246263 0.000310809 0.000352617
1.415 0 7.26232e-05 0.000163633 0.000246544 0.000311131 0.000352959
1.42 0 7.27251e-05 0.000163845 0.000246833 0.000311465 0.000353318
1.425 0 7.28286e-05 0.000164062 0.000247131 0.000311811 0.000353693
1.43 0 7.29339e-05 0.000164283 0.000247437 0.000312171 0.000354086
1.435 0 7.30408e-05 0.000164509 0.000247752 0.000312546 0.000354497
1.44 0 7.31494e-05 0.000164739 0.000248077 0.000312935 0.000354928
1.445 0 7.32598e-05 0.000164974 0.000248412 0.000313339 0.000355378
1.45 0 7.33718e-05 0.000165215 0.000248756 0.000313759 0.000355848
1.455 0 7.34856e-05 0.000165461 0.000249111 0.000314196 0.00035634
1.46 0 7.36013e-05 0.000165712 0.000249477 0.000314649 0.000356854
1.465 0 7.37187e-05 0.000165969 0.000249854 0.00031512 0.00035739
1.47 0 7.38381e-05 0.000166231 0.000250243 0.00031561 0.000357948
1.475 0 7.39594e-05 0.0001665 0.000250644 0.000316117 0.000358531
1.48 0 7.40828e-05 0.000166775 0.000251057 0.000316644 0.000359137
1.485 0 7.42083e-05 0.000167056 0.000251483 0.00031719 0.000359767
1.49 0 7.43362e-05 0.000167344 0.000251923 0.000317756 0.000360422
1.495 0 7.44664e-05 0.00016764 0.000252376 0.000318342 0.000361102
1.5 0 7.45992e-05 0.000167942 0.000252842 0.000318948 0.000361807
1.505 0 7.47347e-05 0.000168253 0.000253323 0.000319575 0.000362538
1.51 0 7.4873e-05 0.000168571 0.000253819 0.000320224 0.000363294
1.515 0 7.50145e-05 0.000168897 0.00025433 0.000320894 0.000364076
1.52 0 7.51591e-05 0.000169233 0.000254856 0.000321585 0.000364884
1.525 0 7.53072e-05 0.000169577 0.000255398 0.000322299 0.000365719
1.53 0 7.5459e-05 0.000169931 0.000255956 0.000323034 0.00036658
1.535 0 7.56147e-05 0.000170294 0.00025653 0.000323793 0.000367467
1.54 0 7.57744e-05 0.000170668 0.000257121 0.000324573 0.00036838
1.545 0 7.59385e-05 0.000171052 0.000257729 0.000325376 0.00036932
1.55 0 7.61071e-05 0.000171447 0.000258355 0.000326202 0.000370286
1.555 0 7.62804e-05 0.000171853 0.000258998 0.000327051 0.000371279
1.56 0 7.64588e-05 0.00017227 0.000259658 0.000327923 0.000372297
1.565 0 7.66424e-05 0.0001727 0.000260337 0.000328818 0.000373342
1.57 0 7.68314e-05 0.000173142 0.000261035 0.000329736 0.000374413
1.575 0 7.7026e-05 0.000173596 0.000261751 0.000330677 0.00037551
1.58 0 7.72265e-05 0.000174063 0.000262486 0.000331641 0.000376632
1.585 0 7.74329e-05 0.000174543 0.000263239 0.000332629 0.000377781
1.59 0 7.76456e-05 0.000175037 0.000264012 0.000333639 0.000378954
1.595 0 7.78645e-05 0.000175544 0.000264805 0.000334673 0.000380153
1.6 0 7.809e-05 0.000176065 0.000265617 0.000335729 0.000381377
1.605 0 7.8322e-05 0.0001766 0.000266448 0.000336809 0.000382625
1.61 0 7.85607e-05 0.00017715 0.000267299 0.000337911 0.000383898
1.615 0 7.88062e-05 0.000177713 0.00026817 0.000339037 0.000385195
1.62 0 7.90586e-05 0.000178291 0.000269061 0.000340185 0.000386517
1.625 0 7.93178e-05 0.000178884 0.000269971 0.000341355 0.000387862
1.63 0 7.9584e-05 0.000179491 0.000270901 0.000342549 0.000389231
1.635 0 7.98572e-05 0.000180113 0.000271852 0.000343764 0.000390623
1.64 0 8.01373e-05 0.00018075 0.000272822 0.000345002 0.000392038
1.645 0 8.04244e-05 0.000181401 0.000273811 0.000346262 0.000393476
1.65 0 8.07183e-05 0.000182066 0.00027482 0.000347544 0.000394936
1.655 0 8.10191e-05 0.000182746 0.000275849 0.000348847 0.000396419
1.66 0 8.13266e-05 0.00018344 0.000276897 0.000350172 0.000397923
1.665 0 8.16408e-05 0.000184148 0.000277965 0.000351518 0.00039945
1.67 0 8.19615e-05 0.000184871 0.000279051 0.000352886 0.000400997
1.675 0 8.22887e-05 0.000185606 0.000280156 0.000354274 0.000402567
1.68 0 8.26223e-05 0.000186356 0.000281279 0.000355683 0.000404157
1.685 0 8.29619e-05 0.000187118 0.00028242 0.000357112 0.000405768
1.69 0 8.33076e-05 0.000187894 0.000283579 0.000358561 0.0004074
1.695 0 8.36592e-05 0.000188682 0.000284756 0.00036003 0.000409052
1.7 0 8.40164e-05 0.000189482 0.00028595 0.000361519 0.000410724
1.705 0 8.43791e-05 0.000190295 0.00028716 0.000363027 0.000412416
1.71 0 8.47471e-05 0.000191119 0.000288387 0.000364553 0.000414127
1.715 0 8.51202e-05 0.000191954 0.00028963 0.000366098 0.000415858
1.72 0 8.54981e-05 0.000192799 0.000290888 0.000367661 0.000417609
1.725 0 8.58807e-05 0.000193655 0.000292161 0.000369241 0.000419378
1.73 0 8.62678e-05 0.000194521 0.000293448 0.000370839 0.000421166
1.735 0 8.66591e-05 0.000195397 0.000294749 0.000372454 0.000422972
1.74 0 8.70543e-05 0.000196281 0.000296064 0.000374085 0.000424797
1.745 0 8.74533e-05 0.000197174 0.000297391 0.000375732 0.00042664
1.75 0 8.78558e-05 0.000198075 0.000298731 0.000377395 0.0004285
1.755 0 8.82616e-05 0.000198984 0.000300082 0.000379073 0.000430378
1.76 0 8.86705e-05 0.0001999 0.000301445 0.000380765 0.000432272
1.765 0 8.90821e-05 0.000200822 0.000302818 0.000382472 0.000434184
1.77 0 8.94962e-05 0.000201751 0.000304202 0.000384192 0.000436111
1.775 0 8.99127e-05 0.000202685 0.000305594 0.000385926 0.000438055
1.78 0 9.03313e-05 0.000203625 0.000306996 0.000387672 0.000440014
1.785 0 9.07516e-05 0.000204569 0.000308406 0.000389431 0.000441988
1.79 0 9.11736e-05 0.000205517 0.000309824 0.000391201 0.000443977
1.795 0 9.15948e-05 0.000206467 0.000311247 0.000392979 0.000445977
1.8 0 9.20087e-05 0.000207412 0.000312668 0.00039476 0.000447983
1.805 0 9.24091e-05 0.000208344 0.00031408 0.000396536 0.000449987
1.81 0 9.27948e-05 0.000209261 0.000315481 0.000398303 0.000451986
1.815 0 9.31669e-05 0.000210162 0.000316869 0.000400063 0.00045398
1.82 0 9.35266e-05 0.000211046 0.000318246 0.000401814 0.000455968
1.825 0 9.38754e-05 0.000211913 0.000319609 0.000403555 0.00045795
1.83 0 9.42149e-05 0.000212763 0.000320958 0.000405287 0.000459924
1.835 0 9.45463e-05 0.000213596 0.000322292 0.000407008 0.000461892
1.84 0 9.4871e-05 0.000214411 0.000323612 0.000408719 0.000463851
1.845 0 9.519e-05 0.000215211 0.000324915 0.000410419 0.000465801
1.85 0 9.55041e-05 0.000215994 0.000326201 0.000412107 0.000467742
1.855 0 9.58143e-05 0.000216763 0.00032747 0.000413782 0.000469673
1.86 0 9.61209e-05 0.000217519 0.00032872 0.000415445 0.000471594
1.865 0 9.64245e-05 0.000218261 0.000329953 0.000417093 0.000473503
1.87 0 9.67254e-05 0.000218992 0.000331166 0.000418725 0.0004754
1.875 0 9.70237e-05 0.000219712 0.000332361 0.000420341 0.000477285
1.88 0 9.73196e-05 0.000220423 0.000333538 0.00042194 0.000479157
1.885 0 9.76133e-05 0.000221125 0.000334697 0.00042352 0.000481015
1.89 0 9.79049e-05 0.00022182 0.000335839 0.000425081 0.000482858
1.895 0 9.81945e-05 0.000222506 0.000336964 0.000426622 0.000484686
1.9 0 9.84821e-05 0.000223186 0.000338073 0.000428141 0.000486496
1.905 0 9.87679e-05 0.00022386 0.000339166 0.000429639 0.000488289
1.91 0 9.9052e-05 0.000224528 0.000340245 0.000431114 0.000490063
1.915 0 9.93346e-05 0.000225191 0.00034131 0.000432568 0.000491816
1.92 0 9.96156e-05 0.000225848 0.000342361 0.000433999 0.000493547
1.925 0 9.98952e-05 0.0002265 0.000343399 0.000435409 0.000495255
1.93 0 0.000100173 0.000227148 0.000344425 0.000436797 0.000496937
1.935 0 0.000100451 0.00022779 0.000345439 0.000438164 0.000498593
1.94 0 0.000100727 0.000228428 0.000346441 0.00043951 0.000500221
1.945 0 0.000101001 0.000229062 0.000347431 0.000440835 0.000501819
1.95 0 0.000101275 0.000229691 0.000348411 0.000442141 0.000503387
1.955 0 0.000101548 0.000230316 0.000349381 0.000443427 0.000504923
1.96 0 0.00010182 0.000230936 0.00035034 0.000444693 0.000506426
1.965 0 0.000102091 0.000231552 0.00035129 0.000445941 0.000507895
1.97 0 0.00010236 0.000232163 0.00035223 0.000447169 0.000509331
1.975 0 0.000102629 0.000232771 0.000353161 0.000448377 0.000510732
1.98 0 0.000102896 0.000233374 0.000354083 0.000449567 0.000512098
1.985 0 0.000103161 0.000233972 0.000354996 0.000450736 0.00051343
1.99 0 0.000103425 0.000234567 0.000355901 0.000451885 0.000514727
1.995 0 0.000103687 0.000235158 0.000356796 0.000453014 0.000515989
2 0 0.000103947 0.000235744 0.000357684 0.000454123 0.000517218
2.005 0 0.000104206 0.000236327 0.000358562 0.00045521 0.000518414
2.01 0 0.000104462 0.000236907 0.000359431 0.000456277 0.000519577
2.015 0 0.000104716 0.000237482 0.00036029 0.000457322 0.000520708
2.02 0 0.000104969 0.000238054 0.000361139 0.000458345 0.000521808
2.025 0 0.00010522 0.000238623 0.000361977 0.000459346 0.000522878
2.03 0 0.000105469 0.000239187 0.000362804 0.000460326 0.000523919
2.035 0 0.000105716 0.000239747 0.000363619 0.000461283 0.000524932
2.04 0 0.000105963 0.000240302 0.000364422 0.000462219 0.000525918
2.045 0 0.000106208 0.000240853 0.000365212 0.000463134 0.000526877
2.05 0 0.000106453 0.000241399 0.000365987 0.000464026 0.000527812
2.055 0 0.000106696 0.000241938 0.000366749 0.000464898 0.000528722
2.06 0 0.000106939 0.000242472 0.000367495 0.000465749 0.00052961
2.065 0 0.000107181 0.000242998 0.000368226 0.000466579 0.000530475
2.07 0 0.000107423 0.000243517 0.000368942 0.000467389 0.00053132
2.075 0 0.000107663 0.000244029 0.000369641 0.000468179 0.000532144
2.08 0 0.000107902 0.000244531 0.000370324 0.000468949 0.00053295
2.085 0 0.000108138 0.000245025 0.00037099 0.000469701 0.000533737
2.09 0 0.000108373 0.000245509 0.000371639 0.000470434 0.000534507
2.095 0 0.000108605 0.000245983 0.000372272 0.000471149 0.000535261
2.1 0 0.000108833 0.000246445 0.000372887 0.000471847 0.000536
2.105 0 0.000109056 0.000246897 0.000373486 0.000472527 0.000536724
2.11 0 0.000109275 0.000247337 0.000374069 0.000473191 0.000537433
2.115 0 0.000109488 0.000247764 0.000374635 0.000473838 0.00053813
2.12 0 0.000109695 0.000248179 0.000375184 0.000474471 0.000538815
2.125 0 0.000109895 0.000248581 0.000375718 0.000475088 0.000539487
2.13 0 0.000110087 0.000248969 0.000376236 0.000475692 0.000540148
2.135 0 0.000110272 0.000249343 0.000376739 0.000476281 0.000540799
2.14 0 0.000110447 0.000249702 0.000377227 0.000476858 0.000541439
2.145 0 0.000110614 0.000250048 0.000377701 0.000477422 0.000542069
2.15 0 0.000110772 0.000250378 0.00037816 0.000477974 0.00054269
2.155 0 0.00011092 0.000250694 0.000378605 0.000478516 0.000543303
2.16 0 0.000111059 0.000250994 0.000379036 0.000479047 0.000543907
2.165 0 0.000111188 0.00025128 0.000379454 0.000479567 0.000544503
2.17 0 0.000111308 0.000251551 0.000379859 0.000480079 0.000545091
2.175 0 0.000111419 0.000251807 0.000380251 0.000480581 0.000545672
2.18 0 0.000111521 0.000252049 0.000380631 0.000481075 0.000546247
2.185 0 0.000111615 0.000252277 0.000380998 0.000481561 0.000546815
2.19 0 0.0001117 0.000252492 0.000381354 0.000482039 0.000547377
2.195 0 0.000111778 0.000252693 0.000381698 0.00048251 0.000547933
2.2 0 0.000111848 0.000252883 0.000382032 0.000482973 0.000548485
2.205 0 0.000111912 0.00025306 0.000382354 0.00048343 0.000549031
2.21 0 0.00011197 0.000253227 0.000382667 0.00048388 0.000549574
2.215 0 0.000112022 0.000253384 0.000382969 0.000484323 0.000550112
2.22 0 0.000112069 0.000253532 0.000383262 0.000484759 0.000550647
2.225 0 0.000112112 0.000253672 0.000383546 0.000485189 0.000551178
2.23 0 0.000112152 0.000253804 0.000383822 0.000485613 0.000551707
2.235 0 0.000112188 0.00025393 0.00038409 0.000486031 0.000552232
2.24 0 0.000112222 0.000254051 0.000384351 0.000486443 0.000552755
2.245 0 0.000112254 0.000254167 0.000384606 0.000486849 0.000553275
2.25 0 0.000112285 0.000254279 0.000384854 0.000487249 0.000553793
2.255 0 0.000112316 0.000254389 0.000385097 0.000487645 0.000554309
2.26 0 0.000112347 0.000254497 0.000385336 0.000488036 0.000554822
2.265 0 0.000112378 0.000254605 0.000385571 0.000488422 0.000555333
2.27 0 0.00011241 0.000254712 0.000385803 0.000488804 0.000555841
2.275 0 0.000112444 0.00025482 0.000386033 0.000489182 0.000556347
2.28 0 0.00011248 0.00025493 0.000386261 0.000489557 0.000556849
2.285 0 0.000112518 0.000255042 0.000386489 0.000489929 0.000557349
2.29 0 0.000112559 0.000255157 0.000386717 0.0004903 0.000557846
2.295 0 0.000112603 0.000255275 0.000386947 0.000490668 0.00055834
2.3 0 0.00011265 0.000255398 0.000387178 0.000491036 0.00055883
2.305 0 0.000112701 0.000255526 0.000387413 0.000491403 0.000559317
2.31 0 0.000112755 0.000255659 0.000387651 0.00049177 0.0005598
2.315 0 0.000112813 0.000255798 0.000387893 0.000492138 0.00056028
2.32 0 0.000112875 0.000255944 0.000388141 0.000492507 0.000560755
2.325 0 0.000112941 0.000256096 0.000388395 0.000492877 0.000561228
2.33 0 0.000113011 0.000256255 0.000388656 0.00049325 0.000561697
2.335 0 0.000113085 0.000256423 0.000388924 0.000493626 0.000562163
2.34 0 0.000113163 0.000256598 0.0003892 0.000494005 0.000562626
2.345 0 0.000113245 0.000256781 0.000389485 0.000494388 0.000563086
2.35 0 0.000113331 0.000256973 0.000389779 0.000494775 0.000563544
2.355 0 0.000113422 0.000257174 0.000390083 0.000495167 0.000564
2.36 0 0.000113516 0.000257384 0.000390397 0.000495564 0.000564455
2.365 0 0.000113615 0.000257603 0.000390721 0.000495967 0.000564909
2.37 0 0.000113719 0.000257831 0.000391055 0.000496376 0.000565364
2.375 0 0.000113826 0.000258069 0.0003914 0.000496792 0.000565819
2.38 0 0.000113938 0.000258316 0.000391756 0.000497215 0.000566276
2.385 0 0.000114055 0.000258573 0.000392123 0.000497646 0.000566735
2.39 0 0.000114176 0.000258839 0.000392501 0.000498084 0.000567198
2.395 0 0.000114302 0.000259115 0.000392889 0.00049853 0.000567666
2.4 0 0.000114433 0.0002594 0.000393288 0.000498986 0.000568139
2.405 0 0.000114569 0.000259694 0.000393699 0.00049945 0.000568618
2.41 0 0.000114709 0.000259997 0.000394119 0.000499924 0.000569105
2.415 0 0.000114854 0.00026031 0.00039455 0.000500408 0.000569601
2.42 0 0.000115004 0.000260631 0.000394992 0.000500901 0.000570106
2.425 0 0.000115159 0.000260961 0.000395443 0.000501406 0.000570622
2.43 0 0.000115318 0.000261299 0.000395905 0.000501921 0.00057115
2.435 0 0.000115481 0.000261645 0.000396376 0.000502448 0.000571691
2.44 0 0.000115649 0.000261999 0.000396858 0.000502987 0.000572246
2.445 0 0.000115821 0.00026236 0.000397348 0.000503538 0.000572816
2.45 0 0.000115996 0.000262729 0.000397849 0.000504101 0.000573402
2.455 0 0.000116176 0.000263104 0.000398358 0.000504677 0.000574004
2.46 0 0.000116358 0.000263486 0.000398877 0.000505267 0.000574625
2.465 0 0.000116544 0.000263874 0.000399406 0.00050587 0.000575264
2.47 0 0.000116732 0.000264268 0.000399943 0.000506488 0.000575922
2.475 0 0.000116923 0.000264667 0.00040049 0.00050712 0.000576601
2.48 0 0.000117116 0.000265071 0.000401046 0.000507768 0.0005773
2.485 0 0.00011731 0.00026548 0.000401611 0.000508431 0.000578021
2.49 0 0.000117506 0.000265894 0.000402186 0.000509109 0.000578764
2.495 0 0.000117703 0.000266311 0.00040277 0.000509804 0.000579529
2.5 0 0.000117901 0.000266732 0.000403363 0.000510516 0.000580317
2.505 0 0.0001181 0.000267157 0.000403966 0.000511245 0.000581128
2.51 0 0.000118299 0.000267585 0.000404579 0.000511992 0.000581963
2.515 0 0.000118498 0.000268017 0.000405201 0.000512756 0.000582822
2.52 0 0.000118697 0.000268451 0.000405834 0.000513538 0.000583704
2.525 0 0.000118896 0.000268888 0.000406476 0.000514338 0.000584612
2.53 0 0.000119094 0.000269328 0.000407129 0.000515157 0.000585543
2.535 0 0.000119292 0.000269771 0.000407792 0.000515995 0.0005865
2.54 0 0.00011949 0.000270217 0.000408466 0.000516852 0.00058748
2.545 0 0.000119688 0.000270665 0.00040915 0.000517728 0.000588486
2.55 0 0.000119885 0.000271117 0.000409844 0.000518623 0.000589516
2.555 0 0.000120082 0.000271572 0.00041055 0.000519537 0.000590571
2.56 0 0.000120279 0.000272031 0.000411267 0.00052047 0.000591651
2.565 0 0.000120477 0.000272493 0.000411995 0.000521422 0.000592755
2.57 0 0.000120674 0.000272959 0.000412734 0.000522393 0.000593884
2.575 0 0.000120873 0.00027343 0.000413485 0.000523383 0.000595036
2.58 0 0.000121072 0.000273906 0.000414247 0.000524392 0.000596213
2.585 0 0.000121273 0.000274387 0.000415021 0.00052542 0.000597413
2.59 0 0.000121475 0.000274873 0.000415807 0.000526466 0.000598637
2.595 0 0.00012168 0.000275365 0.000416605 0.000527531 0.000599884
2.6 0 0.000121886 0.000275864 0.000417415 0.000528614 0.000601153
2.605 0 0.000122096 0.00027637 0.000418237 0.000529714 0.000602445
2.61 0 0.000122308 0.000276884 0.000419072 0.000530832 0.000603759
2.615 0 0.000122524 0.000277405 0.000419919 0.000531968 0.000605094
2.62 0 0.000122744 0.000277935 0.000420779 0.000533121 0.000606451
2.625 0 0.000122968 0.000278473 0.000421652 0.000534291 0.000607827
2.63 0 0.000123197 0.000279021 0.000422538 0.000535477 0.000609224
2.635 0 0.00012343 0.000279578 0.000423438 0.00053668 0.000610639
2.64 0 0.000123669 0.000280146 0.000424351 0.000537899 0.000612074
2.645 0 0.000123912 0.000280724 0.000425277 0.000539135 0.000613526
2.65 0 0.000124162 0.000281312 0.000426217 0.000540386 0.000614995
2.655 0 0.000124417 0.000281912 0.000427171 0.000541652 0.000616482
2.66 0 0.000124678 0.000282523 0.000428139 0.000542934 0.000617984
2.665 0 0.000124945 0.000283146 0.000429122 0.000544231 0.000619502
2.67 0 0.000125218 0.00028378 0.000430119 0.000545543 0.000621034
2.675 0 0.000125498 0.000284426 0.00043113 0.000546869 0.000622581
2.68 0 0.000125783 0.000285085 0.000432156 0.00054821 0.000624141
2.685 0 0.000126076 0.000285756 0.000433196 0.000549565 0.000625713
2.69 0 0.000126374 0.000286439 0.000434252 0.000550933 0.000627298
2.695 0 0.000126679 0.000287134 0.000435321 0.000552316 0.000628895
2.7 0 0.000126989 0.000287842 0.000436406 0.000553712 0.000630503
2.705 0 0.000127306 0.000288562 0.000437505 0.000555121 0.000632121
2.71 0 0.000127629 0.000289294 0.000438619 0.000556544 0.000633749
2.715 0 0.000127958 0.000290038 0.000439747 0.000557979 0.000635387
2.72 0 0.000128293 0.000290794 0.000440889 0.000559426 0.000637034
2.725 0 0.000128634 0.000291561 0.000442046 0.000560886 0.00063869
2.73 0 0.00012898 0.00029234 0.000443216 0.000562358 0.000640355
2.735 0 0.000129331 0.00029313 0.000444399 0.000563841 0.000642028
2.74 0 0.000129688 0.00029393 0.000445596 0.000565336 0.000643709
2.745 0 0.00013005 0.000294742 0.000446805 0.000566841 0.000645398
2.75 0 0.000130417 0.000295563 0.000448027 0.000568358 0.000647094
2.755 0 0.000130789 0.000296394 0.00044926 0.000569885 0.000648799
2.76 0 0.000131165 0.000297234 0.000450505 0.000571422 0.00065051
2.765 0 0.000131545 0.000298084 0.000451761 0.000572968 0.000652229
2.77 0 0.00013193 0.000298941 0.000453027 0.000574525 0.000653956
2.775 0 0.000132319 0.000299807 0.000454302 0.00057609 0.00065569
2.78 0 0.000132711 0.00030068 0.000455587 0.000577664 0.000657432
2.785 0 0.000133107 0.00030156 0.00045688 0.000579246 0.000659181
2.79 0 0.000133506 0.000302446 0.000458181 0.000580836 0.000660937
2.795 0 0.000133908 0.000303338 0.00045949 0.000582434 0.000662701
2.8 0 0.000134312 0.000304235 0.000460805 0.000584039 0.000664473
2.805 0 0.000134719 0.000305137 0.000462126 0.00058565 0.000666252
2.81 0 0.000135128 0.000306043 0.000463452 0.000587269 0.000668039
2.815 0 0.000135539 0.000306953 0.000464783 0.000588893 0.000669834
2.82 0 0.000135951 0.000307865 0.000466118 0.000590524 0.000671636
2.825 0 0.000136364 0.000308779 0.000467457 0.00059216 0.000673446
2.83 0 0.000136778 0.000309696 0.000468799 0.000593801 0.000675263
2.835 0 0.000137193 0.000310613 0.000470143 0.000595446 0.000677088
2.84 0 0.000137607 0.00031153 0.000471488 0.000597097 0.00067892
2.845 0 0.000138022 0.000312448 0.000472835 0.000598751 0.00068076
2.85 0 0.000138435 0.000313365 0.000474183 0.000600409 0.000682606
2.855 0 0.000138848 0.00031428 0.000475531 0.000602071 0.00068446
2.86 0 0.00013926 0.000315194 0.000476878 0.000603736 0.00068632
2.865 0 0.00013967 0.000316106 0.000478225 0.000605403 0.000688186
2.87 0 0.000140078 0.000317014 0.00047957 0.000607073 0.000690059
2.875 0 0.000140484 0.00031792 0.000480914 0.000608745 0.000691937
2.88 0 0.000140888 0.000318822 0.000482256 0.000610419 0.000693821
2.885 0 0.000141289 0.000319719 0.000483596 0.000612094 0.000695709
2.89 0 0.000141687 0.000320613 0.000484933 0.00061377 0.000697602
2.895 0 0.000142082 0.000321502 0.000486266 0.000615447 0.000699499
2.9 0 0.000142474 0.000322385 0.000487596 0.000617124 0.000701399
2.905 0 0.000142863 0.000323264 0.000488923 0.000618801 0.000703302
2.91 0 0.000143248 0.000324136 0.000490245 0.000620477 0.000705208
2.915 0 0.00014363 0.000325004 0.000491564 0.000622152 0.000707116
2.92 0 0.000144008 0.000325865 0.000492877 0.000623826 0.000709025
2.925 0 0.000144382 0.000326721 0.000494186 0.000625498 0.000710935
2.93 0 0.000144753 0.00032757 0.00049549 0.000627167 0.000712844
2.935 0 0.00014512 0.000328414 0.000496788 0.000628834 0.000714753
2.94 0 0.000145483 0.000329252 0.000498081 0.000630497 0.000716661
2.945 0 0.000145843 0.000330083 0.000499369 0.000632157 0.000718567
2.95 0 0.0001462 0.000330909 0.00050065 0.000633813 0.00072047
2.955 0 0.000146553 0.000331729 0.000501926 0.000635464 0.00072237
2.96 0 0.000146904 0.000332543 0.000503195 0.000637109 0.000724266
2.965 0 0.000147251 0.000333352 0.000504458 0.000638749 0.000726157
2.97 0 0.000147596 0.000334156 0.000505715 0.000640383 0.000728042
2.975 0 0.000147938 0.000334954 0.000506965 0.00064201 0.000729921
2.98 0 0.000148277 0.000335747 0.000508209 0.00064363 0.000731793
2.985 0 0.000148615 0.000336535 0.000509445 0.000645242 0.000733658
2.99 0 0.00014895 0.000337319 0.000510675 0.000646847 0.000735514
2.995 0 0.000149283 0.000338098 0.000511898 0.000648442 0.00073736
3 0 0.000149615 0.000338873 0.000513114 0.000650029 0.000739197
3.005 0 0.000149946 0.000339644 0.000514323 0.000651606 0.000741023
3.01 0 0.000150275 0.00034041 0.000515524 0.000653174 0.000742837
3.015 0 0.000150602 0.000341174 0.000516719 0.000654731 0.000744639
3.02 0 0.000150929 0.000341933 0.000517906 0.000656278 0.000746429
3.025 0 0.000151255 0.000342689 0.000519086 0.000657813 0.000748205
3.03 0 0.00015158 0.000343442 0.000520259 0.000659338 0.000749966
3.035 0 0.000151904 0.000344192 0.000521424 0.00066085 0.000751713
3.04 0 0.000152227 0.000344938 0.000522582 0.000662351 0.000753445
3.045 0 0.00015255 0.000345682 0.000523733 0.000663839 0.00075516
3.05 0 0.000152873 0.000346422 0.000524876 0.000665314 0.000756859
3.055 0 0.000153195 0.00034716 0.000526012 0.000666777 0.000758541
3.06 0 0.000153516 0.000347895 0.00052714 0.000668227 0.000760205
3.065 0 0.000153836 0.000348627 0.00052826 0.000669663 0.000761852
3.07 0 0.000154157 0.000349356 0.000529373 0.000671085 0.00076348
3.075 0 0.000154476 0.000350082 0.000530478 0.000672494 0.000765089
3.08 0 0.000154795 0.000350804 0.000531575 0.000673889 0.000766679
3.085 0 0.000155113 0.000351524 0.000532665 0.000675269 0.000768249
3.09 0 0.00015543 0.00035224 0.000533746 0.000676635 0.0007698
3.095 0 0.000155746 0.000352953 0.000534818 0.000677987 0.000771331
3.1 0 0.000156061 0.000353662 0.000535883 0.000679324 0.000772843
3.105 0 0.000156375 0.000354367 0.000536938 0.000680647 0.000774334
3.11 0 0.000156688 0.000355068 0.000537985 0.000681954 0.000775805
3.115 0 0.000157 0.000355766 0.000539023 0.000683247 0.000777256
3.12 0 0.000157309 0.000356458 0.000540052 0.000684524 0.000778687
3.125 0 0.000157618 0.000357146 0.000541071 0.000685786 0.000780099
3.13 0 0.000157924 0.000357829 0.00054208 0.000687033 0.00078149
3.135 0 0.000158229 0.000358506 0.00054308 0.000688265 0.000782862
3.14 0 0.000158531 0.000359178 0.00054407 0.000689482 0.000784214
3.145 0 0.000158831 0.000359845 0.000545049 0.000690683 0.000785547
3.15 0 0.000159129 0.000360505 0.000546017 0.000691869 0.000786862
3.155 0 0.000159424 0.000361158 0.000546974 0.000693039 0.000788157
3.16 0 0.000159716 0.000361805 0.000547921 0.000694194 0.000789435
3.165 0 0.000160006 0.000362445 0.000548856 0.000695334 0.000790694
3.17 0 0.000160292 0.000363078 0.000549779 0.000696459 0.000791935
3.175 0 0.000160575 0.000363703 0.00055069 0.000697568 0.00079316
3.18 0 0.000160855 0.00036432 0.000551589 0.000698662 0.000794367
3.185 0 0.000161131 0.000364929 0.000552476 0.000699741 0.000795558
3.19 0 0.000161403 0.000365529 0.00055335 0.000700805 0.000796732
3.195 0 0.000161671 0.000366121 0.000554212 0.000701854 0.000797891
3.2 0 0.000161936 0.000366703 0.000555061 0.000702888 0.000799035
3.205 0 0.000162196 0.000367276 0.000555896 0.000703907 0.000800163
3.21 0 0.000162451 0.00036784 0.000556719 0.000704911 0.000801276
3.215 0 0.000162702 0.000368394 0.000557528 0.000705902 0.000802376
3.22 0 0.000162949 0.000368938 0.000558324 0.000706877 0.000803461
3.225 0 0.00016319 0.000369472 0.000559107 0.000707839 0.000804533
3.23 0 0.000163427 0.000369996 0.000559876 0.000708787 0.000805591
3.235 0 0.000163658 0.000370509 0.000560632 0.00070972 0.000806636
3.24 0 0.000163885 0.000371012 0.000561374 0.000710641 0.000807668
3.245 0 0.000164106 0.000371504 0.000562104 0.000711547 0.000808688
3.25 0 0.000164322 0.000371986 0.000562819 0.000712441 0.000809696
3.255 0 0.000164533 0.000372457 0.000563522 0.000713321 0.000810692
3.26 0 0.000164738 0.000372918 0.000564212 0.000714188 0.000811676
3.265 0 0.000164938 0.000373368 0.000564888 0.000715043 0.000812648
3.27 0 0.000165133 0.000373807 0.000565552 0.000715885 0.000813609
3.275 0 0.000165322 0.000374236 0.000566204 0.000716715 0.000814559
3.28 0 0.000165507 0.000374655 0.000566843 0.000717533 0.000815498
3.285 0 0.000165686 0.000375064 0.00056747 0.000718339 0.000816426
3.29 0 0.00016586 0.000375463 0.000568085 0.000719133 0.000817343
3.295 0 0.000166029 0.000375853 0.000568688 0.000719916 0.000818249
3.3 0 0.000166193 0.000376233 0.00056928 0.000720688 0.000819146
3.305 0 0.000166353 0.000376604 0.000569861 0.000721448 0.000820031
3.31 0 0.000166508 0.000376966 0.000570431 0.000722198 0.000820907
3.315 0 0.000166659 0.00037732 0.000570991 0.000722937 0.000821772
3.32 0 0.000166806 0.000377666 0.000571541 0.000723666 0.000822627
3.325 0 0.000166949 0.000378004 0.000572081 0.000724385 0.000823472
3.33 0 0.000167088 0.000378335 0.000572612 0.000725093 0.000824307
3.335 0 0.000167224 0.000378659 0.000573133 0.000725792 0.000825133
3.34 0 0.000167357 0.000378976 0.000573647 0.000726482 0.000825948
3.345 0 0.000167487 0.000379288 0.000574151 0.000727162 0.000826754
3.35 0 0.000167614 0.000379594 0.000574649 0.000727833 0.00082755
3.355 0 0.000167739 0.000379894 0.000575138 0.000728495 0.000828336
3.36 0 0.000167862 0.00038019 0.000575621 0.000729148 0.000829113
3.365 0 0.000167984 0.000380482 0.000576097 0.000729794 0.00082988
3.37 0 0.000168103 0.00038077 0.000576567 0.000730431 0.000830639
3.375 0 0.000168222 0.000381055 0.000577032 0.00073106 0.000831387
3.38 0 0.000168339 0.000381337 0.000577491 0.000731682 0.000832127
3.385 0 0.000168456 0.000381617 0.000577945 0.000732296 0.000832858
3.39 0 0.000168572 0.000381894 0.000578395 0.000732903 0.00083358
3.395 0 0.000168688 0.00038217 0.000578841 0.000733504 0.000834293
3.4 0 0.000168804 0.000382445 0.000579283 0.000734098 0.000834997
3.405 0 0.00016892 0.000382719 0.000579722 0.000734686 0.000835694
3.41 0 0.000169037 0.000382992 0.000580158 0.000735269 0.000836382
3.415 0 0.000169154 0.000383266 0.000580592 0.000735846 0.000837062
3.42 0 0.000169271 0.00038354 0.000581024 0.000736418 0.000837734
3.425 0 0.00016939 0.000383814 0.000581455 0.000736985 0.000838399
3.43 0 0.000169509 0.000384089 0.000581884 0.000737548 0.000839057
3.435 0 0.000169629 0.000384366 0.000582312 0.000738106 0.000839708
3.44 0 0.000169751 0.000384644 0.00058274 0.000738661 0.000840352
3.445 0 0.000169874 0.000384923 0.000583168 0.000739213 0.00084099
3.45 0 0.000169998 0.000385204 0.000583596 0.000739762 0.000841623
3.455 0 0.000170124 0.000385487 0.000584025 0.000740308 0.00084225
3.46 0 0.000170252 0.000385773 0.000584454 0.000740852 0.000842872
3.465 0 0.00017038 0.000386061 0.000584885 0.000741395 0.00084349
3.47 0 0.000170511 0.000386351 0.000585316 0.000741936 0.000844103
3.475 0 0.000170643 0.000386644 0.00058575 0.000742476 0.000844714
3.48 0 0.000170777 0.000386939 0.000586185 0.000743015 0.000845321
3.485 0 0.000170912 0.000387237 0.000586622 0.000743555 0.000845926
3.49 0 0.000171049 0.000387538 0.000587061 0.000744094 0.000846529
3.495 0 0.000171187 0.000387842 0.000587503 0.000744635 0.000847131
3.5 0 0.000171327 0.000388148 0.000587948 0.000745176 0.000847732
3.505 0 0.000171469 0.000388458 0.000588395 0.000745719 0.000848333
3.51 0 0.000171612 0.00038877 0.000588845 0.000746264 0.000848935
3.515 0 0.000171756 0.000389085 0.000589298 0.000746811 0.000849538
3.52 0 0.000171902 0.000389402 0.000589754 0.000747361 0.000850143
3.525 0 0.000172049 0.000389722 0.000590214 0.000747914 0.000850751
3.53 0 0.000172198 0.000390045 0.000590677 0.000748471 0.000851362
3.535 0 0.000172348 0.000390371 0.000591144 0.000749031 0.000851977
3.54 0 0.000172499 0.000390699 0.000591614 0.000749596 0.000852597
3.545 0 0.000172651 0.00039103 0.000592088 0.000750165 0.000853222
3.55 0 0.000172804 0.000391363 0.000592566 0.00075074 0.000853852
3.555 0 0.000172958 0.000391699 0.000593048 0.000751319 0.00085449
3.56 0 0.000173113 0.000392037 0.000593534 0.000751905 0.000855134
3.565 0 0.000173269 0.000392377 0.000594023 0.000752497 0.000855787
3.57 0 0.000173426 0.000392719 0.000594518 0.000753095 0.000856447
3.575 0 0.000173584 0.000393064 0.000595016 0.0007537 0.000857117
3.58 0 0.000173742 0.000393411 0.000595519 0.000754313 0.000857796
3.585 0 0.000173901 0.00039376 0.000596027 0.000754933 0.000858486
3.59 0 0.000174061 0.000394111 0.000596539 0.000755561 0.000859186
3.595 0 0.000174221 0.000394464 0.000597056 0.000756197 0.000859897
3.6 0 0.000174382 0.000394819 0.000597578 0.000756842 0.00086062
3.605 0 0.000174543 0.000395177 0.000598106 0.000757495 0.000861354
3.61 0 0.000174705 0.000395536 0.000598638 0.000758158 0.000862102
3.615 0 0.000174867 0.000395898 0.000599176 0.00075883 0.000862862
3.62 0 0.00017503 0.000396262 0.00059972 0.000759513 0.000863635
3.625 0 0.000175194 0.000396629 0.000600269 0.000760205 0.000864421
3.63 0 0.000175358 0.000396998 0.000600824 0.000760907 0.000865222
3.635 0 0.000175522 0.000397369 0.000601386 0.00076162 0.000866036
3.64 0 0.000175688 0.000397744 0.000601954 0.000762343 0.000866865
3.645 0 0.000175854 0.000398121 0.000602528 0.000763078 0.000867708
3.65 0 0.000176021 0.000398501 0.00060