0.005 0 -0.000385705 -0.000387466 -0.000377686 -0.000372877 -0.000360067
0.01 0 -0.000752055 -0.000780573 -0.000752834 -0.000744442 -0.000719158
0.015 0 -0.000696593 -0.00077838 -0.000726904 -0.000714339 -0.000677822
0.02 0 -0.000626623 -0.000777159 -0.000702981 -0.000682877 -0.000637334
0.025 0 -0.000547823 -0.00077287 -0.000682646 -0.00064972 -0.00059785
0.03 0 -0.000464943 -0.000762008 -0.000666825 -0.000614886 -0.000559332
0.035 0 -0.000382507 -0.000741918 -0.000655665 -0.00057888 -0.000521615
0.04 0 -0.000304187 -0.000711041 -0.000648435 -0.000542609 -0.000484394
0.045 0 -0.000232699 -0.000668995 -0.000643608 -0.000507283 -0.000447294
0.05 0 -0.000169723 -0.000616494 -0.000639057 -0.000474225 -0.000409931
0.055 0 -0.000116012 -0.000555184 -0.00063237 -0.000444705 -0.000372042
0.06 0 -7.1459e-05 -0.000487294 -0.000621099 -0.000419664 -0.000333492
0.065 0 -3.53649e-05 -0.00041539 -0.000603132 -0.000399611 -0.000294395
0.07 0 -6.61463e-06 -0.000342028 -0.000576905 -0.000384466 -0.000255115
0.075 0 1.61097e-05 -0.000269517 -0.000541569 -0.000373531 -0.000216262
0.08 0 3.41549e-05 -0.000199733 -0.000497065 -0.000365529 -0.000178661
0.085 0 4.87676e-05 -0.000134024 -0.000444076 -0.000358713 -0.000143278
0.09 0 6.10138e-05 -7.31977e-05 -0.000383914 -0.000351041 -0.000111127
0.095 0 7.17442e-05 -1.75703e-05 -0.000318324 -0.000340379 -8.31686e-05
0.1 0 8.16045e-05 3.29392e-05 -0.000249258 -0.000324712 -6.01923e-05
0.105 0 9.10213e-05 7.8648e-05 -0.000178691 -0.000302383 -4.27652e-05
0.11 0 0.0001003 0.000120045 -0.000108364 -0.000272196 -3.10994e-05
0.115 0 0.000109632 0.000157653 -3.96671e-05 -0.000233561 -2.50404e-05
0.12 0 0.000119099 0.000191929 2.64184e-05 -0.000186558 -2.40867e-05
0.125 0 0.000128753 0.00022328 8.93972e-05 -0.000131867 -2.73529e-05
0.13 0 0.000138597 0.000252029 0.000149192 -7.07149e-05 -3.36525e-05
0.135 0 0.000148559 0.000278408 0.000206027 -4.77768e-06 -4.1603e-05
0.14 0 0.00015855 0.000302654 0.000260367 6.40319e-05 -4.96573e-05
0.145 0 0.000168423 0.000325014 0.000312751 0.000133695 -5.6241e-05
0.15 0 0.000177981 0.000345773 0.000363667 0.000202248 -5.9847e-05
0.155 0 0.000187029 0.000365315 0.000413496 0.000267967 -5.90812e-05
0.16 0 0.000195331 0.000384052 0.000462372 0.000329411 -5.2801e-05
0.165 0 0.000202712 0.000402479 0.000510233 0.000385568 -4.00849e-05
0.17 0 0.000209021 0.000421053 0.000556749 0.000435816 -2.03403e-05
0.175 0 0.000214215 0.000440205 0.000601421 0.00047997 6.74987e-06
0.18 0 0.000218388 0.000460284 0.000643645 0.000518249 4.12385e-05
0.185 0 0.000221721 0.000481452 0.000682723 0.000551151 8.28817e-05
0.19 0 0.00022455 0.000503721 0.000718017 0.000579446 0.000131247
0.195 0 0.000227297 0.00052689 0.000748962 0.000604041 0.00018571
0.2 0 0.000230475 0.000550595 0.000775165 0.00062594 0.000245537
0.205 0 0.0002346 0.000574293 0.0007964 0.000646123 0.000309897
0.21 0 0.000240185 0.000597364 0.000812676 0.000665544 0.000377952
0.215 0 0.000247602 0.000619084 0.000824147 0.000684997 0.000448814
0.22 0 0.000257132 0.000638792 0.000831197 0.000705184 0.000521672
0.225 0 0.000268848 0.000655876 0.000834339 0.000726633 0.000595752
0.23 0 0.000282606 0.000669834 0.000834182 0.000749701 0.000670333
0.235 0 0.00029805 0.000680333 0.000831417 0.000774598 0.000744783
0.24 0 0.000314633 0.000687224 0.000826774 0.000801406 0.000818563
0.245 0 0.00033161 0.000690515 0.000820963 0.000830061 0.00089119
0.25 0 0.000348126 0.000690385 0.000814676 0.000860411 0.00096227
0.255 0 0.000363266 0.000687155 0.000808569 0.000892236 0.00103149
0.26 0 0.00037609 0.000681208 0.000803203 0.000925233 0.00109855
0.265 0 0.000385764 0.000673019 0.000799109 0.00095911 0.00116327
0.27 0 0.000391552 0.000663041 0.000796709 0.000993538 0.00122546
0.275 0 0.000392916 0.000651725 0.000796358 0.00102822 0.00128498
0.28 0 0.000389505 0.000639437 0.000798296 0.00106285 0.0013417
0.285 0 0.000381233 0.000626505 0.000802698 0.00109722 0.00139552
0.29 0 0.000368246 0.000613172 0.000809634 0.00113112 0.00144635
0.295 0 0.000350913 0.000599612 0.000819077 0.00116442 0.00149411
0.3 0 0.000329817 0.000585952 0.000830912 0.00119707 0.00153874
0.305 0 0.000305663 0.000572241 0.000844895 0.00122898 0.00158015
0.31 0 0.000279334 0.00055857 0.000860755 0.0012602 0.00161833
0.315 0 0.000251741 0.000544992 0.000878112 0.00129074 0.00165326
0.32 0 0.000223817 0.000531585 0.000896533 0.00132062 0.00168492
0.325 0 0.000196489 0.000518477 0.000915571 0.00134986 0.00171337
0.33 0 0.000170611 0.000505832 0.00093476 0.00137844 0.0017387
0.335 0 0.000146925 0.000493848 0.000953635 0.0014063 0.001761
0.34 0 0.000126076 0.000482782 0.00097179 0.00143331 0.00178046
0.345 0 0.00010855 0.000472904 0.000988852 0.0014593 0.00179726
0.35 0 9.47084e-05 0.000464524 0.00100454 0.00148404 0.00181165
0.355 0 8.47536e-05 0.000457934 0.00101863 0.00150722 0.00182386
0.36 0 7.87723e-05 0.000453436 0.00103101 0.00152853 0.00183418
0.365 0 7.67104e-05 0.000451286 0.00104163 0.0015476 0.00184285
0.37 0 7.84293e-05 0.000451717 0.00105053 0.00156411 0.00185012
0.375 0 8.36757e-05 0.00045488 0.0010578 0.00157771 0.0018562
0.38 0 9.21707e-05 0.000460903 0.0010636 0.00158815 0.00186126
0.385 0 0.00010356 0.000469817 0.00106813 0.00159523 0.00186541
0.39 0 0.00011747 0.00048159 0.00107159 0.00159882 0.0018687
0.395 0 0.000133529 0.000496126 0.00107421 0.00159891 0.0018711
0.4 0 0.000151334 0.000513231 0.0010762 0.00159558 0.00187252
0.405 0 0.000170526 0.000532676 0.00107777 0.00158902 0.0018728
0.41 0 0.000190755 0.000554163 0.00107909 0.00157951 0.00187174
0.415 0 0.000211706 0.000577355 0.00108035 0.00156742 0.0018691
0.42 0 0.000233058 0.000601847 0.00108166 0.00155315 0.00186458
0.425 0 0.000254534 0.000627228 0.00108314 0.00153716 0.00185787
0.43 0 0.000275901 0.000653091 0.00108488 0.00151996 0.00184871
0.435 0 0.000296902 0.000678991 0.00108696 0.00150199 0.0018368
0.44 0 0.000317326 0.000704522 0.00108945 0.00148371 0.00182194
0.445 0 0.000336962 0.000729294 0.00109237 0.0014655 0.00180393
0.45 0 0.000355595 0.00075294 0.00109576 0.00144771 0.00178266
0.455 0 0.000373038 0.000775157 0.00109965 0.00143058 0.00175808
0.46 0 0.000389091 0.000795673 0.00110401 0.00141429 0.00173022
0.465 0 0.00040358 0.000814286 0.00110886 0.00139895 0.00169918
0.47 0 0.000416327 0.000830834 0.00111413 0.00138455 0.00166515
0.475 0 0.00042718 0.000845217 0.00111977 0.00137103 0.00162838
0.48 0 0.000436022 0.000857396 0.0011257 0.00135829 0.00158917
0.485 0 0.000442747 0.000867356 0.00113177 0.00134613 0.0015479
0.49 0 0.000447298 0.000875131 0.00113784 0.00133436 0.00150496
0.495 0 0.000449671 0.000880792 0.00114374 0.00132273 0.00146079
0.5 0 0.00044988 0.000884404 0.00114922 0.001311 0.00141581
0.505 0 0.000448032 0.000886079 0.00115408 0.00129893 0.0013705
0.51 0 0.00044424 0.000885896 0.00115803 0.00128628 0.00132527
0.515 0 0.000438708 0.000883971 0.00116081 0.00127286 0.00128057
0.52 0 0.000431637 0.000880369 0.00116212 0.00125847 0.00123676
0.525 0 0.000423304 0.000875187 0.00116169 0.001243 0.00119421
0.53 0 0.000413966 0.000868466 0.00115922 0.00122631 0.00115322
0.535 0 0.000403922 0.000860263 0.00115448 0.00120833 0.00111407
0.54 0 0.000393456 0.000850613 0.00114721 0.00118904 0.00107697
0.545 0 0.000382839 0.00083954 0.00113722 0.00116841 0.00104209
0.55 0 0.000372303 0.000827048 0.00112433 0.00114645 0.00100954
0.555 0 0.000362062 0.000813156 0.00110844 0.00112321 0.000979398
0.56 0 0.000352262 0.000797861 0.00108948 0.00109873 0.000951673
0.565 0 0.000343015 0.000781179 0.00106743 0.00107308 0.000926353
0.57 0 0.000334359 0.00076311 0.00104232 0.00104633 0.000903364
0.575 0 0.00032629 0.000743675 0.00101427 0.00101856 0.000882612
0.58 0 0.000318742 0.000722892 0.000983406 0.000989849 0.000863956
0.585 0 0.000311579 0.000700764 0.00094991 0.000960266 0.000847203
0.59 0 0.000304661 0.000677336 0.000914032 0.000929911 0.000832173
0.595 0 0.000297797 0.000652642 0.000876039 0.000898871 0.000818638
0.6 0 0.000290752 0.000626695 0.000836205 0.000867213 0.000806329
0.605 0 0.000283322 0.000599556 0.000794864 0.000835049 0.000794997
0.61 0 0.000275261 0.000571244 0.000752317 0.000802454 0.000784343
0.615 0 0.000266377 0.000541824 0.000708911 0.000769545 0.000774093
0.62 0 0.000256467 0.000511333 0.000664953 0.000736417 0.000763943
0.625 0 0.000245369 0.000479822 0.000620749 0.000703174 0.000753595
0.63 0 0.000232959 0.000447346 0.000576581 0.000669924 0.000742757
0.635 0 0.000219152 0.000413966 0.000532709 0.000636772 0.00073115
0.64 0 0.00020391 0.000379752 0.000489362 0.00060382 0.000718508
0.645 0 0.000187239 0.000344783 0.000446734 0.000571161 0.000704585
0.65 0 0.000169181 0.00030914 0.000404979 0.000538867 0.000689153
0.655 0 0.000149839 0.000272938 0.000364233 0.000507012 0.000672033
0.66 0 0.000129347 0.000236294 0.00032459 0.000475645 0.000653069
0.665 0 0.000107871 0.000199343 0.000286113 0.000444788 0.000632143
0.67 0 8.55943e-05 0.000162226 0.000248821 0.00041443 0.000609163
0.675 0 6.27438e-05 0.000125116 0.000212733 0.000384553 0.000584095
0.68 0 3.95511e-05 8.81925e-05 0.000177829 0.000355105 0.000556936
0.685 0 1.62373e-05 5.16262e-05 0.000144054 0.000325986 0.000527696
0.69 0 -6.92251e-06 1.56468e-05 0.000111383 0.000297125 0.00049647
0.695 0 -2.97057e-05 -1.95603e-05 7.97323e-05 0.000268381 0.000463333
0.7 0 -5.1876e-05 -5.37877e-05 4.9028e-05 0.000239618 0.000428404
0.705 0 -7.31984e-05 -8.68205e-05 1.92009e-05 0.0002107 0.000391831
0.71 0 -9.34725e-05 -0.000118471 -9.84043e-06 0.00018147 0.000353758
0.715 0 -0.000112506 -0.000148553 -3.8177e-05 0.000151781 0.000314346
0.72 0 -0.000130116 -0.000176887 -6.58768e-05 0.000121506 0.000273768
0.725 0 -0.000146163 -0.000203333 -9.30226e-05 9.05111e-05 0.000232175
0.73 0 -0.000160532 -0.000227775 -0.00011969 5.86831e-05 0.000189708
0.735 0 -0.000173093 -0.000250085 -0.000145905 2.59721e-05 0.000146537
0.74 0 -0.000183801 -0.000270224 -0.000171745 -7.70492e-06 0.000102758
0.745 0 -0.000192602 -0.000288144 -0.000197235 -4.23615e-05 5.84853e-05
0.75 0 -0.000199477 -0.000303837 -0.000222395 -7.79914e-05 1.3807e-05
0.755 0 -0.000204435 -0.000317328 -0.000247236 -0.000114558 -3.12101e-05
0.76 0 -0.000207506 -0.000328661 -0.000271745 -0.000151987 -7.65082e-05
0.765 0 -0.000208777 -0.00033794 -0.000295923 -0.000190206 -0.000122077
0.77 0 -0.000208332 -0.000345262 -0.000319733 -0.000229092 -0.000167893
0.775 0 -0.000206299 -0.000350769 -0.000343143 -0.000268521 -0.000213962
0.78 0 -0.000202802 -0.000354591 -0.000366084 -0.000308324 -0.000260273
0.785 0 -0.000198028 -0.000356914 -0.000388516 -0.000348361 -0.000306857
0.79 0 -0.00019215 -0.000357906 -0.000410363 -0.000388457 -0.00035372
0.795 0 -0.000185369 -0.000357753 -0.000431559 -0.000428445 -0.000400872
0.8 0 -0.000177904 -0.000356653 -0.000452043 -0.000468168 -0.000448331
0.805 0 -0.000169965 -0.000354789 -0.000471738 -0.000507459 -0.000496082
0.81 0 -0.00016178 -0.000352358 -0.00049059 -0.000546176 -0.000544121
0.815 0 -0.000153556 -0.000349532 -0.000508535 -0.000584172 -0.000592409
0.82 0 -0.000145503 -0.000346488 -0.000525527 -0.00062132 -0.000640897
0.825 0 -0.000137828 -0.0003434 -0.000541547 -0.000657522 -0.000689532
0.83 0 -0.00013071 -0.000340423 -0.000556576 -0.000692683 -0.000738231
0.835 0 -0.000124298 -0.000337688 -0.000570606 -0.000726715 -0.000786882
0.84 0 -0.000118736 -0.000335334 -0.000583666 -0.000759566 -0.000835375
0.845 0 -0.000114132 -0.000333474 -0.000595793 -0.00079119 -0.000883571
0.85 0 -0.000110557 -0.000332198 -0.000607032 -0.000821547 -0.000931307
0.855 0 -0.000108081 -0.00033161 -0.00061748 -0.000850639 -0.000978434
0.86 0 -0.000106706 -0.000331763 -0.000627206 -0.000878442 -0.00102475
0.865 0 -0.000106436 -0.00033272 -0.000636329 -0.000904975 -0.00107008
0.87 0 -0.000107241 -0.000334526 -0.000644966 -0.000930256 -0.00111423
0.875 0 -0.000109056 -0.000337198 -0.000653237 -0.000954303 -0.00115698
0.88 0 -0.000111827 -0.000340775 -0.000661298 -0.000977171 -0.00119816
0.885 0 -0.000115457 -0.00034525 -0.000669277 -0.000998892 -0.00123755
0.89 0 -0.000119842 -0.000350619 -0.000677313 -0.00101951 -0.00127497
0.895 0 -0.000124876 -0.000356864 -0.00068554 -0.00103909 -0.00131023
0.9 0 -0.000130446 -0.000363963 -0.000694084 -0.00105766 -0.00134316
0.905 0 -0.000136452 -0.000371892 -0.000703072 -0.0010753 -0.00137362
0.91 0 -0.000142766 -0.000380594 -0.000712585 -0.00109205 -0.00140145
0.915 0 -0.000149311 -0.000390045 -0.000722727 -0.00110795 -0.00142654
0.92 0 -0.000155988 -0.000400188 -0.000733555 -0.00112307 -0.00144881
0.925 0 -0.000162731 -0.000410982 -0.000745124 -0.00113743 -0.00146819
0.93 0 -0.000169468 -0.000422365 -0.000757447 -0.00115108 -0.00148462
0.935 0 -0.000176151 -0.000434285 -0.000770527 -0.00116402 -0.00149809
0.94 0 -0.000182757 -0.000446699 -0.000784353 -0.00117629 -0.00150862
0.945 0 -0.000189269 -0.000459556 -0.000798881 -0.0011879 -0.00151625
0.95 0 -0.000195672 -0.000472795 -0.000814038 -0.00119883 -0.00152104
0.955 0 -0.000201972 -0.000486368 -0.000829743 -0.00120906 -0.00152308
0.96 0 -0.000208208 -0.000500247 -0.000845915 -0.00121861 -0.00152251
0.965 0 -0.000214387 -0.000514367 -0.000862418 -0.00122741 -0.00151944
0.97 0 -0.000220539 -0.000528683 -0.000879125 -0.00123543 -0.00151404
0.975 0 -0.000226722 -0.000543172 -0.000895917 -0.00124264 -0.00150649
0.98 0 -0.000232952 -0.000557769 -0.000912629 -0.00124897 -0.00149698
0.985 0 -0.000239277 -0.000572438 -0.00092912 -0.00125438 -0.00148571
0.99 0 -0.000245739 -0.000587143 -0.000945248 -0.00125884 -0.00147289
0.995 0 -0.000252347 -0.000601812 -0.000960842 -0.00126226 -0.00145872
1 0 -0.000259132 -0.000616403 -0.000975763 -0.00126461 -0.0014434
1.005 0 -0.000266117 -0.000630866 -0.000989879 -0.00126585 -0.00142717
1.01 0 -0.000273284 -0.000645116 -0.00100304 -0.00126594 -0.00141019
1.015 0 -0.000280647 -0.000659104 -0.00101513 -0.00126487 -0.00139267
1.02 0 -0.000288165 -0.000672734 -0.00102603 -0.0012626 -0.00137476
1.025 0 -0.000295837 -0.000685953 -0.00103567 -0.00125916 -0.00135664
1.03 0 -0.000303589 -0.000698642 -0.00104392 -0.00125452 -0.00133844
1.035 0 -0.000311386 -0.000710728 -0.00105074 -0.00124872 -0.00132029
1.04 0 -0.000319152 -0.000722103 -0.00105607 -0.00124179 -0.00130229
1.045 0 -0.000326818 -0.000732673 -0.00105987 -0.00123378 -0.00128453
1.05 0 -0.00033429 -0.000742324 -0.00106211 -0.00122472 -0.00126707
1.055 0 -0.000341481 -0.000750962 -0.00106279 -0.0012147 -0.00124996
1.06 0 -0.000348291 -0.000758479 -0.00106191 -0.00120377 -0.00123323
1.065 0 -0.000354606 -0.000764764 -0.00105948 -0.001192 -0.0012169
1.07 0 -0.000360326 -0.000769728 -0.00105554 -0.00117949 -0.00120097
1.075 0 -0.000365335 -0.000773266 -0.0010501 -0.00116629 -0.00118542
1.08 0 -0.000369547 -0.000775315 -0.00104325 -0.00115251 -0.00117025
1.085 0 -0.00037285 -0.000775786 -0.00103502 -0.00113822 -0.00115541
1.09 0 -0.00037514 -0.000774603 -0.00102545 -0.00112347 -0.00114087
1.095 0 -0.000376342 -0.000771723 -0.00101462 -0.00110836 -0.00112658
1.1 0 -0.00037639 -0.000767115 -0.00100261 -0.00109293 -0.00111252
1.105 0 -0.000375213 -0.000760741 -0.000989457 -0.00107726 -0.00109863
1.11 0 -0.000372754 -0.000752578 -0.000975218 -0.00106135 -0.00108486
1.115 0 -0.000369012 -0.00074266 -0.000959981 -0.00104529 -0.00107119
1.12 0 -0.000363943 -0.000730974 -0.00094377 -0.00102907 -0.00105756
1.125 0 -0.000357572 -0.000717574 -0.000926655 -0.00101272 -0.00104393
1.13 0 -0.000349909 -0.000702496 -0.00090867 -0.000996231 -0.00103028
1.135 0 -0.000341005 -0.000685815 -0.000889867 -0.00097962 -0.00101658
1.14 0 -0.000330905 -0.000667595 -0.000870268 -0.000962861 -0.00100279
1.145 0 -0.000319693 -0.000647936 -0.000849913 -0.00094594 -0.000988896
1.15 0 -0.000307446 -0.000626927 -0.000828819 -0.00092882 -0.000974874
1.155 0 -0.000294275 -0.000604689 -0.000807016 -0.000911476 -0.000960713
1.16 0 -0.000280292 -0.00058134 -0.000784523 -0.000893868 -0.000946395
1.165 0 -0.000265617 -0.000557009 -0.000761357 -0.000875952 -0.000931905
1.17 0 -0.000250378 -0.000531826 -0.000737535 -0.000857681 -0.000917226
1.175 0 -0.000234696 -0.000505919 -0.000713063 -0.000838996 -0.000902329
1.18 0 -0.000218724 -0.000479447 -0.00068798 -0.00081987 -0.000887216
1.185 0 -0.000202584 -0.000452538 -0.000662298 -0.000800246 -0.000871852
1.19 0 -0.000186404 -0.000425333 -0.000636042 -0.00078008 -0.00085621
1.195 0 -0.000170309 -0.000397968 -0.000609242 -0.000759329 -0.00084026
1.2 0 -0.000154414 -0.000370576 -0.000581936 -0.000737959 -0.000823963
1.205 0 -0.000138835 -0.000343295 -0.000554175 -0.000715949 -0.000807288
1.21 0 -0.00012366 -0.000316236 -0.000525997 -0.000693263 -0.000790177
1.215 0 -0.000108983 -0.000289525 -0.000497469 -0.000669896 -0.000772585
1.22 0 -9.48645e-05 -0.000263256 -0.000468643 -0.000645827 -0.000754445
1.225 0 -8.13751e-05 -0.000237536 -0.000439596 -0.000621065 -0.000735701
1.23 0 -6.85603e-05 -0.000212453 -0.000410403 -0.000595615 -0.000716286
1.235 0 -5.64431e-05 -0.000188073 -0.000381132 -0.000569482 -0.000696119
1.24 0 -4.50542e-05 -0.000164474 -0.000351877 -0.000542697 -0.000675135
1.245 0 -3.44025e-05 -0.000141711 -0.000322724 -0.000515289 -0.00065326
1.25 0 -2.44862e-05 -0.000119831 -0.000293759 -0.000487293 -0.00063042
1.255 0 -1.52838e-05 -9.88589e-05 -0.000265061 -0.00045874 -0.000606533
1.26 0 -6.79542e-06 -7.88426e-05 -0.000236736 -0.000429695 -0.000581549
1.265 0 1.01605e-06 -5.97889e-05 -0.000208857 -0.0004002 -0.000555395
1.27 0 8.17358e-06 -4.17171e-05 -0.000181516 -0.000370316 -0.000528025
1.275 0 1.47343e-05 -2.46085e-05 -0.000154766 -0.000340078 -0.00049937
1.28 0 2.07182e-05 -8.4774e-06 -0.000128696 -0.000309563 -0.000469412
1.285 0 2.61766e-05 6.69815e-06 -0.000103356 -0.000278814 -0.000438113
1.29 0 3.11417e-05 2.09256e-05 -7.88067e-05 -0.000247896 -0.000405471
1.295 0 3.56644e-05 3.42371e-05 -5.50806e-05 -0.000216851 -0.000371472
1.3 0 3.97741e-05 4.6649e-05 -3.22187e-05 -0.000185738 -0.000336141
1.305 0 4.35078e-05 5.8191e-05 -1.02415e-05 -0.000154601 -0.000299506
1.31 0 4.69092e-05 6.89056e-05 1.08518e-05 -0.000123473 -0.000261599
1.315 0 4.99981e-05 7.88179e-05 3.10531e-05 -9.24002e-05 -0.000222489
1.32 0 5.28006e-05 8.79648e-05 5.03753e-05 -6.14144e-05 -0.000182248
1.325 0 5.5339e-05 9.63849e-05 6.88422e-05 -3.05437e-05 -0.000140963
1.33 0 5.76413e-05 0.000104128 8.64977e-05 1.98579e-07 -9.87259e-05
1.335 0 5.9702e-05 0.000111217 0.000103365 3.07733e-05 -5.56678e-05
1.34 0 6.15426e-05 0.000117703 0.000119505 6.11749e-05 -1.19025e-05
1.345 0 6.3162e-05 0.00012362 0.000134968 9.13808e-05 3.24268e-05
1.35 0 6.45869e-05 0.000129035 0.000149839 0.000121401 7.71993e-05
1.355 0 6.58026e-05 0.000133972 0.000164167 0.000151208 0.000122248
1.36 0 6.68241e-05 0.000138491 0.000178037 0.000180803 0.000167431
1.365 0 6.76465e-05 0.00014263 0.000191514 0.00021017 0.000212586
1.37 0 6.82862e-05 0.000146452 0.000204684 0.000239312 0.000257567
1.375 0 6.87414e-05 0.000149999 0.000217614 0.000268209 0.000302211
1.38 0 6.90327e-05 0.000153336 0.000230386 0.000296862 0.00034638
1.385 0 6.91644e-05 0.000156509 0.000243061 0.000325248 0.000389916
1.39 0 6.91541e-05 0.000159575 0.000255706 0.00035335 0.000432682
1.395 0 6.9024e-05 0.000162594 0.00026838 0.00038115 0.000474545
1.4 0 6.88008e-05 0.000165625 0.000281138 0.000408626 0.000515383
1.405 0 6.85253e-05 0.000168739 0.000294038 0.000435762 0.000555092
1.41 0 6.8213e-05 0.000171976 0.000307098 0.000462509 0.000593549
1.415 0 6.79137e-05 0.000175408 0.00032036 0.000488843 0.000630674
1.42 0 6.76806e-05 0.000179103 0.000333859 0.00051474 0.000666395
1.425 0 6.75403e-05 0.000183099 0.000347589 0.00054014 0.000700624
1.43 0 6.7542e-05 0.000187453 0.000361557 0.000565003 0.000733303
1.435 0 6.77565e-05 0.000192237 0.000375784 0.000589306 0.000764408
1.44 0 6.82151e-05 0.000197481 0.000390241 0.000612986 0.000793883
1.445 0 6.89689e-05 0.000203229 0.000404914 0.000635999 0.000821703
1.45 0 7.00874e-05 0.000209542 0.000419803 0.000658321 0.000847874
1.455 0 7.15876e-05 0.000216425 0.000434852 0.000679879 0.000872361
1.46 0 7.35329e-05 0.000223925 0.000450051 0.000700652 0.000895186
1.465 0 7.59617e-05 0.000232062 0.000465365 0.000720602 0.00091636
1.47 0 7.88868e-05 0.000240832 0.000480738 0.000739673 0.000935879
1.475 0 8.23544e-05 0.000250259 0.00049615 0.000757853 0.000953786
1.48 0 8.63829e-05 0.000260341 0.000511561 0.000775115 0.000970108
1.485 0 9.09629e-05 0.000271047 0.00052691 0.000791414 0.000984857
1.49 0 9.61065e-05 0.000282366 0.000542165 0.000806744 0.000998079
1.495 0 0.000101817 0.000294282 0.000557296 0.000821102 0.00100982
1.5 0 0.000108068 0.000306747 0.000572253 0.000834469 0.00102011
1.505 0 0.000114824 0.000319706 0.000586987 0.000846835 0.00102898
1.51 0 0.000122073 0.000333125 0.000601481 0.000858223 0.00103649
1.515 0 0.000129752 0.000346925 0.00061568 0.000868621 0.00104267
1.52 0 0.000137822 0.000361049 0.00062956 0.000878053 0.00104757
1.525 0 0.000146227 0.000375422 0.000643089 0.000886537 0.00105124
1.53 0 0.000154902 0.000389965 0.000656236 0.000894097 0.00105372
1.535 0 0.000163772 0.000404585 0.000668962 0.000900747 0.00105504
1.54 0 0.000172772 0.000419205 0.000681249 0.000906527 0.00105527
1.545 0 0.00018183 0.000433735 0.000693069 0.000911469 0.00105445
1.55 0 0.000190867 0.000448082 0.000704394 0.000915605 0.00105263
1.555 0 0.000199787 0.000462135 0.000715178 0.00091895 0.00104984
1.56 0 0.000208543 0.00047583 0.000725423 0.000921567 0.00104616
1.565 0 0.000217039 0.000489057 0.000735081 0.00092347 0.00104162
1.57 0 0.000225213 0.000501737 0.000744134 0.000924703 0.0010363
1.575 0 0.000232977 0.000513764 0.000752532 0.000925276 0.00103022
1.58 0 0.000240295 0.000525085 0.000760276 0.00092525 0.00102347
1.585 0 0.000247091 0.000535605 0.000767312 0.000924629 0.00101609
1.59 0 0.00025331 0.00054525 0.000773609 0.000923438 0.00100815
1.595 0 0.000258907 0.000553954 0.000779134 0.000921697 0.000999694
1.6 0 0.000263852 0.00056167 0.000783861 0.000919433 0.000990806
1.605 0 0.000268104 0.000568332 0.000787745 0.00091665 0.000981535
1.61 0 0.000271647 0.000573907 0.000790763 0.000913368 0.000971953
1.615 0 0.000274444 0.000578336 0.000792859 0.000909572 0.000962101
1.62 0 0.000276505 0.000581609 0.00079402 0.000905288 0.000952058
1.625 0 0.000277814 0.000583692 0.000794202 0.000900504 0.00094187
1.63 0 0.000278385 0.00058458 0.000793386 0.00089523 0.000931604
1.635 0 0.000278205 0.000584244 0.000791523 0.00088944 0.000921287
1.64 0 0.000277309 0.000582703 0.000788607 0.000883149 0.000910986
1.645 0 0.000275704 0.000579953 0.000784608 0.000876338 0.000900733
1.65 0 0.000273413 0.000576004 0.000779509 0.000869 0.000890561
1.655 0 0.000270471 0.000570884 0.000773306 0.000861135 0.000880508
1.66 0 0.000266888 0.000564598 0.000765973 0.000852714 0.000870577
1.665 0 0.000262713 0.000557194 0.000757528 0.000843748 0.0008608
1.67 0 0.000257959 0.000548684 0.000747955 0.00083421 0.000851163
1.675 0 0.00025268 0.000539127 0.000737285 0.000824112 0.000841686
1.68 0 0.000246899 0.000528554 0.000725526 0.00081344 0.000832347
1.685 0 0.000240658 0.000517021 0.00071271 0.000802199 0.000823137
1.69 0 0.000233973 0.000504557 0.000698848 0.000790367 0.000814012
1.695 0 0.000226895 0.000491232 0.000683995 0.000777965 0.000804956
1.7 0 0.000219435 0.00047708 0.000668173 0.000764973 0.000795909
1.705 0 0.000211646 0.000462177 0.000651451 0.000751416 0.000786842
1.71 0 0.000203556 0.000446581 0.00063388 0.0007373 0.000777701
1.715 0 0.000195174 0.000430331 0.000615499 0.000722611 0.000768407
1.72 0 0.000186548 0.000413507 0.000596388 0.000707379 0.000758916
1.725 0 0.000177685 0.000396151 0.000576594 0.000691593 0.00074914
1.73 0 0.000168632 0.000378346 0.000556202 0.000675284 0.000739028
1.735 0 0.000159415 0.000360154 0.000535282 0.000658466 0.000728508
1.74 0 0.000150039 0.000341619 0.000513885 0.00064113 0.000717488
1.745 0 0.000140552 0.000322825 0.000492101 0.00062331 0.000705915
1.75 0 0.000130978 0.000303836 0.000470001 0.000605018 0.000693717
1.755 0 0.000121325 0.000284694 0.000447633 0.000586247 0.000680805
1.76 0 0.00011164 0.000265483 0.000425085 0.00056703 0.000667135
1.765 0 0.000101952 0.000246265 0.000402421 0.000547378 0.000652643
1.77 0 9.22798e-05 0.000227093 0.000379693 0.000527292 0.000637263
1.775 0 8.26529e-05 0.000208025 0.000356958 0.000506782 0.000620945
1.78 0 7.31125e-05 0.000189131 0.00033428 0.000485867 0.000603652
1.785 0 6.36802e-05 0.000170458 0.000311698 0.000464546 0.000585336
1.79 0 5.43981e-05 0.00015207 0.000289268 0.000442835 0.000565976
1.795 0 -0.000296038 -0.000215137 -7.90988e-05 7.38561e-05 0.000198841
1.8 0 -0.000628702 -0.000586155 -0.000444185 -0.000293888 -0.000167511
1.805 0 -0.000594901 -0.000613593 -0.00046069 -0.000313685 -0.000186908
1.81 0 -0.000548126 -0.000641324 -0.000478468 -0.000333047 -0.000207538
1.815 0 -0.000493259 -0.000665734 -0.000498892 -0.00035168 -0.000229429
1.82 0 -0.000434414 -0.00068371 -0.000522834 -0.00036959 -0.000252494
1.825 0 -0.000375485 -0.000692853 -0.000550485 -0.000387146 -0.000276526
1.83 0 -0.000319629 -0.000691742 -0.000581287 -0.000405047 -0.000301222
1.835 0 -0.00026917 -0.00068 -0.000613989 -0.000424238 -0.000326226
1.84 0 -0.000225529 -0.000658225 -0.000646806 -0.000445753 -0.000351181
1.845 0 -0.000189318 -0.000627861 -0.00067769 -0.000470582 -0.000375844
1.85 0 -0.000160401 -0.000590876 -0.000704532 -0.000499429 -0.000400071
1.855 0 -0.000138145 -0.000549568 -0.000725507 -0.000532646 -0.000423954
1.86 0 -0.000121534 -0.000506216 -0.000739208 -0.000570052 -0.000447761
1.865 0 -0.000109432 -0.000462928 -0.000744875 -0.000610984 -0.000472011
1.87 0 -0.000100658 -0.000421402 -0.000742376 -0.000654243 -0.000497363
1.875 0 -9.41717e-05 -0.000382903 -0.00073225 -0.000698261 -0.000524623
1.88 0 -8.91032e-05 -0.000348205 -0.000715567 -0.000741213 -0.000554625
1.885 0 -8.47936e-05 -0.000317643 -0.000693777 -0.000781196 -0.000588151
1.89 0 -8.07905e-05 -0.000291202 -0.000668524 -0.000816423 -0.000625841
1.895 0 -7.68221e-05 -0.000268623 -0.000641453 -0.000845393 -0.000668111
1.9 0 -7.27572e-05 -0.000249514 -0.000614038 -0.000867031 -0.000715093
1.905 0 -6.85562e-05 -0.000233432 -0.000587451 -0.000880779 -0.000766586
1.91 0 -6.42752e-05 -0.000219998 -0.000562516 -0.000886665 -0.000822093
1.915 0 -5.99807e-05 -0.000208872 -0.000539642 -0.000885234 -0.000880775
1.92 0 -5.57656e-05 -0.00019979 -0.000518875 -0.000877506 -0.000941531
1.925 0 -5.17723e-05 -0.000192575 -0.000500013 -0.000864894 -0.00100309
1.93 0 -4.81215e-05 -0.000187043 -0.000482633 -0.000849005 -0.00106403
1.935 0 -4.49819e-05 -0.000183028 -0.000466277 -0.00083156 -0.00112291
1.94 0 -4.25353e-05 -0.000180326 -0.000450524 -0.000814222 -0.00117835
1.945 0 -4.09368e-05 -0.000178644 -0.000435052 -0.000798443 -0.00122907
1.95 0 -4.03585e-05 -0.000177662 -0.000419755 -0.000785427 -0.00127399
1.955 0 -4.09271e-05 -0.000177009 -0.000404727 -0.00077603 -0.00131224
1.96 0 -4.27088e-05 -0.000176303 -0.000390268 -0.000770739 -0.00134323
1.965 0 -4.56861e-05 -0.000175196 -0.000376848 -0.000769679 -0.0013666
1.97 0 -4.974e-05 -0.000173417 -0.000365049 -0.000772647 -0.00138225
1.975 0 -5.46322e-05 -0.000170801 -0.000355493 -0.000779159 -0.00139027
1.98 0 -6.00495e-05 -0.000167359 -0.000348806 -0.000788558 -0.00139101
1.985 0 -6.55619e-05 -0.000163229 -0.0003455 -0.000800026 -0.00138492
1.99 0 -7.06843e-05 -0.000158701 -0.00034595 -0.000812689 -0.00137254
1.995 0 -7.4948e-05 -0.000154225 -0.000350391 -0.000825708 -0.00135455
2 0 -7.78791e-05 -0.0001503 -0.000358836 -0.000838266 -0.0013316
2.005 0 -7.91272e-05 -0.000147507 -0.000371155 -0.000849682 -0.0013044
2.01 0 -7.84311e-05 -0.000146377 -0.000387012 -0.000859364 -0.00127359
2.015 0 -7.5724e-05 -0.00014741 -0.000405966 -0.000866884 -0.00123981
2.02 0 -7.11151e-05 -0.000150991 -0.00042746 -0.000871946 -0.00120364
2.025 0 -6.49053e-05 -0.000157372 -0.000450871 -0.000874385 -0.0011656
2.03 0 -5.75749e-05 -0.000166655 -0.00047554 -0.000874152 -0.00112615
2.035 0 -4.97554e-05 -0.00017879 -0.000500807 -0.000871302 -0.0010857
2.04 0 -4.21874e-05 -0.000193593 -0.000526029 -0.000865966 -0.0010446
2.045 0 -3.56675e-05 -0.000210765 -0.000550603 -0.000858337 -0.00100316
2.05 0 -3.09914e-05 -0.00022993 -0.000573978 -0.000848641 -0.000961656
2.055 0 -2.88859e-05 -0.00025066 -0.000595652 -0.000837118 -0.000920303
2.06 0 -2.99961e-05 -0.000272549 -0.000615222 -0.000824033 -0.000879334
2.065 0 -3.47711e-05 -0.000295176 -0.000632319 -0.0008096 -0.000838919
2.07 0 -4.35123e-05 -0.000318204 -0.000646688 -0.000794044 -0.000799254
2.075 0 -5.62761e-05 -0.000341317 -0.000658112 -0.000777511 -0.000760487
2.08 0 -7.29409e-05 -0.000364295 -0.00066649 -0.000760138 -0.000722786
2.085 0 -9.31875e-05 -0.000386974 -0.000671803 -0.000742014 -0.00068631
2.09 0 -0.000116493 -0.000409211 -0.000674086 -0.000723161 -0.000651181
2.095 0 -0.000142222 -0.000430924 -0.000673483 -0.000703592 -0.000617534
2.1 0 -0.000169629 -0.000452033 -0.000670202 -0.000683289 -0.000585478
2.105 0 -0.000197906 -0.000472452 -0.000664517 -0.00066222 -0.000555097
2.11 0 -0.000226228 -0.000492074 -0.000656747 -0.000640359 -0.000526443
2.115 0 -0.00025379 -0.000510761 -0.000647247 -0.000617698 -0.000499536
2.12 0 -0.000279834 -0.000528324 -0.000636373 -0.000594253 -0.000474344
2.125 0 -0.000303712 -0.000544561 -0.000624506 -0.000570116 -0.000450822
2.13 0 -0.000324853 -0.000559208 -0.000611972 -0.000545401 -0.000428854
2.135 0 -0.000342798 -0.000571968 -0.000599055 -0.00052028 -0.000408287
2.14 0 -0.000357242 -0.000582561 -0.000586015 -0.000495008 -0.000388961
2.145 0 -0.000367959 -0.000590662 -0.00057301 -0.000469848 -0.000370653
2.15 0 -0.000374863 -0.00059599 -0.000560158 -0.000445126 -0.000353157
2.155 0 -0.000377975 -0.000598288 -0.000547512 -0.000421187 -0.000336265
2.16 0 -0.000377369 -0.000597311 -0.000535035 -0.000398341 -0.000319748
2.165 0 -0.000373223 -0.000592892 -0.000522667 -0.000376907 -0.000303436
2.17 0 -0.00036576 -0.000584914 -0.000510297 -0.000357149 -0.000287184
2.175 0 -0.000355244 -0.000573324 -0.000497785 -0.00033927 -0.000270893
2.18 0 -0.000341963 -0.000558138 -0.000484977 -0.000323395 -0.000254519
2.185 0 -0.000326216 -0.000539441 -0.000471711 -0.000309563 -0.000238077
2.19 0 -0.000308297 -0.000517371 -0.000457822 -0.000297713 -0.000221629
2.195 0 -0.000288522 -0.000492161 -0.000443189 -0.000287722 -0.000205322
2.2 0 -0.000267169 -0.000464068 -0.000427674 -0.000279356 -0.000189321
2.205 0 -0.000244498 -0.000433397 -0.000411163 -0.000272309 -0.000173831
2.21 0 -0.000220789 -0.000400522 -0.000393587 -0.00026625 -0.00015911
2.215 0 -0.000196266 -0.000365804 -0.00037486 -0.000260774 -0.000145388
2.22 0 -0.000171184 -0.00032966 -0.00035495 -0.000255497 -0.000132932
2.225 0 -0.000145749 -0.000292473 -0.000333798 -0.000250002 -0.000121953
2.23 0 -0.000120193 -0.000254649 -0.00031139 -0.000243923 -0.000112656
2.235 0 -9.47361e-05 -0.00021657 -0.000287709 -0.000236927 -0.000105196
2.24 0 -6.96059e-05 -0.000178598 -0.000262763 -0.000228743 -9.96832e-05
2.245 0 -4.50011e-05 -0.000141036 -0.000236536 -0.000219135 -9.61369e-05
2.25 0 -2.11482e-05 -0.000104173 -0.000209059 -0.000207964 -9.45424e-05
2.255 0 1.75057e-06 -6.82358e-05 -0.000180356 -0.000195142 -9.47994e-05
2.26 0 2.34728e-05 -3.34364e-05 -0.000150504 -0.000180682 -9.67738e-05
2.265 0 4.38413e-05 8.87814e-08 -0.000119568 -0.000164624 -0.000100242
2.27 0 6.26907e-05 3.22355e-05 -8.76505e-05 -0.000147078 -0.000104939
2.275 0 7.98942e-05 6.29471e-05 -5.48724e-05 -0.000128185 -0.000110543
2.28 0 9.53303e-05 9.21694e-05 -2.14128e-05 -0.000108149 -0.00011673
2.285 0 0.000108949 0.000119903 1.25498e-05 -8.71654e-05 -0.000123123
2.29 0 0.000120745 0.000146169 4.68087e-05 -6.54387e-05 -0.000129328
2.295 0 0.000130741 0.000170977 8.11121e-05 -4.31936e-05 -0.000134972
2.3 0 0.000139006 0.000194344 0.000115187 -2.06446e-05 -0.000139688
2.305 0 0.000145686 0.000216318 0.000148775 2.04019e-06 -0.000143093
2.31 0 0.000150934 0.000236912 0.000181578 2.46849e-05 -0.000144861
2.315 0 0.000154949 0.000256142 0.000213306 4.71489e-05 -0.000144685
2.32 0 0.000157951 0.000274017 0.000243673 6.93182e-05 -0.000142292
2.325 0 0.000160172 0.000290538 0.000272409 9.11053e-05 -0.000137451
2.33 0 0.000161849 0.000305699 0.000299263 0.000112448 -0.00012997
2.335 0 0.000163206 0.000319487 0.000324012 0.000133304 -0.000119704
2.34 0 0.000164446 0.000331889 0.000346468 0.000153654 -0.000106548
2.345 0 0.000165744 0.000342889 0.000366485 0.000173491 -9.04439e-05
2.35 0 0.000167245 0.000352484 0.000383966 0.000192829 -7.1363e-05
2.355 0 0.00016902 0.000360643 0.000398837 0.000211662 -4.93499e-05
2.36 0 0.000171133 0.000367383 0.000411109 0.00023003 -2.44479e-05
2.365 0 0.000173558 0.000372684 0.000420802 0.000247934 3.22241e-06
2.37 0 0.000176267 0.000376576 0.000428022 0.000265421 3.3545e-05
2.375 0 0.000179145 0.000379053 0.000432879 0.000282496 6.63313e-05
2.38 0 0.000182086 0.000380157 0.000435561 0.000299209 0.000101402
2.385 0 0.000184921 0.000379905 0.000436261 0.000315581 0.000138521
2.39 0 0.000187475 0.000378328 0.000435206 0.000331646 0.000177435
2.395 0 0.000189564 0.000375462 0.000432645 0.000347444 0.000217873
2.4 0 0.000191002 0.000371346 0.000428839 0.000363018 0.000259544
2.405 0 0.000191612 0.000366022 0.000424054 0.000378419 0.000302141
2.41 0 0.000191236 0.000359535 0.000418554 0.000393699 0.00034535
2.415 0 0.000189742 0.000351934 0.000412595 0.000408919 0.000388852
2.42 0 0.000187026 0.000343272 0.000406418 0.000424139 0.000432325
2.425 0 0.000183021 0.000333609 0.000400246 0.000439421 0.000475454
2.43 0 0.000177706 0.000323023 0.000394288 0.000454834 0.000517943
2.435 0 0.000171068 0.00031157 0.0003887 0.000470411 0.000559481
2.44 0 0.000163174 0.000299356 0.000383647 0.000486214 0.000599818
2.445 0 0.000154085 0.000286461 0.000379229 0.000502254 0.000638687
2.45 0 0.000143936 0.000273017 0.000375557 0.000518564 0.00067589
2.455 0 0.00013285 0.00025913 0.000372675 0.000535117 0.000711218
2.46 0 0.000121013 0.000244961 0.000370642 0.000551904 0.000744539
2.465 0 0.000108604 0.000230654 0.000369465 0.000568864 0.000775721
2.47 0 9.58215e-05 0.000216376 0.000369137 0.000585921 0.000804681
2.475 0 8.28763e-05 0.000202304 0.000369637 0.000602979 0.000831366
2.48 0 6.99819e-05 0.000188623 0.000370926 0.000619919 0.000855755
2.485 0 5.7352e-05 0.000175523 0.000372955 0.000636606 0.000877859
2.49 0 4.51958e-05 0.000163197 0.000375662 0.000652891 0.00089771
2.495 0 3.37146e-05 0.000151835 0.000378979 0.000668617 0.000915364
2.5 0 2.30984e-05 0.000141618 0.000382835 0.000683622 0.000930891
2.505 0 1.35232e-05 0.000132721 0.000387155 0.000697747 0.000944374
2.51 0 5.15869e-06 0.00012531 0.000391873 0.000710849 0.000955912
2.515 0 -1.87393e-06 0.000119504 0.000396895 0.000722769 0.000965575
2.52 0 -7.44327e-06 0.00011543 0.00040216 0.000733392 0.000973463
2.525 0 -1.14397e-05 0.000113191 0.000407614 0.000742626 0.000979669
2.53 0 -1.38067e-05 0.000112832 0.000413178 0.000750371 0.000984245
2.535 0 -1.44716e-05 0.00011441 0.000418819 0.000756594 0.000987275
2.54 0 -1.3417e-05 0.000117921 0.000424485 0.000761257 0.000988798
2.545 0 -1.06509e-05 0.000123335 0.000430133 0.000764351 0.000988841
2.55 0 -6.17747e-06 0.000130621 0.000435759 0.000765919 0.000987448
2.555 0 -5.72324e-08 0.000139693 0.000441342 0.000766002 0.000984621
2.56 0 7.63352e-06 0.000150448 0.000446876 0.000764669 0.000980363
2.565 0 1.67935e-05 0.000162761 0.000452368 0.000762009 0.000974667
2.57 0 2.72976e-05 0.00017649 0.000457833 0.000758127 0.000967522
2.575 0 3.89991e-05 0.000191475 0.000463292 0.000753137 0.000958915
2.58 0 5.17318e-05 0.00020754 0.000468772 0.00074716 0.000948831
2.585 0 6.5313e-05 0.000224505 0.000474304 0.000740324 0.000937263
2.59 0 7.95474e-05 0.000242179 0.000479921 0.000732755 0.000924206
2.595 0 9.42304e-05 0.00026037 0.000485652 0.000724575 0.000909668
2.6 0 0.000109163 0.000278895 0.000491536 0.000715914 0.000893677
2.605 0 0.000124115 0.000297542 0.000497575 0.000706861 0.000876243
2.61 0 0.000138903 0.000316145 0.000503802 0.000697538 0.000857435
2.615 0 0.000153309 0.000334504 0.0005102 0.000688015 0.000837294
2.62 0 0.00016717 0.000352466 0.000516781 0.000678391 0.000815922
2.625 0 0.0001803 0.000369849 0.000523501 0.000668711 0.000793395
2.63 0 0.000192571 0.000386522 0.000530343 0.00065905 0.000769846
2.635 0 0.000203839 0.000402325 0.000537232 0.00064943 0.000745386
2.64 0 0.000214024 0.000417149 0.000544121 0.0006399 0.000720178
2.645 0 0.000223041 0.000430871 0.000550914 0.000630469 0.000694369
2.65 0 0.000230839 0.000443388 0.000557514 0.000621145 0.000668129
2.655 0 0.000237393 0.000454611 0.000563809 0.000611925 0.000641634
2.66 0 0.000242703 0.000464467 0.000569678 0.000602799 0.000615069
2.665 0 0.000246786 0.000472892 0.000574991 0.000593747 0.000588621
2.67 0 0.000249683 0.000479839 0.000579612 0.000584744 0.000562481
2.675 0 0.000251446 0.000485269 0.000583405 0.000575756 0.000536837
2.68 0 0.000252143 0.000489159 0.000586232 0.000566747 0.000511871
2.685 0 0.000251849 0.000491495 0.000587962 0.000557675 0.000487762
2.69 0 0.000250645 0.000492274 0.000588468 0.000548497 0.000464674
2.695 0 0.000248625 0.000491513 0.000587645 0.000539177 0.000442771
2.7 0 0.000245849 0.000489208 0.00058537 0.000529653 0.000422171
2.705 0 0.000242406 0.000485391 0.000581567 0.00051989 0.000403004
2.71 0 0.000238379 0.000480103 0.000576175 0.000509858 0.000385379
2.715 0 0.000233811 0.000473359 0.000569123 0.000499502 0.000369354
2.72 0 0.000228777 0.00046522 0.000560402 0.000488811 0.000355004
2.725 0 0.000223301 0.000455709 0.00054998 0.000477741 0.000342338
2.73 0 0.000217436 0.000444893 0.000537889 0.000466297 0.00033138
2.735 0 0.000211196 0.000432812 0.000524152 0.000454461 0.000322099
2.74 0 0.000204594 0.000419516 0.000508819 0.000442234 0.000314449
2.745 0 0.000197625 0.000405047 0.000491951 0.000429614 0.000308348
2.75 0 0.000190305 0.000389478 0.000473658 0.000416642 0.000303724
2.755 0 0.000182616 0.000372853 0.000454033 0.000403333 0.000300449
2.76 0 0.000174542 0.000355228 0.000433194 0.000389722 0.000298388
2.765 0 0.000166069 0.00033666 0.000411271 0.000375848 0.00029739
2.77 0 0.000157178 0.000317207 0.000388402 0.000361757 0.000297289
2.775 0 0.000147853 0.000296932 0.000364731 0.000347498 0.000297905
2.78 0 0.000138081 0.000275899 0.00034041 0.000333121 0.000299056
2.785 0 0.000127852 0.000254177 0.000315589 0.000318676 0.00030055
2.79 0 0.000117164 0.000231839 0.00029042 0.00030421 0.000302196
2.795 0 0.00010602 0.000208964 0.000265051 0.000289769 0.000303805
2.8 0 9.44418e-05 0.000185647 0.000239635 0.000275402 0.000305203
2.805 0 8.24309e-05 0.000161956 0.00021429 0.000261121 0.000306194
2.81 0 7.00285e-05 0.000137998 0.000189153 0.00024696 0.000306621
2.815 0 5.72856e-05 0.000113885 0.000164354 0.000232945 0.000306342
2.82 0 4.42334e-05 8.97044e-05 0.000139981 0.000219063 0.000305198
2.825 0 3.09537e-05 6.5588e-05 0.000116149 0.000205331 0.000303085
2.83 0 1.74978e-05 4.16329e-05 9.29218e-05 0.000191716 0.000299878
2.835 0 3.96597e-06 1.79789e-05 7.03892e-05 0.000178217 0.000295506
2.84 0 -9.57303e-06 -5.27191e-06 4.85887e-05 0.000164783 0.00028988
2.845 0 -2.30036e-05 -2.79767e-05 2.75846e-05 0.000151399 0.000282964
2.85 0 -3.62347e-05 -5.00233e-05 7.39889e-06 0.000138011 0.000274711
2.855 0 -4.91708e-05 -7.1302e-05 -1.19583e-05 0.000124562 0.00026509
2.86 0 -6.16845e-05 -9.16769e-05 -3.04575e-05 0.000111022 0.000254112
2.865 0 -7.36778e-05 -0.000111048 -4.81094e-05 9.73283e-05 0.000241775
2.87 0 -8.50447e-05 -0.000129311 -6.49227e-05 8.34308e-05 0.000228096
2.875 0 -9.56824e-05 -0.000146372 -8.0914e-05 6.92795e-05 0.000213104
2.88 0 -0.000105494 -0.000162146 -9.61051e-05 5.48281e-05 0.000196836
2.885 0 -0.000114402 -0.000176571 -0.000110533 4.00254e-05 0.000179327
2.89 0 -0.000122305 -0.000189566 -0.000124206 2.48559e-05 0.000160646
2.895 0 -0.000129146 -0.000201093 -0.000137166 9.2813e-06 0.000140838
2.9 0 -0.000134871 -0.000211119 -0.000149445 -6.71897e-06 0.00011996
2.905 0 -0.00013943 -0.000219617 -0.000161064 -2.31469e-05 9.80817e-05
2.91 0 -0.000142819 -0.000226601 -0.000172072 -4.00254e-05 7.52436e-05
2.915 0 -0.000145019 -0.000232073 -0.000182485 -5.73386e-05 5.15166e-05
2.92 0 -0.000146039 -0.00023606 -0.000192329 -7.50712e-05 2.69614e-05
2.925 0 -0.000145902 -0.000238601 -0.000201623 -9.3199e-05 1.63801e-06
2.93 0 -0.000144641 -0.000239741 -0.000210376 -0.00011168 -2.43838e-05
2.935 0 -0.000142332 -0.000239566 -0.000218621 -0.000130492 -5.10652e-05
2.94 0 -0.000139035 -0.000238146 -0.000226359 -0.000149579 -7.83373e-05
2.945 0 -0.000134834 -0.000235572 -0.0002336 -0.000168886 -0.000106142
2.95 0 -0.000129814 -0.000231931 -0.00024034 -0.000188343 -0.000134409
2.955 0 -0.000124099 -0.000227354 -0.000246605 -0.000207906 -0.0001631
2.96 0 -0.000117781 -0.000221934 -0.000252382 -0.000227488 -0.000192133
2.965 0 -0.000110998 -0.000215813 -0.000257697 -0.000247039 -0.000221463
2.97 0 -0.000103849 -0.000209094 -0.000262539 -0.000266468 -0.000251005
2.975 0 -9.64755e-05 -0.000201925 -0.000266938 -0.000285724 -0.000280709
2.98 0 -8.89761e-05 -0.000194413 -0.000270888 -0.000304719 -0.000310481
2.985 0 -8.14871e-05 -0.000186705 -0.000274429 -0.000323405 -0.000340262
2.99 0 -7.40994e-05 -0.000178907 -0.000277563 -0.000341698 -0.00036995
2.995 0 -6.69269e-05 -0.00017115 -0.00028033 -0.000359549 -0.000399467
3 0 -6.0075e-05 -0.00016356 -0.000282773 -0.000376914 -0.000428731
3.005 0 -5.36098e-05 -0.000156229 -0.000284912 -0.000393723 -0.000457625
3.01 0 -4.76169e-05 -0.00014927 -0.000286802 -0.000409946 -0.000486056
3.015 0 -4.2161e-05 -0.000142779 -0.000288494 -0.000425545 -0.000513919
3.02 0 -3.72952e-05 -0.000136845 -0.000290043 -0.000440493 -0.000541106
3.025 0 -3.30713e-05 -0.000131556 -0.000291518 -0.000454778 -0.000567514
3.03 0 -2.94995e-05 -0.000126961 -0.000292962 -0.000468365 -0.000593013
3.035 0 -2.66096e-05 -0.000123128 -0.00029445 -0.000481256 -0.000617497
3.04 0 -2.44111e-05 -0.000120108 -0.000296048 -0.000493449 -0.000640857
3.045 0 -2.29039e-05 -0.000117939 -0.000297823 -0.00050495 -0.000662984
3.05 0 -2.20795e-05 -0.000116652 -0.000299839 -0.000515765 -0.000683772
3.055 0 -2.19219e-05 -0.000116267 -0.00030216 -0.00052591 -0.000703122
3.06 0 -2.24087e-05 -0.000116796 -0.000304843 -0.000535401 -0.000720942
3.065 0 -2.3512e-05 -0.000118242 -0.000307944 -0.000544258 -0.000737149
3.07 0 -2.52001e-05 -0.0001206 -0.000311511 -0.000552502 -0.000751669
3.075 0 -2.74381e-05 -0.000123858 -0.000315584 -0.000560155 -0.000764439
3.08 0 -3.01892e-05 -0.000127997 -0.000320197 -0.000567239 -0.000775411
3.085 0 -3.34157e-05 -0.000132994 -0.000325374 -0.000573776 -0.000784546
3.09 0 -3.70797e-05 -0.000138817 -0.000331128 -0.000579786 -0.000791825
3.095 0 -4.11342e-05 -0.000145421 -0.000337456 -0.000585276 -0.000797228
3.1 0 -4.55635e-05 -0.000152786 -0.00034437 -0.000590283 -0.000800785
3.105 0 -5.03234e-05 -0.000160861 -0.000351845 -0.000594809 -0.000802509
3.11 0 -5.53819e-05 -0.000169596 -0.000359855 -0.000598863 -0.000802436
3.115 0 -6.07093e-05 -0.000178944 -0.000368362 -0.000602451 -0.000800621
3.12 0 -6.62685e-05 -0.00018884 -0.000377309 -0.000605568 -0.000797121
3.125 0 -7.20546e-05 -0.000199249 -0.000386663 -0.000608233 -0.000792034
3.13 0 -7.80346e-05 -0.000210104 -0.000396349 -0.000610435 -0.000785444
3.135 0 -8.41871e-05 -0.000221345 -0.000406296 -0.000612169 -0.000777452
3.14 0 -9.04825e-05 -0.000232898 -0.000416417 -0.000613421 -0.000768162
3.145 0 -9.69216e-05 -0.00024472 -0.00042665 -0.000614203 -0.000757711
3.15 0 -0.000103476 -0.000256734 -0.000436899 -0.000614499 -0.000746217
3.155 0 -0.000110115 -0.000268862 -0.000447065 -0.000614291 -0.0007338
3.16 0 -0.00011684 -0.000281053 -0.000457077 -0.000613593 -0.000720612
3.165 0 -0.000123609 -0.000293215 -0.000466826 -0.000612382 -0.000706768
3.17 0 -0.000130417 -0.000305294 -0.000476243 -0.000610674 -0.00069242
3.175 0 -0.000137228 -0.000317206 -0.000485231 -0.000608459 -0.00067769
3.18 0 -0.000144003 -0.000328862 -0.000493697 -0.00060573 -0.000662694
3.185 0 -0.000150728 -0.000340207 -0.000501584 -0.000602512 -0.000647574
3.19 0 -0.000157348 -0.000351142 -0.000508798 -0.000598794 -0.000632427
3.195 0 -0.000163842 -0.000361609 -0.000515293 -0.000594609 -0.000617379
3.2 0 -0.000170147 -0.00037151 -0.00052099 -0.000589953 -0.00060251
3.205 0 -0.000176236 -0.000380788 -0.000525857 -0.000584866 -0.000587932
3.21 0 -0.000182041 -0.000389348 -0.00052983 -0.000579348 -0.000573705
3.215 0 -0.000187528 -0.000397137 -0.000532893 -0.000573447 -0.00055992
3.22 0 -0.000192625 -0.000404064 -0.000534996 -0.00056717 -0.000546617
3.225 0 -0.000197297 -0.000410083 -0.000536141 -0.000560566 -0.000533869
3.23 0 -0.00020147 -0.000415111 -0.000536294 -0.000553648 -0.000521694
3.235 0 -0.00020511 -0.000419111 -0.000535469 -0.000546468 -0.000510144
3.24 0 -0.000208146 -0.00042201 -0.000533649 -0.000539039 -0.00049922
3.245 0 -0.000210537 -0.000423774 -0.000530851 -0.000531403 -0.000488945
3.25 0 -0.00021225 -0.000424372 -0.000527099 -0.000523602 -0.000479333
3.255 0 -0.000213223 -0.000423755 -0.00052239 -0.000515647 -0.00047036
3.26 0 -0.000213441 -0.00042192 -0.000516767 -0.000507585 -0.000462037
3.265 0 -0.000212857 -0.000418831 -0.000510238 -0.000499423 -0.000454325
3.27 0 -0.000211459 -0.000414494 -0.000502841 -0.000491194 -0.000447214
3.275 0 -0.000209244 -0.000408922 -0.000494619 -0.000482925 -0.000440685
3.28 0 -0.000206187 -0.000402108 -0.000485585 -0.000474614 -0.000434687
3.285 0 -0.000202312 -0.000394094 -0.000475795 -0.00046629 -0.000429206
3.29 0 -0.00019761 -0.000384892 -0.000465266 -0.000457941 -0.000424182
3.295 0 -0.000192114 -0.000374551 -0.000454043 -0.00044958 -0.000419586
3.3 0 -0.000185863 -0.000363132 -0.000442175 -0.000441214 -0.000415384
3.305 0 -0.000178875 -0.000350672 -0.000429678 -0.000432818 -0.000411512
3.31 0 -0.000171217 -0.000337256 -0.00041661 -0.000424401 -0.000407944
3.315 0 -0.000162922 -0.000322938 -0.000402989 -0.00041593 -0.000404612
3.32 0 -0.000154059 -0.000307806 -0.000388861 -0.000407398 -0.000401478
3.325 0 -0.000144704 -0.000291955 -0.000374274 -0.000398794 -0.000398503
3.33 0 -0.000134908 -0.000275455 -0.000359245 -0.000390076 -0.000395616
3.335 0 -0.000124763 -0.000258421 -0.000343833 -0.000381241 -0.000392786
3.34 0 -0.000114326 -0.000240928 -0.000328056 -0.000372241 -0.00038994
3.345 0 -0.000103686 -0.000223086 -0.000311963 -0.000363062 -0.000387035
3.35 0 -9.29302e-05 -0.000205005 -0.000295604 -0.000353686 -0.000384026
3.355 0 -8.21175e-05 -0.000186765 -0.000278999 -0.000344068 -0.000380839
3.36 0 -7.13438e-05 -0.000168485 -0.000262212 -0.000334204 -0.000377438
3.365 0 -6.06629e-05 -0.000150242 -0.000245265 -0.00032405 -0.000373745
3.37 0 -5.01554e-05 -0.000132141 -0.000228213 -0.000313596 -0.000369712
3.375 0 -3.98973e-05 -0.000114283 -0.000211113 -0.000302834 -0.000365291
3.38 0 -2.99298e-05 -9.67344e-05 -0.000193991 -0.000291729 -0.000360405
3.385 0 -2.03288e-05 -7.9598e-05 -0.000176915 -0.000280288 -0.000355014
3.39 0 -1.11239e-05 -6.29298e-05 -0.000159915 -0.000268484 -0.00034904
3.395 0 -2.37867e-06 -4.682e-05 -0.000143059 -0.000256332 -0.000342447
3.4 0 5.88975e-06 -3.13125e-05 -0.000126379 -0.00024381 -0.00033516
3.405 0 1.36309e-05 -1.64843e-05 -0.000109942 -0.000230942 -0.000327143
3.41 0 2.08409e-05 -2.36529e-06 -9.37787e-05 -0.000217713 -0.000318328
3.415 0 2.74822e-05 1.09816e-05 -7.79554e-05 -0.000204153 -0.000308687
3.42 0 3.35634e-05 2.35409e-05 -6.24983e-05 -0.000190255 -0.000298156
3.425 0 3.90591e-05 3.52642e-05 -4.7471e-05 -0.000176053 -0.000286716
3.43 0 4.39894e-05 4.61503e-05 -3.28941e-05 -0.000161546 -0.000274316
3.435 0 4.83393e-05 5.61649e-05 -1.88249e-05 -0.000146774 -0.000260946
3.44 0 5.21385e-05 6.53206e-05 -5.27684e-06 -0.000131738 -0.000246568
3.445 0 5.53805e-05 7.35963e-05 7.70118e-06 -0.000116482 -0.000231189
3.45 0 5.80927e-05 8.10073e-05 2.00951e-05 -0.000101019 -0.000214792
3.455 0 6.0305e-05 8.75746e-05 3.18962e-05 -8.53645e-05 -0.000197371
3.46 0 6.20197e-05 9.32951e-05 4.30711e-05 -6.95629e-05 -0.000178957
3.465 0 6.32813e-05 9.82105e-05 5.36327e-05 -5.36191e-05 -0.000159551
3.47 0 6.40955e-05 0.000102328 6.35595e-05 -3.75774e-05 -0.000139201
3.475 0 6.44991e-05 0.000105687 7.28666e-05 -2.14514e-05 -0.000117936
3.48 0 6.45295e-05 0.000108335 8.15747e-05 -5.25423e-06 -9.57926e-05
3.485 0 6.41945e-05 0.000110289 8.96808e-05 1.09722e-05 -7.2845e-05
3.49 0 6.3532e-05 0.000111603 9.72176e-05 2.7217e-05 -4.91468e-05
3.495 0 6.25701e-05 0.000112321 0.000104213 4.34603e-05 -2.47687e-05
3.5 0 6.13461e-05 0.000112501 0.000110711 5.96933e-05 2.21541e-07
3.505 0 5.98675e-05 0.000112173 0.000116729 7.58781e-05 2.57199e-05
3.51 0 5.81712e-05 0.0001114 0.000122319 9.20081e-05 5.16469e-05
3.515 0 5.62845e-05 0.000110237 0.000127527 0.000108067 7.79082e-05
3.52 0 5.42339e-05 0.000108737 0.0001324 0.00012404 0.000104406
3.525 0 5.20463e-05 0.000106959 0.000136991 0.000139911 0.000131039
3.53 0 4.97485e-05 0.00010496 0.00014135 0.000155667 0.000157705
3.535 0 4.73773e-05 0.000102808 0.00014554 0.000171302 0.000184311
3.54 0 4.49398e-05 0.000100542 0.000149595 0.000186782 0.000210734
3.545 0 4.24739e-05 9.82307e-05 0.000153575 0.000202102 0.000236881
3.55 0 4.00078e-05 9.59319e-05 0.000157533 0.000217247 0.000262653
3.555 0 3.75706e-05 9.37036e-05 0.000161517 0.000232201 0.000287953
3.56 0 3.51819e-05 9.15927e-05 0.000165563 0.000246938 0.000312678
3.565 0 3.28918e-05 8.96747e-05 0.000169734 0.00026146 0.