0.005 -2.37025e-09
0.01 -1.4195e-08
0.015 -4.23302e-08
0.02 -8.85126e-08
0.025 -1.51939e-07
0.03 -2.31843e-07
0.035 -3.27523e-07
0.04 -4.38374e-07
0.045 -5.63893e-07
0.05 -7.03677e-07
0.055 -8.57405e-07
0.06 -1.02481e-06
0.065 -1.20566e-06
0.07 -1.39969e-06
0.075 -1.60658e-06
0.08 -1.82593e-06
0.085 -2.05722e-06
0.09 -2.2998e-06
0.095 -2.55285e-06
0.1 -2.81541e-06
0.105 -3.08637e-06
0.11 -3.36446e-06
0.115 -3.64829e-06
0.12 -3.93636e-06
0.125 -4.22707e-06
0.13 -4.51874e-06
0.135 -4.80967e-06
0.14 -5.09808e-06
0.145 -5.38223e-06
0.15 -5.66037e-06
0.155 -5.93079e-06
0.16 -6.19186e-06
0.165 -6.44202e-06
0.17 -6.6798e-06
0.175 -6.90387e-06
0.18 -7.11302e-06
0.185 -7.30617e-06
0.19 -7.48241e-06
0.195 -7.64095e-06
0.2 -7.78114e-06
0.205 -7.90246e-06
0.21 -8.00452e-06
0.215 -8.08698e-06
0.22 -8.14963e-06
0.225 -8.19228e-06
0.23 -8.21479e-06
0.235 -8.21704e-06
0.24 -8.19891e-06
0.245 -8.16027e-06
0.25 -8.10096e-06
0.255 -8.02081e-06
0.26 -7.91959e-06
0.265 -7.79705e-06
0.27 -7.65287e-06
0.275 -7.48672e-06
0.28 -7.29821e-06
0.285 -7.0869e-06
0.29 -6.85233e-06
0.295 -6.594e-06
0.3 -6.31136e-06
0.305 -6.00383e-06
0.31 -5.67081e-06
0.315 -5.31169e-06
0.32 -4.92579e-06
0.325 -4.51247e-06
0.33 -4.07105e-06
0.335 -3.60087e-06
0.34 -3.10125e-06
0.345 -2.57157e-06
0.35 -2.0112e-06
0.355 -1.41957e-06
0.36 -7.96138e-07
0.365 -1.40426e-07
0.37 5.47986e-07
0.375 1.26945e-06
0.38 2.02426e-06
0.385 2.81262e-06
0.39 3.63467e-06
0.395 4.49049e-06
0.4 5.38007e-06
0.405 6.30336e-06
0.41 7.26023e-06
0.415 8.25053e-06
0.42 9.27406e-06
0.425 1.03306e-05
0.43 1.14198e-05
0.435 1.25416e-05
0.44 1.36955e-05
0.445 1.48815e-05
0.45 1.60991e-05
0.455 1.73483e-05
0.46 1.86289e-05
0.465 1.99406e-05
0.47 2.12834e-05
0.475 2.26571e-05
0.48 2.40618e-05
0.485 2.54974e-05
0.49 2.69639e-05
0.495 2.84612e-05
0.5 2.99895e-05
0.505 3.15486e-05
0.51 3.31387e-05
0.515 3.47596e-05
0.52 3.64113e-05
0.525 3.80938e-05
0.53 3.9807e-05
0.535 4.15506e-05
0.54 4.33244e-05
0.545 4.51282e-05
0.55 4.69616e-05
0.555 4.88243e-05
0.56 5.07157e-05
0.565 5.26352e-05
0.57 5.45824e-05
0.575 5.65565e-05
0.58 5.85568e-05
0.585 6.05825e-05
0.59 6.26328e-05
0.595 6.47068e-05
0.6 6.68035e-05
0.605 6.8922e-05
0.61 7.10612e-05
0.615 7.32203e-05
0.62 7.53981e-05
0.625 7.75935e-05
0.63 7.98056e-05
0.635 8.20333e-05
0.64 8.42756e-05
0.645 8.65314e-05
0.65 8.87998e-05
0.655 9.10797e-05
0.66 9.33702e-05
0.665 9.56705e-05
0.67 9.79795e-05
0.675 0.000100296
0.68 0.000102621
0.685 0.000104951
0.69 0.000107287
0.695 0.000109628
0.7 0.000111973
0.705 0.000114321
0.71 0.000116671
0.715 0.000119024
0.72 0.000121378
0.725 0.000123732
0.73 0.000126087
0.735 0.00012844
0.74 0.000130792
0.745 0.000133141
0.75 0.000135488
0.755 0.000137831
0.76 0.000140169
0.765 0.000142501
0.77 0.000144828
0.775 0.000147148
0.78 0.00014946
0.785 0.000151763
0.79 0.000154057
0.795 0.000156341
0.8 0.000158614
0.805 0.000160875
0.81 0.000163124
0.815 0.00016536
0.82 0.000167582
0.825 0.000169789
0.83 0.000171981
0.835 0.000174157
0.84 0.000176316
0.845 0.000178459
0.85 0.000180584
0.855 0.000182691
0.86 0.000184779
0.865 0.000186849
0.87 0.000188899
0.875 0.000190929
0.88 0.000192939
0.885 0.000194928
0.89 0.000196897
0.895 0.000198845
0.9 0.000200771
0.905 0.000202675
0.91 0.000204558
0.915 0.000206418
0.92 0.000208255
0.925 0.000210069
0.93 0.00021186
0.935 0.000213627
0.94 0.000215371
0.945 0.00021709
0.95 0.000218785
0.955 0.000220454
0.96 0.000222099
0.965 0.000223718
0.97 0.00022531
0.975 0.000226877
0.98 0.000228416
0.985 0.000229929
0.99 0.000231415
0.995 0.000232872
1 0.000234302
1.005 0.000235704
1.01 0.000237077
1.015 0.000238422
1.02 0.000239738
1.025 0.000241025
1.03 0.000242282
1.035 0.000243511
1.04 0.000244711
1.045 0.000245882
1.05 0.000247023
1.055 0.000248135
1.06 0.000249219
1.065 0.000250274
1.07 0.0002513
1.075 0.000252298
1.08 0.000253268
1.085 0.00025421
1.09 0.000255124
1.095 0.000256011
1.1 0.000256872
1.105 0.000257705
1.11 0.000258513
1.115 0.000259295
1.12 0.000260052
1.125 0.000260783
1.13 0.00026149
1.135 0.000262174
1.14 0.000262833
1.145 0.000263469
1.15 0.000264083
1.155 0.000264675
1.16 0.000265245
1.165 0.000265793
1.17 0.000266321
1.175 0.000266829
1.18 0.000267318
1.185 0.000267787
1.19 0.000268238
1.195 0.000268671
1.2 0.000269087
1.205 0.000269486
1.21 0.000269869
1.215 0.000270237
1.22 0.00027059
1.225 0.000270929
1.23 0.000271254
1.235 0.000271567
1.24 0.000271869
1.245 0.000272159
1.25 0.000272438
1.255 0.000272708
1.26 0.000272969
1.265 0.000273221
1.27 0.000273466
1.275 0.000273705
1.28 0.000273937
1.285 0.000274164
1.29 0.000274386
1.295 0.000274605
1.3 0.00027482
1.305 0.000275033
1.31 0.000275244
1.315 0.000275454
1.32 0.000275663
1.325 0.000275873
1.33 0.000276083
1.335 0.000276294
1.34 0.000276507
1.345 0.000276723
1.35 0.000276942
1.355 0.000277164
1.36 0.00027739
1.365 0.000277621
1.37 0.000277857
1.375 0.000278098
1.38 0.000278346
1.385 0.0002786
1.39 0.000278862
1.395 0.00027913
1.4 0.000279407
1.405 0.000279693
1.41 0.000279987
1.415 0.000280292
1.42 0.000280606
1.425 0.00028093
1.43 0.000281266
1.435 0.000281613
1.44 0.000281972
1.445 0.000282343
1.45 0.000282728
1.455 0.000283125
1.46 0.000283537
1.465 0.000283963
1.47 0.000284403
1.475 0.000284859
1.48 0.00028533
1.485 0.000285818
1.49 0.000286322
1.495 0.000286842
1.5 0.00028738
1.505 0.000287936
1.51 0.000288509
1.515 0.000289101
1.52 0.000289711
1.525 0.000290341
1.53 0.000290989
1.535 0.000291657
1.54 0.000292344
1.545 0.000293052
1.55 0.000293779
1.555 0.000294527
1.56 0.000295296
1.565 0.000296085
1.57 0.000296895
1.575 0.000297726
1.58 0.000298578
1.585 0.000299451
1.59 0.000300346
1.595 0.000301262
1.6 0.000302199
1.605 0.000303158
1.61 0.000304138
1.615 0.00030514
1.62 0.000306164
1.625 0.000307209
1.63 0.000308275
1.635 0.000309362
1.64 0.000310471
1.645 0.000311601
1.65 0.000312753
1.655 0.000313924
1.66 0.000315117
1.665 0.00031633
1.67 0.000317564
1.675 0.000318817
1.68 0.000320091
1.685 0.000321384
1.69 0.000322696
1.695 0.000324026
1.7 0.000325376
1.705 0.000326744
1.71 0.000328129
1.715 0.000329532
1.72 0.000330951
1.725 0.000332387
1.73 0.000333839
1.735 0.000335307
1.74 0.00033679
1.745 0.000338287
1.75 0.000339798
1.755 0.000341323
1.76 0.00034286
1.765 0.000344411
1.77 0.000345973
1.775 0.000347546
1.78 0.00034913
1.785 0.000350724
1.79 0.000352328
1.795 0.000353939
1.8 0.00035555
1.805 0.000357153
1.81 0.000358747
1.815 0.00036033
1.82 0.000361903
1.825 0.000363466
1.83 0.000365016
1.835 0.000366555
1.84 0.00036808
1.845 0.000369592
1.85 0.000371089
1.855 0.000372571
1.86 0.000374036
1.865 0.000375485
1.87 0.000376915
1.875 0.000378327
1.88 0.00037972
1.885 0.000381093
1.89 0.000382447
1.895 0.000383781
1.9 0.000385095
1.905 0.00038639
1.91 0.000387665
1.915 0.000388922
1.92 0.00039016
1.925 0.000391381
1.93 0.000392584
1.935 0.000393771
1.94 0.000394942
1.945 0.000396097
1.95 0.000397238
1.955 0.000398364
1.96 0.000399476
1.965 0.000400575
1.97 0.000401661
1.975 0.000402733
1.98 0.000403793
1.985 0.000404839
1.99 0.000405873
1.995 0.000406893
2 0.000407899
2.005 0.000408891
2.01 0.000409869
2.015 0.000410831
2.02 0.000411779
2.025 0.00041271
2.03 0.000413625
2.035 0.000414524
2.04 0.000415405
2.045 0.000416268
2.05 0.000417114
2.055 0.000417941
2.06 0.00041875
2.065 0.000419541
2.07 0.000420313
2.075 0.000421067
2.08 0.000421802
2.085 0.000422518
2.09 0.000423217
2.095 0.000423897
2.1 0.000424559
2.105 0.000425204
2.11 0.000425831
2.115 0.000426442
2.12 0.000427036
2.125 0.000427615
2.13 0.000428178
2.135 0.000428727
2.14 0.000429261
2.145 0.000429781
2.15 0.000430289
2.155 0.000430783
2.16 0.000431266
2.165 0.000431736
2.17 0.000432196
2.175 0.000432645
2.18 0.000433083
2.185 0.000433511
2.19 0.00043393
2.195 0.000434338
2.2 0.000434738
2.205 0.000435129
2.21 0.000435511
2.215 0.000435885
2.22 0.00043625
2.225 0.000436607
2.23 0.000436957
2.235 0.0004373
2.24 0.000437635
2.245 0.000437964
2.25 0.000438286
2.255 0.000438603
2.26 0.000438915
2.265 0.000439222
2.27 0.000439526
2.275 0.000439826
2.28 0.000440123
2.285 0.000440419
2.29 0.000440713
2.295 0.000441007
2.3 0.000441302
2.305 0.000441598
2.31 0.000441897
2.315 0.000442198
2.32 0.000442502
2.325 0.000442811
2.33 0.000443126
2.335 0.000443445
2.34 0.000443772
2.345 0.000444105
2.35 0.000444445
2.355 0.000444794
2.36 0.00044515
2.365 0.000445516
2.37 0.00044589
2.375 0.000446274
2.38 0.000446667
2.385 0.000447071
2.39 0.000447484
2.395 0.000447907
2.4 0.00044834
2.405 0.000448783
2.41 0.000449237
2.415 0.000449701
2.42 0.000450176
2.425 0.000450661
2.43 0.000451156
2.435 0.000451662
2.44 0.000452179
2.445 0.000452706
2.45 0.000453244
2.455 0.000453793
2.46 0.000454354
2.465 0.000454925
2.47 0.000455508
2.475 0.000456103
2.48 0.000456709
2.485 0.000457328
2.49 0.000457959
2.495 0.000458602
2.5 0.000459259
2.505 0.000459928
2.51 0.000460611
2.515 0.000461308
2.52 0.000462018
2.525 0.000462743
2.53 0.000463482
2.535 0.000464236
2.54 0.000465004
2.545 0.000465787
2.55 0.000466585
2.555 0.000467398
2.56 0.000468226
2.565 0.000469069
2.57 0.000469927
2.575 0.000470801
2.58 0.000471689
2.585 0.000472593
2.59 0.000473512
2.595 0.000474446
2.6 0.000475396
2.605 0.00047636
2.61 0.000477339
2.615 0.000478333
2.62 0.000479342
2.625 0.000480366
2.63 0.000481405
2.635 0.000482458
2.64 0.000483527
2.645 0.00048461
2.65 0.000485708
2.655 0.00048682
2.66 0.000487948
2.665 0.00048909
2.67 0.000490247
2.675 0.000491419
2.68 0.000492606
2.685 0.000493807
2.69 0.000495023
2.695 0.000496253
2.7 0.000497498
2.705 0.000498757
2.71 0.000500031
2.715 0.000501318
2.72 0.000502619
2.725 0.000503934
2.73 0.000505262
2.735 0.000506603
2.74 0.000507957
2.745 0.000509324
2.75 0.000510702
2.755 0.000512091
2.76 0.000513492
2.765 0.000514904
2.77 0.000516325
2.775 0.000517757
2.78 0.000519197
2.785 0.000520646
2.79 0.000522103
2.795 0.000523567
2.8 0.000525039
2.805 0.000526517
2.81 0.000528001
2.815 0.00052949
2.82 0.000530984
2.825 0.000532483
2.83 0.000533985
2.835 0.000535491
2.84 0.000536999
2.845 0.000538511
2.85 0.000540024
2.855 0.000541538
2.86 0.000543054
2.865 0.000544571
2.87 0.000546088
2.875 0.000547605
2.88 0.000549122
2.885 0.000550638
2.89 0.000552152
2.895 0.000553666
2.9 0.000555177
2.905 0.000556687
2.91 0.000558194
2.915 0.000559698
2.92 0.000561199
2.925 0.000562696
2.93 0.00056419
2.935 0.00056568
2.94 0.000567165
2.945 0.000568645
2.95 0.00057012
2.955 0.000571589
2.96 0.000573053
2.965 0.000574511
2.97 0.000575962
2.975 0.000577406
2.98 0.000578844
2.985 0.000580274
2.99 0.000581696
2.995 0.000583111
3 0.000584518
3.005 0.000585916
3.01 0.000587306
3.015 0.000588686
3.02 0.000590058
3.025 0.000591421
3.03 0.000592775
3.035 0.000594119
3.04 0.000595453
3.045 0.000596778
3.05 0.000598092
3.055 0.000599397
3.06 0.000600691
3.065 0.000601975
3.07 0.000603248
3.075 0.000604511
3.08 0.000605763
3.085 0.000607004
3.09 0.000608233
3.095 0.000609452
3.1 0.00061066
3.105 0.000611855
3.11 0.00061304
3.115 0.000614212
3.12 0.000615372
3.125 0.000616521
3.13 0.000617657
3.135 0.00061878
3.14 0.000619891
3.145 0.000620989
3.15 0.000622074
3.155 0.000623146
3.16 0.000624205
3.165 0.00062525
3.17 0.000626282
3.175 0.0006273
3.18 0.000628304
3.185 0.000629295
3.19 0.000630271
3.195 0.000631234
3.2 0.000632182
3.205 0.000633116
3.21 0.000634036
3.215 0.000634942
3.22 0.000635834
3.225 0.000636712
3.23 0.000637576
3.235 0.000638426
3.24 0.000639262
3.245 0.000640085
3.25 0.000640894
3.255 0.00064169
3.26 0.000642472
3.265 0.000643241
3.27 0.000643998
3.275 0.000644741
3.28 0.000645473
3.285 0.000646192
3.29 0.000646899
3.295 0.000647594
3.3 0.000648278
3.305 0.000648951
3.31 0.000649613
3.315 0.000650264
3.32 0.000650905
3.325 0.000651535
3.33 0.000652156
3.335 0.000652767
3.34 0.000653369
3.345 0.000653963
3.35 0.000654548
3.355 0.000655124
3.36 0.000655693
3.365 0.000656254
3.37 0.000656808
3.375 0.000657355
3.38 0.000657896
3.385 0.000658431
3.39 0.00065896
3.395 0.000659484
3.4 0.000660003
3.405 0.000660517
3.41 0.000661027
3.415 0.000661533
3.42 0.000662036
3.425 0.000662535
3.43 0.000663032
3.435 0.000663527
3.44 0.00066402
3.445 0.000664511
3.45 0.000665001
3.455 0.00066549
3.46 0.000665979
3.465 0.000666468
3.47 0.000666956
3.475 0.000667446
3.48 0.000667936
3.485 0.000668427
3.49 0.000668919
3.495 0.000669414
3.5 0.00066991
3.505 0.000670408
3.51 0.00067091
3.515 0.000671413
3.52 0.00067192
3.525