0 0
21.7837 0.001
43.5674 0.002
62.5377 0.003
75.8264 0.004
88.7494 0.005
101.672 0.006
114.595 0.007
127.518 0.008
140.441 0.009
153.364 0.01
166.287 0.011
177.633 0.012
181.995 0.013
184.417 0.014
186.838 0.015
189.26 0.016
191.681 0.017
194.103 0.018
196.472 0.019
197.846 0.02
199.152 0.021
199.64 0.022
199.959 0.023
200.279 0.024
200.598 0.025
200.918 0.026
201.237 0.027
201.557 0.028
201.876 0.029
202.195 0.03
202.515 0.031
202.834 0.032
203.154 0.033
203.473 0.034
203.793 0.035
204.112 0.036
204.432 0.037
204.751 0.038
205.071 0.039
205.39 0.04
205.71 0.041
206.029 0.042
206.348 0.043
206.668 0.044
206.987 0.045
207.307 0.046
207.626 0.047
207.946 0.048
208.265 0.049
208.585 0.05
208.904 0.051
209.224 0.052
209.543 0.053
209.863 0.054
210.182 0.055
210.501 0.056
210.821 0.057
211.14 0.058
211.46 0.059
211.779 0.06
212.099 0.061
212.418 0.062
212.738 0.063
213.057 0.064
213.377 0.065
213.696 0.066
214.016 0.067
214.335 0.068
214.654 0.069
214.974 0.07
215.293 0.071
215.613 0.072
215.932 0.073
216.252 0.074
216.571 0.075
216.891 0.076
217.21 0.077
217.53 0.078
217.849 0.079
218.169 0.08
218.488 0.081
218.807 0.082
219.127 0.083
219.446 0.084
219.766 0.085
220.085 0.086
220.405 0.087
220.724 0.088
221.044 0.089
221.363 0.09
221.683 0.091
222.002 0.092
222.322 0.093
222.641 0.094
222.96 0.095
223.28 0.096
223.599 0.097
223.919 0.098
224.238 0.099
224.558 0.1
224.558 0.1
214.965 0.099
205.373 0.098
195.781 0.097
186.188 0.096
176.596 0.095
167.004 0.094
157.411 0.093
147.819 0.092
138.227 0.091
128.635 0.09
119.042 0.089
109.45 0.088
99.8575 0.087
90.2652 0.086
80.6729 0.085
73.6776 0.084
67.7483 0.083
61.8189 0.082
56.1601 0.081
51.6312 0.08
49.6969 0.079
49.3774 0.078
49.0579 0.077
48.7385 0.076
48.419 0.075
48.0996 0.074
47.7801 0.073
47.4606 0.072
47.1412 0.071
46.8217 0.07
46.5023 0.069
46.1828 0.068
45.8633 0.067
45.5439 0.066
45.2244 0.065
44.9049 0.064
44.5855 0.063
44.266 0.062
43.9466 0.061
43.6271 0.06
43.3076 0.059
42.9882 0.058
42.6687 0.057
42.3493 0.056
42.0298 0.055
41.7103 0.054
41.3909 0.053
41.0714 0.052
40.752 0.051
40.4325 0.05
40.113 0.049
39.7936 0.048
39.4741 0.047
39.1546 0.046
38.8352 0.045
38.5157 0.044
38.1963 0.043
37.8768 0.042
37.5573 0.041
37.2379 0.04
36.9184 0.039
36.599 0.038
36.2795 0.037
35.96 0.036
35.6406 0.035
35.3211 0.034
35.0016 0.033
34.6822 0.032
34.3627 0.031
34.0433 0.03
33.7238 0.029
33.4043 0.028
33.0849 0.027
32.7654 0.026
32.446 0.025
32.1265 0.024
31.807 0.023
31.4876 0.022
31.1681 0.021
30.8487 0.02
30.5292 0.019
30.2097 0.018
29.8903 0.017
29.5708 0.016
29.2513 0.015
28.9319 0.014
28.6124 0.013
28.1504 0.012
26.4349 0.011
24.349 0.01
22.2632 0.009
19.2272 0.008
14.173 0.007
9.11879 0.006
4.06457 0.005
-2.60913 0.004
-9.50035 0.003
-16.3916 0.002
-23.2828 0.001
-30.174 -6.93889e-18
-41.252 -0.001
-62.2781 -0.002
-83.3043 -0.003
-104.33 -0.004
-122.517 -0.005
-138.293 -0.006
-147.329 -0.007
-154.483 -0.008
-161.375 -0.009
-168.266 -0.01
-175.157 -0.011
-181.284 -0.012
-184.34 -0.013
-186.426 -0.014
-188.511 -0.015
-190.597 -0.016
-192.683 -0.017
-194.769 -0.018
-196.81 -0.019
-198.019 -0.02
-199.176 -0.021
-199.64 -0.022
-199.959 -0.023
-200.279 -0.024
-200.598 -0.025
-200.918 -0.026
-201.237 -0.027
-201.557 -0.028
-201.876 -0.029
-202.195 -0.03
-202.515 -0.031
-202.834 -0.032
-203.154 -0.033
-203.473 -0.034
-203.793 -0.035
-204.112 -0.036
-204.432 -0.037
-204.751 -0.038
-205.071 -0.039
-205.39 -0.04
-205.71 -0.041
-206.029 -0.042
-206.348 -0.043
-206.668 -0.044
-206.987 -0.045
-207.307 -0.046
-207.626 -0.047
-207.946 -0.048
-208.265 -0.049
-208.585 -0.05
-208.904 -0.051
-209.224 -0.052
-209.543 -0.053
-209.863 -0.054
-210.182 -0.055
-210.501 -0.056
-210.821 -0.057
-211.14 -0.058
-211.46 -0.059
-211.779 -0.06
-212.099 -0.061
-212.418 -0.062
-212.738 -0.063
-213.057 -0.064
-213.377 -0.065
-213.696 -0.066
-214.016 -0.067
-214.335 -0.068
-214.654 -0.069
-214.974 -0.07
-215.293 -0.071
-215.613 -0.072
-215.932 -0.073
-216.252 -0.074
-216.571 -0.075
-216.891 -0.076
-217.21 -0.077
-217.53 -0.078
-217.849 -0.079
-218.169 -0.08
-218.488 -0.081
-218.807 -0.082
-219.127 -0.083
-219.446 -0.084
-219.766 -0.085
-220.085 -0.086
-220.405 -0.087
-220.724 -0.088
-221.044 -0.089
-221.363 -0.09
-221.683 -0.091
-222.002 -0.092
-222.322 -0.093
-222.641 -0.094
-222.96 -0.095
-223.28 -0.096
-223.599 -0.097
-223.919 -0.098
-224.238 -0.099
-224.558 -0.1
-224.558 -0.1
-214.965 -0.099
-205.373 -0.098
-195.781 -0.097
-186.188 -0.096
-176.596 -0.095
-167.004 -0.094
-157.411 -0.093
-147.819 -0.092
-138.227 -0.091
-128.635 -0.09
-119.042 -0.089
-109.45 -0.088
-99.8575 -0.087
-90.2652 -0.086
-80.6729 -0.085
-73.6776 -0.084
-67.7483 -0.083
-61.8189 -0.082
-56.1601 -0.081
-51.6312 -0.08
-49.6969 -0.079
-49.3774 -0.078
-49.0579 -0.077
-48.7385 -0.076
-48.419 -0.075
-48.0996 -0.074
-47.7801 -0.073
-47.4606 -0.072
-47.1412 -0.071
-46.8217 -0.07
-46.5023 -0.069
-46.1828 -0.068
-45.8633 -0.067
-45.5439 -0.066
-45.2244 -0.065
-44.9049 -0.064
-44.5855 -0.063
-44.266 -0.062
-43.9466 -0.061
-43.6271 -0.06
-43.3076 -0.059
-42.9882 -0.058
-42.6687 -0.057
-42.3493 -0.056
-42.0298 -0.055
-41.7103 -0.054
-41.3909 -0.053
-41.0714 -0.052
-40.752 -0.051
-40.4325 -0.05
-40.113 -0.049
-39.7936 -0.048
-39.4741 -0.047
-39.1546 -0.046
-38.8352 -0.045
-38.5157 -0.044
-38.1963 -0.043
-37.8768 -0.042
-37.5573 -0.041
-37.2379 -0.04
-36.9184 -0.039
-36.599 -0.038
-36.2795 -0.037
-35.96 -0.036
-35.6406 -0.035
-35.3211 -0.034
-35.0016 -0.033
-34.6822 -0.032
-34.3627 -0.031
-34.0433 -0.03
-33.7238 -0.029
-33.4043 -0.028
-33.0849 -0.027
-32.7654 -0.026
-32.446 -0.025
-32.1265 -0.024
-31.807 -0.023
-31.4876 -0.022
-31.1681 -0.021
-30.8487 -0.02
-30.5292 -0.019
-30.2097 -0.018
-29.8903 -0.017
-29.5708 -0.016
-29.2513 -0.015
-28.9319 -0.014
-28.6124 -0.013
-28.1504 -0.012
-26.4349 -0.011
-24.349 -0.01
-22.2632 -0.009
-19.2272 -0.008
-14.173 -0.007
-9.11879 -0.006
-4.06457 -0.005
2.60913 -0.004
9.50035 -0.003
16.3916 -0.002
23.2828 -0.001
30.174 -6.93889e-18
41.252 0.001
62.2781 0.002
83.3043 0.003
104.33 0.004
122.517 0.005
138.293 0.006
147.329 0.007
154.483 0.008
161.375 0.009
168.266 0.01
175.157 0.011
181.284 0.012
184.34 0.013
186.426 0.014
188.511 0.015
190.597 0.016
192.683 0.017
194.769 0.018
196.81 0.019
198.019 0.02
199.176 0.021
199.64 0.022
199.959 0.023
200.279 0.024
200.598 0.025
200.918 0.026
201.237 0.027
201.557 0.028
201.876 0.029
202.195 0.03
202.515 0.031
202.834 0.032
203.154 0.033
203.473 0.034
203.793 0.035
204.112 0.036
204.432 0.037
204.751 0.038
205.071 0.039
205.39 0.04
205.71 0.041
206.029 0.042
206.348 0.043
206.668 0.044
206.987 0.045
207.307 0.046
207.626 0.047
207.946 0.048
208.265 0.049
208.585 0.05
208.904 0.051
209.224 0.052
209.543 0.053
209.863 0.054
210.182 0.055
210.501 0.056
210.821 0.057
211.14 0.058
211.46 0.059
211.779 0.06
212.099 0.061
212.418 0.062
212.738 0.063
213.057 0.064
213.377 0.065
213.696 0.066
214.016 0.067
214.335 0.068
214.654 0.069
214.974 0.07
215.293 0.071
215.613 0.072
215.932 0.073
216.252 0.074
216.571 0.075
216.891 0.076
217.21 0.077
217.53 0.078
217.849 0.079
218.169 0.08
218.488 0.081
218.807 0.082
219.127 0.083
219.446 0.084
219.766 0.085
220.085 0.086
220.405 0.087
220.724 0.088
221.044 0.089
221.363 0.09
221.683 0.091
222.002 0.092
222.322 0.093
222.641 0.094
222.96 0.095
223.28 0.096
223.599 0.097
223.919 0.098
224.238 0.099
224.558 0.1
224.877 0.101
225.197 0.102
225.516 0.103
225.836 0.104
226.155 0.105
226.475 0.106
226.794 0.107
227.113 0.108
227.433 0.109
227.752 0.11
228.072 0.111
228.391 0.112
228.711 0.113
229.03 0.114
229.35 0.115
229.669 0.116
229.989 0.117
230.308 0.118
230.628 0.119
230.947 0.12
231.266 0.121
231.586 0.122
231.905 0.123
232.225 0.124
232.544 0.125
232.864 0.126
233.183 0.127
233.503 0.128
233.822 0.129
234.142 0.13
234.461 0.131
234.781 0.132
235.1 0.133
235.419 0.134
235.739 0.135
236.058 0.136
236.378 0.137
236.697 0.138
237.017 0.139
237.336 0.14
237.656 0.141
237.975 0.142
238.295 0.143
238.614 0.144
238.934 0.145
239.253 0.146
239.572 0.147
239.892 0.148
240.211 0.149
240.531 0.15
240.531 0.15
230.939 0.149
221.346 0.148
211.754 0.147
202.162 0.146
192.569 0.145
182.977 0.144
173.385 0.143
163.792 0.142
154.2 0.141
144.608 0.14
135.015 0.139
125.423 0.138
115.831 0.137
106.238 0.136
96.646 0.135
89.6507 0.134
83.7213 0.133
77.792 0.132
72.1332 0.131
67.6043 0.13
65.6699 0.129
65.3505 0.128
65.031 0.127
64.7115 0.126
64.3921 0.125
64.0726 0.124
63.7532 0.123
63.4337 0.122
63.1142 0.121
62.7948 0.12
62.4753 0.119
62.1559 0.118
61.8364 0.117
61.5169 0.116
61.1975 0.115
60.878 0.114
60.5585 0.113
60.2391 0.112
59.9196 0.111
59.6002 0.11
59.2807 0.109
58.9612 0.108
58.6418 0.107
58.3223 0.106
58.0029 0.105
57.6834 0.104
57.3639 0.103
57.0445 0.102
56.725 0.101
56.4056 0.1
56.0861 0.099
55.7666 0.098
55.4472 0.097
55.1277 0.096
54.8082 0.095
54.4888 0.094
54.1693 0.093
53.8499 0.092
53.5304 0.091
53.2109 0.09
52.8915 0.089
52.572 0.088
52.2526 0.087
51.9331 0.086
51.6136 0.085
51.2942 0.084
50.9747 0.083
50.6552 0.082
50.3358 0.081
50.0163 0.08
49.6969 0.079
49.3774 0.078
49.0579 0.077
48.7385 0.076
48.419 0.075
48.0996 0.074
47.7801 0.073
47.4606 0.072
47.1412 0.071
46.8217 0.07
46.5023 0.069
46.1828 0.068
45.8633 0.067
45.5439 0.066
45.2244 0.065
44.9049 0.064
44.5855 0.063
44.266 0.062
43.9466 0.061
43.6271 0.06
43.3076 0.059
42.9882 0.058
42.6687 0.057
42.3493 0.056
42.0298 0.055
41.7103 0.054
41.3909 0.053
41.0714 0.052
40.752 0.051
40.4325 0.05
40.113 0.049
39.7936 0.048
39.4741 0.047
39.1546 0.046
38.8352 0.045
38.5157 0.044
38.1963 0.043
37.8768 0.042
37.5573 0.041
37.2379 0.04
36.9184 0.039
36.599 0.038
36.2795 0.037
35.96 0.036
35.6406 0.035
35.3211 0.034
35.0016 0.033
34.6822 0.032
34.3627 0.031
34.0433 0.03
33.7238 0.029
33.4043 0.028
33.0849 0.027
32.7654 0.026
32.446 0.025
32.1265 0.024
31.807 0.023
31.4876 0.022
31.1681 0.021
30.8487 0.02
30.5292 0.019
30.2097 0.018
29.8903 0.017
29.5708 0.016
29.2513 0.015
28.9319 0.014
28.6124 0.013
28.1504 0.012
26.4349 0.011
24.349 0.01
22.2632 0.009
19.2272 0.008
14.173 0.007
9.11879 0.006
4.06457 0.005
-2.60913 0.004
-9.50035 0.003
-16.3916 0.002
-23.2828 0.001
-30.174 -2.08167e-17
-41.252 -0.001
-62.2781 -0.002
-83.3043 -0.003
-104.33 -0.004
-122.517 -0.005
-138.293 -0.006
-147.329 -0.007
-154.483 -0.008
-161.375 -0.009
-168.266 -0.01
-175.157 -0.011
-181.284 -0.012
-184.34 -0.013
-186.426 -0.014
-188.511 -0.015
-190.597 -0.016
-192.683 -0.017
-194.769 -0.018
-196.81 -0.019
-198.019 -0.02
-199.176 -0.021
-199.64 -0.022
-199.959 -0.023
-200.279 -0.024
-200.598 -0.025
-200.918 -0.026
-201.237 -0.027
-201.557 -0.028
-201.876 -0.029
-202.195 -0.03
-202.515 -0.031
-202.834 -0.032
-203.154 -0.033
-203.473 -0.034
-203.793 -0.035
-204.112 -0.036
-204.432 -0.037
-204.751 -0.038
-205.071 -0.039
-205.39 -0.04
-205.71 -0.041
-206.029 -0.042
-206.348 -0.043
-206.668 -0.044
-206.987 -0.045
-207.307 -0.046
-207.626 -0.047
-207.946 -0.048
-208.265 -0.049
-208.585 -0.05
-208.904 -0.051
-209.224 -0.052
-209.543 -0.053
-209.863 -0.054
-210.182 -0.055
-210.501 -0.056
-210.821 -0.057
-211.14 -0.058
-211.46 -0.059
-211.779 -0.06
-212.099 -0.061
-212.418 -0.062
-212.738 -0.063
-213.057 -0.064
-213.377 -0.065
-213.696 -0.066
-214.016 -0.067
-214.335 -0.068
-214.654 -0.069
-214.974 -0.07
-215.293 -0.071
-215.613 -0.072
-215.932 -0.073
-216.252 -0.074
-216.571 -0.075
-216.891 -0.076
-217.21 -0.077
-217.53 -0.078
-217.849 -0.079
-218.169 -0.08
-218.488 -0.081
-218.807 -0.082
-219.127 -0.083
-219.446 -0.084
-219.766 -0.085
-220.085 -0.086
-220.405 -0.087
-220.724 -0.088
-221.044 -0.089
-221.363 -0.09
-221.683 -0.091
-222.002 -0.092
-222.322 -0.093
-222.641 -0.094
-222.96 -0.095
-223.28 -0.096
-223.599 -0.097
-223.919 -0.098
-224.238 -0.099
-224.558 -0.1
-224.877 -0.101
-225.197 -0.102
-225.516 -0.103
-225.836 -0.104
-226.155 -0.105
-226.475 -0.106
-226.794 -0.107
-227.113 -0.108
-227.433 -0.109
-227.752 -0.11
-228.072 -0.111
-228.391 -0.112
-228.711 -0.113
-229.03 -0.114
-229.35 -0.115
-229.669 -0.116
-229.989 -0.117
-230.308 -0.118
-230.628 -0.119
-230.947 -0.12
-231.266 -0.121
-231.586 -0.122
-231.905 -0.123
-232.225 -0.124
-232.544 -0.125
-232.864 -0.126
-233.183 -0.127
-233.503 -0.128
-233.822 -0.129
-234.142 -0.13
-234.461 -0.131
-234.781 -0.132
-235.1 -0.133
-235.419 -0.134
-235.739 -0.135
-236.058 -0.136
-236.378 -0.137
-236.697 -0.138
-237.017 -0.139
-237.336 -0.14
-237.656 -0.141
-237.975 -0.142
-238.295 -0.143
-238.614 -0.144
-238.934 -0.145
-239.253 -0.146
-239.572 -0.147
-239.892 -0.148
-240.211 -0.149
-240.531 -0.15
-240.531 -0.15
-230.939 -0.149
-221.346 -0.148
-211.754 -0.147
-202.162 -0.146
-192.569 -0.145
-182.977 -0.144
-173.385 -0.143
-163.792 -0.142
-154.2 -0.141
-144.608 -0.14
-135.015 -0.139
-125.423 -0.138
-115.831 -0.137
-106.238 -0.136
-96.646 -0.135
-89.6507 -0.134
-83.7213 -0.133
-77.792 -0.132
-72.1332 -0.131
-67.6043 -0.13
-65.6699 -0.129
-65.3505 -0.128
-65.031 -0.127
-64.7115 -0.126
-64.3921 -0.125
-64.0726 -0.124
-63.7532 -0.123
-63.4337 -0.122
-63.1142 -0.121
-62.7948 -0.12
-62.4753 -0.119
-62.1559 -0.118
-61.8364 -0.117
-61.5169 -0.116
-61.1975 -0.115
-60.878 -0.114
-60.5585 -0.113
-60.2391 -0.112
-59.9196 -0.111
-59.6002 -0.11
-59.2807 -0.109
-58.9612 -0.108
-58.6418 -0.107
-58.3223 -0.106
-58.0029 -0.105
-57.6834 -0.104
-57.3639 -0.103
-57.0445 -0.102
-56.725 -0.101
-56.4056 -0.1
-56.0861 -0.099
-55.7666 -0.098
-55.4472 -0.097
-55.1277 -0.096
-54.8082 -0.095
-54.4888 -0.094
-54.1693 -0.093
-53.8499 -0.092
-53.5304 -0.091
-53.2109 -0.09
-52.8915 -0.089
-52.572 -0.088
-52.2526 -0.087
-51.9331 -0.086
-51.6136 -0.085
-51.2942 -0.084
-50.9747 -0.083
-50.6552 -0.082
-50.3358 -0.081
-50.0163 -0.08
-49.6969 -0.079
-49.3774 -0.078
-49.0579 -0.077
-48.7385 -0.076
-48.419 -0.075
-48.0996 -0.074
-47.7801 -0.073
-47.4606 -0.072
-47.1412 -0.071
-46.8217 -0.07
-46.5023 -0.069
-46.1828 -0.068
-45.8633 -0.067
-45.5439 -0.066
-45.2244 -0.065
-44.9049 -0.064
-44.5855 -0.063
-44.266 -0.062
-43.9466 -0.061
-43.6271 -0.06
-43.3076 -0.059
-42.9882 -0.058
-42.6687 -0.057
-42.3493 -0.056
-42.0298 -0.055
-41.7103 -0.054
-41.3909 -0.053
-41.0714 -0.052
-40.752 -0.051
-40.4325 -0.05
-40.113 -0.049
-39.7936 -0.048
-39.4741 -0.047
-39.1546 -0.046
-38.8352 -0.045
-38.5157 -0.044
-38.1963 -0.043
-37.8768 -0.042
-37.5573 -0.041
-37.2379 -0.04
-36.9184 -0.039
-36.599 -0.038
-36.2795 -0.037
-35.96 -0.036
-35.6406 -0.035
-35.3211 -0.034
-35.0016 -0.033
-34.6822 -0.032
-34.3627 -0.031
-34.0433 -0.03
-33.7238 -0.029
-33.4043 -0.028
-33.0849 -0.027
-32.7654 -0.026
-32.446 -0.025
-32.1265 -0.024
-31.807 -0.023
-31.4876 -0.022
-31.1681 -0.021
-30.8487 -0.02
-30.5292 -0.019
-30.2097 -0.018
-29.8903 -0.017
-29.5708 -0.016
-29.2513 -0.015
-28.9319 -0.014
-28.6124 -0.013
-28.1504 -0.012
-26.4349 -0.011
-24.349 -0.01
-22.2632 -0.009
-19.2272 -0.008
-14.173 -0.007
-9.11879 -0.006
-4.06457 -0.005
2.60913 -0.004
9.50035 -0.003
16.3916 -0.002
23.2828 -0.001
30.174 -6.93889e-18
41.252 0.001
62.2781 0.002
83.3043 0.003
104.33 0.004
122.517 0.005
138.293 0.006
147.329 0.007
154.483 0.008
161.375 0.009
168.266 0.01
175.157 0.011
181.284 0.012
184.34 0.013
186.426 0.014
188.511 0.015
190.597 0.016
192.683 0.017
194.769 0.018
196.81 0.019
198.019 0.02
199.176 0.021
199.64 0.022
199.959 0.023
200.279 0.024
200.598 0.025
200.918 0.026
201.237 0.027
201.557 0.028
201.876 0.029
202.195 0.03
202.515 0.031
202.834 0.032
203.154 0.033
203.473 0.034
203.793 0.035
204.112 0.036
204.432 0.037
204.751 0.038
205.071 0.039
205.39 0.04
205.71 0.041
206.029 0.042
206.348 0.043
206.668 0.044
206.987 0.045
207.307 0.046
207.626 0.047
207.946 0.048
208.265 0.049
208.585 0.05
208.904 0.051
209.224 0.052
209.543 0.053
209.863 0.054
210.182 0.055
210.501 0.056
210.821 0.057
211.14 0.058
211.46 0.059
211.779 0.06
212.099 0.061
212.418 0.062
212.738 0.063
213.057 0.064
213.377 0.065
213.696 0.066
214.016 0.067
214.335 0.068
214.654 0.069
214.974 0.07
215.293 0.071
215.613 0.072
215.932 0.073
216.252 0.074
216.571 0.075
216.891 0.076
217.21 0.077
217.53 0.078
217.849 0.079
218.169 0.08
218.488 0.081
218.807 0.082
219.127 0.083
219.446 0.084
219.766 0.085
220.085 0.086
220.405 0.087
220.724 0.088
221.044 0.089
221.363 0.09
221.683 0.091
222.002 0.092
222.322 0.093
222.641 0.094
222.96 0.095
223.28 0.096
223.599 0.097
223.919 0.098
224.238 0.099
224.558 0.1
224.877 0.101
225.197 0.102
225.516 0.103
225.836 0.104
226.155 0.105
226.475 0.106
226.794 0.107
227.113 0.108
227.433 0.109
227.752 0.11
228.072 0.111
228.391 0.112
228.711 0.113
229.03 0.114
229.35 0.115
229.669 0.116
229.989 0.117
230.308 0.118
230.628 0.119
230.947 0.12
231.266 0.121
231.586 0.122
231.905 0.123
232.225 0.124
232.544 0.125
232.864 0.126
233.183 0.127
233.503 0.128
233.822 0.129
234.142 0.13
234.461 0.131
234.781 0.132
235.1 0.133
235.419 0.134
235.739 0.135
236.058 0.136
236.378 0.137
236.697 0.138
237.017 0.139
237.336 0.14
237.656 0.141
237.975 0.142
238.295 0.143
238.614 0.144
238.934 0.145
239.253 0.146
239.572 0.147
239.892 0.148
240.211 0.149
240.531 0.15
240.85 0.151
241.17 0.152
241.489 0.153
241.809 0.154
242.128 0.155
242.448 0.156
242.767 0.157
243.087 0.158
243.406 0.159
243.725 0.16
244.045 0.161
244.364 0.162
244.684 0.163
245.003 0.164
245.323 0.165
245.642 0.166
245.962 0.167
246.281 0.168
246.601 0.169
246.92 0.17
247.24 0.171
247.559 0.172
247.878 0.173
248.198 0.174
248.517 0.175
248.837 0.176
249.156 0.177
249.476 0.178
249.795 0.179
250.115 0.18
250.434 0.181
250.754 0.182
251.073 0.183
251.393 0.184
251.712 0.185
252.031 0.186
252.351 0.187
252.67 0.188
252.99 0.189
253.309 0.19
253.629 0.191
253.948 0.192
254.268 0.193
254.587 0.194
254.907 0.195
255.226 0.196
255.546 0.197
255.865 0.198
256.184 0.199
256.504 0.2
256.504 0.2
246.912 0.199
237.319 0.198
227.727 0.197
218.135 0.196
208.542 0.195
198.95 0.194
189.358 0.193
179.765 0.192
170.173 0.191
160.581 0.19
150.988 0.189
141.396 0.188
131.804 0.187
122.211 0.186
112.619 0.185
105.624 0.184
99.6944 0.183
93.765 0.182
88.1063 0.181
83.5773 0.18
81.643 0.179
81.3235 0.178
81.0041 0.177
80.6846 0.176
80.3651 0.175
80.0457 0.174
79.7262 0.173
79.4068 0.172
79.0873 0.171
78.7678 0.17
78.4484 0.169
78.1289 0.168
77.8095 0.167
77.49 0.166
77.1705 0.165
76.8511 0.164
76.5316 0.163
76.2121 0.162
75.8927 0.161
75.5732 0.16
75.2538 0.159
74.9343 0.158
74.6148 0.157
74.2954 0.156
73.9759 0.155
73.6565 0.154
73.337 0.153
73.0175 0.152
72.6981 0.151
72.3786 0.15
72.0592 0.149
71.7397 0.148
71.4202 0.147
71.1008 0.146
70.7813 0.145
70.4618 0.144
70.1424 0.143
69.8229 0.142
69.5035 0.141
69.184 0.14
68.8645 0.139
68.5451 0.138
68.2256 0.137
67.9062 0.136
67.5867 0.135
67.2672 0.134
66.9478 0.133
66.6283 0.132
66.3089 0.131
65.9894 0.13
65.6699 0.129
65.3505 0.128
65.031 0.127
64.7115 0.126
64.3921 0.125
64.0726 0.124
63.7532 0.123
63.4337 0.122
63.1142 0.121
62.7948 0.12
62.4753 0.119
62.1559 0.118
61.8364 0.117
61.5169 0.116
61.1975 0.115
60.878 0.114
60.5585 0.113
60.2391 0.112
59.9196 0.111
59.6002 0.11
59.2807 0.109
58.9612 0.108
58.6418 0.107
58.3223 0.106
58.0029 0.105
57.6834 0.104
57.3639 0.103
57.0445 0.102
56.725 0.101
56.4056 0.1
56.0861 0.099
55.7666 0.098
55.4472 0.097
55.1277 0.096
54.8082 0.095
54.4888 0.094
54.1693 0.093
53.8499 0.092
53.5304 0.091
53.2109 0.09
52.8915 0.089
52.572 0.088
52.2526 0.087
51.9331 0.086
51.6136 0.085
51.2942 0.084
50.9747 0.083
50.6552 0.082
50.3358 0.081
50.0163 0.08
49.6969 0.079
49.3774 0.078
49.0579 0.077
48.7385 0.076
48.419 0.075
48.0996 0.074
47.7801 0.073
47.4606 0.072
47.1412 0.071
46.8217 0.07
46.5023 0.069
46.1828 0.068
45.8633 0.067
45.5439 0.066
45.2244 0.065
44.9049 0.064
44.5855 0.063
44.266 0.062
43.9466 0.061
43.6271 0.06
43.3076 0.059
42.9882 0.058
42.6687 0.057
42.3493 0.056
42.0298 0.055
41.7103 0.054
41.3909 0.053
41.0714 0.052
40.752 0.051
40.4325 0.05
40.113 0.049
39.7936 0.048
39.4741 0.047
39.1546 0.046
38.8352 0.045
38.5157 0.044
38.1963 0.043
37.8768 0.042
37.5573 0.041
37.2379 0.04
36.9184 0.039
36.599 0.038
36.2795 0.037
35.96 0.036
35.6406 0.035
35.3211 0.034
35.0016 0.033
34.6822 0.032
34.3627 0.031
34.0433 0.03
33.7238 0.029
33.4043 0.028
33.0849 0.027
32.7654 0.026
32.446 0.025
32.1265 0.024
31.807 0.023
31.4876 0.022
31.1681 0.021
30.8487 0.02
30.5292 0.019
30.2097 0.018
29.8903 0.017
29.5708 0.016
29.2513 0.015
28.9319 0.014
28.6124 0.013
28.1504 0.012
26.4349 0.011
24.349 0.01
22.2632 0.009
19.2272 0.008
14.173 0.007
9.11879 0.006
4.06457 0.005
-2.60913 0.004
-9.50035 0.003
-16.3916 0.002
-23.2828 0.001
-30.174 -2.08167e-17
-41.252 -0.001
-62.2781 -0.002
-83.3043 -0.003
-104.33 -0.004
-122.517 -0.005
-138.293 -0.006
-147.329 -0.007
-154.483 -0.008
-161.375 -0.009
-168.266 -0.01
-175.157 -0.011
-181.284 -0.012
-184.34 -0.013
-186.426 -0.014
-188.511 -0.015
-190.597 -0.016
-192.683 -0.017
-194.769 -0.018
-196.81 -0.019
-198.019 -0.02
-199.176 -0.021
-199.64 -0.022
-199.959 -0.023
-200.279 -0.024
-200.598 -0.025
-200.918 -0.026
-201.237 -0.027
-201.557 -0.028
-201.876 -0.029
-202.195 -0.03
-202.515 -0.031
-202.834 -0.032
-203.154 -0.033
-203.473 -0.034
-203.793 -0.035
-204.112 -0.036
-204.432 -0.037
-204.751 -0.038
-205.071 -0.039
-205.39 -0.04
-205.71 -0.041
-206.029 -0.042
-206.348 -0.043
-206.668 -0.044
-206.987 -0.045
-207.307 -0.046
-207.626 -0.047
-207.946 -0.048
-208.265 -0.049
-208.585 -0.05
-208.904 -0.051
-209.224 -0.052
-209.543 -0.053
-209.863 -0.054
-210.182 -0.055
-210.501 -0.056
-210.821 -0.057
-211.14 -0.058
-211.46 -0.059
-211.779 -0.06
-212.099 -0.061
-212.418 -0.062
-212.738 -0.063
-213.057 -0.064
-213.377 -0.065
-213.696 -0.066
-214.016 -0.067
-214.335 -0.068
-214.654 -0.069
-214.974 -0.07
-215.293 -0.071
-215.613 -0.072
-215.932 -0.073
-216.252 -0.074
-216.571 -0.075
-216.891 -0.076
-217.21 -0.077
-217.53 -0.078
-217.849 -0.079
-218.169 -0.08
-218.488 -0.081
-218.807 -0.082
-219.127 -0.083
-219.446 -0.084
-219.766 -0.085
-220.085 -0.086
-220.405 -0.087
-220.724 -0.088
-221.044 -0.089
-221.363 -0.09
-221.683 -0.091
-222.002 -0.092
-222.322 -0.093
-222.641 -0.094
-222.96 -0.095
-223.28 -0.096
-223.599 -0.097
-223.919 -0.098
-224.238 -0.099
-224.558 -0.1
-224.877 -0.101
-225.197 -0.102
-225.516 -0.103
-225.836 -0.104
-226.155 -0.105
-226.475 -0.106
-226.794 -0.107
-227.113 -0.108
-227.433 -0.109
-227.752 -0.11
-228.072 -0.111
-228.391 -0.112
-228.711 -0.113
-229.03 -0.114
-229.35 -0.115
-229.669 -0.116
-229.989 -0.117
-230.308 -0.118
-230.628 -0.119
-230.947 -0.12
-231.266 -0.121
-231.586 -0.122
-231.905 -0.123
-232.225 -0.124
-232.544 -0.125
-232.864 -0.126
-233.183 -0.127
-233.503 -0.128
-233.822 -0.129
-234.142 -0.13
-234.461 -0.131
-234.781 -0.132
-235.1 -0.133
-235.419 -0.134
-235.739 -0.135
-236.058 -0.136
-236.378 -0.137
-236.697 -0.138
-237.017 -0.139
-237.336 -0.14
-237.656 -0.141
-237.975 -0.142
-238.295 -0.143
-238.614 -0.144
-238.934 -0.145
-239.253 -0.146
-239.572 -0.147
-239.892 -0.148
-240.211 -0.149
-240.531 -0.15
-240.85 -0.151
-241.17 -0.152
-241.489 -0.153
-241.809 -0.154
-242.128 -0.155
-242.448 -0.156
-242.767 -0.157
-243.087 -0.158
-243.406 -0.159
-243.725 -0.16
-244.045 -0.161
-244.364 -0.162
-244.684 -0.163
-245.003 -0.164
-245.323 -0.165
-245.642 -0.166
-245.962 -0.167
-246.281 -0.168
-246.601 -0.169
-246.92 -0.17
-247.24 -0.171
-247.559 -0.172
-247.878 -0.173
-248.198 -0.174
-248.517 -0.175
-248.837 -0.176
-249.156 -0.177
-249.476 -0.178
-249.795 -0.179
-250.115 -0.18
-250.434 -0.181
-250.754 -0.182
-251.073 -0.183
-251.393 -0.184
-251.712 -0.185
-252.031 -0.186
-252.351 -0.187
-252.67 -0.188
-252.99 -0.189
-253.309 -0.19
-253.629 -0.191
-253.948 -0.192
-254.268 -0.193
-254.587 -0.194
-254.907 -0.195
-255.226 -0.196
-255.546 -0.197
-255.865 -0.198
-256.184 -0.199
-256.504 -0.2
-256.504 -0.2
-246.912 -0.199
-237.319 -0.198
-227.727 -0.197
-218.135 -0.196
-208.542 -0.195
-198.95 -0.194
-189.358 -0.193
-179.765 -0.192
-170.173 -0.191
-160.581 -0.19
-150.988 -0.189
-141.396 -0.188
-131.804 -0.187
-122.211 -0.186
-112.619 -0.185
-105.624 -0.184
-99.6944 -0.183
-93.765 -0.182
-88.1063 -0.181
-83.5773 -0.18
-81.643 -0.179
-81.3235 -0.178
-81.0041 -0.177
-80.6846 -0.176
-80.3651 -0.175
-80.0457 -0.174
-79.7262 -0.173
-79.4068 -0.172
-79.0873 -0.171
-78.7678 -0.17
-78.4484 -0.169
-78.1289 -0.168
-77.8095 -0.167
-77.49 -0.166
-77.1705 -0.165
-76.8511 -0.164
-76.5316 -0.163
-76.2121 -0.162
-75.8927 -0.161
-75.5732 -0.16
-75.2538 -0.159
-74.9343 -0.158
-74.6148 -0.157
-74.2954 -0.156
-73.9759 -0.155
-73.6565 -0.154
-73.337 -0.153
-73.0175 -0.152
-72.6981 -0.151
-72.3786 -0.15
-72.0592 -0.149
-71.7397 -0.148
-71.4202 -0.147
-71.1008 -0.146
-70.7813 -0.145
-70.4618 -0.144
-70.1424 -0.143
-69.8229 -0.142
-69.5035 -0.141
-69.184 -0.14
-68.8645 -0.139
-68.5451 -0.138
-68.2256 -0.137
-67.9062 -0.136
-67.5867 -0.135
-67.2672 -0.134
-66.9478 -0.133
-66.6283 -0.132
-66.3089 -0.131
-65.9894 -0.13
-65.6699 -0.129
-65.3505 -0.128
-65.031 -0.127
-64.7115 -0.126
-64.3921 -0.125
-64.0726 -0.124
-63.7532 -0.123
-63.4337 -0.122
-63.1142 -0.121
-62.7948 -0.12
-62.4753 -0.119
-62.1559 -0.118
-61.8364 -0.117
-61.5169 -0.116
-61.1975 -0.115
-60.878 -0.114
-60.5585 -0.113
-60.2391 -0.112
-59.9196 -0.111
-59.6002 -0.11
-59.2807 -0.109
-58.9612 -0.108
-58.6418 -0.107
-58.3223 -0.106
-58.0029 -0.105
-57.6834 -0.104
-57.3639 -0.103
-57.0445 -0.102
-56.725 -0.101
-56.4056 -0.1
-56.0861 -0.099
-55.7666 -0.098
-55.4472 -0.097
-55.1277 -0.096
-54.8082 -0.095
-54.4888 -0.094
-54.1693 -0.093
-53.8499 -0.092
-53.5304 -0.091
-53.2109 -0.09
-52.8915 -0.089
-52.572 -0.088
-52.2526 -0.087
-51.9331 -0.086
-51.6136 -0.085
-51.2942 -0.084
-50.9747 -0.083
-50.6552 -0.082
-50.3358 -0.081
-50.0163 -0.08
-49.6969 -0.079
-49.3774 -0.078
-49.0579 -0.077
-48.7385 -0.076
-48.419 -0.075
-48.0996 -0.074
-47.7801 -0.073
-47.4606 -0.072
-47.1412 -0.071
-46.8217 -0.07
-46.5023 -0.069
-46.1828 -0.068
-45.8633 -0.067
-45.5439 -0.066
-45.2244 -0.065
-44.9049 -0.064
-44.5855 -0.063
-44.266 -0.062
-43.9466 -0.061
-43.6271 -0.06
-43.3076 -0.059
-42.9882 -0.058
-42.6687 -0.057
-42.3493 -0.056
-42.0298 -0.055
-41.7103 -0.054
-41.3909 -0.053
-41.0714 -0.052
-40.752 -0.051
-40.4325 -0.05
-40.113 -0.049
-39.7936 -0.048
-39.4741 -0.047
-39.1546 -0.046
-38.8352 -0.045
-38.5157 -0.044
-38.1963 -0.043
-37.8768 -0.042
-37.5573 -0.041
-37.2379 -0.04
-36.9184 -0.039
-36.599 -0.038
-36.2795 -0.037
-35.96 -0.036
-35.6406 -0.035
-35.3211 -0.034
-35.0016 -0.033
-34.6822 -0.032
-34.3627 -0.031
-34.0433 -0.03
-33.7238 -0.029
-33.4043 -0.028
-33.0849 -0.027
-32.7654 -0.026
-32.446 -0.025
-32.1265 -0.024
-31.807 -0.023
-31.4876 -0.022
-31.1681 -0.021
-30.8487 -0.02
-30.5292 -0.019
-30.2097 -0.018
-29.8903 -0.017
-29.5708 -0.016
-29.2513 -0.015
-28.9319 -0.014
-28.6124 -0.013
-28.1504 -0.012
-26.4349 -0.011
-24.349 -0.01
-22.2632 -0.009
-19.2272 -0.008
-14.173 -0.007
-9.11879 -0.006
-4.06457 -0.005
2.60913 -0.004
9.50035 -0.003
16.3916 -0.002
23.2828 -0.001
30.174 -6.93889e-18
41.252 0.001
62.2781 0.002
83.3043 0.003
104.33 0.004
122.517 0.005
138.293 0.006
147.329 0.007
154.483 0.008
161.375 0.009
168.266 0.01
175.157 0.011
181.284 0.012
184.34 0.013
186.426 0.014
188.511 0.015
190.597 0.016
192.683 0.017
194.769 0.018
196.81 0.019
198.019 0.02
199.176 0.021
199.64 0.022
199.959 0.023
200.279 0.024
200.598 0.025
200.918 0.026
201.237 0.027
201.557 0.028
201.876 0.029
202.195 0.03
202.515 0.031
202.834 0.032
203.154 0.033
203.473 0.034
203.793 0.035
204.112 0.036
204.432 0.037
204.751 0.038
205.071 0.039
205.39 0.04
205.71 0.041
206.029 0.042
206.348 0.043
206.668 0.044
206.987 0.045
207.307 0.046
207.626 0.047
207.946 0.048
208.265 0.049
208.585 0.05
208.904 0.051
209.224 0.052
209.543 0.053
209.863 0.054
210.182 0.055
210.501 0.056
210.821 0.057
211.14 0.058
211.46 0.059
211.779 0.06
212.099 0.061
212.418 0.062
212.738 0.063
213.057 0.064
213.377 0.065
213.696 0.066
214.016 0.067
214.335 0.068
214.654 0.069
214.974 0.07
215.293 0.071
215.613 0.072
215.932 0.073
216.252 0.074
216.571 0.075
216.891 0.076
217.21 0.077
217.53 0.078
217.849 0.079
218.169 0.08
218.488 0.081
218.807 0.082
219.127 0.083
219.446 0.084
219.766 0.085
220.085 0.086
220.405 0.087
220.724 0.088
221.044 0.089
221.363 0.09
221.683 0.091
222.002 0.092
222.322 0.093
222.641 0.094
222.96 0.095
223.28 0.096
223.599 0.097
223.919 0.098
224.238 0.099
224.558 0.1
224.877 0.101
225.197 0.102
225.516 0.103
225.836 0.104
226.155 0.105
226.475 0.106
226.794 0.107
227.113 0.108
227.433 0.109
227.752 0.11
228.072 0.111
228.391 0.112
228.711 0.113
229.03 0.114
229.35 0.115
229.669 0.116
229.989 0.117
230.308 0.118
230.628 0.119
230.947 0.12
231.266 0.121
231.586 0.122
231.905 0.123
232.225 0.124
232.544 0.125
232.864 0.126
233.183 0.127
233.503 0.128
233.822 0.129
234.142 0.13
234.461 0.131
234.781 0.132
235.1 0.133
235.419 0.134
235.739 0.135
236.058 0.136
236.378 0.137
236.697 0.138
237.017 0.139
237.336 0.14
237.656 0.141
237.975 0.142
238.295 0.143
238.614 0.144
238.934 0.145
239.253 0.146
239.572 0.147
239.892 0.148
240.211 0.149
240.531 0.15
240.85 0.151
241.17 0.152
241.489 0.153
241.809 0.154
242.128 0.155
242.448 0.156
242.767 0.157
243.087 0.158
243.406 0.159
243.725 0.16
244.045 0.161
244.364 0.162
244.684 0.163
245.003 0.164
245.323 0.165
245.642 0.166
245.962 0.167
246.281 0.168
246.601 0.169
246.92 0.17
247.24 0.171
247.559 0.172
247.878 0.173
248.198 0.174
248.517 0.175
248.837 0.176
249.156 0.177
249.476 0.178
249.795 0.179
250.115 0.18
250.434 0.181
250.754 0.182
251.073 0.183
251.393 0.184
251.712 0.185
252.031 0.186
252.351 0.187
252.67 0.188
252.99 0.189
253.309 0.19
253.629 0.191
253.948 0.192
254.268 0.193
254.587 0.194
254.907 0.195
255.226 0.196
255.546 0.197
255.865 0.198
256.184 0.199
256.504 0.2
256.823 0.201
257.143 0.202
257.462 0.203
257.782 0.204
258.101 0.205
258.421 0.206
258.74 0.207
259.06 0.208
259.379 0.209
259.699 0.21
260.018 0.211
260.337 0.212
260.657 0.213
260.976 0.214
261.296 0.215
261.615 0.216
261.935 0.217
262.254 0.218
262.574 0.219
262.893 0.22
263.213 0.221
263.532 0.222
263.851 0.223
264.171 0.224
264.49 0.225
264.81 0.226
265.129 0.227
265.449 0.228
265.768 0.229
266.088 0.23
266.407 0.231
266.727 0.232
267.046 0.233
267.366 0.234
267.685 0.235
268.004 0.236
268.324 0.237
268.643 0.238
268.963 0.239
269.282 0.24
269.602 0.241
269.921 0.242
270.241 0.243
270.56 0.244
270.88 0.245
271.199 0.246
271.519 0.247
271.838 0.248
272.157 0.249
272.477 0.25
272.477 0.25
262.885 0.249
253.292 0.248
243.7 0.247
234.108 0.246
224.515 0.245
214.923 0.244
205.331 0.243
195.738 0.242
186.146 0.241
176.554 0.24
166.961 0.239
157.369 0.238
147.777 0.237
138.184 0.236
128.592 0.235
121.597 0.234
115.667 0.233
109.738 0.232
104.079 0.231
99.5504 0.23
97.6161 0.229
97.2966 0.228
96.9771 0.227
96.6577 0.226
96.3382 0.225
96.0187 0.224
95.6993 0.223
95.3798 0.222
95.0604 0.221
94.7409 0.22
94.4214 0.219
94.102 0.218
93.7825 0.217
93.4631 0.216
93.1436 0.215
92.8241 0.214
92.5047 0.213
92.1852 0.212
91.8658 0.211
91.5463 0.21
91.2268 0.209
90.9074 0.208
90.5879 0.207
90.2684 0.206
89.949 0.205
89.6295 0.204
89.3101 0.203
88.9906 0.202
88.6711 0.201
88.3517 0.2
88.0322 0.199
87.7128 0.198
87.3933 0.197
87.0738 0.196
86.7544 0.195
86.4349 0.194
86.1154 0.193
85.796 0.192
85.4765 0.191
85.1571 0.19
84.8376 0.189
84.5181 0.188
84.1987 0.187
83.8792 0.186
83.5598 0.185
83.2403 0.184
82.9208 0.183
82.6014 0.182
82.2819 0.181
81.9625 0.18
81.643 0.179
81.3235 0.178
81.0041 0.177
80.6846 0.176
80.3651 0.175
80.0457 0.174
79.7262 0.173
79.4068 0.172
79.0873 0.171
78.7678 0.17
78.4484 0.169
78.1289 0.168
77.8095 0.167
77.49 0.166
77.1705 0.165
76.8511 0.164
76.5316 0.163
76.2121 0.162
75.8927 0.161
75.5732 0.16
75.2538 0.159
74.9343 0.158
74.6148 0.157
74.2954 0.156
73.9759 0.155
73.6565 0.154
73.337 0.153
73.0175 0.152
72.6981 0.151
72.3786 0.15
72.0592 0.149
71.7397 0.148
71.4202 0.147
71.1008 0.146
70.7813 0.145
70.4618 0.144
70.1424 0.143
69.8229 0.142
69.5035 0.141
69.184 0.14
68.8645 0.139
68.5451 0.138
68.2256 0.137
67.9062 0.136
67.5867 0.135
67.2672 0.134
66.9478 0.133
66.6283 0.132
66.3089 0.131
65.9894 0.13
65.6699 0.129
65.3505 0.128
65.031 0.127
64.7115 0.126
64.3921 0.125
64.0726 0.124
63.7532 0.123
63.4337 0.122
63.1142 0.121
62.7948 0.12
62.4753 0.119
62.1559 0.118
61.8364 0.117
61.5169 0.116
61.1975 0.115
60.878 0.114
60.5585 0.113
60.2391 0.112
59.9196 0.111
59.6002 0.11
59.2807 0.109
58.9612 0.108
58.6418 0.107
58.3223 0.106
58.0029 0.105
57.6834 0.104
57.3639 0.103
57.0445 0.102
56.725 0.101
56.4056 0.1
56.0861 0.099
55.7666 0.098
55.4472 0.097
55.1277 0.096
54.8082 0.095
54.4888 0.094
54.1693 0.093
53.8499 0.092
53.5304 0.091
53.2109 0.09
52.8915 0.089
52.572 0.088
52.2526 0.087
51.9331 0.086
51.6136 0.085
51.2942 0.084
50.9747 0.083
50.6552 0.082
50.3358 0.081
50.0163 0.08
49.6969 0.079
49.3774 0.078
49.0579 0.077
48.7385 0.076
48.419 0.075
48.0996 0.074
47.7801 0.073
47.4606 0.072
47.1412 0.071
46.8217 0.07
46.5023 0.069
46.1828 0.068
45.8633 0.067
45.5439 0.066
45.2244 0.065
44.9049 0.064
44.5855 0.063
44.266 0.062
43.9466 0.061
43.6271 0.06
43.3076 0.059
42.9882 0.058
42.6687 0.057
42.3493 0.056
42.0298 0.055
41.7103 0.054
41.3909 0.053
41.0714 0.052
40.752 0.051
40.4325 0.05
40.113 0.049
39.7936 0.048
39.4741 0.047
39.1546 0.046
38.8352 0.045
38.5157 0.044
38.1963 0.043
37.8768 0.042
37.5573 0.041
37.2379 0.04
36.9184 0.039
36.599 0.038
36.2795 0.037
35.96 0.036
35.6406 0.035
35.3211 0.034
35.0016 0.033
34.6822 0.032
34.3627 0.031
34.0433 0.03
33.7238 0.029
33.4043 0.028
33.0849 0.027
32.7654 0.026
32.446 0.025
32.1265 0.024
31.807 0.023
31.4876 0.022
31.1681 0.021
30.8487 0.02
30.5292 0.019
30.2097 0.018
29.8903 0.017
29.5708 0.016
29.2513 0.015
28.9319 0.014
28.6124 0.013
28.1504 0.012
26.4349 0.011
24.349 0.01
22.2632 0.009
19.2272 0.008
14.173 0.007
9.11879 0.006
4.06457 0.005
-2.60913 0.004
-9.50035 0.003
-16.3916 0.002
-23.2828 0.001
-30.174 -4.85723e-17
-41.252 -0.001
-62.2781 -0.002
-83.3043 -0.003
-104.33 -0.004
-122.517 -0.005
-138.293 -0.006
-147.329 -0.007
-154.483 -0.008
-161.375 -0.009
-168.266 -0.01
-175.157 -0.011
-181.284 -0.012
-184.34 -0.013
-186.426 -0.014
-188.511 -0.015
-190.597 -0.016
-192.683 -0.017
-194.769 -0.018
-196.81 -0.019
-198.019 -0.02
-199.176 -0.021
-199.64 -0.022
-199.959 -0.023
-200.279 -0.024
-200.598 -0.025
-200.918 -0.026
-201.237 -0.027
-201.557 -0.028
-201.876 -0.029
-202.195 -0.03
-202.515 -0.031
-202.834 -0.032
-203.154 -0.033
-203.473 -0.034
-203.793 -0.035
-204.112 -0.036
-204.432 -0.037
-204.751 -0.038
-205.071 -0.039
-205.39 -0.04
-205.71 -0.041
-206.029 -0.042
-206.348 -0.043
-206.668 -0.044
-206.987 -0.045
-207.307 -0.046
-207.626 -0.047
-207.946 -0.048
-208.265 -0.049
-208.585 -0.05
-208.904 -0.051
-209.224 -0.052
-209.543 -0.053
-209.863 -0.054
-210.182 -0.055
-210.501 -0.056
-210.821 -0.057
-211.14 -0.058
-211.46 -0.059
-211.779 -0.06
-212.099 -0.061
-212.418 -0.062
-212.738 -0.063
-213.057 -0.064
-213.377 -0.065
-213.696 -0.066
-214.016 -0.067
-214.335 -0.068
-214.654 -0.069
-214.974 -0.07
-215.293 -0.071
-215.613 -0.072
-215.932 -0.073
-216.252 -0.074
-216.571 -0.075
-216.891 -0.076
-217.21 -0.077
-217.53 -0.078
-217.849 -0.079
-218.169 -0.08
-218.488 -0.081
-218.807 -0.082
-219.127 -0.083
-219.446 -0.084
-219.766 -0.085
-220.085 -0.086
-220.405 -0.087
-220.724 -0.088
-221.044 -0.089
-221.363 -0.09
-221.683 -0.091
-222.002 -0.092
-222.322 -0.093
-222.641 -0.094
-222.96 -0.095
-223.28 -0.096
-223.599 -0.097
-223.919 -0.098
-224.238 -0.099
-224.558 -0.1
-224.877 -0.101
-225.197 -0.102
-225.516 -0.103
-225.836 -0.104
-226.155 -0.105
-226.475 -0.106
-226.794 -0.107
-227.113 -0.108
-227.433 -0.109
-227.752 -0.11
-228.072 -0.111
-228.391 -0.112
-228.711 -0.113
-229.03 -0.114
-229.35 -0.115
-229.669 -0.116
-229.989 -0.117
-230.308 -0.118
-230.628 -0.119
-230.947 -0.12
-231.266 -0.121
-231.586 -0.122
-231.905 -0.123
-232.225 -0.124
-232.544 -0.125
-232.864 -0.126
-233.183 -0.127
-233.503 -0.128
-233.822 -0.129
-234.142 -0.13
-234.461 -0.131
-234.781 -0.132
-235.1 -0.133
-235.419 -0.134
-235.739 -0.135
-236.058 -0.136
-236.378 -0.137
-236.697 -0.138
-237.017 -0.139
-237.336 -0.14
-237.656 -0.141
-237.975 -0.142
-238.295 -0.143
-238.614 -0.144
-238.934 -0.145
-239.253 -0.146
-239.572 -0.147
-239.892 -0.148
-240.211 -0.149
-240.531 -0.15
-240.85 -0.151
-241.17 -0.152
-241.489 -0.153
-241.809 -0.154
-242.128 -0.155
-242.448 -0.156
-242.767 -0.157
-243.087 -0.158
-243.406 -0.159
-243.725 -0.16
-244.045 -0.161
-244.364 -0.162
-244.684 -0.163
-245.003 -0.164
-245.323 -0.165
-245.642 -0.166
-245.962 -0.167
-246.281 -0.168
-246.601 -0.169
-246.92 -0.17
-247.24 -0.171
-247.559 -0.172
-247.878 -0.173
-248.198 -0.174
-248.517 -0.175
-248.837 -0.176
-249.156 -0.177
-249.476 -0.178
-249.795 -0.179
-250.115 -0.18
-250.434 -0.181
-250.754 -0.182
-251.073 -0.183
-251.393 -0.184
-251.712 -0.185
-252.031 -0.186
-252.351 -0.187
-252.67 -0.188
-252.99 -0.189
-253.309 -0.19
-253.629 -0.191
-253.948 -0.192
-254.268 -0.193
-254.587 -0.194
-254.907 -0.195
-255.226 -0.196
-255.546 -0.197
-255.865 -0.198
-256.184 -0.199
-256.504 -0.2
-256.823 -0.201
-257.143 -0.202
-257.462 -0.203
-257.782 -0.204
-258.101 -0.205
-258.421 -0.206
-258.74 -0.207
-259.06 -0.208
-259.379 -0.209
-259.699 -0.21
-260.018 -0.211
-260.337 -0.212
-260.657 -0.213
-260.976 -0.214
-261.296 -0.215
-261.615 -0.216
-261.935 -0.217
-262.254 -0.218
-262.574 -0.219
-262.893 -0.22
-263.213 -0.221
-263.532 -0.222
-263.851 -0.223
-264.171 -0.224
-264.49 -0.225
-264.81 -0.226
-265.129 -0.227
-265.449 -0.228
-265.768 -0.229
-266.088 -0.23
-266.407 -0.231
-266.727 -0.232
-267.046 -0.233
-267.366 -0.234
-267.685 -0.235
-268.004 -0.236
-268.324 -0.237
-268.643 -0.238
-268.963 -0.239
-269.282 -0.24
-269.602 -0.241
-269.921 -0.242
-270.241 -0.243
-270.56 -0.244
-270.88 -0.245
-271.199 -0.246
-271.519 -0.247
-271.838 -0.248
-272.157 -0.249
-272.477 -0.25
-272.477 -0.25
-262.885 -0.249
-253.292 -0.248
-243.7 -0.247
-234.108 -0.246
-224.515 -0.245
-214.923 -0.244
-205.331 -0.243
-195.738 -0.242
-186.146 -0.241
-176.554 -0.24
-166.961 -0.239
-157.369 -0.238
-147.777 -0.237
-138.184 -0.236
-128.592 -0.235
-121.597 -0.234
-115.667 -0.233
-109.738 -0.232
-104.079 -0.231
-99.5504 -0.23
-97.6161 -0.229
-97.2966 -0.228
-96.9771 -0.227
-96.6577 -0.226
-96.3382 -0.225
-96.0187 -0.224
-95.6993 -0.223
-95.3798 -0.222
-95.0604 -0.221
-94.7409 -0.22
-94.4214 -0.219
-94.102 -0.218
-93.7825 -0.217
-93.4631 -0.216
-93.1436 -0.215
-92.8241 -0.214
-92.5047 -0.213
-92.1852 -0.212
-91.8658 -0.211
-91.5463 -0.21
-91.2268 -0.209
-90.9074 -0.208
-90.5879 -0.207
-90.2684 -0.206
-89.949 -0.205
-89.6295 -0.204
-89.3101 -0.203
-88.9906 -0.202
-88.6711 -0.201
-88.3517 -0.2
-88.0322 -0.199
-87.7128 -0.198
-87.3933 -0.197
-87.0738 -0.196
-86.7544 -0.195
-86.4349 -0.194
-86.1154 -0.193
-85.796 -0.192
-85.4765 -0.191
-85.1571 -0.19
-84.8376 -0.189
-84.5181 -0.188
-84.1987 -0.187
-83.8792 -0.186
-83.5598 -0.185
-83.2403 -0.184
-82.9208 -0.183
-82.6014 -0.182
-82.2819 -0.181
-81.9625 -0.18
-81.643 -0.179
-81.3235 -0.178
-81.0041 -0.177
-80.6846 -0.176
-80.3651 -0.175
-80.0457 -0.174
-79.7262 -0.173
-79.4068 -0.172
-79.0873 -0.171
-78.7678 -0.17
-78.4484 -0.169
-78.1289 -0.168
-77.8095 -0.167
-77.49 -0.166
-77.1705 -0.165
-76.8511 -0.164
-76.5316 -0.163
-76.2121 -0.162
-75.8927 -0.161
-75.5732 -0.16
-75.2538 -0.159
-74.9343 -0.158
-74.6148 -0.157
-74.2954 -0.156
-73.9759 -0.155
-73.6565 -0.154
-73.337 -0.153
-73.0175 -0.152
-72.6981 -0.151
-72.3786 -0.15
-72.0592 -0.149
-71.7397 -0.148
-71.4202 -0.147
-71.1008 -0.146
-70.7813 -0.145
-70.4618 -0.144
-70.1424 -0.143
-69.8229 -0.142
-69.5035 -0.141
-69.184 -0.14
-68.8645 -0.139
-68.5451 -0.138
-68.2256 -0.137
-67.9062 -0.136
-67.5867 -0.135
-67.2672 -0.134
-66.9478 -0.133
-66.6283 -0.132
-66.3089 -0.131
-65.9894 -0.13
-65.6699 -0.129
-65.3505 -0.128
-65.031 -0.127
-64.7115 -0.126
-64.3921 -0.125
-64.0726 -0.124
-63.7532 -0.123
-63.4337 -0.122
-63.1142 -0.121
-62.7948 -0.12
-62.4753 -0.119
-62.1559 -0.118
-61.8364 -0.117
-61.5169 -0.116
-61.1975 -0.115
-60.878 -0.114
-60.5585 -0.113
-60.2391 -0.112
-59.9196 -0.111
-59.6002 -0.11
-59.2807 -0.109
-58.9612 -0.108
-58.6418 -0.107
-58.3223 -0.106
-58.0029 -0.105
-57.6834 -0.104
-57.3639 -0.103
-57.0445 -0.102
-56.725 -0.101
-56.4056 -0.1
-56.0861 -0.099
-55.7666 -0.098
-55.4472 -0.097
-55.1277 -0.096
-54.8082 -0.095
-54.4888 -0.094
-54.1693 -0.093
-53.8499 -0.092
-53.5304 -0.091
-53.2109 -0.09
-52.8915 -0.089
-52.572 -0.088
-52.2526 -0.087
-51.9331 -0.086
-51.6136 -0.085
-51.2942 -0.084
-50.9747 -0.083
-50.6552 -0.082
-50.3358 -0.081
-50.0163 -0.08
-49.6969 -0.079
-49.3774 -0.078
-49.0579 -0.077
-48.7385 -0.076
-48.419 -0.075
-48.0996 -0.074
-47.7801 -0.073
-47.4606 -0.072
-47.1412 -0.071
-46.8217 -0.07
-46.5023 -0.069
-46.1828 -0.068
-45.8633 -0.067
-45.5439 -0.066
-45.2244 -0.065
-44.9049 -0.064
-44.5855 -0.063
-44.266 -0.062
-43.9466 -0.061
-43.6271 -0.06
-43.3076 -0.059
-42.9882 -0.058
-42.6687 -0.057
-42.3493 -0.056
-42.0298 -0.055
-41.7103 -0.054
-41.3909 -0.053
-41.0714 -0.052
-40.752 -0.051
-40.4325 -0.05
-40.113 -0.049
-39.7936 -0.048
-39.4741 -0.047
-39.1546 -0.046
-38.8352 -0.045
-38.5157 -0.044
-38.1963 -0.043
-37.8768 -0.042
-37.5573 -0.041
-37.2379 -0.04
-36.9184 -0.039
-36.599 -0.038
-36.2795 -0.037
-35.96 -0.036
-35.6406 -0.035
-35.3211 -0.034
-35.0016 -0.033
-34.6822 -0.032
-34.3627 -0.031
-34.0433 -0.03
-33.7238 -0.029
-33.4043 -0.028
-33.0849 -0.027
-32.7654 -0.026
-32.446 -0.025
-32.1265 -0.024
-31.807 -0.023
-31.4876 -0.022
-31.1681 -0.021
-30.8487 -0.02
-30.5292 -0.019
-30.2097 -0.018
-29.8903 -0.017
-29.5708 -0.016
-29.2513 -0.015
-28.9319 -0.014
-28.6124 -0.013
-28.1504 -0.012
-26.4349 -0.011
-24.349 -0.01
-22.2632 -0.009
-19.2272 -0.008
-14.173 -0.007
-9.11879 -0.006
-4.06457 -0.005
2.60913 -0.004
9.50035 -0.003
16.3916 -0.002
23.2828 -0.001
30.174 -6.93889e-18
41.252 0.001
62.2781 0.002
83.3043 0.003
104.33 0.004
122.517 0.005
138.293 0.006
147.329 0.007
154.483 0.008
161.375 0.009
168.266 0.01
175.157 0.011
181.284 0.012
184.34 0.013
186.426 0.014
188.511 0.015
190.597 0.016
192.683 0.017
194.769 0.018
196.81 0.019
198.019 0.02
199.176 0.021
199.64 0.022
199.959 0.023
200.279 0.024
200.598 0.025
200.918 0.026
201.237 0.027
201.557 0.028
201.876 0.029
202.195 0.03
202.515 0.031
202.834 0.032
203.154 0.033
203.473 0.034
203.793 0.035
204.112 0.036
204.432 0.037
204.751 0.038
205.071 0.039
205.39 0.04
205.71 0.041
206.029 0.042
206.348 0.043
206.668 0.044
206.987 0.045
207.307 0.046
207.626 0.047
207.946 0.048
208.265 0.049
208.585 0.05
208.904 0.051
209.224 0.052
209.543 0.053
209.863 0.054
210.182 0.055
210.501 0.056
210.821 0.057
211.14 0.058
211.46 0.059
211.779 0.06
212.099 0.061
212.418 0.062
212.738 0.063
213.057 0.064
213.377 0.065
213.696 0.066
214.016 0.067
214.335 0.068
214.654 0.069
214.974 0.07
215.293 0.071
215.613 0.072
215.932 0.073
216.252 0.074
216.571 0.075
216.891 0.076
217.21 0.077
217.53 0.078
217.849 0.079
218.169 0.08
218.488 0.081
218.807 0.082
219.127 0.083
219.446 0.084
219.766 0.085
220.085 0.086
220.405 0.087
220.724 0.088
221.044 0.089
221.363 0.09
221.683 0.091
222.002 0.092
222.322 0.093
222.641 0.094
222.96 0.095
223.28 0.096
223.599 0.097
223.919 0.098
224.238 0.099
224.558 0.1
224.877 0.101
225.197 0.102
225.516 0.103
225.836 0.104
226.155 0.105
226.475 0.106
226.794 0.107
227.113 0.108
227.433 0.109
227.752 0.11
228.072 0.111
228.391 0.112
228.711 0.113
229.03 0.114
229.35 0.115
229.669 0.116
229.989 0.117
230.308 0.118
230.628 0.119
230.947 0.12
231.266 0.121
231.586 0.122
231.905 0.123
232.225 0.124
232.544 0.125
232.864 0.126
233.183 0.127
233.503 0.128
233.822 0.129
234.142 0.13
234.461 0.131
234.781 0.132
235.1 0.133
235.419 0.134
235.739 0.135
236.058 0.136
236.378 0.137
236.697 0.138
237.017 0.139
237.336 0.14
237.656 0.141
237.975 0.142
238.295 0.143
238.614 0.144
238.934 0.145
239.253 0.146
239.572 0.147
239.892 0.148
240.211 0.149
240.531 0.15
240.85 0.151
241.17 0.152
241.489 0.153
241.809 0.154
242.128 0.155
242.448 0.156
242.767 0.157
243.087 0.158
243.406 0.159
243.725 0.16
244.045 0.161
244.364 0.162
244.684 0.163
245.003 0.164
245.323 0.165
245.642 0.166
245.962 0.167
246.281 0.168
246.601 0.169
246.92 0.17
247.24 0.171
247.559 0.172
247.878 0.173
248.198 0.174
248.517 0.175
248.837 0.176
249.156 0.177
249.476 0.178
249.795 0.179
250.115 0.18
250.434 0.181
250.754 0.182
251.073 0.183
251.393 0.184
251.712 0.185
252.031 0.186
252.351 0.187
252.67 0.188
252.99 0.189
253.309 0.19
253.629 0.191
253.948 0.192
254.268 0.193
254.587 0.194
254.907 0.195
255.226 0.196
255.546 0.197
255.865 0.198
256.184 0.199
256.504 0.2
256.823 0.201
257.143 0.202
257.462 0.203
257.782 0.204
258.101 0.205
258.421 0.206
258.74 0.207
259.06 0.208
259.379 0.209
259.699 0.21
260.018 0.211
260.337 0.212
260.657 0.213
260.976 0.214
261.296 0.215
261.615 0.216
261.935 0.217
262.254 0.218
262.574 0.219
262.893 0.22
263.213 0.221
263.532 0.222
263.851 0.223
264.171 0.224
264.49 0.225
264.81 0.226
265.129 0.227
265.449 0.228
265.768 0.229
266.088 0.23
266.407 0.231
266.727 0.232
267.046 0.233
267.366 0.234
267.685 0.235
268.004 0.236
268.324 0.237
268.643 0.238
268.963 0.239
269.282 0.24
269.602 0.241
269.921 0.242
270.241 0.243
270.56 0.244
270.88 0.245
271.199 0.246
271.519 0.247
271.838 0.248
272.157 0.249
272.477 0.25
