0 0 0 0 0 0
22.4535 -12.7523 -15.9848 -15.8739 -15.9848 -12.7523
44.907 -25.5046 -31.9696 -31.7478 -31.9696 -25.5046
67.3605 -38.257 -47.9543 -47.6217 -47.9543 -38.257
89.814 -51.0093 -63.9391 -63.4956 -63.9391 -51.0093
112.207 -63.7204 -79.8837 -79.3332 -79.8837 -63.7204
131.92 -75.511 -93.5238 -92.8703 -93.5238 -75.511
150.094 -85.6133 -106.54 -106 -106.54 -85.6133
167.753 -95.7154 -119.055 -118.453 -119.055 -95.7154
185.372 -105.796 -131.539 -130.876 -131.539 -105.796
202.99 -115.877 -144.024 -143.298 -144.024 -115.877
217.298 -123.814 -154.36 -153.493 -154.36 -123.814
228.496 -129.448 -162.823 -161.878 -162.823 -129.448
236.581 -132.722 -169.313 -168.76 -169.313 -132.722
243.324 -135.686 -174.515 -174.457 -174.515 -135.686
247.953 -138.553 -177.64 -177.592 -177.64 -138.553
251.657 -145.028 -177.354 -177.314 -177.354 -145.028
254.39 -148.608 -177.944 -177.902 -177.944 -148.608
256.615 -149.915 -179.495 -179.453 -179.495 -149.915
258.839 -151.223 -181.046 -181.003 -181.046 -151.223
261.064 -152.53 -182.597 -182.553 -182.597 -152.53
261.064 -152.53 -182.597 -182.553 -182.597 -152.53
246.168 -143.979 -172.064 -172.062 -172.064 -143.979
231.272 -135.428 -161.531 -161.571 -161.531 -135.428
216.376 -126.876 -150.999 -151.08 -150.999 -126.876
201.481 -118.325 -140.466 -140.589 -140.466 -118.325
186.585 -109.774 -129.933 -130.098 -129.933 -109.774
171.689 -101.222 -119.4 -119.607 -119.4 -101.222
156.793 -92.6711 -108.867 -109.115 -108.867 -92.6711
141.818 -83.6711 -98.5451 -98.8405 -98.5451 -83.6711
126.641 -74.3211 -88.2327 -88.5853 -88.2327 -74.3211
111.135 -65.4103 -77.2758 -77.6692 -77.2758 -65.4103
95.587 -56.4769 -66.2874 -66.7222 -66.2874 -56.4769
79.8097 -47.5658 -55.0433 -55.4935 -55.0433 -47.5658
63.7879 -38.6801 -43.5365 -43.9404 -43.5365 -38.6801
47.082 -29.2847 -31.5968 -32.0383 -31.5968 -29.2847
30.6122 -19.8561 -19.9035 -20.4805 -19.9035 -19.8561
18.0846 -13.401 -10.5481 -11.1782 -10.5481 -13.401
3.28656 -5.12375 0.0697761 -0.628142 0.0697761 -5.12375
-10.8474 3.57107 9.71042 8.87181 9.71042 3.57107
-26.1936 11.6523 21.0361 20.1889 21.0361 11.6523
-46.5833 22.5818 35.8671 35.2743 35.8671 22.5818
-67.1681 33.8473 50.7379 50.2454 50.7379 33.8473
-87.6313 45.1022 65.4533 65.1513 65.4533 45.1022
-107.507 56.468 79.5422 79.1696 79.5422 56.468
-127.373 67.8296 93.6235 93.1796 93.6235 67.8296
-147.145 79.1314 107.641 107.13 107.641 79.1314
-166.893 90.4185 121.643 121.061 121.643 90.4185
-185.043 100.754 134.555 133.856 134.555 100.754
-199.107 108.459 144.74 144.019 144.74 108.459
-211.906 116.869 153.023 152.443 153.023 116.869
-222.483 125.954 158.379 158.113 158.379 125.954
-230.054 133.577 161.549 161.256 161.549 133.577
-235.826 136.647 165.794 165.483 165.794 136.647
-241.073 139.176 169.794 169.567 169.794 139.176
-245.589 141.279 173.247 173.205 173.247 141.279
-248.961 143.334 175.549 175.506 175.549 143.334
-251.96 146.381 176.782 176.742 176.782 146.381
-254.39 148.608 177.944 177.902 177.944 148.608
-256.615 149.915 179.495 179.453 179.495 149.915
-258.839 151.223 181.046 181.003 181.046 151.223
-261.064 152.53 182.597 182.553 182.597 152.53
-261.064 152.53 182.597 182.553 182.597 152.53
-246.168 143.979 172.064 172.062 172.064 143.979
-231.272 135.428 161.531 161.571 161.531 135.428
-216.376 126.876 150.999 151.08 150.999 126.876
-201.481 118.325 140.466 140.589 140.466 118.325
-186.585 109.774 129.933 130.098 129.933 109.774
-171.689 101.222 119.4 119.607 119.4 101.222
-156.793 92.6711 108.867 109.115 108.867 92.6711
-141.818 83.6711 98.5451 98.8405 98.5451 83.6711
-126.641 74.3211 88.2327 88.5853 88.2327 74.3211
-111.135 65.4103 77.2758 77.6692 77.2758 65.4103
-95.587 56.4769 66.2874 66.7222 66.2874 56.4769
-79.8097 47.5658 55.0433 55.4935 55.0433 47.5658
-63.7879 38.6801 43.5365 43.9404 43.5365 38.6801
-47.082 29.2847 31.5968 32.0383 31.5968 29.2847
-30.6122 19.8561 19.9035 20.4805 19.9035 19.8561
-18.0846 13.401 10.5481 11.1782 10.5481 13.401
-3.28656 5.12375 -0.0697761 0.628142 -0.0697761 5.12375
10.8474 -3.57107 -9.71042 -8.87181 -9.71042 -3.57107
26.1936 -11.6523 -21.0361 -20.1889 -21.0361 -11.6523
46.5833 -22.5818 -35.8671 -35.2743 -35.8671 -22.5818
67.1681 -33.8473 -50.7379 -50.2454 -50.7379 -33.8473
87.6313 -45.1022 -65.4533 -65.1513 -65.4533 -45.1022
107.507 -56.468 -79.5422 -79.1696 -79.5422 -56.468
127.373 -67.8296 -93.6235 -93.1796 -93.6235 -67.8296
147.145 -79.1314 -107.641 -107.13 -107.641 -79.1314
166.893 -90.4185 -121.643 -121.061 -121.643 -90.4185
185.043 -100.754 -134.555 -133.856 -134.555 -100.754
199.107 -108.459 -144.74 -144.019 -144.74 -108.459
211.906 -116.869 -153.023 -152.443 -153.023 -116.869
222.483 -125.954 -158.379 -158.113 -158.379 -125.954
230.054 -133.577 -161.549 -161.256 -161.549 -133.577
235.826 -136.647 -165.794 -165.483 -165.794 -136.647
241.073 -139.176 -169.794 -169.567 -169.794 -139.176
245.589 -141.279 -173.247 -173.205 -173.247 -141.279
248.961 -143.334 -175.549 -175.506 -175.549 -143.334
251.96 -146.381 -176.782 -176.742 -176.782 -146.381
254.39 -148.608 -177.944 -177.902 -177.944 -148.608
256.615 -149.915 -179.495 -179.453 -179.495 -149.915
258.839 -151.223 -181.046 -181.003 -181.046 -151.223
261.064 -152.53 -182.597 -182.553 -182.597 -152.53
263.206 -153.776 -184.099 -184.058 -184.099 -153.776
265.304 -154.994 -185.571 -185.53 -185.571 -154.994
266.961 -155.949 -186.738 -186.696 -186.738 -155.949
268.605 -156.897 -187.897 -187.855 -187.897 -156.897
270.25 -157.845 -189.056 -189.014 -189.056 -157.845
271.895 -158.793 -190.216 -190.173 -190.216 -158.793
273.54 -159.741 -191.375 -191.332 -191.375 -159.741
275.185 -160.689 -192.534 -192.49 -192.534 -160.689
276.829 -161.637 -193.693 -193.649 -193.693 -161.637
278.474 -162.585 -194.852 -194.808 -194.852 -162.585
280.119 -163.533 -196.011 -195.967 -196.011 -163.533
281.764 -164.481 -197.17 -197.126 -197.17 -164.481
283.409 -165.429 -198.329 -198.285 -198.329 -165.429
285.054 -166.377 -199.489 -199.444 -199.489 -166.377
286.698 -167.325 -200.648 -200.602 -200.648 -167.325
288.343 -168.273 -201.807 -201.761 -201.807 -168.273
289.988 -169.221 -202.966 -202.92 -202.966 -169.221
291.633 -170.169 -204.125 -204.079 -204.125 -170.169
293.278 -171.117 -205.284 -205.238 -205.284 -171.117
294.922 -172.065 -206.443 -206.397 -206.443 -172.065
294.922 -172.065 -206.443 -206.397 -206.443 -172.065
280.094 -163.552 -195.959 -195.954 -195.959 -163.552
265.266 -155.038 -185.474 -185.511 -185.474 -155.038
250.438 -146.525 -174.99 -175.067 -174.99 -146.525
235.61 -138.012 -164.506 -164.624 -164.506 -138.012
220.782 -129.499 -154.021 -154.181 -154.021 -129.499
205.954 -120.985 -143.537 -143.738 -143.537 -120.985
191.126 -112.472 -133.052 -133.295 -133.052 -112.472
176.298 -103.959 -122.568 -122.852 -122.568 -103.959
161.469 -95.4454 -112.084 -112.409 -112.084 -95.4454
146.641 -86.9321 -101.599 -101.966 -101.599 -86.9321
131.813 -78.4188 -91.1149 -91.5227 -91.1149 -78.4188
116.985 -69.9055 -80.6305 -81.0796 -80.6305 -69.9055
102.157 -61.3922 -70.1461 -70.6365 -70.1461 -61.3922
87.3289 -52.8789 -59.6617 -60.1934 -59.6617 -52.8789
72.6583 -44.4106 -49.3099 -49.9095 -49.3099 -44.4106
61.5766 -38.4644 -41.1847 -41.8519 -41.1847 -38.4644
53.4707 -34.3371 -35.0902 -35.8164 -35.0902 -34.3371
46.2371 -30.6808 -29.6378 -30.4039 -29.6378 -30.6808
39.8726 -27.5497 -24.78 -25.5912 -24.78 -27.5497
33.9794 -25.4879 -19.8667 -20.2903 -19.8667 -25.4879
28.8903 -23.4678 -15.8119 -15.8154 -15.8119 -23.4678
25.3775 -21.3111 -13.4237 -13.4302 -13.4237 -21.3111
22.0885 -19.289 -11.1904 -11.1969 -11.1904 -19.289
18.7995 -17.267 -8.957 -8.96371 -8.957 -17.267
15.5105 -15.2449 -6.72362 -6.7305 -6.72362 -15.2449
12.2214 -13.2228 -4.49025 -4.49728 -4.49025 -13.2228
8.93241 -11.2007 -2.25688 -2.26406 -2.25688 -11.2007
5.64339 -9.17862 -0.0235024 -0.0308383 -0.0235024 -9.17862
1.89609 -6.53434 2.28988 2.29504 2.28988 -6.53434
-1.91271 0.603713 1.67956 1.68162 1.67956 0.603713
-5.39828 3.7554 3.37414 3.3753 3.37414 3.7554
-8.67018 5.69725 5.64266 5.64276 5.64266 5.69725
-11.9421 7.63909 7.91119 7.91023 7.91119 7.63909
-15.657 9.92327 10.4347 10.4305 10.4347 9.92327
-20.2934 12.8978 13.4994 13.4972 13.4994 12.8978
-24.9323 15.8764 16.5644 16.5638 16.5644 15.8764
-31.8341 19.7953 21.4722 21.4564 21.4722 19.7953
-39.6226 24.2293 27.0007 26.9737 27.0007 24.2293
-51.4545 31.1429 35.2765 35.2461 35.2765 31.1429
-65.7195 39.5638 45.2369 45.0826 45.2369 39.5638
-81.3798 48.4672 56.3766 56.1532 56.3766 48.4672
-97.3431 56.9326 68.1514 67.8194 68.1514 56.9326
-115.662 67.0076 81.4027 81.0071 81.4027 67.0076
-134.071 77.5462 94.4461 93.9804 94.4461 77.5462
-152.48 88.0847 107.49 106.954 107.49 88.0847
-170.89 98.6233 120.533 119.927 120.533 98.6233
-187.378 107.986 132.281 131.568 132.281 107.986
-200.837 115.375 142.036 141.246 142.036 115.375
-213.383 121.826 151.34 150.718 151.34 121.826
-223.581 128.676 157.764 157.486 157.764 128.676
-230.77 133.996 162.052 161.753 162.052 133.996
-236.716 137.154 166.427 166.111 166.427 137.154
-241.945 139.626 170.439 170.225 170.439 139.626
-246.517 141.837 173.887 173.84 173.887 141.837
-249.958 143.95 176.224 176.182 176.224 143.95
-252.718 147.079 177.143 177.103 177.143 147.079
-254.961 148.955 178.334 178.293 178.334 148.955
-257.062 150.186 179.802 179.761 179.802 150.186
-259.163 151.416 181.269 181.228 181.269 151.416
-261.264 152.647 182.737 182.695 182.737 152.647
-263.314 153.841 184.173 184.132 184.173 153.841
-265.307 154.996 185.573 185.532 185.573 154.996
-266.961 155.949 186.738 186.696 186.738 155.949
-268.605 156.897 187.897 187.855 187.897 156.897
-270.25 157.845 189.056 189.014 189.056 157.845
-271.895 158.793 190.216 190.173 190.216 158.793
-273.54 159.741 191.375 191.332 191.375 159.741
-275.185 160.689 192.534 192.49 192.534 160.689
-276.829 161.637 193.693 193.649 193.693 161.637
-278.474 162.585 194.852 194.808 194.852 162.585
-280.119 163.533 196.011 195.967 196.011 163.533
-281.764 164.481 197.17 197.126 197.17 164.481
-283.409 165.429 198.329 198.285 198.329 165.429
-285.054 166.377 199.489 199.444 199.489 166.377
-286.698 167.325 200.648 200.602 200.648 167.325
-288.343 168.273 201.807 201.761 201.807 168.273
-289.988 169.221 202.966 202.92 202.966 169.221
-291.633 170.169 204.125 204.079 204.125 170.169
-293.278 171.117 205.284 205.238 205.284 171.117
-294.922 172.065 206.443 206.397 206.443 172.065
-294.922 172.065 206.443 206.397 206.443 172.065
-280.094 163.552 195.959 195.954 195.959 163.552
-265.266 155.038 185.474 185.511 185.474 155.038
-250.438 146.525 174.99 175.067 174.99 146.525
-235.61 138.012 164.506 164.624 164.506 138.012
-220.782 129.499 154.021 154.181 154.021 129.499
-205.954 120.985 143.537 143.738 143.537 120.985
-191.126 112.472 133.052 133.295 133.052 112.472
-176.298 103.959 122.568 122.852 122.568 103.959
-161.469 95.4454 112.084 112.409 112.084 95.4454
-146.641 86.9321 101.599 101.966 101.599 86.9321
-131.813 78.4188 91.1149 91.5227 91.1149 78.4188
-116.985 69.9055 80.6305 81.0796 80.6305 69.9055
-102.157 61.3922 70.1461 70.6365 70.1461 61.3922
-87.3289 52.8789 59.6617 60.1934 59.6617 52.8789
-72.6583 44.4106 49.3099 49.9095 49.3099 44.4106
-61.5766 38.4644 41.1847 41.8519 41.1847 38.4644
-53.4707 34.3371 35.0902 35.8164 35.0902 34.3371
-46.2371 30.6808 29.6378 30.4039 29.6378 30.6808
-39.8726 27.5497 24.78 25.5912 24.78 27.5497
-33.9794 25.4879 19.8667 20.2903 19.8667 25.4879
-28.8903 23.4678 15.8119 15.8154 15.8119 23.4678
-25.3775 21.3111 13.4237 13.4302 13.4237 21.3111
-22.0885 19.289 11.1904 11.1969 11.1904 19.289
-18.7995 17.267 8.957 8.96371 8.957 17.267
-15.5105 15.2449 6.72362 6.7305 6.72362 15.2449
-12.2214 13.2228 4.49025 4.49728 4.49025 13.2228
-8.93241 11.2007 2.25688 2.26406 2.25688 11.2007
-5.64339 9.17862 0.0235024 0.0308383 0.0235024 9.17862
-1.89609 6.53434 -2.28988 -2.29504 -2.28988 6.53434
1.91271 -0.603713 -1.67956 -1.68162 -1.67956 -0.603713
5.39828 -3.7554 -3.37414 -3.3753 -3.37414 -3.7554
8.67018 -5.69725 -5.64266 -5.64276 -5.64266 -5.69725
11.9421 -7.63909 -7.91119 -7.91023 -7.91119 -7.63909
15.657 -9.92327 -10.4347 -10.4305 -10.4347 -9.92327
20.2934 -12.8978 -13.4994 -13.4972 -13.4994 -12.8978
24.9323 -15.8764 -16.5644 -16.5638 -16.5644 -15.8764
31.8341 -19.7953 -21.4722 -21.4564 -21.4722 -19.7953
39.6226 -24.2293 -27.0007 -26.9737 -27.0007 -24.2293
51.4545 -31.1429 -35.2765 -35.2461 -35.2765 -31.1429
65.7195 -39.5638 -45.2369 -45.0826 -45.2369 -39.5638
81.3798 -48.4672 -56.3766 -56.1532 -56.3766 -48.4672
97.3431 -56.9326 -68.1514 -67.8194 -68.1514 -56.9326
115.662 -67.0076 -81.4027 -81.0071 -81.4027 -67.0076
134.071 -77.5462 -94.4461 -93.9804 -94.4461 -77.5462
152.48 -88.0847 -107.49 -106.954 -107.49 -88.0847
170.89 -98.6233 -120.533 -119.927 -120.533 -98.6233
187.378 -107.986 -132.281 -131.568 -132.281 -107.986
200.837 -115.375 -142.036 -141.246 -142.036 -115.375
213.383 -121.826 -151.34 -150.718 -151.34 -121.826
223.581 -128.676 -157.764 -157.486 -157.764 -128.676
230.77 -133.996 -162.052 -161.753 -162.052 -133.996
236.716 -137.154 -166.427 -166.111 -166.427 -137.154
241.945 -139.626 -170.439 -170.225 -170.439 -139.626
246.517 -141.837 -173.887 -173.84 -173.887 -141.837
249.958 -143.95 -176.224 -176.182 -176.224 -143.95
252.718 -147.079 -177.143 -177.103 -177.143 -147.079
254.961 -148.955 -178.334 -178.293 -178.334 -148.955
257.062 -150.186 -179.802 -179.761 -179.802 -150.186
259.163 -151.416 -181.269 -181.228 -181.269 -151.416
261.264 -152.647 -182.737 -182.695 -182.737 -152.647
263.314 -153.841 -184.173 -184.132 -184.173 -153.841
265.307 -154.996 -185.573 -185.532 -185.573 -154.996
266.961 -155.949 -186.738 -186.696 -186.738 -155.949
268.605 -156.897 -187.897 -187.855 -187.897 -156.897
270.25 -157.845 -189.056 -189.014 -189.056 -157.845
271.895 -158.793 -190.216 -190.173 -190.216 -158.793
273.54 -159.741 -191.375 -191.332 -191.375 -159.741
275.185 -160.689 -192.534 -192.49 -192.534 -160.689
276.829 -161.637 -193.693 -193.649 -193.693 -161.637
278.474 -162.585 -194.852 -194.808 -194.852 -162.585
280.119 -163.533 -196.011 -195.967 -196.011 -163.533
281.764 -164.481 -197.17 -197.126 -197.17 -164.481
283.409 -165.429 -198.329 -198.285 -198.329 -165.429
285.054 -166.377 -199.489 -199.444 -199.489 -166.377
286.698 -167.325 -200.648 -200.602 -200.648 -167.325
288.343 -168.273 -201.807 -201.761 -201.807 -168.273
289.988 -169.221 -202.966 -202.92 -202.966 -169.221
291.633 -170.169 -204.125 -204.079 -204.125 -170.169
293.278 -171.117 -205.284 -205.238 -205.284 -171.117
294.922 -172.065 -206.443 -206.397 -206.443 -172.065
296.567 -173.013 -207.602 -207.556 -207.602 -173.013
298.212 -173.961 -208.762 -208.714 -208.762 -173.961
299.857 -174.909 -209.921 -209.873 -209.921 -174.909
301.502 -175.857 -211.08 -211.032 -211.08 -175.857
303.147 -176.805 -212.239 -212.191 -212.239 -176.805
304.791 -177.753 -213.398 -213.35 -213.398 -177.753
306.436 -178.701 -214.557 -214.509 -214.557 -178.701
308.081 -179.649 -215.716 -215.668 -215.716 -179.649
309.726 -180.597 -216.875 -216.826 -216.875 -180.597
311.371 -181.545 -218.034 -217.985 -218.034 -181.545
313.015 -182.493 -219.194 -219.144 -219.194 -182.493
314.66 -183.441 -220.353 -220.303 -220.353 -183.441
316.305 -184.389 -221.512 -221.462 -221.512 -184.389
317.95 -185.337 -222.671 -222.621 -222.671 -185.337
319.595 -186.285 -223.83 -223.78 -223.83 -186.285
321.24 -187.233 -224.989 -224.938 -224.989 -187.233
322.884 -188.181 -226.148 -226.097 -226.148 -188.181
324.529 -189.129 -227.307 -227.256 -227.307 -189.129
326.174 -190.077 -228.467 -228.415 -228.467 -190.077
327.819 -191.025 -229.626 -229.574 -229.626 -191.025
327.819 -191.025 -229.626 -229.574 -229.626 -191.025
312.991 -182.512 -219.141 -219.131 -219.141 -182.512
298.163 -173.998 -208.657 -208.688 -208.657 -173.998
283.335 -165.485 -198.172 -198.245 -198.172 -165.485
268.506 -156.972 -187.688 -187.801 -187.688 -156.972
253.678 -148.458 -177.204 -177.358 -177.204 -148.458
238.85 -139.945 -166.719 -166.915 -166.719 -139.945
224.022 -131.432 -156.235 -156.472 -156.235 -131.432
209.194 -122.919 -145.75 -146.029 -145.75 -122.919
194.366 -114.405 -135.266 -135.586 -135.266 -114.405
179.538 -105.892 -124.782 -125.143 -124.782 -105.892
164.71 -97.3787 -114.297 -114.7 -114.297 -97.3787
149.882 -88.8654 -103.813 -104.257 -103.813 -88.8654
135.053 -80.3521 -93.3285 -93.8136 -93.3285 -80.3521
120.225 -71.8388 -82.8441 -83.3705 -82.8441 -71.8388
105.555 -63.3705 -72.4923 -73.0866 -72.4923 -63.3705
94.473 -57.4243 -64.3671 -65.029 -64.3671 -57.4243
86.3671 -53.2969 -58.2726 -58.9936 -58.2726 -53.2969
79.1335 -49.6407 -52.8202 -53.581 -52.8202 -49.6407
72.769 -46.5096 -47.9624 -48.7683 -47.9624 -46.5096
66.8759 -44.4478 -43.0491 -43.4674 -43.0491 -44.4478
61.7867 -42.4276 -38.9943 -38.9925 -38.9943 -42.4276
58.2739 -40.271 -36.6061 -36.6073 -36.6061 -40.271
54.9849 -38.2489 -34.3728 -34.3741 -34.3728 -38.2489
51.6959 -36.2268 -32.1394 -32.1408 -32.1394 -36.2268
48.4069 -34.2047 -29.906 -29.9076 -29.906 -34.2047
45.1179 -32.1826 -27.6727 -27.6744 -27.6727 -32.1826
41.8288 -30.1606 -25.4393 -25.4412 -25.4393 -30.1606
38.5398 -28.1385 -23.2059 -23.208 -23.2059 -28.1385
35.2595 -26.0738 -21.0147 -21.0042 -21.0147 -26.0738
32.6948 -20.5136 -21.9277 -21.9203 -21.9277 -20.5136
30.5595 -17.1064 -21.8735 -21.8678 -21.8735 -17.1064
28.9147 -16.1585 -20.7143 -20.709 -20.7143 -16.1585
27.2698 -15.2105 -19.5552 -19.5501 -19.5552 -15.2105
25.625 -14.2625 -18.3961 -18.3912 -18.3961 -14.2625
23.9802 -13.3145 -17.237 -17.2324 -17.237 -13.3145
22.3354 -12.3665 -16.0779 -16.0735 -16.0779 -12.3665
20.6906 -11.4185 -14.9187 -14.9147 -14.9187 -11.4185
19.0457 -10.4705 -13.7596 -13.7558 -13.7596 -10.4705
17.4009 -9.5225 -12.6005 -12.597 -12.6005 -9.5225
15.7561 -8.57451 -11.4414 -11.4381 -11.4414 -8.57451
14.1113 -7.62652 -10.2823 -10.2793 -10.2823 -7.62652
12.4664 -6.67853 -9.12314 -9.1204 -9.12314 -6.67853
10.8216 -5.73053 -7.96402 -7.96154 -7.96402 -5.73053
9.17681 -4.78254 -6.8049 -6.80268 -6.8049 -4.78254
7.53198 -3.83455 -5.64578 -5.64383 -5.64578 -3.83455
5.88716 -2.88655 -4.48666 -4.48497 -4.48666 -2.88655
4.24234 -1.93856 -3.32754 -3.32612 -3.32754 -1.93856
2.50289 -0.933774 -2.10333 -2.10189 -2.10333 -0.933774
0.295073 0.367585 -0.566851 -0.565374 -0.566851 0.367585
-2.20791 1.86491 1.16046 1.16176 1.16046 1.86491
-5.39828 3.7554 3.37414 3.3753 3.37414 3.7554
-8.67018 5.69725 5.64266 5.64276 5.64266 5.69725
-11.9421 7.63909 7.91119 7.91023 7.91119 7.63909
-15.657 9.92327 10.4347 10.4305 10.4347 9.92327
-20.2934 12.8978 13.4994 13.4972 13.4994 12.8978
-24.9323 15.8764 16.5644 16.5638 16.5644 15.8764
-31.8341 19.7953 21.4722 21.4564 21.4722 19.7953
-39.6226 24.2293 27.0007 26.9737 27.0007 24.2293
-51.4545 31.1429 35.2765 35.2461 35.2765 31.1429
-65.7195 39.5638 45.2369 45.0826 45.2369 39.5638
-81.3798 48.4672 56.3766 56.1532 56.3766 48.4672
-97.3431 56.9326 68.1514 67.8194 68.1514 56.9326
-115.662 67.0076 81.4027 81.0071 81.4027 67.0076
-134.071 77.5462 94.4461 93.9804 94.4461 77.5462
-152.48 88.0847 107.49 106.954 107.49 88.0847
-170.89 98.6233 120.533 119.927 120.533 98.6233
-187.378 107.986 132.281 131.568 132.281 107.986
-200.837 115.375 142.036 141.246 142.036 115.375
-213.383 121.826 151.34 150.718 151.34 121.826
-223.581 128.676 157.764 157.486 157.764 128.676
-230.77 133.996 162.052 161.753 162.052 133.996
-236.716 137.154 166.427 166.111 166.427 137.154
-241.945 139.626 170.439 170.225 170.439 139.626
-246.517 141.837 173.887 173.84 173.887 141.837
-249.958 143.95 176.224 176.182 176.224 143.95
-252.718 147.079 177.143 177.103 177.143 147.079
-254.961 148.955 178.334 178.293 178.334 148.955
-257.062 150.186 179.802 179.761 179.802 150.186
-259.163 151.416 181.269 181.228 181.269 151.416
-261.264 152.647 182.737 182.695 182.737 152.647
-263.314 153.841 184.173 184.132 184.173 153.841
-265.307 154.996 185.573 185.532 185.573 154.996
-266.961 155.949 186.738 186.696 186.738 155.949
-268.605 156.897 187.897 187.855 187.897 156.897
-270.25 157.845 189.056 189.014 189.056 157.845
-271.895 158.793 190.216 190.173 190.216 158.793
-273.54 159.741 191.375 191.332 191.375 159.741
-275.185 160.689 192.534 192.49 192.534 160.689
-276.829 161.637 193.693 193.649 193.693 161.637
-278.474 162.585 194.852 194.808 194.852 162.585
-280.119 163.533 196.011 195.967 196.011 163.533
-281.764 164.481 197.17 197.126 197.17 164.481
-283.409 165.429 198.329 198.285 198.329 165.429
-285.054 166.377 199.489 199.444 199.489 166.377
-286.698 167.325 200.648 200.602 200.648 167.325
-288.343 168.273 201.807 201.761 201.807 168.273
-289.988 169.221 202.966 202.92 202.966 169.221
-291.633 170.169 204.125 204.079 204.125 170.169
-293.278 171.117 205.284 205.238 205.284 171.117
-294.922 172.065 206.443 206.397 206.443 172.065
-296.567 173.013 207.602 207.556 207.602 173.013
-298.212 173.961 208.762 208.714 208.762 173.961
-299.857 174.909 209.921 209.873 209.921 174.909
-301.502 175.857 211.08 211.032 211.08 175.857
-303.147 176.805 212.239 212.191 212.239 176.805
-304.791 177.753 213.398 213.35 213.398 177.753
-306.436 178.701 214.557 214.509 214.557 178.701
-308.081 179.649 215.716 215.668 215.716 179.649
-309.726 180.597 216.875 216.826 216.875 180.597
-311.371 181.545 218.034 217.985 218.034 181.545
-313.015 182.493 219.194 219.144 219.194 182.493
-314.66 183.441 220.353 220.303 220.353 183.441
-316.305 184.389 221.512 221.462 221.512 184.389
-317.95 185.337 222.671 222.621 222.671 185.337
-319.595 186.285 223.83 223.78 223.83 186.285
-321.24 187.233 224.989 224.938 224.989 187.233
-322.884 188.181 226.148 226.097 226.148 188.181
-324.529 189.129 227.307 227.256 227.307 189.129
-326.174 190.077 228.467 228.415 228.467 190.077
-327.819 191.025 229.626 229.574 229.626 191.025
-327.819 191.025 229.626 229.574 229.626 191.025
-312.991 182.512 219.141 219.131 219.141 182.512
-298.163 173.998 208.657 208.688 208.657 173.998
-283.335 165.485 198.172 198.245 198.172 165.485
-268.506 156.972 187.688 187.801 187.688 156.972
-253.678 148.458 177.204 177.358 177.204 148.458
-238.85 139.945 166.719 166.915 166.719 139.945
-224.022 131.432 156.235 156.472 156.235 131.432
-209.194 122.919 145.75 146.029 145.75 122.919
-194.366 114.405 135.266 135.586 135.266 114.405
-179.538 105.892 124.782 125.143 124.782 105.892
-164.71 97.3787 114.297 114.7 114.297 97.3787
-149.882 88.8654 103.813 104.257 103.813 88.8654
-135.053 80.3521 93.3285 93.8136 93.3285 80.3521
-120.225 71.8388 82.8441 83.3705 82.8441 71.8388
-105.555 63.3705 72.4923 73.0866 72.4923 63.3705
-94.473 57.4243 64.3671 65.029 64.3671 57.4243
-86.3671 53.2969 58.2726 58.9936 58.2726 53.2969
-79.1335 49.6407 52.8202 53.581 52.8202 49.6407
-72.769 46.5096 47.9624 48.7683 47.9624 46.5096
-66.8759 44.4478 43.0491 43.4674 43.0491 44.4478
-61.7867 42.4276 38.9943 38.9925 38.9943 42.4276
-58.2739 40.271 36.6061 36.6073 36.6061 40.271
-54.9849 38.2489 34.3728 34.3741 34.3728 38.2489
-51.6959 36.2268 32.1394 32.1408 32.1394 36.2268
-48.4069 34.2047 29.906 29.9076 29.906 34.2047
-45.1179 32.1826 27.6727 27.6744 27.6727 32.1826
-41.8288 30.1606 25.4393 25.4412 25.4393 30.1606
-38.5398 28.1385 23.2059 23.208 23.2059 28.1385
-35.2595 26.0738 21.0147 21.0042 21.0147 26.0738
-32.6948 20.5136 21.9277 21.9203 21.9277 20.5136
-30.5595 17.1064 21.8735 21.8678 21.8735 17.1064
-28.9147 16.1585 20.7143 20.709 20.7143 16.1585
-27.2698 15.2105 19.5552 19.5501 19.5552 15.2105
-25.625 14.2625 18.3961 18.3912 18.3961 14.2625
-23.9802 13.3145 17.237 17.2324 17.237 13.3145
-22.3354 12.3665 16.0779 16.0735 16.0779 12.3665
-20.6906 11.4185 14.9187 14.9147 14.9187 11.4185
-19.0457 10.4705 13.7596 13.7558 13.7596 10.4705
-17.4009 9.5225 12.6005 12.597 12.6005 9.5225
-15.7561 8.57451 11.4414 11.4381 11.4414 8.57451
-14.1113 7.62652 10.2823 10.2793 10.2823 7.62652
-12.4664 6.67853 9.12314 9.1204 9.12314 6.67853
-10.8216 5.73053 7.96402 7.96154 7.96402 5.73053
-9.17681 4.78254 6.8049 6.80268 6.8049 4.78254
-7.53198 3.83455 5.64578 5.64383 5.64578 3.83455
-5.88716 2.88655 4.48666 4.48497 4.48666 2.88655
-4.24234 1.93856 3.32754 3.32612 3.32754 1.93856
-2.50289 0.933774 2.10333 2.10189 2.10333 0.933774
-0.295073 -0.367585 0.566851 0.565374 0.566851 -0.367585
2.20791 -1.86491 -1.16046 -1.16176 -1.16046 -1.86491
5.39828 -3.7554 -3.37414 -3.3753 -3.37414 -3.7554
8.67018 -5.69725 -5.64266 -5.64276 -5.64266 -5.69725
11.9421 -7.63909 -7.91119 -7.91023 -7.91119 -7.63909
15.657 -9.92327 -10.4347 -10.4305 -10.4347 -9.92327
20.2934 -12.8978 -13.4994 -13.4972 -13.4994 -12.8978
24.9323 -15.8764 -16.5644 -16.5638 -16.5644 -15.8764
31.8341 -19.7953 -21.4722 -21.4564 -21.4722 -19.7953
39.6226 -24.2293 -27.0007 -26.9737 -27.0007 -24.2293
51.4545 -31.1429 -35.2765 -35.2461 -35.2765 -31.1429
65.7195 -39.5638 -45.2369 -45.0826 -45.2369 -39.5638
81.3798 -48.4672 -56.3766 -56.1532 -56.3766 -48.4672
97.3431 -56.9326 -68.1514 -67.8194 -68.1514 -56.9326
115.662 -67.0076 -81.4027 -81.0071 -81.4027 -67.0076
134.071 -77.5462 -94.4461 -93.9804 -94.4461 -77.5462
152.48 -88.0847 -107.49 -106.954 -107.49 -88.0847
170.89 -98.6233 -120.533 -119.927 -120.533 -98.6233
187.378 -107.986 -132.281 -131.568 -132.281 -107.986
200.837 -115.375 -142.036 -141.246 -142.036 -115.375
213.383 -121.826 -151.34 -150.718 -151.34 -121.826
223.581 -128.676 -157.764 -157.486 -157.764 -128.676
230.77 -133.996 -162.052 -161.753 -162.052 -133.996
236.716 -137.154 -166.427 -166.111 -166.427 -137.154
241.945 -139.626 -170.439 -170.225 -170.439 -139.626
246.517 -141.837 -173.887 -173.84 -173.887 -141.837
249.958 -143.95 -176.224 -176.182 -176.224 -143.95
252.718 -147.079 -177.143 -177.103 -177.143 -147.079
254.961 -148.955 -178.334 -178.293 -178.334 -148.955
257.062 -150.186 -179.802 -179.761 -179.802 -150.186
259.163 -151.416 -181.269 -181.228 -181.269 -151.416
261.264 -152.647 -182.737 -182.695 -182.737 -152.647
263.314 -153.841 -184.173 -184.132 -184.173 -153.841
265.307 -154.996 -185.573 -185.532 -185.573 -154.996
266.961 -155.949 -186.738 -186.696 -186.738 -155.949
268.605 -156.897 -187.897 -187.855 -187.897 -156.897
270.25 -157.845 -189.056 -189.014 -189.056 -157.845
271.895 -158.793 -190.216 -190.173 -190.216 -158.793
273.54 -159.741 -191.375 -191.332 -191.375 -159.741
275.185 -160.689 -192.534 -192.49 -192.534 -160.689
276.829 -161.637 -193.693 -193.649 -193.693 -161.637
278.474 -162.585 -194.852 -194.808 -194.852 -162.585
280.119 -163.533 -196.011 -195.967 -196.011 -163.533
281.764 -164.481 -197.17 -197.126 -197.17 -164.481
283.409 -165.429 -198.329 -198.285 -198.329 -165.429
285.054 -166.377 -199.489 -199.444 -199.489 -166.377
286.698 -167.325 -200.648 -200.602 -200.648 -167.325
288.343 -168.273 -201.807 -201.761 -201.807 -168.273
289.988 -169.221 -202.966 -202.92 -202.966 -169.221
291.633 -170.169 -204.125 -204.079 -204.125 -170.169
293.278 -171.117 -205.284 -205.238 -205.284 -171.117
294.922 -172.065 -206.443 -206.397 -206.443 -172.065
296.567 -173.013 -207.602 -207.556 -207.602 -173.013
298.212 -173.961 -208.762 -208.714 -208.762 -173.961
299.857 -174.909 -209.921 -209.873 -209.921 -174.909
301.502 -175.857 -211.08 -211.032 -211.08 -175.857
303.147 -176.805 -212.239 -212.191 -212.239 -176.805
304.791 -177.753 -213.398 -213.35 -213.398 -177.753
306.436 -178.701 -214.557 -214.509 -214.557 -178.701
308.081 -179.649 -215.716 -215.668 -215.716 -179.649
309.726 -180.597 -216.875 -216.826 -216.875 -180.597
311.371 -181.545 -218.034 -217.985 -218.034 -181.545
313.015 -182.493 -219.194 -219.144 -219.194 -182.493
314.66 -183.441 -220.353 -220.303 -220.353 -183.441
316.305 -184.389 -221.512 -221.462 -221.512 -184.389
317.95 -185.337 -222.671 -222.621 -222.671 -185.337
319.595 -186.285 -223.83 -223.78 -223.83 -186.285
321.24 -187.233 -224.989 -224.938 -224.989 -187.233
322.884 -188.181 -226.148 -226.097 -226.148 -188.181
324.529 -189.129 -227.307 -227.256 -227.307 -189.129
326.174 -190.077 -228.467 -228.415 -228.467 -190.077
327.819 -191.025 -229.626 -229.574 -229.626 -191.025
329.464 -191.973 -230.785 -230.733 -230.785 -191.973
331.109 -192.921 -231.944 -231.892 -231.944 -192.921
332.753 -193.869 -233.103 -233.05 -233.103 -193.869
334.398 -194.817 -234.262 -234.209 -234.262 -194.817
336.043 -195.765 -235.421 -235.368 -235.421 -195.765
337.688 -196.713 -236.58 -236.527 -236.58 -196.713
339.333 -197.661 -237.74 -237.686 -237.74 -197.661
340.977 -198.609 -238.899 -238.845 -238.899 -198.609
342.622 -199.557 -240.058 -240.004 -240.058 -199.557
344.267 -200.505 -241.217 -241.162 -241.217 -200.505
345.912 -201.453 -242.376 -242.321 -242.376 -201.453
347.557 -202.401 -243.535 -243.48 -243.535 -202.401
349.202 -203.349 -244.694 -244.639 -244.694 -203.349
350.846 -204.297 -245.853 -245.798 -245.853 -204.297
352.491 -205.245 -247.012 -246.957 -247.012 -205.245
354.136 -206.193 -248.172 -248.116 -248.172 -206.193
355.781 -207.141 -249.331 -249.274 -249.331 -207.141
357.426 -208.089 -250.49 -250.433 -250.49 -208.089
359.07 -209.037 -251.649 -251.592 -251.649 -209.037
360.715 -209.985 -252.808 -252.751 -252.808 -209.985
360.715 -209.985 -252.808 -252.751 -252.808 -209.985
345.887 -201.471 -242.324 -242.308 -242.324 -201.471
331.059 -192.958 -231.839 -231.865 -231.839 -192.958
316.231 -184.445 -221.355 -221.422 -221.355 -184.445
301.403 -175.932 -210.87 -210.979 -210.87 -175.932
286.575 -167.418 -200.386 -200.535 -200.386 -167.418
271.747 -158.905 -189.902 -190.092 -189.902 -158.905
256.919 -150.392 -179.417 -179.649 -179.417 -150.392
242.09 -141.878 -168.933 -169.206 -168.933 -141.878
227.262 -133.365 -158.448 -158.763 -158.448 -133.365
212.434 -124.852 -147.964 -148.32 -147.964 -124.852
197.606 -116.339 -137.48 -137.877 -137.48 -116.339
182.778 -107.825 -126.995 -127.434 -126.995 -107.825
167.95 -99.3119 -116.511 -116.991 -116.511 -99.3119
153.122 -90.7986 -106.026 -106.548 -106.026 -90.7986
138.451 -82.3303 -95.6747 -96.2638 -95.6747 -82.3303
127.369 -76.3842 -87.5495 -88.2061 -87.5495 -76.3842
119.264 -72.2568 -81.455 -82.1707 -81.455 -72.2568
112.03 -68.6006 -76.0026 -76.7582 -76.0026 -68.6006
105.665 -65.4694 -71.1448 -71.9455 -71.1448 -65.4694
99.7723 -63.4076 -66.2315 -66.6446 -66.2315 -63.4076
94.6831 -61.3875 -62.1767 -62.1697 -62.1767 -61.3875
91.1704 -59.2308 -59.7886 -59.7844 -59.7886 -59.2308
87.8813 -57.2088 -57.5552 -57.5512 -57.5552 -57.2088
84.5923 -55.1867 -55.3218 -55.318 -55.3218 -55.1867
81.3033 -53.1646 -53.0884 -53.0847 -53.0884 -53.1646
78.0143 -51.1425 -50.8551 -50.8515 -50.8551 -51.1425
74.7253 -49.1204 -48.6217 -48.6183 -48.6217 -49.1204
71.4362 -47.0983 -46.3883 -46.3851 -46.3883 -47.0983
68.1559 -45.0337 -44.1971 -44.1813 -44.1971 -45.0337
65.5912 -39.4735 -45.1101 -45.0974 -45.1101 -39.4735
63.4559 -36.0663 -45.0559 -45.0449 -45.0559 -36.0663
61.8111 -35.1183 -43.8967 -43.8861 -43.8967 -35.1183
60.1663 -34.1703 -42.7376 -42.7272 -42.7376 -34.1703
58.5214 -33.2223 -41.5785 -41.5684 -41.5785 -33.2223
56.8766 -32.2743 -40.4194 -40.4095 -40.4194 -32.2743
55.2318 -31.3263 -39.2603 -39.2507 -39.2603 -31.3263
53.587 -30.3783 -38.1011 -38.0918 -38.1011 -30.3783
51.9422 -29.4304 -36.942 -36.9329 -36.942 -29.4304
50.2973 -28.4824 -35.7829 -35.7741 -35.7829 -28.4824
48.6525 -27.5344 -34.6238 -34.6152 -34.6238 -27.5344
47.0077 -26.5864 -33.4647 -33.4564 -33.4647 -26.5864
45.3629 -25.6384 -32.3055 -32.2975 -32.3055 -25.6384
43.7181 -24.6904 -31.1464 -31.1387 -31.1464 -24.6904
42.0732 -23.7424 -29.9873 -29.9798 -29.9873 -23.7424
40.4284 -22.7944 -28.8282 -28.821 -28.8282 -22.7944
38.7836 -21.8464 -27.6691 -27.6621 -27.6691 -21.8464
37.1388 -20.8984 -26.5099 -26.5032 -26.5099 -20.8984
35.4939 -19.9504 -25.3508 -25.3444 -25.3508 -19.9504
33.8491 -19.0024 -24.1917 -24.1855 -24.1917 -19.0024
32.2043 -18.0544 -23.0326 -23.0267 -23.0326 -18.0544
30.5595 -17.1064 -21.8735 -21.8678 -21.8735 -17.1064
28.9147 -16.1585 -20.7143 -20.709 -20.7143 -16.1585
27.2698 -15.2105 -19.5552 -19.5501 -19.5552 -15.2105
25.625 -14.2625 -18.3961 -18.3912 -18.3961 -14.2625
23.9802 -13.3145 -17.237 -17.2324 -17.237 -13.3145
22.3354 -12.3665 -16.0779 -16.0735 -16.0779 -12.3665
20.6906 -11.4185 -14.9187 -14.9147 -14.9187 -11.4185
19.0457 -10.4705 -13.7596 -13.7558 -13.7596 -10.4705
17.4009 -9.5225 -12.6005 -12.597 -12.6005 -9.5225
15.7561 -8.57451 -11.4414 -11.4381 -11.4414 -8.57451
14.1113 -7.62652 -10.2823 -10.2793 -10.2823 -7.62652
12.4664 -6.67853 -9.12314 -9.1204 -9.12314 -6.67853
10.8216 -5.73053 -7.96402 -7.96154 -7.96402 -5.73053
9.17681 -4.78254 -6.8049 -6.80268 -6.8049 -4.78254
7.53198 -3.83455 -5.64578 -5.64383 -5.64578 -3.83455
5.88716 -2.88655 -4.48666 -4.48497 -4.48666 -2.88655
4.24234 -1.93856 -3.32754 -3.32612 -3.32754 -1.93856
2.50289 -0.933774 -2.10333 -2.10189 -2.10333 -0.933774
0.295073 0.367585 -0.566851 -0.565374 -0.566851 0.367585
-2.20791 1.86491 1.16046 1.16176 1.16046 1.86491
-5.39828 3.7554 3.37414 3.3753 3.37414 3.7554
-8.67018 5.69725 5.64266 5.64276 5.64266 5.69725
-11.9421 7.63909 7.91119 7.91023 7.91119 7.63909
-15.657 9.92327 10.4347 10.4305 10.4347 9.92327
-20.2934 12.8978 13.4994 13.4972 13.4994 12.8978
-24.9323 15.8764 16.5644 16.5638 16.5644 15.8764
-31.8341 19.7953 21.4722 21.4564 21.4722 19.7953
-39.6226 24.2293 27.0007 26.9737 27.0007 24.2293
-51.4545 31.1429 35.2765 35.2461 35.2765 31.1429
-65.7195 39.5638 45.2369 45.0826 45.2369 39.5638
-81.3798 48.4672 56.3766 56.1532 56.3766 48.4672
-97.3431 56.9326 68.1514 67.8194 68.1514 56.9326
-115.662 67.0076 81.4027 81.0071 81.4027 67.0076
-134.071 77.5462 94.4461 93.9804 94.4461 77.5462
-152.48 88.0847 107.49 106.954 107.49 88.0847
-170.89 98.6233 120.533 119.927 120.533 98.6233
-187.378 107.986 132.281 131.568 132.281 107.986
-200.837 115.375 142.036 141.246 142.036 115.375
-213.383 121.826 151.34 150.718 151.34 121.826
-223.581 128.676 157.764 157.486 157.764 128.676
-230.77 133.996 162.052 161.753 162.052 133.996
-236.716 137.154 166.427 166.111 166.427 137.154
-241.945 139.626 170.439 170.225 170.439 139.626
-246.517 141.837 173.887 173.84 173.887 141.837
-249.958 143.95 176.224 176.182 176.224 143.95
-252.718 147.079 177.143 177.103 177.143 147.079
-254.961 148.955 178.334 178.293 178.334 148.955
-257.062 150.186 179.802 179.761 179.802 150.186
-259.163 151.416 181.269 181.228 181.269 151.416
-261.264 152.647 182.737 182.695 182.737 152.647
-263.314 153.841 184.173 184.132 184.173 153.841
-265.307 154.996 185.573 185.532 185.573 154.996
-266.961 155.949 186.738 186.696 186.738 155.949
-268.605 156.897 187.897 187.855 187.897 156.897
-270.25 157.845 189.056 189.014 189.056 157.845
-271.895 158.793 190.216 190.173 190.216 158.793
-273.54 159.741 191.375 191.332 191.375 159.741
-275.185 160.689 192.534 192.49 192.534 160.689
-276.829 161.637 193.693 193.649 193.693 161.637
-278.474 162.585 194.852 194.808 194.852 162.585
-280.119 163.533 196.011 195.967 196.011 163.533
-281.764 164.481 197.17 197.126 197.17 164.481
-283.409 165.429 198.329 198.285 198.329 165.429
-285.054 166.377 199.489 199.444 199.489 166.377
-286.698 167.325 200.648 200.602 200.648 167.325
-288.343 168.273 201.807 201.761 201.807 168.273
-289.988 169.221 202.966 202.92 202.966 169.221
-291.633 170.169 204.125 204.079 204.125 170.169
-293.278 171.117 205.284 205.238 205.284 171.117
-294.922 172.065 206.443 206.397 206.443 172.065
-296.567 173.013 207.602 207.556 207.602 173.013
-298.212 173.961 208.762 208.714 208.762 173.961
-299.857 174.909 209.921 209.873 209.921 174.909
-301.502 175.857 211.08 211.032 211.08 175.857
-303.147 176.805 212.239 212.191 212.239 176.805
-304.791 177.753 213.398 213.35 213.398 177.753
-306.436 178.701 214.557 214.509 214.557 178.701
-308.081 179.649 215.716 215.668 215.716 179.649
-309.726 180.597 216.875 216.826 216.875 180.597
-311.371 181.545 218.034 217.985 218.034 181.545
-313.015 182.493 219.194 219.144 219.194 182.493
-314.66 183.441 220.353 220.303 220.353 183.441
-316.305 184.389 221.512 221.462 221.512 184.389
-317.95 185.337 222.671 222.621 222.671 185.337
-319.595 186.285 223.83 223.78 223.83 186.285
-321.24 187.233 224.989 224.938 224.989 187.233
-322.884 188.181 226.148 226.097 226.148 188.181
-324.529 189.129 227.307 227.256 227.307 189.129
-326.174 190.077 228.467 228.415 228.467 190.077
-327.819 191.025 229.626 229.574 229.626 191.025
-329.464 191.973 230.785 230.733 230.785 191.973
-331.109 192.921 231.944 231.892 231.944 192.921
-332.753 193.869 233.103 233.05 233.103 193.869
-334.398 194.817 234.262 234.209 234.262 194.817
-336.043 195.765 235.421 235.368 235.421 195.765
-337.688 196.713 236.58 236.527 236.58 196.713
-339.333 197.661 237.74 237.686 237.74 197.661
-340.977 198.609 238.899 238.845 238.899 198.609
-342.622 199.557 240.058 240.004 240.058 199.557
-344.267 200.505 241.217 241.162 241.217 200.505
-345.912 201.453 242.376 242.321 242.376 201.453
-347.557 202.401 243.535 243.48 243.535 202.401
-349.202 203.349 244.694 244.639 244.694 203.349
-350.846 204.297 245.853 245.798 245.853 204.297
-352.491 205.245 247.012 246.957 247.012 205.245
-354.136 206.193 248.172 248.116 248.172 206.193
-355.781 207.141 249.331 249.274 249.331 207.141
-357.426 208.089 250.49 250.433 250.49 208.089
-359.07 209.037 251.649 251.592 251.649 209.037
-360.715 209.985 252.808 252.751 252.808 209.985
-360.715 209.985 252.808 252.751 252.808 209.985
-345.887 201.471 242.324 242.308 242.324 201.471
-331.059 192.958 231.839 231.865 231.839 192.958
-316.231 184.445 221.355 221.422 221.355 184.445
-301.403 175.932 210.87 210.979 210.87 175.932
-286.575 167.418 200.386 200.535 200.386 167.418
-271.747 158.905 189.902 190.092 189.902 158.905
-256.919 150.392 179.417 179.649 179.417 150.392
-242.09 141.878 168.933 169.206 168.933 141.878
-227.262 133.365 158.448 158.763 158.448 133.365
-212.434 124.852 147.964 148.32 147.964 124.852
-197.606 116.339 137.48 137.877 137.48 116.339
-182.778 107.825 126.995 127.434 126.995 107.825
-167.95 99.3119 116.511 116.991 116.511 99.3119
-153.122 90.7986 106.026 106.548 106.026 90.7986
-138.451 82.3303 95.6747 96.2638 95.6747 82.3303
-127.369 76.3842 87.5495 88.2061 87.5495 76.3842
-119.264 72.2568 81.455 82.1707 81.455 72.2568
-112.03 68.6006 76.0026 76.7582 76.0026 68.6006
-105.665 65.4694 71.1448 71.9455 71.1448 65.4694
-99.7723 63.4076 66.2315 66.6446 66.2315 63.4076
-94.6831 61.3875 62.1767 62.1697 62.1767 61.3875
-91.1704 59.2308 59.7886 59.7844 59.7886 59.2308
-87.8813 57.2088 57.5552 57.5512 57.5552 57.2088
-84.5923 55.1867 55.3218 55.318 55.3218 55.1867
-81.3033 53.1646 53.0884 53.0847 53.0884 53.1646
-78.0143 51.1425 50.8551 50.8515 50.8551 51.1425
-74.7253 49.1204 48.6217 48.6183 48.6217 49.1204
-71.4362 47.0983 46.3883 46.3851 46.3883 47.0983
-68.1559 45.0337 44.1971 44.1813 44.1971 45.0337
-65.5912 39.4735 45.1101 45.0974 45.1101 39.4735
-63.4559 36.0663 45.0559 45.0449 45.0559 36.0663
-61.8111 35.1183 43.8967 43.8861 43.8967 35.1183
-60.1663 34.1703 42.7376 42.7272 42.7376 34.1703
-58.5214 33.2223 41.5785 41.5684 41.5785 33.2223
-56.8766 32.2743 40.4194 40.4095 40.4194 32.2743
-55.2318 31.3263 39.2603 39.2507 39.2603 31.3263
-53.587 30.3783 38.1011 38.0918 38.1011 30.3783
-51.9422 29.4304 36.942 36.9329 36.942 29.4304
-50.2973 28.4824 35.7829 35.7741 35.7829 28.4824
-48.6525 27.5344 34.6238 34.6152 34.6238 27.5344
-47.0077 26.5864 33.4647 33.4564 33.4647 26.5864
-45.3629 25.6384 32.3055 32.2975 32.3055 25.6384
-43.7181 24.6904 31.1464 31.1387 31.1464 24.6904
-42.0732 23.7424 29.9873 29.9798 29.9873 23.7424
-40.4284 22.7944 28.8282 28.821 28.8282 22.7944
-38.7836 21.8464 27.6691 27.6621 27.6691 21.8464
-37.1388 20.8984 26.5099 26.5032 26.5099 20.8984
-35.4939 19.9504 25.3508 25.3444 25.3508 19.9504
-33.8491 19.0024 24.1917 24.1855 24.1917 19.0024
-32.2043 18.0544 23.0326 23.0267 23.0326 18.0544
-30.5595 17.1064 21.8735 21.8678 21.8735 17.1064
-28.9147 16.1585 20.7143 20.709 20.7143 16.1585
-27.2698 15.2105 19.5552 19.5501 19.5552 15.2105
-25.625 14.2625 18.3961 18.3912 18.3961 14.2625
-23.9802 13.3145 17.237 17.2324 17.237 13.3145
-22.3354 12.3665 16.0779 16.0735 16.0779 12.3665
-20.6906 11.4185 14.9187 14.9147 14.9187 11.4185
-19.0457 10.4705 13.7596 13.7558 13.7596 10.4705
-17.4009 9.5225 12.6005 12.597 12.6005 9.5225
-15.7561 8.57451 11.4414 11.4381 11.4414 8.57451
-14.1113 7.62652 10.2823 10.2793 10.2823 7.62652
-12.4664 6.67853 9.12314 9.1204 9.12314 6.67853
-10.8216 5.73053 7.96402 7.96154 7.96402 5.73053
-9.17681 4.78254 6.8049 6.80268 6.8049 4.78254
-7.53198 3.83455 5.64578 5.64383 5.64578 3.83455
-5.88716 2.88655 4.48666 4.48497 4.48666 2.88655
-4.24234 1.93856 3.32754 3.32612 3.32754 1.93856
-2.50289 0.933774 2.10333 2.10189 2.10333 0.933774
-0.295073 -0.367585 0.566851 0.565374 0.566851 -0.367585
2.20791 -1.86491 -1.16046 -1.16176 -1.16046 -1.86491
5.39828 -3.7554 -3.37414 -3.3753 -3.37414 -3.7554
8.67018 -5.69725 -5.64266 -5.64276 -5.64266 -5.69725
11.9421 -7.63909 -7.91119 -7.91023 -7.91119 -7.63909
15.657 -9.92327 -10.4347 -10.4305 -10.4347 -9.92327
20.2934 -12.8978 -13.4994 -13.4972 -13.4994 -12.8978
24.9323 -15.8764 -16.5644 -16.5638 -16.5644 -15.8764
31.8341 -19.7953 -21.4722 -21.4564 -21.4722 -19.7953
39.6226 -24.2293 -27.0007 -26.9737 -27.0007 -24.2293
51.4545 -31.1429 -35.2765 -35.2461 -35.2765 -31.1429
65.7195 -39.5638 -45.2369 -45.0826 -45.2369 -39.5638
81.3798 -48.4672 -56.3766 -56.1532 -56.3766 -48.4672
97.3431 -56.9326 -68.1514 -67.8194 -68.1514 -56.9326
115.662 -67.0076 -81.4027 -81.0071 -81.4027 -67.0076
134.071 -77.5462 -94.4461 -93.9804 -94.4461 -77.5462
152.48 -88.0847 -107.49 -106.954 -107.49 -88.0847
170.89 -98.6233 -120.533 -119.927 -120.533 -98.6233
187.378 -107.986 -132.281 -131.568 -132.281 -107.986
200.837 -115.375 -142.036 -141.246 -142.036 -115.375
213.383 -121.826 -151.34 -150.718 -151.34 -121.826
223.581 -128.676 -157.764 -157.486 -157.764 -128.676
230.77 -133.996 -162.052 -161.753 -162.052 -133.996
236.716 -137.154 -166.427 -166.111 -166.427 -137.154
241.945 -139.626 -170.439 -170.225 -170.439 -139.626
246.517 -141.837 -173.887 -173.84 -173.887 -141.837
249.958 -143.95 -176.224 -176.182 -176.224 -143.95
252.718 -147.079 -177.143 -177.103 -177.143 -147.079
254.961 -148.955 -178.334 -178.293 -178.334 -148.955
257.062 -150.186 -179.802 -179.761 -179.802 -150.186
259.163 -151.416 -181.269 -181.228 -181.269 -151.416
261.264 -152.647 -182.737 -182.695 -182.737 -152.647
263.314 -153.841 -184.173 -184.132 -184.173 -153.841
265.307 -154.996 -185.573 -185.532 -185.573 -154.996
266.961 -155.949 -186.738 -186.696 -186.738 -155.949
268.605 -156.897 -187.897 -187.855 -187.897 -156.897
270.25 -157.845 -189.056 -189.014 -189.056 -157.845
271.895 -158.793 -190.216 -190.173 -190.216 -158.793
273.54 -159.741 -191.375 -191.332 -191.375 -159.741
275.185 -160.689 -192.534 -192.49 -192.534 -160.689
276.829 -161.637 -193.693 -193.649 -193.693 -161.637
278.474 -162.585 -194.852 -194.808 -194.852 -162.585
280.119 -163.533 -196.011 -195.967 -196.011 -163.533
281.764 -164.481 -197.17 -197.126 -197.17 -164.481
283.409 -165.429 -198.329 -198.285 -198.329 -165.429
285.054 -166.377 -199.489 -199.444 -199.489 -166.377
286.698 -167.325 -200.648 -200.602 -200.648 -167.325
288.343 -168.273 -201.807 -201.761 -201.807 -168.273
289.988 -169.221 -202.966 -202.92 -202.966 -169.221
291.633 -170.169 -204.125 -204.079 -204.125 -170.169
293.278 -171.117 -205.284 -205.238 -205.284 -171.117
294.922 -172.065 -206.443 -206.397 -206.443 -172.065
296.567 -173.013 -207.602 -207.556 -207.602 -173.013
298.212 -173.961 -208.762 -208.714 -208.762 -173.961
299.857 -174.909 -209.921 -209.873 -209.921 -174.909
301.502 -175.857 -211.08 -211.032 -211.08 -175.857
303.147 -176.805 -212.239 -212.191 -212.239 -176.805
304.791 -177.753 -213.398 -213.35 -213.398 -177.753
306.436 -178.701 -214.557 -214.509 -214.557 -178.701
308.081 -179.649 -215.716 -215.668 -215.716 -179.649
309.726 -180.597 -216.875 -216.826 -216.875 -180.597
311.371 -181.545 -218.034 -217.985 -218.034 -181.545
313.015 -182.493 -219.194 -219.144 -219.194 -182.493
314.66 -183.441 -220.353 -220.303 -220.353 -183.441
316.305 -184.389 -221.512 -221.462 -221.512 -184.389
317.95 -185.337 -222.671 -222.621 -222.671 -185.337
319.595 -186.285 -223.83 -223.78 -223.83 -186.285
321.24 -187.233 -224.989 -224.938 -224.989 -187.233
322.884 -188.181 -226.148 -226.097 -226.148 -188.181
324.529 -189.129 -227.307 -227.256 -227.307 -189.129
326.174 -190.077 -228.467 -228.415 -228.467 -190.077
327.819 -191.025 -229.626 -229.574 -229.626 -191.025
329.464 -191.973 -230.785 -230.733 -230.785 -191.973
331.109 -192.921 -231.944 -231.892 -231.944 -192.921
332.753 -193.869 -233.103 -233.05 -233.103 -193.869
334.398 -194.817 -234.262 -234.209 -234.262 -194.817
336.043 -195.765 -235.421 -235.368 -235.421 -195.765
337.688 -196.713 -236.58 -236.527 -236.58 -196.713
339.333 -197.661 -237.74 -237.686 -237.74 -197.661
340.977 -198.609 -238.899 -238.845 -238.899 -198.609
342.622 -199.557 -240.058 -240.004 -240.058 -199.557
344.267 -200.505 -241.217 -241.162 -241.217 -200.505
345.912 -201.453 -242.376 -242.321 -242.376 -201.453
347.557 -202.401 -243.535 -243.48 -243.535 -202.401
349.202 -203.349 -244.694 -244.639 -244.694 -203.349
350.846 -204.297 -245.853 -245.798 -245.853 -204.297
352.491 -205.245 -247.012 -246.957 -247.012 -205.245
354.136 -206.193 -248.172 -248.116 -248.172 -206.193
355.781 -207.141 -249.331 -249.274 -249.331 -207.141
357.426 -208.089 -250.49 -250.433 -250.49 -208.089
359.07 -209.037 -251.649 -251.592 -251.649 -209.037
360.715 -209.985 -252.808 -252.751 -252.808 -209.985
