0 0
22.4535 0.005
44.907 0.01
67.3605 0.015
89.814 0.02
112.207 0.025
131.92 0.03
150.094 0.035
167.753 0.04
185.372 0.045
202.99 0.05
217.298 0.055
228.496 0.06
236.581 0.065
243.324 0.07
247.953 0.075
251.657 0.08
254.39 0.085
256.615 0.09
258.839 0.095
261.064 0.1
261.064 0.1
246.168 0.095
231.272 0.09
216.376 0.085
201.481 0.08
186.585 0.075
171.689 0.07
156.793 0.065
141.818 0.06
126.641 0.055
111.135 0.05
95.587 0.045
79.8097 0.04
63.7879 0.035
47.082 0.03
30.6122 0.025
18.0846 0.02
3.28656 0.015
-10.8474 0.01
-26.1936 0.005
-46.5833 1.73472e-18
-67.1681 -0.005
-87.6313 -0.01
-107.507 -0.015
-127.373 -0.02
-147.145 -0.025
-166.893 -0.03
-185.043 -0.035
-199.107 -0.04
-211.906 -0.045
-222.483 -0.05
-230.054 -0.055
-235.826 -0.06
-241.073 -0.065
-245.589 -0.07
-248.961 -0.075
-251.96 -0.08
-254.39 -0.085
-256.615 -0.09
-258.839 -0.095
-261.064 -0.1
-261.064 -0.1
-246.168 -0.095
-231.272 -0.09
-216.376 -0.085
-201.481 -0.08
-186.585 -0.075
-171.689 -0.07
-156.793 -0.065
-141.818 -0.06
-126.641 -0.055
-111.135 -0.05
-95.587 -0.045
-79.8097 -0.04
-63.7879 -0.035
-47.082 -0.03
-30.6122 -0.025
-18.0846 -0.02
-3.28656 -0.015
10.8474 -0.01
26.1936 -0.005
46.5833 1.73472e-18
67.1681 0.005
87.6313 0.01
107.507 0.015
127.373 0.02
147.145 0.025
166.893 0.03
185.043 0.035
199.107 0.04
211.906 0.045
222.483 0.05
230.054 0.055
235.826 0.06
241.073 0.065
245.589 0.07
248.961 0.075
251.96 0.08
254.39 0.085
256.615 0.09
258.839 0.095
261.064 0.1
263.206 0.105
265.304 0.11
266.961 0.115
268.605 0.12
270.25 0.125
271.895 0.13
273.54 0.135
275.185 0.14
276.829 0.145
278.474 0.15
280.119 0.155
281.764 0.16
283.409 0.165
285.054 0.17
286.698 0.175
288.343 0.18
289.988 0.185
291.633 0.19
293.278 0.195
294.922 0.2
294.922 0.2
280.094 0.195
265.266 0.19
250.438 0.185
235.61 0.18
220.782 0.175
205.954 0.17
191.126 0.165
176.298 0.16
161.469 0.155
146.641 0.15
131.813 0.145
116.985 0.14
102.157 0.135
87.3289 0.13
72.6583 0.125
61.5766 0.12
53.4707 0.115
46.2371 0.11
39.8726 0.105
33.9794 0.1
28.8903 0.095
25.3775 0.09
22.0885 0.085
18.7995 0.08
15.5105 0.075
12.2214 0.07
8.93241 0.065
5.64339 0.06
1.89609 0.055
-1.91271 0.05
-5.39828 0.045
-8.67018 0.04
-11.9421 0.035
-15.657 0.03
-20.2934 0.025
-24.9323 0.02
-31.8341 0.015
-39.6226 0.01
-51.4545 0.005
-65.7195 -1.56125e-17
-81.3798 -0.005
-97.3431 -0.01
-115.662 -0.015
-134.071 -0.02
-152.48 -0.025
-170.89 -0.03
-187.378 -0.035
-200.837 -0.04
-213.383 -0.045
-223.581 -0.05
-230.77 -0.055
-236.716 -0.06
-241.945 -0.065
-246.517 -0.07
-249.958 -0.075
-252.718 -0.08
-254.961 -0.085
-257.062 -0.09
-259.163 -0.095
-261.264 -0.1
-263.314 -0.105
-265.307 -0.11
-266.961 -0.115
-268.605 -0.12
-270.25 -0.125
-271.895 -0.13
-273.54 -0.135
-275.185 -0.14
-276.829 -0.145
-278.474 -0.15
-280.119 -0.155
-281.764 -0.16
-283.409 -0.165
-285.054 -0.17
-286.698 -0.175
-288.343 -0.18
-289.988 -0.185
-291.633 -0.19
-293.278 -0.195
-294.922 -0.2
-294.922 -0.2
-280.094 -0.195
-265.266 -0.19
-250.438 -0.185
-235.61 -0.18
-220.782 -0.175
-205.954 -0.17
-191.126 -0.165
-176.298 -0.16
-161.469 -0.155
-146.641 -0.15
-131.813 -0.145
-116.985 -0.14
-102.157 -0.135
-87.3289 -0.13
-72.6583 -0.125
-61.5766 -0.12
-53.4707 -0.115
-46.2371 -0.11
-39.8726 -0.105
-33.9794 -0.1
-28.8903 -0.095
-25.3775 -0.09
-22.0885 -0.085
-18.7995 -0.08
-15.5105 -0.075
-12.2214 -0.07
-8.93241 -0.065
-5.64339 -0.06
-1.89609 -0.055
1.91271 -0.05
5.39828 -0.045
8.67018 -0.04
11.9421 -0.035
15.657 -0.03
20.2934 -0.025
24.9323 -0.02
31.8341 -0.015
39.6226 -0.01
51.4545 -0.005
65.7195 -1.21431e-17
81.3798 0.005
97.3431 0.01
115.662 0.015
134.071 0.02
152.48 0.025
170.89 0.03
187.378 0.035
200.837 0.04
213.383 0.045
223.581 0.05
230.77 0.055
236.716 0.06
241.945 0.065
246.517 0.07
249.958 0.075
252.718 0.08
254.961 0.085
257.062 0.09
259.163 0.095
261.264 0.1
263.314 0.105
265.307 0.11
266.961 0.115
268.605 0.12
270.25 0.125
271.895 0.13
273.54 0.135
275.185 0.14
276.829 0.145
278.474 0.15
280.119 0.155
281.764 0.16
283.409 0.165
285.054 0.17
286.698 0.175
288.343 0.18
289.988 0.185
291.633 0.19
293.278 0.195
294.922 0.2
296.567 0.205
298.212 0.21
299.857 0.215
301.502 0.22
303.147 0.225
304.791 0.23
306.436 0.235
308.081 0.24
309.726 0.245
311.371 0.25
313.015 0.255
314.66 0.26
316.305 0.265
317.95 0.27
319.595 0.275
321.24 0.28
322.884 0.285
324.529 0.29
326.174 0.295
327.819 0.3
327.819 0.3
312.991 0.295
298.163 0.29
283.335 0.285
268.506 0.28
253.678 0.275
238.85 0.27
224.022 0.265
209.194 0.26
194.366 0.255
179.538 0.25
164.71 0.245
149.882 0.24
135.053 0.235
120.225 0.23
105.555 0.225
94.473 0.22
86.3671 0.215
79.1335 0.21
72.769 0.205
66.8759 0.2
61.7867 0.195
58.2739 0.19
54.9849 0.185
51.6959 0.18
48.4069 0.175
45.1179 0.17
41.8288 0.165
38.5398 0.16
35.2595 0.155
32.6948 0.15
30.5595 0.145
28.9147 0.14
27.2698 0.135
25.625 0.13
23.9802 0.125
22.3354 0.12
20.6906 0.115
19.0457 0.11
17.4009 0.105
15.7561 0.1
14.1113 0.095
12.4664 0.09
10.8216 0.085
9.17681 0.08
7.53198 0.075
5.88716 0.07
4.24234 0.065
2.50289 0.06
0.295073 0.055
-2.20791 0.05
-5.39828 0.045
-8.67018 0.04
-11.9421 0.035
-15.657 0.03
-20.2934 0.025
-24.9323 0.02
-31.8341 0.015
-39.6226 0.01
-51.4545 0.005
-65.7195 -4.25007e-17
-81.3798 -0.005
-97.3431 -0.01
-115.662 -0.015
-134.071 -0.02
-152.48 -0.025
-170.89 -0.03
-187.378 -0.035
-200.837 -0.04
-213.383 -0.045
-223.581 -0.05
-230.77 -0.055
-236.716 -0.06
-241.945 -0.065
-246.517 -0.07
-249.958 -0.075
-252.718 -0.08
-254.961 -0.085
-257.062 -0.09
-259.163 -0.095
-261.264 -0.1
-263.314 -0.105
-265.307 -0.11
-266.961 -0.115
-268.605 -0.12
-270.25 -0.125
-271.895 -0.13
-273.54 -0.135
-275.185 -0.14
-276.829 -0.145
-278.474 -0.15
-280.119 -0.155
-281.764 -0.16
-283.409 -0.165
-285.054 -0.17
-286.698 -0.175
-288.343 -0.18
-289.988 -0.185
-291.633 -0.19
-293.278 -0.195
-294.922 -0.2
-296.567 -0.205
-298.212 -0.21
-299.857 -0.215
-301.502 -0.22
-303.147 -0.225
-304.791 -0.23
-306.436 -0.235
-308.081 -0.24
-309.726 -0.245
-311.371 -0.25
-313.015 -0.255
-314.66 -0.26
-316.305 -0.265
-317.95 -0.27
-319.595 -0.275
-321.24 -0.28
-322.884 -0.285
-324.529 -0.29
-326.174 -0.295
-327.819 -0.3
-327.819 -0.3
-312.991 -0.295
-298.163 -0.29
-283.335 -0.285
-268.506 -0.28
-253.678 -0.275
-238.85 -0.27
-224.022 -0.265
-209.194 -0.26
-194.366 -0.255
-179.538 -0.25
-164.71 -0.245
-149.882 -0.24
-135.053 -0.235
-120.225 -0.23
-105.555 -0.225
-94.473 -0.22
-86.3671 -0.215
-79.1335 -0.21
-72.769 -0.205
-66.8759 -0.2
-61.7867 -0.195
-58.2739 -0.19
-54.9849 -0.185
-51.6959 -0.18
-48.4069 -0.175
-45.1179 -0.17
-41.8288 -0.165
-38.5398 -0.16
-35.2595 -0.155
-32.6948 -0.15
-30.5595 -0.145
-28.9147 -0.14
-27.2698 -0.135
-25.625 -0.13
-23.9802 -0.125
-22.3354 -0.12
-20.6906 -0.115
-19.0457 -0.11
-17.4009 -0.105
-15.7561 -0.1
-14.1113 -0.095
-12.4664 -0.09
-10.8216 -0.085
-9.17681 -0.08
-7.53198 -0.075
-5.88716 -0.07
-4.24234 -0.065
-2.50289 -0.06
-0.295073 -0.055
2.20791 -0.05
5.39828 -0.045
8.67018 -0.04
11.9421 -0.035
15.657 -0.03
20.2934 -0.025
24.9323 -0.02
31.8341 -0.015
39.6226 -0.01
51.4545 -0.005
65.7195 -1.21431e-17
81.3798 0.005
97.3431 0.01
115.662 0.015
134.071 0.02
152.48 0.025
170.89 0.03
187.378 0.035
200.837 0.04
213.383 0.045
223.581 0.05
230.77 0.055
236.716 0.06
241.945 0.065
246.517 0.07
249.958 0.075
252.718 0.08
254.961 0.085
257.062 0.09
259.163 0.095
261.264 0.1
263.314 0.105
265.307 0.11
266.961 0.115
268.605 0.12
270.25 0.125
271.895 0.13
273.54 0.135
275.185 0.14
276.829 0.145
278.474 0.15
280.119 0.155
281.764 0.16
283.409 0.165
285.054 0.17
286.698 0.175
288.343 0.18
289.988 0.185
291.633 0.19
293.278 0.195
294.922 0.2
296.567 0.205
298.212 0.21
299.857 0.215
301.502 0.22
303.147 0.225
304.791 0.23
306.436 0.235
308.081 0.24
309.726 0.245
311.371 0.25
313.015 0.255
314.66 0.26
316.305 0.265
317.95 0.27
319.595 0.275
321.24 0.28
322.884 0.285
324.529 0.29
326.174 0.295
327.819 0.3
329.464 0.305
331.109 0.31
332.753 0.315
334.398 0.32
336.043 0.325
337.688 0.33
339.333 0.335
340.977 0.34
342.622 0.345
344.267 0.35
345.912 0.355
347.557 0.36
349.202 0.365
350.846 0.37
352.491 0.375
354.136 0.38
355.781 0.385
357.426 0.39
359.07 0.395
360.715 0.4
360.715 0.4
345.887 0.395
331.059 0.39
316.231 0.385
301.403 0.38
286.575 0.375
271.747 0.37
256.919 0.365
242.09 0.36
227.262 0.355
212.434 0.35
197.606 0.345
182.778 0.34
167.95 0.335
153.122 0.33
138.451 0.325
127.369 0.32
119.264 0.315
112.03 0.31
105.665 0.305
99.7723 0.3
94.6831 0.295
91.1704 0.29
87.8813 0.285
84.5923 0.28
81.3033 0.275
78.0143 0.27
74.7253 0.265
71.4362 0.26
68.1559 0.255
65.5912 0.25
63.4559 0.245
61.8111 0.24
60.1663 0.235
58.5214 0.23
56.8766 0.225
55.2318 0.22
53.587 0.215
51.9422 0.21
50.2973 0.205
48.6525 0.2
47.0077 0.195
45.3629 0.19
43.7181 0.185
42.0732 0.18
40.4284 0.175
38.7836 0.17
37.1388 0.165
35.4939 0.16
33.8491 0.155
32.2043 0.15
30.5595 0.145
28.9147 0.14
27.2698 0.135
25.625 0.13
23.9802 0.125
22.3354 0.12
20.6906 0.115
19.0457 0.11
17.4009 0.105
15.7561 0.1
14.1113 0.095
12.4664 0.09
10.8216 0.085
9.17681 0.08
7.53198 0.075
5.88716 0.07
4.24234 0.065
2.50289 0.06
0.295073 0.055
-2.20791 0.05
-5.39828 0.045
-8.67018 0.04
-11.9421 0.035
-15.657 0.03
-20.2934 0.025
-24.9323 0.02
-31.8341 0.015
-39.6226 0.01
-51.4545 0.005
-65.7195 -4.33681e-17
-81.3798 -0.005
-97.3431 -0.01
-115.662 -0.015
-134.071 -0.02
-152.48 -0.025
-170.89 -0.03
-187.378 -0.035
-200.837 -0.04
-213.383 -0.045
-223.581 -0.05
-230.77 -0.055
-236.716 -0.06
-241.945 -0.065
-246.517 -0.07
-249.958 -0.075
-252.718 -0.08
-254.961 -0.085
-257.062 -0.09
-259.163 -0.095
-261.264 -0.1
-263.314 -0.105
-265.307 -0.11
-266.961 -0.115
-268.605 -0.12
-270.25 -0.125
-271.895 -0.13
-273.54 -0.135
-275.185 -0.14
-276.829 -0.145
-278.474 -0.15
-280.119 -0.155
-281.764 -0.16
-283.409 -0.165
-285.054 -0.17
-286.698 -0.175
-288.343 -0.18
-289.988 -0.185
-291.633 -0.19
-293.278 -0.195
-294.922 -0.2
-296.567 -0.205
-298.212 -0.21
-299.857 -0.215
-301.502 -0.22
-303.147 -0.225
-304.791 -0.23
-306.436 -0.235
-308.081 -0.24
-309.726 -0.245
-311.371 -0.25
-313.015 -0.255
-314.66 -0.26
-316.305 -0.265
-317.95 -0.27
-319.595 -0.275
-321.24 -0.28
-322.884 -0.285
-324.529 -0.29
-326.174 -0.295
-327.819 -0.3
-329.464 -0.305
-331.109 -0.31
-332.753 -0.315
-334.398 -0.32
-336.043 -0.325
-337.688 -0.33
-339.333 -0.335
-340.977 -0.34
-342.622 -0.345
-344.267 -0.35
-345.912 -0.355
-347.557 -0.36
-349.202 -0.365
-350.846 -0.37
-352.491 -0.375
-354.136 -0.38
-355.781 -0.385
-357.426 -0.39
-359.07 -0.395
-360.715 -0.4
-360.715 -0.4
-345.887 -0.395
-331.059 -0.39
-316.231 -0.385
-301.403 -0.38
-286.575 -0.375
-271.747 -0.37
-256.919 -0.365
-242.09 -0.36
-227.262 -0.355
-212.434 -0.35
-197.606 -0.345
-182.778 -0.34
-167.95 -0.335
-153.122 -0.33
-138.451 -0.325
-127.369 -0.32
-119.264 -0.315
-112.03 -0.31
-105.665 -0.305
-99.7723 -0.3
-94.6831 -0.295
-91.1704 -0.29
-87.8813 -0.285
-84.5923 -0.28
-81.3033 -0.275
-78.0143 -0.27
-74.7253 -0.265
-71.4362 -0.26
-68.1559 -0.255
-65.5912 -0.25
-63.4559 -0.245
-61.8111 -0.24
-60.1663 -0.235
-58.5214 -0.23
-56.8766 -0.225
-55.2318 -0.22
-53.587 -0.215
-51.9422 -0.21
-50.2973 -0.205
-48.6525 -0.2
-47.0077 -0.195
-45.3629 -0.19
-43.7181 -0.185
-42.0732 -0.18
-40.4284 -0.175
-38.7836 -0.17
-37.1388 -0.165
-35.4939 -0.16
-33.8491 -0.155
-32.2043 -0.15
-30.5595 -0.145
-28.9147 -0.14
-27.2698 -0.135
-25.625 -0.13
-23.9802 -0.125
-22.3354 -0.12
-20.6906 -0.115
-19.0457 -0.11
-17.4009 -0.105
-15.7561 -0.1
-14.1113 -0.095
-12.4664 -0.09
-10.8216 -0.085
-9.17681 -0.08
-7.53198 -0.075
-5.88716 -0.07
-4.24234 -0.065
-2.50289 -0.06
-0.295073 -0.055
2.20791 -0.05
5.39828 -0.045
8.67018 -0.04
11.9421 -0.035
15.657 -0.03
20.2934 -0.025
24.9323 -0.02
31.8341 -0.015
39.6226 -0.01
51.4545 -0.005
65.7195 -1.21431e-17
81.3798 0.005
97.3431 0.01
115.662 0.015
134.071 0.02
152.48 0.025
170.89 0.03
187.378 0.035
200.837 0.04
213.383 0.045
223.581 0.05
230.77 0.055
236.716 0.06
241.945 0.065
246.517 0.07
249.958 0.075
252.718 0.08
254.961 0.085
257.062 0.09
259.163 0.095
261.264 0.1
263.314 0.105
265.307 0.11
266.961 0.115
268.605 0.12
270.25 0.125
271.895 0.13
273.54 0.135
275.185 0.14
276.829 0.145
278.474 0.15
280.119 0.155
281.764 0.16
283.409 0.165
285.054 0.17
286.698 0.175
288.343 0.18
289.988 0.185
291.633 0.19
293.278 0.195
294.922 0.2
296.567 0.205
298.212 0.21
299.857 0.215
301.502 0.22
303.147 0.225
304.791 0.23
306.436 0.235
308.081 0.24
309.726 0.245
311.371 0.25
313.015 0.255
314.66 0.26
316.305 0.265
317.95 0.27
319.595 0.275
321.24 0.28
322.884 0.285
324.529 0.29
326.174 0.295
327.819 0.3
329.464 0.305
331.109 0.31
332.753 0.315
334.398 0.32
336.043 0.325
337.688 0.33
339.333 0.335
340.977 0.34
342.622 0.345
344.267 0.35
345.912 0.355
347.557 0.36
349.202 0.365
350.846 0.37
352.491 0.375
354.136 0.38
355.781 0.385
357.426 0.39
359.07 0.395
360.715 0.4
